running egg_info
writing build/basic_loop/basic_loop.egg-info/PKG-INFO
writing dependency_links to build/basic_loop/basic_loop.egg-info/dependency_links.txt
writing entry points to build/basic_loop/basic_loop.egg-info/entry_points.txt
writing requirements to build/basic_loop/basic_loop.egg-info/requires.txt
writing top-level names to build/basic_loop/basic_loop.egg-info/top_level.txt
reading manifest file 'build/basic_loop/basic_loop.egg-info/SOURCES.txt'
writing manifest file 'build/basic_loop/basic_loop.egg-info/SOURCES.txt'
running build
running build_py
running install
running install_lib
running install_data
copying resource/basic_loop -> /home/aaf/Software/Dev/robot/ros/basic_loop/install/basic_loop/share/ament_index/resource_index/packages
copying package.xml -> /home/aaf/Software/Dev/robot/ros/basic_loop/install/basic_loop/share/basic_loop
running install_egg_info
Copying build/basic_loop/basic_loop.egg-info to /home/aaf/Software/Dev/robot/ros/basic_loop/install/basic_loop/lib/python3.8/site-packages/basic_loop-0.0.0-py3.8.egg-info
running install_scripts
Installing minimal_python_node script to /home/aaf/Software/Dev/robot/ros/basic_loop/install/basic_loop/lib/basic_loop
writing list of installed files to '/home/aaf/Software/Dev/robot/ros/basic_loop/build/basic_loop/install.log'
