[0.271s] Invoking command in '/home/aaf/Software/Dev/robot/ros/py_srvcli': PYTHONPATH=/home/aaf/Software/Dev/robot/ros/py_srvcli/install/py_srvcli/lib/python3.8/site-packages:${PYTHONPATH} /usr/bin/python3 setup.py egg_info --egg-base build/py_srvcli build --build-base /home/aaf/Software/Dev/robot/ros/py_srvcli/build/py_srvcli/build install --prefix /home/aaf/Software/Dev/robot/ros/py_srvcli/install/py_srvcli --record /home/aaf/Software/Dev/robot/ros/py_srvcli/build/py_srvcli/install.log --single-version-externally-managed
[0.506s] running egg_info
[0.507s] creating build/py_srvcli/py_srvcli.egg-info
[0.507s] writing build/py_srvcli/py_srvcli.egg-info/PKG-INFO
[0.507s] writing dependency_links to build/py_srvcli/py_srvcli.egg-info/dependency_links.txt
[0.507s] writing entry points to build/py_srvcli/py_srvcli.egg-info/entry_points.txt
[0.507s] writing requirements to build/py_srvcli/py_srvcli.egg-info/requires.txt
[0.507s] writing top-level names to build/py_srvcli/py_srvcli.egg-info/top_level.txt
[0.510s] writing manifest file 'build/py_srvcli/py_srvcli.egg-info/SOURCES.txt'
[0.549s] reading manifest file 'build/py_srvcli/py_srvcli.egg-info/SOURCES.txt'
[0.550s] writing manifest file 'build/py_srvcli/py_srvcli.egg-info/SOURCES.txt'
[0.550s] running build
[0.550s] running build_py
[0.550s] creating /home/aaf/Software/Dev/robot/ros/py_srvcli/build/py_srvcli/build
[0.550s] creating /home/aaf/Software/Dev/robot/ros/py_srvcli/build/py_srvcli/build/lib
[0.550s] creating /home/aaf/Software/Dev/robot/ros/py_srvcli/build/py_srvcli/build/lib/py_srvcli
[0.551s] copying py_srvcli/service_member_function.py -> /home/aaf/Software/Dev/robot/ros/py_srvcli/build/py_srvcli/build/lib/py_srvcli
[0.551s] copying py_srvcli/client_member_function.py -> /home/aaf/Software/Dev/robot/ros/py_srvcli/build/py_srvcli/build/lib/py_srvcli
[0.551s] copying py_srvcli/__init__.py -> /home/aaf/Software/Dev/robot/ros/py_srvcli/build/py_srvcli/build/lib/py_srvcli
[0.551s] running install
[0.551s] running install_lib
[0.553s] creating /home/aaf/Software/Dev/robot/ros/py_srvcli/install/py_srvcli/lib/python3.8/site-packages/py_srvcli
[0.553s] copying /home/aaf/Software/Dev/robot/ros/py_srvcli/build/py_srvcli/build/lib/py_srvcli/service_member_function.py -> /home/aaf/Software/Dev/robot/ros/py_srvcli/install/py_srvcli/lib/python3.8/site-packages/py_srvcli
[0.553s] copying /home/aaf/Software/Dev/robot/ros/py_srvcli/build/py_srvcli/build/lib/py_srvcli/client_member_function.py -> /home/aaf/Software/Dev/robot/ros/py_srvcli/install/py_srvcli/lib/python3.8/site-packages/py_srvcli
[0.553s] copying /home/aaf/Software/Dev/robot/ros/py_srvcli/build/py_srvcli/build/lib/py_srvcli/__init__.py -> /home/aaf/Software/Dev/robot/ros/py_srvcli/install/py_srvcli/lib/python3.8/site-packages/py_srvcli
[0.554s] byte-compiling /home/aaf/Software/Dev/robot/ros/py_srvcli/install/py_srvcli/lib/python3.8/site-packages/py_srvcli/service_member_function.py to service_member_function.cpython-38.pyc
[0.555s] byte-compiling /home/aaf/Software/Dev/robot/ros/py_srvcli/install/py_srvcli/lib/python3.8/site-packages/py_srvcli/client_member_function.py to client_member_function.cpython-38.pyc
[0.555s] byte-compiling /home/aaf/Software/Dev/robot/ros/py_srvcli/install/py_srvcli/lib/python3.8/site-packages/py_srvcli/__init__.py to __init__.cpython-38.pyc
[0.556s] running install_data
[0.556s] creating /home/aaf/Software/Dev/robot/ros/py_srvcli/install/py_srvcli/share/ament_index
[0.556s] creating /home/aaf/Software/Dev/robot/ros/py_srvcli/install/py_srvcli/share/ament_index/resource_index
[0.557s] creating /home/aaf/Software/Dev/robot/ros/py_srvcli/install/py_srvcli/share/ament_index/resource_index/packages
[0.557s] copying resource/py_srvcli -> /home/aaf/Software/Dev/robot/ros/py_srvcli/install/py_srvcli/share/ament_index/resource_index/packages
[0.557s] copying package.xml -> /home/aaf/Software/Dev/robot/ros/py_srvcli/install/py_srvcli/share/py_srvcli
[0.557s] running install_egg_info
[0.559s] Copying build/py_srvcli/py_srvcli.egg-info to /home/aaf/Software/Dev/robot/ros/py_srvcli/install/py_srvcli/lib/python3.8/site-packages/py_srvcli-0.0.0-py3.8.egg-info
[0.559s] running install_scripts
[0.579s] Installing client script to /home/aaf/Software/Dev/robot/ros/py_srvcli/install/py_srvcli/lib/py_srvcli
[0.580s] Installing service script to /home/aaf/Software/Dev/robot/ros/py_srvcli/install/py_srvcli/lib/py_srvcli
[0.580s] writing list of installed files to '/home/aaf/Software/Dev/robot/ros/py_srvcli/build/py_srvcli/install.log'
[0.605s] Invoked command in '/home/aaf/Software/Dev/robot/ros/py_srvcli' returned '0': PYTHONPATH=/home/aaf/Software/Dev/robot/ros/py_srvcli/install/py_srvcli/lib/python3.8/site-packages:${PYTHONPATH} /usr/bin/python3 setup.py egg_info --egg-base build/py_srvcli build --build-base /home/aaf/Software/Dev/robot/ros/py_srvcli/build/py_srvcli/build install --prefix /home/aaf/Software/Dev/robot/ros/py_srvcli/install/py_srvcli --record /home/aaf/Software/Dev/robot/ros/py_srvcli/build/py_srvcli/install.log --single-version-externally-managed
