running egg_info
writing build/brain/brain.egg-info/PKG-INFO
writing dependency_links to build/brain/brain.egg-info/dependency_links.txt
writing entry points to build/brain/brain.egg-info/entry_points.txt
writing requirements to build/brain/brain.egg-info/requires.txt
writing top-level names to build/brain/brain.egg-info/top_level.txt
reading manifest file 'build/brain/brain.egg-info/SOURCES.txt'
writing manifest file 'build/brain/brain.egg-info/SOURCES.txt'
running build
running build_py
copying brain/fake_rpi.py -> /home/aaf/Software/Dev/robot/ros/brain/build/brain/build/lib/brain
copying brain/test_function.py -> /home/aaf/Software/Dev/robot/ros/brain/build/brain/build/lib/brain
copying brain/brain_main.py -> /home/aaf/Software/Dev/robot/ros/brain/build/brain/build/lib/brain
running install
running install_lib
copying /home/aaf/Software/Dev/robot/ros/brain/build/brain/build/lib/brain/fake_rpi.py -> /home/aaf/Software/Dev/robot/ros/brain/install/brain/lib/python3.8/site-packages/brain
copying /home/aaf/Software/Dev/robot/ros/brain/build/brain/build/lib/brain/test_function.py -> /home/aaf/Software/Dev/robot/ros/brain/install/brain/lib/python3.8/site-packages/brain
copying /home/aaf/Software/Dev/robot/ros/brain/build/brain/build/lib/brain/brain_main.py -> /home/aaf/Software/Dev/robot/ros/brain/install/brain/lib/python3.8/site-packages/brain
byte-compiling /home/aaf/Software/Dev/robot/ros/brain/install/brain/lib/python3.8/site-packages/brain/fake_rpi.py to fake_rpi.cpython-38.pyc
byte-compiling /home/aaf/Software/Dev/robot/ros/brain/install/brain/lib/python3.8/site-packages/brain/test_function.py to test_function.cpython-38.pyc
byte-compiling /home/aaf/Software/Dev/robot/ros/brain/install/brain/lib/python3.8/site-packages/brain/brain_main.py to brain_main.cpython-38.pyc
running install_data
copying package.xml -> /home/aaf/Software/Dev/robot/ros/brain/install/brain/share/brain
running install_egg_info
removing '/home/aaf/Software/Dev/robot/ros/brain/install/brain/lib/python3.8/site-packages/brain-0.0.0-py3.8.egg-info' (and everything under it)
Copying build/brain/brain.egg-info to /home/aaf/Software/Dev/robot/ros/brain/install/brain/lib/python3.8/site-packages/brain-0.0.0-py3.8.egg-info
running install_scripts
Installing listener script to /home/aaf/Software/Dev/robot/ros/brain/install/brain/lib/brain
Installing main script to /home/aaf/Software/Dev/robot/ros/brain/install/brain/lib/brain
Installing talker script to /home/aaf/Software/Dev/robot/ros/brain/install/brain/lib/brain
writing list of installed files to '/home/aaf/Software/Dev/robot/ros/brain/build/brain/install.log'
