[0.233s] Invoking command in '/home/aaf/Software/Dev/robot/ros/brain': PYTHONPATH=/home/aaf/Software/Dev/robot/ros/brain/install/brain/lib/python3.8/site-packages: /usr/bin/python3 setup.py egg_info --egg-base build/brain build --build-base /home/aaf/Software/Dev/robot/ros/brain/build/brain/build install --prefix /home/aaf/Software/Dev/robot/ros/brain/install/brain --record /home/aaf/Software/Dev/robot/ros/brain/build/brain/install.log --single-version-externally-managed
[0.436s] running egg_info
[0.436s] writing build/brain/brain.egg-info/PKG-INFO
[0.437s] writing dependency_links to build/brain/brain.egg-info/dependency_links.txt
[0.437s] writing entry points to build/brain/brain.egg-info/entry_points.txt
[0.437s] writing requirements to build/brain/brain.egg-info/requires.txt
[0.437s] writing top-level names to build/brain/brain.egg-info/top_level.txt
[0.479s] reading manifest file 'build/brain/brain.egg-info/SOURCES.txt'
[0.480s] writing manifest file 'build/brain/brain.egg-info/SOURCES.txt'
[0.480s] running build
[0.481s] running build_py
[0.481s] copying brain/fake_rpi.py -> /home/aaf/Software/Dev/robot/ros/brain/build/brain/build/lib/brain
[0.481s] copying brain/test_function.py -> /home/aaf/Software/Dev/robot/ros/brain/build/brain/build/lib/brain
[0.482s] copying brain/brain_main.py -> /home/aaf/Software/Dev/robot/ros/brain/build/brain/build/lib/brain
[0.482s] running install
[0.483s] running install_lib
[0.484s] copying /home/aaf/Software/Dev/robot/ros/brain/build/brain/build/lib/brain/fake_rpi.py -> /home/aaf/Software/Dev/robot/ros/brain/install/brain/lib/python3.8/site-packages/brain
[0.485s] copying /home/aaf/Software/Dev/robot/ros/brain/build/brain/build/lib/brain/test_function.py -> /home/aaf/Software/Dev/robot/ros/brain/install/brain/lib/python3.8/site-packages/brain
[0.485s] copying /home/aaf/Software/Dev/robot/ros/brain/build/brain/build/lib/brain/brain_main.py -> /home/aaf/Software/Dev/robot/ros/brain/install/brain/lib/python3.8/site-packages/brain
[0.485s] byte-compiling /home/aaf/Software/Dev/robot/ros/brain/install/brain/lib/python3.8/site-packages/brain/fake_rpi.py to fake_rpi.cpython-38.pyc
[0.486s] byte-compiling /home/aaf/Software/Dev/robot/ros/brain/install/brain/lib/python3.8/site-packages/brain/test_function.py to test_function.cpython-38.pyc
[0.487s] byte-compiling /home/aaf/Software/Dev/robot/ros/brain/install/brain/lib/python3.8/site-packages/brain/brain_main.py to brain_main.cpython-38.pyc
[0.487s] running install_data
[0.488s] copying package.xml -> /home/aaf/Software/Dev/robot/ros/brain/install/brain/share/brain
[0.488s] running install_egg_info
[0.490s] removing '/home/aaf/Software/Dev/robot/ros/brain/install/brain/lib/python3.8/site-packages/brain-0.0.0-py3.8.egg-info' (and everything under it)
[0.490s] Copying build/brain/brain.egg-info to /home/aaf/Software/Dev/robot/ros/brain/install/brain/lib/python3.8/site-packages/brain-0.0.0-py3.8.egg-info
[0.491s] running install_scripts
[0.510s] Installing listener script to /home/aaf/Software/Dev/robot/ros/brain/install/brain/lib/brain
[0.510s] Installing main script to /home/aaf/Software/Dev/robot/ros/brain/install/brain/lib/brain
[0.510s] Installing talker script to /home/aaf/Software/Dev/robot/ros/brain/install/brain/lib/brain
[0.511s] writing list of installed files to '/home/aaf/Software/Dev/robot/ros/brain/build/brain/install.log'
[0.535s] Invoked command in '/home/aaf/Software/Dev/robot/ros/brain' returned '0': PYTHONPATH=/home/aaf/Software/Dev/robot/ros/brain/install/brain/lib/python3.8/site-packages: /usr/bin/python3 setup.py egg_info --egg-base build/brain build --build-base /home/aaf/Software/Dev/robot/ros/brain/build/brain/build install --prefix /home/aaf/Software/Dev/robot/ros/brain/install/brain --record /home/aaf/Software/Dev/robot/ros/brain/build/brain/install.log --single-version-externally-managed
