[0.013s] Invoking command in '/home/aaf/Software/Dev/robot/ros/action_ws/build/action_tutorials_interfaces': CMAKE_PREFIX_PATH=/home/aaf/Software/Dev/robot/ros/install/py_pubsub:/home/aaf/Software/Dev/robot/ros/install/my_robot_tutorials:/opt/ros/rolling:${CMAKE_PREFIX_PATH} /usr/bin/cmake /home/aaf/Software/Dev/robot/ros/action_ws/src/action_tutorials_interfaces -DCMAKE_INSTALL_PREFIX=/home/aaf/Software/Dev/robot/ros/action_ws/install/action_tutorials_interfaces
[0.031s] -- Found ament_cmake: 1.1.4 (/opt/ros/rolling/share/ament_cmake/cmake)
[0.054s] -- Using PYTHON_EXECUTABLE: /usr/bin/python3
[0.117s] -- Found ament_lint_auto: 0.11.2 (/opt/ros/rolling/share/ament_lint_auto/cmake)
[0.180s] -- Found rosidl_default_generators: 1.1.1 (/opt/ros/rolling/share/rosidl_default_generators/cmake)
[0.183s] -- Using all available rosidl_typesupport_c: rosidl_typesupport_fastrtps_c;rosidl_typesupport_introspection_c
[0.186s] -- Found rosidl_adapter: 2.4.0 (/opt/ros/rolling/share/rosidl_adapter/cmake)
[0.326s] -- Using all available rosidl_typesupport_cpp: rosidl_typesupport_fastrtps_cpp;rosidl_typesupport_introspection_cpp
[0.350s] CMake Error at /opt/ros/rolling/share/rosidl_cmake/cmake/rosidl_generate_interfaces.cmake:93 (message):
[0.350s]   rosidl_generate_interfaces() the passed file
[0.350s]   'src/action_tutorials_interfaces/action/Fibonacci.action' doesn't exist
[0.350s]   relative to the CMAKE_CURRENT_SOURCE_DIR
[0.350s]   '/home/aaf/Software/Dev/robot/ros/action_ws/src/action_tutorials_interfaces'
[0.350s] Call Stack (most recent call first):
[0.350s]   CMakeLists.txt:27 (rosidl_generate_interfaces)
[0.350s] 
[0.350s] 
[0.351s] -- Configuring incomplete, errors occurred!
[0.351s] See also "/home/aaf/Software/Dev/robot/ros/action_ws/build/action_tutorials_interfaces/CMakeFiles/CMakeOutput.log".
[0.357s] Invoked command in '/home/aaf/Software/Dev/robot/ros/action_ws/build/action_tutorials_interfaces' returned '1': CMAKE_PREFIX_PATH=/home/aaf/Software/Dev/robot/ros/install/py_pubsub:/home/aaf/Software/Dev/robot/ros/install/my_robot_tutorials:/opt/ros/rolling:${CMAKE_PREFIX_PATH} /usr/bin/cmake /home/aaf/Software/Dev/robot/ros/action_ws/src/action_tutorials_interfaces -DCMAKE_INSTALL_PREFIX=/home/aaf/Software/Dev/robot/ros/action_ws/install/action_tutorials_interfaces
