[0.020s] Invoking command in '/home/aaf/Software/Dev/robot/ros/brain/build/brain': CMAKE_PREFIX_PATH=/opt/ros/rolling /usr/bin/cmake --build /home/aaf/Software/Dev/robot/ros/brain/build/brain -- -j8 -l8
[0.061s] -- Found ament_cmake: 1.1.4 (/opt/ros/rolling/share/ament_cmake/cmake)
[0.086s] -- Found PythonInterp: /usr/bin/python3 (found suitable version "3.8.10", minimum required is "3") 
[0.086s] -- Using PYTHON_EXECUTABLE: /usr/bin/python3
[0.167s] -- Found rclcpp: 12.0.0 (/opt/ros/rolling/share/rclcpp/cmake)
[0.215s] -- Using all available rosidl_typesupport_c: rosidl_typesupport_fastrtps_c;rosidl_typesupport_introspection_c
[0.219s] -- Found rosidl_adapter: 2.5.0 (/opt/ros/rolling/share/rosidl_adapter/cmake)
[0.264s] -- Using all available rosidl_typesupport_cpp: rosidl_typesupport_fastrtps_cpp;rosidl_typesupport_introspection_cpp
[0.326s] -- Found rmw_implementation_cmake: 4.0.0 (/opt/ros/rolling/share/rmw_implementation_cmake/cmake)
[0.328s] -- Found rmw_cyclonedds_cpp: 0.23.1 (/opt/ros/rolling/share/rmw_cyclonedds_cpp/cmake)
[0.352s] -- Using RMW implementation 'rmw_cyclonedds_cpp' as default
[0.525s] -- Found rclpy: 3.0.1 (/opt/ros/rolling/share/rclpy/cmake)
[0.527s] -- Found rosidl_default_generators: 1.1.1 (/opt/ros/rolling/share/rosidl_default_generators/cmake)
[0.565s] -- Found PythonInterp: /usr/bin/python3 (found version "3.8.10") 
[0.783s] -- Found ament_cmake_ros: 0.9.2 (/opt/ros/rolling/share/ament_cmake_ros/cmake)
[0.841s] -- Using all available rosidl_typesupport_c: rosidl_typesupport_fastrtps_c;rosidl_typesupport_introspection_c
[0.869s] -- Using all available rosidl_typesupport_cpp: rosidl_typesupport_fastrtps_cpp;rosidl_typesupport_introspection_cpp
[0.897s] -- Found PythonInterp: /usr/bin/python3 (found suitable version "3.8.10", minimum required is "3.5") 
[0.898s] -- Found python_cmake_module: 0.8.1 (/opt/ros/rolling/share/python_cmake_module/cmake)
[0.926s] -- Using PYTHON_EXECUTABLE: /usr/bin/python3
[0.926s] -- Using PYTHON_INCLUDE_DIRS: /usr/include/python3.8
[0.926s] -- Using PYTHON_LIBRARIES: /usr/lib/x86_64-linux-gnu/libpython3.8.so
[0.968s] -- Configuring done
[1.036s] -- Generating done
[1.042s] -- Build files have been written to: /home/aaf/Software/Dev/robot/ros/brain/build/brain
[1.077s] [  2%] [34m[1mGenerating C code for ROS interfaces[0m
[1.094s] [  4%] [34m[1mGenerating C++ code for ROS interfaces[0m
[1.105s] [  9%] Built target brain_boot
[1.107s] [  9%] Built target ament_cmake_python_symlink_brain
[1.502s] running egg_info
[1.503s] writing brain.egg-info/PKG-INFO
[1.504s] writing dependency_links to brain.egg-info/dependency_links.txt
[1.504s] writing top-level names to brain.egg-info/top_level.txt
[1.561s] reading manifest file 'brain.egg-info/SOURCES.txt'
[1.562s] writing manifest file 'brain.egg-info/SOURCES.txt'
[1.601s] [  9%] Built target ament_cmake_python_build_brain_egg
[1.923s] [35m[1mScanning dependencies of target brain__rosidl_generator_c[0m
[1.944s] [ 12%] [32mBuilding C object CMakeFiles/brain__rosidl_generator_c.dir/rosidl_generator_c/brain/action/detail/led21_on__functions.c.o[0m
[1.945s] [ 14%] [32mBuilding C object CMakeFiles/brain__rosidl_generator_c.dir/rosidl_generator_c/brain/action/detail/led21_off__functions.c.o[0m
[2.069s] [ 14%] Built target brain__cpp
[2.087s] [ 19%] [34m[1mGenerating C++ type support dispatch for ROS interfaces[0m
[2.087s] [ 19%] [34m[1mGenerating C++ introspection for ROS interfaces[0m
[2.095s] [ 21%] [34m[1mGenerating C++ type support for eProsima Fast-RTPS[0m
[2.291s] [ 24%] [32m[1mLinking C shared library libbrain__rosidl_generator_c.so[0m
[2.372s] [ 24%] Built target brain__rosidl_generator_c
[2.391s] [ 26%] [34m[1mGenerating C introspection for ROS interfaces[0m
[2.397s] [ 29%] [34m[1mGenerating C type support dispatch for ROS interfaces[0m
[2.844s] [35m[1mScanning dependencies of target brain__rosidl_typesupport_introspection_cpp[0m
[2.869s] [ 31%] [32mBuilding CXX object CMakeFiles/brain__rosidl_typesupport_introspection_cpp.dir/rosidl_typesupport_introspection_cpp/brain/action/detail/led21_off__type_support.cpp.o[0m
[2.874s] [ 34%] [32mBuilding CXX object CMakeFiles/brain__rosidl_typesupport_introspection_cpp.dir/rosidl_typesupport_introspection_cpp/brain/action/detail/led21_on__type_support.cpp.o[0m
[2.947s] [35m[1mScanning dependencies of target brain__rosidl_typesupport_cpp[0m
[2.981s] [ 36%] [32mBuilding CXX object CMakeFiles/brain__rosidl_typesupport_cpp.dir/rosidl_typesupport_cpp/brain/action/led21_on__type_support.cpp.o[0m
[2.982s] [ 39%] [32mBuilding CXX object CMakeFiles/brain__rosidl_typesupport_cpp.dir/rosidl_typesupport_cpp/brain/action/led21_off__type_support.cpp.o[0m
[3.039s] [35m[1mScanning dependencies of target brain__rosidl_typesupport_c[0m
[3.074s] [ 41%] [32mBuilding CXX object CMakeFiles/brain__rosidl_typesupport_c.dir/rosidl_typesupport_c/brain/action/led21_on__type_support.cpp.o[0m
[3.077s] [ 43%] [32mBuilding CXX object CMakeFiles/brain__rosidl_typesupport_c.dir/rosidl_typesupport_c/brain/action/led21_off__type_support.cpp.o[0m
[3.236s] [ 46%] [32m[1mLinking CXX shared library libbrain__rosidl_typesupport_c.so[0m
[3.344s] [ 46%] Built target brain__rosidl_typesupport_c
[3.355s] [35m[1mScanning dependencies of target brain__rosidl_typesupport_fastrtps_cpp[0m
[3.387s] [ 48%] [32mBuilding CXX object CMakeFiles/brain__rosidl_typesupport_fastrtps_cpp.dir/rosidl_typesupport_fastrtps_cpp/brain/action/detail/dds_fastrtps/led21_on__type_support.cpp.o[0m
[3.393s] [ 51%] [32mBuilding CXX object CMakeFiles/brain__rosidl_typesupport_fastrtps_cpp.dir/rosidl_typesupport_fastrtps_cpp/brain/action/detail/dds_fastrtps/led21_off__type_support.cpp.o[0m
[3.600s] [35m[1mScanning dependencies of target brain__rosidl_typesupport_introspection_c[0m
[3.640s] [ 53%] [32mBuilding C object CMakeFiles/brain__rosidl_typesupport_introspection_c.dir/rosidl_typesupport_introspection_c/brain/action/detail/led21_on__type_support.c.o[0m
[3.644s] [ 56%] [32mBuilding C object CMakeFiles/brain__rosidl_typesupport_introspection_c.dir/rosidl_typesupport_introspection_c/brain/action/detail/led21_off__type_support.c.o[0m
[3.800s] [ 58%] [32m[1mLinking C shared library libbrain__rosidl_typesupport_introspection_c.so[0m
[3.890s] [ 58%] Built target brain__rosidl_typesupport_introspection_c
[4.355s] [ 60%] [32m[1mLinking CXX shared library libbrain__rosidl_typesupport_cpp.so[0m
[4.393s] [ 63%] [32m[1mLinking CXX shared library libbrain__rosidl_typesupport_introspection_cpp.so[0m
[4.433s] [ 63%] Built target brain__rosidl_typesupport_cpp
[4.530s] [ 63%] Built target brain__rosidl_typesupport_introspection_cpp
[4.748s] [ 65%] [32m[1mLinking CXX shared library libbrain__rosidl_typesupport_fastrtps_cpp.so[0m
[4.851s] [ 65%] Built target brain__rosidl_typesupport_fastrtps_cpp
[4.865s] [ 68%] [34m[1mGenerating C type support for eProsima Fast-RTPS[0m
[5.438s] [35m[1mScanning dependencies of target brain__rosidl_typesupport_fastrtps_c[0m
[5.469s] [ 73%] [32mBuilding CXX object CMakeFiles/brain__rosidl_typesupport_fastrtps_c.dir/rosidl_typesupport_fastrtps_c/brain/action/detail/led21_off__type_support_c.cpp.o[0m
[5.469s] [ 73%] [32mBuilding CXX object CMakeFiles/brain__rosidl_typesupport_fastrtps_c.dir/rosidl_typesupport_fastrtps_c/brain/action/detail/led21_on__type_support_c.cpp.o[0m
[6.041s] [ 75%] [32m[1mLinking CXX shared library libbrain__rosidl_typesupport_fastrtps_c.so[0m
[6.146s] [ 75%] Built target brain__rosidl_typesupport_fastrtps_c
[6.178s] [ 75%] Built target brain
[6.210s] [ 78%] [34m[1mGenerating Python code for ROS interfaces[0m
[7.673s] [ 78%] Built target brain__py
[7.686s] [35m[1mScanning dependencies of target brain__python[0m
[7.711s] [ 82%] [32mBuilding C object CMakeFiles/brain__python.dir/rosidl_generator_py/brain/action/_led21_on_s.c.o[0m
[7.711s] [ 82%] [32mBuilding C object CMakeFiles/brain__python.dir/rosidl_generator_py/brain/action/_led21_off_s.c.o[0m
[7.924s] [ 85%] [32m[1mLinking C shared library rosidl_generator_py/brain/libbrain__python.so[0m
[7.985s] [ 85%] Built target brain__python
[8.003s] [35m[1mScanning dependencies of target brain__rosidl_typesupport_fastrtps_c__pyext[0m
[8.003s] [35m[1mScanning dependencies of target brain__rosidl_typesupport_introspection_c__pyext[0m
[8.003s] [35m[1mScanning dependencies of target brain__rosidl_typesupport_c__pyext[0m
[8.028s] [ 87%] [32mBuilding C object CMakeFiles/brain__rosidl_typesupport_c__pyext.dir/rosidl_generator_py/brain/_brain_s.ep.rosidl_typesupport_c.c.o[0m
[8.033s] [ 90%] [32mBuilding C object CMakeFiles/brain__rosidl_typesupport_introspection_c__pyext.dir/rosidl_generator_py/brain/_brain_s.ep.rosidl_typesupport_introspection_c.c.o[0m
[8.033s] [ 92%] [32mBuilding C object CMakeFiles/brain__rosidl_typesupport_fastrtps_c__pyext.dir/rosidl_generator_py/brain/_brain_s.ep.rosidl_typesupport_fastrtps_c.c.o[0m
[8.231s] [ 95%] [32m[1mLinking C shared library rosidl_generator_py/brain/brain_s__rosidl_typesupport_c.cpython-38-x86_64-linux-gnu.so[0m
[8.239s] [100%] [32m[1mLinking C shared library rosidl_generator_py/brain/brain_s__rosidl_typesupport_fastrtps_c.cpython-38-x86_64-linux-gnu.so[0m
[8.239s] [100%] [32m[1mLinking C shared library rosidl_generator_py/brain/brain_s__rosidl_typesupport_introspection_c.cpython-38-x86_64-linux-gnu.so[0m
[8.297s] [100%] Built target brain__rosidl_typesupport_c__pyext
[8.304s] [100%] Built target brain__rosidl_typesupport_introspection_c__pyext
[8.309s] [100%] Built target brain__rosidl_typesupport_fastrtps_c__pyext
[8.324s] Invoked command in '/home/aaf/Software/Dev/robot/ros/brain/build/brain' returned '0': CMAKE_PREFIX_PATH=/opt/ros/rolling /usr/bin/cmake --build /home/aaf/Software/Dev/robot/ros/brain/build/brain -- -j8 -l8
[8.436s] Invoking command in '/home/aaf/Software/Dev/robot/ros/brain/build/brain': CMAKE_PREFIX_PATH=/opt/ros/rolling /usr/bin/cmake --install /home/aaf/Software/Dev/robot/ros/brain/build/brain
[8.450s] -- Install configuration: ""
[8.451s] -- Up-to-date: /home/aaf/Software/Dev/robot/ros/brain/install/brain/lib/brain/brain_boot
[8.451s] -- Up-to-date: /home/aaf/Software/Dev/robot/ros/brain/install/brain/lib/brain/brain_main.py
[8.452s] -- Up-to-date: /home/aaf/Software/Dev/robot/ros/brain/install/brain/lib/brain/fake_rpi.py
[8.452s] -- Installing: /home/aaf/Software/Dev/robot/ros/brain/install/brain/lib/brain/led21on_action_server.py
[8.452s] -- Installing: /home/aaf/Software/Dev/robot/ros/brain/install/brain/lib/brain/test_brain.py
[8.453s] -- Up-to-date: /home/aaf/Software/Dev/robot/ros/brain/install/brain/share/ament_index/resource_index/rosidl_interfaces/brain
[8.453s] -- Up-to-date: /home/aaf/Software/Dev/robot/ros/brain/install/brain/include/brain
[8.453s] -- Up-to-date: /home/aaf/Software/Dev/robot/ros/brain/install/brain/include/brain/action
[8.454s] -- Installing: /home/aaf/Software/Dev/robot/ros/brain/install/brain/include/brain/action/led21_off.h
[8.454s] -- Installing: /home/aaf/Software/Dev/robot/ros/brain/install/brain/include/brain/action/led21_on.h
[8.454s] -- Up-to-date: /home/aaf/Software/Dev/robot/ros/brain/install/brain/include/brain/action/detail
[8.454s] -- Installing: /home/aaf/Software/Dev/robot/ros/brain/install/brain/include/brain/action/detail/led21_off__type_support.h
[8.455s] -- Installing: /home/aaf/Software/Dev/robot/ros/brain/install/brain/include/brain/action/detail/led21_on__type_support.h
[8.455s] -- Installing: /home/aaf/Software/Dev/robot/ros/brain/install/brain/include/brain/action/detail/led21_on__functions.h
[8.455s] -- Installing: /home/aaf/Software/Dev/robot/ros/brain/install/brain/include/brain/action/detail/led21_on__struct.h
[8.455s] -- Installing: /home/aaf/Software/Dev/robot/ros/brain/install/brain/include/brain/action/detail/led21_off__functions.c
[8.455s] -- Installing: /home/aaf/Software/Dev/robot/ros/brain/install/brain/include/brain/action/detail/led21_on__functions.c
[8.455s] -- Installing: /home/aaf/Software/Dev/robot/ros/brain/install/brain/include/brain/action/detail/led21_off__struct.h
[8.456s] -- Installing: /home/aaf/Software/Dev/robot/ros/brain/install/brain/include/brain/action/detail/led21_off__functions.h
[8.456s] -- Up-to-date: /home/aaf/Software/Dev/robot/ros/brain/install/brain/include/brain/msg
[8.456s] -- Up-to-date: /home/aaf/Software/Dev/robot/ros/brain/install/brain/include/brain/msg/rosidl_generator_c__visibility_control.h
[8.456s] -- Up-to-date: /home/aaf/Software/Dev/robot/ros/brain/install/brain/share/brain/environment/library_path.sh
[8.456s] -- Installing: /home/aaf/Software/Dev/robot/ros/brain/install/brain/share/brain/environment/library_path.dsv
[8.457s] -- Installing: /home/aaf/Software/Dev/robot/ros/brain/install/brain/lib/libbrain__rosidl_generator_c.so
[8.458s] -- Set runtime path of "/home/aaf/Software/Dev/robot/ros/brain/install/brain/lib/libbrain__rosidl_generator_c.so" to ""
[8.458s] -- Up-to-date: /home/aaf/Software/Dev/robot/ros/brain/install/brain/include/brain
[8.458s] -- Up-to-date: /home/aaf/Software/Dev/robot/ros/brain/install/brain/include/brain/action
[8.458s] -- Up-to-date: /home/aaf/Software/Dev/robot/ros/brain/install/brain/include/brain/action/detail
[8.459s] -- Installing: /home/aaf/Software/Dev/robot/ros/brain/install/brain/include/brain/action/detail/led21_on__rosidl_typesupport_fastrtps_c.h
[8.459s] -- Installing: /home/aaf/Software/Dev/robot/ros/brain/install/brain/include/brain/action/detail/led21_off__rosidl_typesupport_fastrtps_c.h
[8.459s] -- Up-to-date: /home/aaf/Software/Dev/robot/ros/brain/install/brain/include/brain/msg
[8.459s] -- Up-to-date: /home/aaf/Software/Dev/robot/ros/brain/install/brain/include/brain/msg/rosidl_typesupport_fastrtps_c__visibility_control.h
[8.459s] -- Installing: /home/aaf/Software/Dev/robot/ros/brain/install/brain/lib/libbrain__rosidl_typesupport_fastrtps_c.so
[8.460s] -- Set runtime path of "/home/aaf/Software/Dev/robot/ros/brain/install/brain/lib/libbrain__rosidl_typesupport_fastrtps_c.so" to ""
[8.460s] -- Up-to-date: /home/aaf/Software/Dev/robot/ros/brain/install/brain/include/brain
[8.461s] -- Up-to-date: /home/aaf/Software/Dev/robot/ros/brain/install/brain/include/brain/action
[8.461s] -- Up-to-date: /home/aaf/Software/Dev/robot/ros/brain/install/brain/include/brain/action/detail
[8.461s] -- Installing: /home/aaf/Software/Dev/robot/ros/brain/install/brain/include/brain/action/detail/led21_on__rosidl_typesupport_fastrtps_cpp.hpp
[8.461s] -- Up-to-date: /home/aaf/Software/Dev/robot/ros/brain/install/brain/include/brain/action/detail/dds_fastrtps
[8.461s] -- Installing: /home/aaf/Software/Dev/robot/ros/brain/install/brain/include/brain/action/detail/led21_off__rosidl_typesupport_fastrtps_cpp.hpp
[8.461s] -- Up-to-date: /home/aaf/Software/Dev/robot/ros/brain/install/brain/include/brain/msg
[8.461s] -- Up-to-date: /home/aaf/Software/Dev/robot/ros/brain/install/brain/include/brain/msg/rosidl_typesupport_fastrtps_cpp__visibility_control.h
[8.462s] -- Installing: /home/aaf/Software/Dev/robot/ros/brain/install/brain/lib/libbrain__rosidl_typesupport_fastrtps_cpp.so
[8.463s] -- Set runtime path of "/home/aaf/Software/Dev/robot/ros/brain/install/brain/lib/libbrain__rosidl_typesupport_fastrtps_cpp.so" to ""
[8.463s] -- Up-to-date: /home/aaf/Software/Dev/robot/ros/brain/install/brain/include/brain
[8.463s] -- Up-to-date: /home/aaf/Software/Dev/robot/ros/brain/install/brain/include/brain/action
[8.463s] -- Up-to-date: /home/aaf/Software/Dev/robot/ros/brain/install/brain/include/brain/action/detail
[8.463s] -- Installing: /home/aaf/Software/Dev/robot/ros/brain/install/brain/include/brain/action/detail/led21_on__rosidl_typesupport_introspection_c.h
[8.463s] -- Installing: /home/aaf/Software/Dev/robot/ros/brain/install/brain/include/brain/action/detail/led21_off__rosidl_typesupport_introspection_c.h
[8.463s] -- Installing: /home/aaf/Software/Dev/robot/ros/brain/install/brain/include/brain/action/detail/led21_on__type_support.c
[8.464s] -- Installing: /home/aaf/Software/Dev/robot/ros/brain/install/brain/include/brain/action/detail/led21_off__type_support.c
[8.464s] -- Up-to-date: /home/aaf/Software/Dev/robot/ros/brain/install/brain/include/brain/msg
[8.464s] -- Up-to-date: /home/aaf/Software/Dev/robot/ros/brain/install/brain/include/brain/msg/rosidl_typesupport_introspection_c__visibility_control.h
[8.464s] -- Installing: /home/aaf/Software/Dev/robot/ros/brain/install/brain/lib/libbrain__rosidl_typesupport_introspection_c.so
[8.465s] -- Set runtime path of "/home/aaf/Software/Dev/robot/ros/brain/install/brain/lib/libbrain__rosidl_typesupport_introspection_c.so" to ""
[8.465s] -- Installing: /home/aaf/Software/Dev/robot/ros/brain/install/brain/lib/libbrain__rosidl_typesupport_c.so
[8.466s] -- Set runtime path of "/home/aaf/Software/Dev/robot/ros/brain/install/brain/lib/libbrain__rosidl_typesupport_c.so" to ""
[8.466s] -- Up-to-date: /home/aaf/Software/Dev/robot/ros/brain/install/brain/include/brain
[8.466s] -- Up-to-date: /home/aaf/Software/Dev/robot/ros/brain/install/brain/include/brain/action
[8.466s] -- Up-to-date: /home/aaf/Software/Dev/robot/ros/brain/install/brain/include/brain/action/detail
[8.466s] -- Installing: /home/aaf/Software/Dev/robot/ros/brain/install/brain/include/brain/action/detail/led21_on__struct.hpp
[8.467s] -- Installing: /home/aaf/Software/Dev/robot/ros/brain/install/brain/include/brain/action/detail/led21_off__traits.hpp
[8.467s] -- Installing: /home/aaf/Software/Dev/robot/ros/brain/install/brain/include/brain/action/detail/led21_off__struct.hpp
[8.467s] -- Installing: /home/aaf/Software/Dev/robot/ros/brain/install/brain/include/brain/action/detail/led21_on__builder.hpp
[8.467s] -- Installing: /home/aaf/Software/Dev/robot/ros/brain/install/brain/include/brain/action/detail/led21_off__builder.hpp
[8.467s] -- Installing: /home/aaf/Software/Dev/robot/ros/brain/install/brain/include/brain/action/detail/led21_on__traits.hpp
[8.467s] -- Installing: /home/aaf/Software/Dev/robot/ros/brain/install/brain/include/brain/action/led21_off.hpp
[8.467s] -- Installing: /home/aaf/Software/Dev/robot/ros/brain/install/brain/include/brain/action/led21_on.hpp
[8.468s] -- Up-to-date: /home/aaf/Software/Dev/robot/ros/brain/install/brain/include/brain
[8.468s] -- Up-to-date: /home/aaf/Software/Dev/robot/ros/brain/install/brain/include/brain/action
[8.468s] -- Up-to-date: /home/aaf/Software/Dev/robot/ros/brain/install/brain/include/brain/action/detail
[8.468s] -- Installing: /home/aaf/Software/Dev/robot/ros/brain/install/brain/include/brain/action/detail/led21_on__rosidl_typesupport_introspection_cpp.hpp
[8.468s] -- Installing: /home/aaf/Software/Dev/robot/ros/brain/install/brain/include/brain/action/detail/led21_off__rosidl_typesupport_introspection_cpp.hpp
[8.469s] -- Installing: /home/aaf/Software/Dev/robot/ros/brain/install/brain/include/brain/action/detail/led21_off__type_support.cpp
[8.469s] -- Installing: /home/aaf/Software/Dev/robot/ros/brain/install/brain/include/brain/action/detail/led21_on__type_support.cpp
[8.469s] -- Installing: /home/aaf/Software/Dev/robot/ros/brain/install/brain/lib/libbrain__rosidl_typesupport_introspection_cpp.so
[8.470s] -- Set runtime path of "/home/aaf/Software/Dev/robot/ros/brain/install/brain/lib/libbrain__rosidl_typesupport_introspection_cpp.so" to ""
[8.470s] -- Installing: /home/aaf/Software/Dev/robot/ros/brain/install/brain/lib/libbrain__rosidl_typesupport_cpp.so
[8.471s] -- Set runtime path of "/home/aaf/Software/Dev/robot/ros/brain/install/brain/lib/libbrain__rosidl_typesupport_cpp.so" to ""
[8.471s] -- Up-to-date: /home/aaf/Software/Dev/robot/ros/brain/install/brain/share/brain/environment/pythonpath.sh
[8.472s] -- Installing: /home/aaf/Software/Dev/robot/ros/brain/install/brain/share/brain/environment/pythonpath.dsv
[8.472s] -- Up-to-date: /home/aaf/Software/Dev/robot/ros/brain/install/brain/lib/python3.8/site-packages//brain.egg-info
[8.472s] -- Installing: /home/aaf/Software/Dev/robot/ros/brain/install/brain/lib/python3.8/site-packages//brain.egg-info/PKG-INFO
[8.472s] -- Installing: /home/aaf/Software/Dev/robot/ros/brain/install/brain/lib/python3.8/site-packages//brain.egg-info/SOURCES.txt
[8.472s] -- Installing: /home/aaf/Software/Dev/robot/ros/brain/install/brain/lib/python3.8/site-packages//brain.egg-info/top_level.txt
[8.473s] -- Installing: /home/aaf/Software/Dev/robot/ros/brain/install/brain/lib/python3.8/site-packages//brain.egg-info/dependency_links.txt
[8.473s] -- Up-to-date: /home/aaf/Software/Dev/robot/ros/brain/install/brain/lib/python3.8/site-packages/brain
[8.473s] -- Up-to-date: /home/aaf/Software/Dev/robot/ros/brain/install/brain/lib/python3.8/site-packages/brain/action
[8.473s] -- Installing: /home/aaf/Software/Dev/robot/ros/brain/install/brain/lib/python3.8/site-packages/brain/action/_led21_on.py
[8.473s] -- Installing: /home/aaf/Software/Dev/robot/ros/brain/install/brain/lib/python3.8/site-packages/brain/action/_led21_on_s.c
[8.473s] -- Installing: /home/aaf/Software/Dev/robot/ros/brain/install/brain/lib/python3.8/site-packages/brain/action/_led21_off_s.c
[8.473s] -- Installing: /home/aaf/Software/Dev/robot/ros/brain/install/brain/lib/python3.8/site-packages/brain/action/__init__.py
[8.474s] -- Installing: /home/aaf/Software/Dev/robot/ros/brain/install/brain/lib/python3.8/site-packages/brain/action/_led21_off.py
[8.474s] -- Installing: /home/aaf/Software/Dev/robot/ros/brain/install/brain/lib/python3.8/site-packages/brain/_brain_s.ep.rosidl_typesupport_c.c
[8.474s] -- Installing: /home/aaf/Software/Dev/robot/ros/brain/install/brain/lib/python3.8/site-packages/brain/brain_s__rosidl_typesupport_introspection_c.cpython-38-x86_64-linux-gnu.so
[8.474s] -- Installing: /home/aaf/Software/Dev/robot/ros/brain/install/brain/lib/python3.8/site-packages/brain/_brain_s.ep.rosidl_typesupport_fastrtps_c.c
[8.475s] -- Installing: /home/aaf/Software/Dev/robot/ros/brain/install/brain/lib/python3.8/site-packages/brain/brain_s__rosidl_typesupport_c.cpython-38-x86_64-linux-gnu.so
[8.475s] -- Installing: /home/aaf/Software/Dev/robot/ros/brain/install/brain/lib/python3.8/site-packages/brain/__init__.py
[8.475s] -- Installing: /home/aaf/Software/Dev/robot/ros/brain/install/brain/lib/python3.8/site-packages/brain/_brain_s.ep.rosidl_typesupport_introspection_c.c
[8.476s] -- Installing: /home/aaf/Software/Dev/robot/ros/brain/install/brain/lib/python3.8/site-packages/brain/brain_s__rosidl_typesupport_fastrtps_c.cpython-38-x86_64-linux-gnu.so
[8.476s] -- Installing: /home/aaf/Software/Dev/robot/ros/brain/install/brain/lib/python3.8/site-packages/brain/libbrain__python.so
[8.528s] Listing '/home/aaf/Software/Dev/robot/ros/brain/install/brain/lib/python3.8/site-packages/brain'...
[8.528s] Compiling '/home/aaf/Software/Dev/robot/ros/brain/install/brain/lib/python3.8/site-packages/brain/__init__.py'...
[8.528s] Listing '/home/aaf/Software/Dev/robot/ros/brain/install/brain/lib/python3.8/site-packages/brain/action'...
[8.529s] Compiling '/home/aaf/Software/Dev/robot/ros/brain/install/brain/lib/python3.8/site-packages/brain/action/__init__.py'...
[8.529s] Compiling '/home/aaf/Software/Dev/robot/ros/brain/install/brain/lib/python3.8/site-packages/brain/action/_led21_off.py'...
[8.529s] Compiling '/home/aaf/Software/Dev/robot/ros/brain/install/brain/lib/python3.8/site-packages/brain/action/_led21_on.py'...
[8.534s] -- Installing: /home/aaf/Software/Dev/robot/ros/brain/install/brain/lib/python3.8/site-packages/brain/brain_s__rosidl_typesupport_fastrtps_c.cpython-38-x86_64-linux-gnu.so
[8.534s] -- Set runtime path of "/home/aaf/Software/Dev/robot/ros/brain/install/brain/lib/python3.8/site-packages/brain/brain_s__rosidl_typesupport_fastrtps_c.cpython-38-x86_64-linux-gnu.so" to ""
[8.535s] -- Installing: /home/aaf/Software/Dev/robot/ros/brain/install/brain/lib/python3.8/site-packages/brain/brain_s__rosidl_typesupport_introspection_c.cpython-38-x86_64-linux-gnu.so
[8.536s] -- Set runtime path of "/home/aaf/Software/Dev/robot/ros/brain/install/brain/lib/python3.8/site-packages/brain/brain_s__rosidl_typesupport_introspection_c.cpython-38-x86_64-linux-gnu.so" to ""
[8.536s] -- Installing: /home/aaf/Software/Dev/robot/ros/brain/install/brain/lib/python3.8/site-packages/brain/brain_s__rosidl_typesupport_c.cpython-38-x86_64-linux-gnu.so
[8.537s] -- Set runtime path of "/home/aaf/Software/Dev/robot/ros/brain/install/brain/lib/python3.8/site-packages/brain/brain_s__rosidl_typesupport_c.cpython-38-x86_64-linux-gnu.so" to ""
[8.537s] -- Installing: /home/aaf/Software/Dev/robot/ros/brain/install/brain/lib/libbrain__python.so
[8.538s] -- Set runtime path of "/home/aaf/Software/Dev/robot/ros/brain/install/brain/lib/libbrain__python.so" to ""
[8.538s] -- Up-to-date: /home/aaf/Software/Dev/robot/ros/brain/install/brain/share/brain/action/Led21On.idl
[8.539s] -- Installing: /home/aaf/Software/Dev/robot/ros/brain/install/brain/share/brain/action/Led21Off.idl
[8.539s] -- Up-to-date: /home/aaf/Software/Dev/robot/ros/brain/install/brain/share/brain/action/Led21On.action
[8.539s] -- Installing: /home/aaf/Software/Dev/robot/ros/brain/install/brain/share/brain/action/Led21Off.action
[8.539s] -- Up-to-date: /home/aaf/Software/Dev/robot/ros/brain/install/brain/share/brain//launch
[8.539s] -- Up-to-date: /home/aaf/Software/Dev/robot/ros/brain/install/brain/share/brain//launch/brain.launch.py
[8.540s] -- Up-to-date: /home/aaf/Software/Dev/robot/ros/brain/install/brain/share/ament_index/resource_index/package_run_dependencies/brain
[8.540s] -- Up-to-date: /home/aaf/Software/Dev/robot/ros/brain/install/brain/share/ament_index/resource_index/parent_prefix_path/brain
[8.540s] -- Up-to-date: /home/aaf/Software/Dev/robot/ros/brain/install/brain/share/brain/environment/ament_prefix_path.sh
[8.540s] -- Installing: /home/aaf/Software/Dev/robot/ros/brain/install/brain/share/brain/environment/ament_prefix_path.dsv
[8.540s] -- Up-to-date: /home/aaf/Software/Dev/robot/ros/brain/install/brain/share/brain/environment/path.sh
[8.540s] -- Installing: /home/aaf/Software/Dev/robot/ros/brain/install/brain/share/brain/environment/path.dsv
[8.540s] -- Up-to-date: /home/aaf/Software/Dev/robot/ros/brain/install/brain/share/brain/local_setup.bash
[8.541s] -- Up-to-date: /home/aaf/Software/Dev/robot/ros/brain/install/brain/share/brain/local_setup.sh
[8.541s] -- Up-to-date: /home/aaf/Software/Dev/robot/ros/brain/install/brain/share/brain/local_setup.zsh
[8.541s] -- Installing: /home/aaf/Software/Dev/robot/ros/brain/install/brain/share/brain/local_setup.dsv
[8.541s] -- Installing: /home/aaf/Software/Dev/robot/ros/brain/install/brain/share/brain/package.dsv
[8.541s] -- Up-to-date: /home/aaf/Software/Dev/robot/ros/brain/install/brain/share/ament_index/resource_index/packages/brain
[8.541s] -- Up-to-date: /home/aaf/Software/Dev/robot/ros/brain/install/brain/share/brain/cmake/brain__rosidl_generator_cExport.cmake
[8.541s] -- Installing: /home/aaf/Software/Dev/robot/ros/brain/install/brain/share/brain/cmake/brain__rosidl_generator_cExport-noconfig.cmake
[8.542s] -- Up-to-date: /home/aaf/Software/Dev/robot/ros/brain/install/brain/share/brain/cmake/brain__rosidl_typesupport_introspection_cExport.cmake
[8.542s] -- Installing: /home/aaf/Software/Dev/robot/ros/brain/install/brain/share/brain/cmake/brain__rosidl_typesupport_introspection_cExport-noconfig.cmake
[8.542s] -- Up-to-date: /home/aaf/Software/Dev/robot/ros/brain/install/brain/share/brain/cmake/brain__rosidl_typesupport_cExport.cmake
[8.542s] -- Installing: /home/aaf/Software/Dev/robot/ros/brain/install/brain/share/brain/cmake/brain__rosidl_typesupport_cExport-noconfig.cmake
[8.543s] -- Up-to-date: /home/aaf/Software/Dev/robot/ros/brain/install/brain/share/brain/cmake/brain__rosidl_generator_cppExport.cmake
[8.543s] -- Up-to-date: /home/aaf/Software/Dev/robot/ros/brain/install/brain/share/brain/cmake/brain__rosidl_typesupport_introspection_cppExport.cmake
[8.543s] -- Installing: /home/aaf/Software/Dev/robot/ros/brain/install/brain/share/brain/cmake/brain__rosidl_typesupport_introspection_cppExport-noconfig.cmake
[8.544s] -- Up-to-date: /home/aaf/Software/Dev/robot/ros/brain/install/brain/share/brain/cmake/brain__rosidl_typesupport_cppExport.cmake
[8.544s] -- Installing: /home/aaf/Software/Dev/robot/ros/brain/install/brain/share/brain/cmake/brain__rosidl_typesupport_cppExport-noconfig.cmake
[8.544s] -- Up-to-date: /home/aaf/Software/Dev/robot/ros/brain/install/brain/share/brain/cmake/rosidl_cmake-extras.cmake
[8.544s] -- Up-to-date: /home/aaf/Software/Dev/robot/ros/brain/install/brain/share/brain/cmake/ament_cmake_export_dependencies-extras.cmake
[8.544s] -- Up-to-date: /home/aaf/Software/Dev/robot/ros/brain/install/brain/share/brain/cmake/ament_cmake_export_libraries-extras.cmake
[8.545s] -- Up-to-date: /home/aaf/Software/Dev/robot/ros/brain/install/brain/share/brain/cmake/ament_cmake_export_targets-extras.cmake
[8.545s] -- Up-to-date: /home/aaf/Software/Dev/robot/ros/brain/install/brain/share/brain/cmake/ament_cmake_export_include_directories-extras.cmake
[8.545s] -- Up-to-date: /home/aaf/Software/Dev/robot/ros/brain/install/brain/share/brain/cmake/rosidl_cmake_export_typesupport_libraries-extras.cmake
[8.545s] -- Up-to-date: /home/aaf/Software/Dev/robot/ros/brain/install/brain/share/brain/cmake/rosidl_cmake_export_typesupport_targets-extras.cmake
[8.545s] -- Up-to-date: /home/aaf/Software/Dev/robot/ros/brain/install/brain/share/brain/cmake/brainConfig.cmake
[8.545s] -- Up-to-date: /home/aaf/Software/Dev/robot/ros/brain/install/brain/share/brain/cmake/brainConfig-version.cmake
[8.545s] -- Up-to-date: /home/aaf/Software/Dev/robot/ros/brain/install/brain/share/brain/package.xml
[8.549s] Invoked command in '/home/aaf/Software/Dev/robot/ros/brain/build/brain' returned '0': CMAKE_PREFIX_PATH=/opt/ros/rolling /usr/bin/cmake --install /home/aaf/Software/Dev/robot/ros/brain/build/brain
