[0.021s] Invoking command in '/home/aaf/Software/Dev/robot/brain/build/brain': CMAKE_PREFIX_PATH=/opt/ros/rolling /usr/bin/cmake /home/aaf/Software/Dev/robot/brain -DCMAKE_INSTALL_PREFIX=/home/aaf/Software/Dev/robot/brain/install/brain
[0.127s] -- The C compiler identification is GNU 9.3.0
[0.252s] -- The CXX compiler identification is GNU 9.3.0
[0.259s] -- Check for working C compiler: /usr/bin/cc
[0.379s] -- Check for working C compiler: /usr/bin/cc -- works
[0.382s] -- Detecting C compiler ABI info
[0.578s] -- Detecting C compiler ABI info - done
[0.623s] -- Detecting C compile features
[0.625s] -- Detecting C compile features - done
[0.633s] -- Check for working CXX compiler: /usr/bin/c++
[0.755s] -- Check for working CXX compiler: /usr/bin/c++ -- works
[0.757s] -- Detecting CXX compiler ABI info
[0.896s] -- Detecting CXX compiler ABI info - done
[0.919s] -- Detecting CXX compile features
[0.919s] -- Detecting CXX compile features - done
[0.922s] -- Found ament_cmake: 1.1.4 (/opt/ros/rolling/share/ament_cmake/cmake)
[0.956s] -- Found PythonInterp: /usr/bin/python3 (found suitable version "3.8.10", minimum required is "3") 
[0.956s] -- Using PYTHON_EXECUTABLE: /usr/bin/python3
[1.067s] -- Found rclcpp: 12.0.0 (/opt/ros/rolling/share/rclcpp/cmake)
[1.133s] -- Using all available rosidl_typesupport_c: rosidl_typesupport_fastrtps_c;rosidl_typesupport_introspection_c
[1.141s] -- Found rosidl_adapter: 2.5.0 (/opt/ros/rolling/share/rosidl_adapter/cmake)
[1.200s] -- Using all available rosidl_typesupport_cpp: rosidl_typesupport_fastrtps_cpp;rosidl_typesupport_introspection_cpp
[1.283s] -- Found rmw_implementation_cmake: 4.0.0 (/opt/ros/rolling/share/rmw_implementation_cmake/cmake)
[1.287s] -- Found rmw_cyclonedds_cpp: 0.23.1 (/opt/ros/rolling/share/rmw_cyclonedds_cpp/cmake)
[1.314s] -- Using RMW implementation 'rmw_cyclonedds_cpp' as default
[1.315s] -- Looking for pthread.h
[1.437s] -- Looking for pthread.h - found
[1.437s] -- Performing Test CMAKE_HAVE_LIBC_PTHREAD
[1.605s] -- Performing Test CMAKE_HAVE_LIBC_PTHREAD - Failed
[1.605s] -- Looking for pthread_create in pthreads
[1.736s] -- Looking for pthread_create in pthreads - not found
[1.736s] -- Looking for pthread_create in pthread
[1.868s] -- Looking for pthread_create in pthread - found
[1.870s] -- Found Threads: TRUE  
[2.081s] -- Found rclpy: 3.0.1 (/opt/ros/rolling/share/rclpy/cmake)
[2.083s] -- Found rosidl_default_generators: 1.1.1 (/opt/ros/rolling/share/rosidl_default_generators/cmake)
[2.126s] -- Found PythonInterp: /usr/bin/python3 (found version "3.8.10") 
[2.381s] -- Found ament_cmake_ros: 0.9.2 (/opt/ros/rolling/share/ament_cmake_ros/cmake)
[2.448s] -- Using all available rosidl_typesupport_c: rosidl_typesupport_fastrtps_c;rosidl_typesupport_introspection_c
[2.479s] -- Using all available rosidl_typesupport_cpp: rosidl_typesupport_fastrtps_cpp;rosidl_typesupport_introspection_cpp
[2.514s] -- Found PythonInterp: /usr/bin/python3 (found suitable version "3.8.10", minimum required is "3.5") 
[2.515s] -- Found python_cmake_module: 0.8.1 (/opt/ros/rolling/share/python_cmake_module/cmake)
[2.554s] -- Found PythonLibs: /usr/lib/x86_64-linux-gnu/libpython3.8.so (found suitable version "3.8.10", minimum required is "3.5") 
[2.554s] -- Using PYTHON_EXECUTABLE: /usr/bin/python3
[2.554s] -- Using PYTHON_INCLUDE_DIRS: /usr/include/python3.8
[2.554s] -- Using PYTHON_LIBRARIES: /usr/lib/x86_64-linux-gnu/libpython3.8.so
[2.584s] -- Found PythonExtra: .so  
[2.668s] -- Configuring done
[2.738s] -- Generating done
[2.742s] -- Build files have been written to: /home/aaf/Software/Dev/robot/brain/build/brain
[2.755s] Invoked command in '/home/aaf/Software/Dev/robot/brain/build/brain' returned '0': CMAKE_PREFIX_PATH=/opt/ros/rolling /usr/bin/cmake /home/aaf/Software/Dev/robot/brain -DCMAKE_INSTALL_PREFIX=/home/aaf/Software/Dev/robot/brain/install/brain
[2.760s] Invoking command in '/home/aaf/Software/Dev/robot/brain/build/brain': CMAKE_PREFIX_PATH=/opt/ros/rolling /usr/bin/cmake --build /home/aaf/Software/Dev/robot/brain/build/brain -- -j8 -l8
[2.824s] [  3%] [34m[1mGenerating C code for ROS interfaces[0m
[2.825s] [35m[1mScanning dependencies of target ament_cmake_python_symlink_brain[0m
[2.825s] [35m[1mScanning dependencies of target brain__cpp[0m
[2.825s] [35m[1mScanning dependencies of target brain_boot[0m
[2.846s] [  6%] [34m[1mGenerating C++ code for ROS interfaces[0m
[2.862s] [  6%] Built target ament_cmake_python_symlink_brain
[2.877s] [35m[1mScanning dependencies of target ament_cmake_python_build_brain_egg[0m
[2.888s] [  9%] [32mBuilding CXX object CMakeFiles/brain_boot.dir/src/brain_boot.cpp.o[0m
[3.247s] running egg_info
[3.248s] creating brain.egg-info
[3.248s] writing brain.egg-info/PKG-INFO
[3.249s] writing dependency_links to brain.egg-info/dependency_links.txt
[3.249s] writing top-level names to brain.egg-info/top_level.txt
[3.251s] writing manifest file 'brain.egg-info/SOURCES.txt'
[3.303s] reading manifest file 'brain.egg-info/SOURCES.txt'
[3.303s] writing manifest file 'brain.egg-info/SOURCES.txt'
[3.349s] [  9%] Built target ament_cmake_python_build_brain_egg
[3.593s] [35m[1mScanning dependencies of target brain__rosidl_generator_c[0m
[3.615s] [ 12%] [32mBuilding C object CMakeFiles/brain__rosidl_generator_c.dir/rosidl_generator_c/brain/action/detail/led__functions.c.o[0m
[3.653s] [ 12%] Built target brain__cpp
[3.672s] [ 15%] [34m[1mGenerating C++ introspection for ROS interfaces[0m
[3.673s] [ 18%] [34m[1mGenerating C++ type support for eProsima Fast-RTPS[0m
[3.678s] [ 21%] [34m[1mGenerating C++ type support dispatch for ROS interfaces[0m
[3.809s] [ 24%] [32m[1mLinking C shared library libbrain__rosidl_generator_c.so[0m
[3.879s] [ 24%] Built target brain__rosidl_generator_c
[3.904s] [ 30%] [34m[1mGenerating C introspection for ROS interfaces[0m
[3.904s] [ 30%] [34m[1mGenerating C type support dispatch for ROS interfaces[0m
[4.387s] [35m[1mScanning dependencies of target brain__rosidl_typesupport_c[0m
[4.418s] [ 33%] [32mBuilding CXX object CMakeFiles/brain__rosidl_typesupport_c.dir/rosidl_typesupport_c/brain/action/led__type_support.cpp.o[0m
[4.456s] [35m[1mScanning dependencies of target brain__rosidl_typesupport_cpp[0m
[4.460s] [35m[1mScanning dependencies of target brain__rosidl_typesupport_introspection_cpp[0m
[4.485s] [ 36%] [32mBuilding CXX object CMakeFiles/brain__rosidl_typesupport_cpp.dir/rosidl_typesupport_cpp/brain/action/led__type_support.cpp.o[0m
[4.497s] [ 39%] [32mBuilding CXX object CMakeFiles/brain__rosidl_typesupport_introspection_cpp.dir/rosidl_typesupport_introspection_cpp/brain/action/detail/led__type_support.cpp.o[0m
[4.560s] [ 42%] [32m[1mLinking CXX shared library libbrain__rosidl_typesupport_c.so[0m
[4.678s] [ 42%] Built target brain__rosidl_typesupport_c
[4.760s] [35m[1mScanning dependencies of target brain__rosidl_typesupport_fastrtps_cpp[0m
[4.784s] [35m[1mScanning dependencies of target brain__rosidl_typesupport_introspection_c[0m
[4.802s] [ 45%] [32mBuilding CXX object CMakeFiles/brain__rosidl_typesupport_fastrtps_cpp.dir/rosidl_typesupport_fastrtps_cpp/brain/action/detail/dds_fastrtps/led__type_support.cpp.o[0m
[4.820s] [ 48%] [32mBuilding C object CMakeFiles/brain__rosidl_typesupport_introspection_c.dir/rosidl_typesupport_introspection_c/brain/action/detail/led__type_support.c.o[0m
[4.954s] [ 51%] [32m[1mLinking C shared library libbrain__rosidl_typesupport_introspection_c.so[0m
[5.044s] [ 51%] Built target brain__rosidl_typesupport_introspection_c
[5.561s] [ 54%] [32m[1mLinking CXX shared library libbrain__rosidl_typesupport_cpp.so[0m
[5.621s] [ 57%] [32m[1mLinking CXX shared library libbrain__rosidl_typesupport_introspection_cpp.so[0m
[5.647s] [ 57%] Built target brain__rosidl_typesupport_cpp
[5.777s] [ 57%] Built target brain__rosidl_typesupport_introspection_cpp
[5.997s] [ 60%] [32m[1mLinking CXX shared library libbrain__rosidl_typesupport_fastrtps_cpp.so[0m
[6.136s] [ 60%] Built target brain__rosidl_typesupport_fastrtps_cpp
[6.154s] [ 63%] [34m[1mGenerating C type support for eProsima Fast-RTPS[0m
[6.743s] [35m[1mScanning dependencies of target brain__rosidl_typesupport_fastrtps_c[0m
[6.778s] [ 66%] [32mBuilding CXX object CMakeFiles/brain__rosidl_typesupport_fastrtps_c.dir/rosidl_typesupport_fastrtps_c/brain/action/detail/led__type_support_c.cpp.o[0m
[7.394s] [ 69%] [32m[1mLinking CXX shared library libbrain__rosidl_typesupport_fastrtps_c.so[0m
[7.541s] [ 69%] Built target brain__rosidl_typesupport_fastrtps_c
[7.559s] [35m[1mScanning dependencies of target brain[0m
[7.576s] [ 69%] Built target brain
[7.592s] [35m[1mScanning dependencies of target brain__py[0m
[7.607s] [ 72%] [34m[1mGenerating Python code for ROS interfaces[0m
[7.767s] [ 75%] [32m[1mLinking CXX executable brain_boot[0m
[7.988s] [ 75%] Built target brain_boot
[8.735s] [ 75%] Built target brain__py
[8.752s] [35m[1mScanning dependencies of target brain__python[0m
[8.785s] [ 78%] [32mBuilding C object CMakeFiles/brain__python.dir/rosidl_generator_py/brain/action/_led_s.c.o[0m
[8.971s] [ 81%] [32m[1mLinking C shared library rosidl_generator_py/brain/libbrain__python.so[0m
[9.036s] [ 81%] Built target brain__python
[9.051s] [35m[1mScanning dependencies of target brain__rosidl_typesupport_c__pyext[0m
[9.051s] [35m[1mScanning dependencies of target brain__rosidl_typesupport_introspection_c__pyext[0m
[9.051s] [35m[1mScanning dependencies of target brain__rosidl_typesupport_fastrtps_c__pyext[0m
[9.077s] [ 84%] [32mBuilding C object CMakeFiles/brain__rosidl_typesupport_introspection_c__pyext.dir/rosidl_generator_py/brain/_brain_s.ep.rosidl_typesupport_introspection_c.c.o[0m
[9.079s] [ 87%] [32mBuilding C object CMakeFiles/brain__rosidl_typesupport_c__pyext.dir/rosidl_generator_py/brain/_brain_s.ep.rosidl_typesupport_c.c.o[0m
[9.080s] [ 90%] [32mBuilding C object CMakeFiles/brain__rosidl_typesupport_fastrtps_c__pyext.dir/rosidl_generator_py/brain/_brain_s.ep.rosidl_typesupport_fastrtps_c.c.o[0m
[9.223s] [ 96%] [32m[1mLinking C shared library rosidl_generator_py/brain/brain_s__rosidl_typesupport_c.cpython-38-x86_64-linux-gnu.so[0m
[9.223s] [ 96%] [32m[1mLinking C shared library rosidl_generator_py/brain/brain_s__rosidl_typesupport_introspection_c.cpython-38-x86_64-linux-gnu.so[0m
[9.224s] [100%] [32m[1mLinking C shared library rosidl_generator_py/brain/brain_s__rosidl_typesupport_fastrtps_c.cpython-38-x86_64-linux-gnu.so[0m
[9.282s] [100%] Built target brain__rosidl_typesupport_introspection_c__pyext
[9.282s] [100%] Built target brain__rosidl_typesupport_c__pyext
[9.286s] [100%] Built target brain__rosidl_typesupport_fastrtps_c__pyext
[9.303s] Invoked command in '/home/aaf/Software/Dev/robot/brain/build/brain' returned '0': CMAKE_PREFIX_PATH=/opt/ros/rolling /usr/bin/cmake --build /home/aaf/Software/Dev/robot/brain/build/brain -- -j8 -l8
[9.399s] Invoking command in '/home/aaf/Software/Dev/robot/brain/build/brain': CMAKE_PREFIX_PATH=/opt/ros/rolling /usr/bin/cmake --install /home/aaf/Software/Dev/robot/brain/build/brain
[9.413s] -- Install configuration: ""
[9.414s] -- Installing: /home/aaf/Software/Dev/robot/brain/install/brain/lib/brain/brain_boot
[9.414s] -- Set runtime path of "/home/aaf/Software/Dev/robot/brain/install/brain/lib/brain/brain_boot" to ""
[9.415s] -- Installing: /home/aaf/Software/Dev/robot/brain/install/brain/lib/brain/main_brain.py
[9.415s] -- Installing: /home/aaf/Software/Dev/robot/brain/install/brain/lib/brain/fake_rpi.py
[9.415s] -- Installing: /home/aaf/Software/Dev/robot/brain/install/brain/lib/brain/led_action_server.py
[9.415s] -- Installing: /home/aaf/Software/Dev/robot/brain/install/brain/share/ament_index/resource_index/rosidl_interfaces/brain
[9.415s] -- Installing: /home/aaf/Software/Dev/robot/brain/install/brain/include/brain
[9.416s] -- Installing: /home/aaf/Software/Dev/robot/brain/install/brain/include/brain/action
[9.416s] -- Installing: /home/aaf/Software/Dev/robot/brain/install/brain/include/brain/action/detail
[9.416s] -- Installing: /home/aaf/Software/Dev/robot/brain/install/brain/include/brain/action/detail/led__functions.h
[9.416s] -- Installing: /home/aaf/Software/Dev/robot/brain/install/brain/include/brain/action/detail/led__type_support.h
[9.416s] -- Installing: /home/aaf/Software/Dev/robot/brain/install/brain/include/brain/action/detail/led__functions.c
[9.416s] -- Installing: /home/aaf/Software/Dev/robot/brain/install/brain/include/brain/action/detail/led__struct.h
[9.416s] -- Installing: /home/aaf/Software/Dev/robot/brain/install/brain/include/brain/action/led.h
[9.417s] -- Installing: /home/aaf/Software/Dev/robot/brain/install/brain/include/brain/msg
[9.417s] -- Installing: /home/aaf/Software/Dev/robot/brain/install/brain/include/brain/msg/rosidl_generator_c__visibility_control.h
[9.417s] -- Installing: /home/aaf/Software/Dev/robot/brain/install/brain/share/brain/environment/library_path.sh
[9.417s] -- Installing: /home/aaf/Software/Dev/robot/brain/install/brain/share/brain/environment/library_path.dsv
[9.417s] -- Installing: /home/aaf/Software/Dev/robot/brain/install/brain/lib/libbrain__rosidl_generator_c.so
[9.418s] -- Set runtime path of "/home/aaf/Software/Dev/robot/brain/install/brain/lib/libbrain__rosidl_generator_c.so" to ""
[9.418s] -- Up-to-date: /home/aaf/Software/Dev/robot/brain/install/brain/include/brain
[9.418s] -- Up-to-date: /home/aaf/Software/Dev/robot/brain/install/brain/include/brain/action
[9.418s] -- Up-to-date: /home/aaf/Software/Dev/robot/brain/install/brain/include/brain/action/detail
[9.418s] -- Installing: /home/aaf/Software/Dev/robot/brain/install/brain/include/brain/action/detail/led__rosidl_typesupport_fastrtps_c.h
[9.418s] -- Up-to-date: /home/aaf/Software/Dev/robot/brain/install/brain/include/brain/msg
[9.419s] -- Installing: /home/aaf/Software/Dev/robot/brain/install/brain/include/brain/msg/rosidl_typesupport_fastrtps_c__visibility_control.h
[9.419s] -- Installing: /home/aaf/Software/Dev/robot/brain/install/brain/lib/libbrain__rosidl_typesupport_fastrtps_c.so
[9.419s] -- Set runtime path of "/home/aaf/Software/Dev/robot/brain/install/brain/lib/libbrain__rosidl_typesupport_fastrtps_c.so" to ""
[9.419s] -- Up-to-date: /home/aaf/Software/Dev/robot/brain/install/brain/include/brain
[9.420s] -- Up-to-date: /home/aaf/Software/Dev/robot/brain/install/brain/include/brain/action
[9.420s] -- Up-to-date: /home/aaf/Software/Dev/robot/brain/install/brain/include/brain/action/detail
[9.420s] -- Installing: /home/aaf/Software/Dev/robot/brain/install/brain/include/brain/action/detail/dds_fastrtps
[9.420s] -- Installing: /home/aaf/Software/Dev/robot/brain/install/brain/include/brain/action/detail/led__rosidl_typesupport_fastrtps_cpp.hpp
[9.420s] -- Up-to-date: /home/aaf/Software/Dev/robot/brain/install/brain/include/brain/msg
[9.420s] -- Installing: /home/aaf/Software/Dev/robot/brain/install/brain/include/brain/msg/rosidl_typesupport_fastrtps_cpp__visibility_control.h
[9.420s] -- Installing: /home/aaf/Software/Dev/robot/brain/install/brain/lib/libbrain__rosidl_typesupport_fastrtps_cpp.so
[9.421s] -- Set runtime path of "/home/aaf/Software/Dev/robot/brain/install/brain/lib/libbrain__rosidl_typesupport_fastrtps_cpp.so" to ""
[9.421s] -- Up-to-date: /home/aaf/Software/Dev/robot/brain/install/brain/include/brain
[9.421s] -- Up-to-date: /home/aaf/Software/Dev/robot/brain/install/brain/include/brain/action
[9.421s] -- Up-to-date: /home/aaf/Software/Dev/robot/brain/install/brain/include/brain/action/detail
[9.422s] -- Installing: /home/aaf/Software/Dev/robot/brain/install/brain/include/brain/action/detail/led__type_support.c
[9.422s] -- Installing: /home/aaf/Software/Dev/robot/brain/install/brain/include/brain/action/detail/led__rosidl_typesupport_introspection_c.h
[9.422s] -- Up-to-date: /home/aaf/Software/Dev/robot/brain/install/brain/include/brain/msg
[9.422s] -- Installing: /home/aaf/Software/Dev/robot/brain/install/brain/include/brain/msg/rosidl_typesupport_introspection_c__visibility_control.h
[9.422s] -- Installing: /home/aaf/Software/Dev/robot/brain/install/brain/lib/libbrain__rosidl_typesupport_introspection_c.so
[9.423s] -- Set runtime path of "/home/aaf/Software/Dev/robot/brain/install/brain/lib/libbrain__rosidl_typesupport_introspection_c.so" to ""
[9.423s] -- Installing: /home/aaf/Software/Dev/robot/brain/install/brain/lib/libbrain__rosidl_typesupport_c.so
[9.424s] -- Set runtime path of "/home/aaf/Software/Dev/robot/brain/install/brain/lib/libbrain__rosidl_typesupport_c.so" to ""
[9.424s] -- Up-to-date: /home/aaf/Software/Dev/robot/brain/install/brain/include/brain
[9.424s] -- Up-to-date: /home/aaf/Software/Dev/robot/brain/install/brain/include/brain/action
[9.424s] -- Up-to-date: /home/aaf/Software/Dev/robot/brain/install/brain/include/brain/action/detail
[9.424s] -- Installing: /home/aaf/Software/Dev/robot/brain/install/brain/include/brain/action/detail/led__builder.hpp
[9.425s] -- Installing: /home/aaf/Software/Dev/robot/brain/install/brain/include/brain/action/detail/led__traits.hpp
[9.425s] -- Installing: /home/aaf/Software/Dev/robot/brain/install/brain/include/brain/action/detail/led__struct.hpp
[9.425s] -- Installing: /home/aaf/Software/Dev/robot/brain/install/brain/include/brain/action/led.hpp
[9.425s] -- Up-to-date: /home/aaf/Software/Dev/robot/brain/install/brain/include/brain
[9.425s] -- Up-to-date: /home/aaf/Software/Dev/robot/brain/install/brain/include/brain/action
[9.425s] -- Up-to-date: /home/aaf/Software/Dev/robot/brain/install/brain/include/brain/action/detail
[9.425s] -- Installing: /home/aaf/Software/Dev/robot/brain/install/brain/include/brain/action/detail/led__type_support.cpp
[9.425s] -- Installing: /home/aaf/Software/Dev/robot/brain/install/brain/include/brain/action/detail/led__rosidl_typesupport_introspection_cpp.hpp
[9.426s] -- Installing: /home/aaf/Software/Dev/robot/brain/install/brain/lib/libbrain__rosidl_typesupport_introspection_cpp.so
[9.426s] -- Set runtime path of "/home/aaf/Software/Dev/robot/brain/install/brain/lib/libbrain__rosidl_typesupport_introspection_cpp.so" to ""
[9.426s] -- Installing: /home/aaf/Software/Dev/robot/brain/install/brain/lib/libbrain__rosidl_typesupport_cpp.so
[9.427s] -- Set runtime path of "/home/aaf/Software/Dev/robot/brain/install/brain/lib/libbrain__rosidl_typesupport_cpp.so" to ""
[9.427s] -- Installing: /home/aaf/Software/Dev/robot/brain/install/brain/share/brain/environment/pythonpath.sh
[9.428s] -- Installing: /home/aaf/Software/Dev/robot/brain/install/brain/share/brain/environment/pythonpath.dsv
[9.428s] -- Installing: /home/aaf/Software/Dev/robot/brain/install/brain/lib/python3.8/site-packages//brain.egg-info
[9.428s] -- Installing: /home/aaf/Software/Dev/robot/brain/install/brain/lib/python3.8/site-packages//brain.egg-info/PKG-INFO
[9.428s] -- Installing: /home/aaf/Software/Dev/robot/brain/install/brain/lib/python3.8/site-packages//brain.egg-info/SOURCES.txt
[9.428s] -- Installing: /home/aaf/Software/Dev/robot/brain/install/brain/lib/python3.8/site-packages//brain.egg-info/top_level.txt
[9.428s] -- Installing: /home/aaf/Software/Dev/robot/brain/install/brain/lib/python3.8/site-packages//brain.egg-info/dependency_links.txt
[9.429s] -- Installing: /home/aaf/Software/Dev/robot/brain/install/brain/lib/python3.8/site-packages/brain
[9.429s] -- Installing: /home/aaf/Software/Dev/robot/brain/install/brain/lib/python3.8/site-packages/brain/action
[9.429s] -- Installing: /home/aaf/Software/Dev/robot/brain/install/brain/lib/python3.8/site-packages/brain/action/__init__.py
[9.429s] -- Installing: /home/aaf/Software/Dev/robot/brain/install/brain/lib/python3.8/site-packages/brain/action/_led_s.c
[9.429s] -- Installing: /home/aaf/Software/Dev/robot/brain/install/brain/lib/python3.8/site-packages/brain/action/_led.py
[9.430s] -- Installing: /home/aaf/Software/Dev/robot/brain/install/brain/lib/python3.8/site-packages/brain/_brain_s.ep.rosidl_typesupport_c.c
[9.430s] -- Installing: /home/aaf/Software/Dev/robot/brain/install/brain/lib/python3.8/site-packages/brain/brain_s__rosidl_typesupport_introspection_c.cpython-38-x86_64-linux-gnu.so
[9.430s] -- Installing: /home/aaf/Software/Dev/robot/brain/install/brain/lib/python3.8/site-packages/brain/_brain_s.ep.rosidl_typesupport_fastrtps_c.c
[9.430s] -- Installing: /home/aaf/Software/Dev/robot/brain/install/brain/lib/python3.8/site-packages/brain/brain_s__rosidl_typesupport_c.cpython-38-x86_64-linux-gnu.so
[9.431s] -- Installing: /home/aaf/Software/Dev/robot/brain/install/brain/lib/python3.8/site-packages/brain/__init__.py
[9.431s] -- Installing: /home/aaf/Software/Dev/robot/brain/install/brain/lib/python3.8/site-packages/brain/_brain_s.ep.rosidl_typesupport_introspection_c.c
[9.431s] -- Installing: /home/aaf/Software/Dev/robot/brain/install/brain/lib/python3.8/site-packages/brain/brain_s__rosidl_typesupport_fastrtps_c.cpython-38-x86_64-linux-gnu.so
[9.431s] -- Installing: /home/aaf/Software/Dev/robot/brain/install/brain/lib/python3.8/site-packages/brain/libbrain__python.so
[9.489s] Listing '/home/aaf/Software/Dev/robot/brain/install/brain/lib/python3.8/site-packages/brain'...
[9.489s] Compiling '/home/aaf/Software/Dev/robot/brain/install/brain/lib/python3.8/site-packages/brain/__init__.py'...
[9.490s] Listing '/home/aaf/Software/Dev/robot/brain/install/brain/lib/python3.8/site-packages/brain/action'...
[9.490s] Compiling '/home/aaf/Software/Dev/robot/brain/install/brain/lib/python3.8/site-packages/brain/action/__init__.py'...
[9.490s] Compiling '/home/aaf/Software/Dev/robot/brain/install/brain/lib/python3.8/site-packages/brain/action/_led.py'...
[9.496s] -- Installing: /home/aaf/Software/Dev/robot/brain/install/brain/lib/python3.8/site-packages/brain/brain_s__rosidl_typesupport_fastrtps_c.cpython-38-x86_64-linux-gnu.so
[9.497s] -- Set runtime path of "/home/aaf/Software/Dev/robot/brain/install/brain/lib/python3.8/site-packages/brain/brain_s__rosidl_typesupport_fastrtps_c.cpython-38-x86_64-linux-gnu.so" to ""
[9.497s] -- Installing: /home/aaf/Software/Dev/robot/brain/install/brain/lib/python3.8/site-packages/brain/brain_s__rosidl_typesupport_introspection_c.cpython-38-x86_64-linux-gnu.so
[9.498s] -- Set runtime path of "/home/aaf/Software/Dev/robot/brain/install/brain/lib/python3.8/site-packages/brain/brain_s__rosidl_typesupport_introspection_c.cpython-38-x86_64-linux-gnu.so" to ""
[9.498s] -- Installing: /home/aaf/Software/Dev/robot/brain/install/brain/lib/python3.8/site-packages/brain/brain_s__rosidl_typesupport_c.cpython-38-x86_64-linux-gnu.so
[9.499s] -- Set runtime path of "/home/aaf/Software/Dev/robot/brain/install/brain/lib/python3.8/site-packages/brain/brain_s__rosidl_typesupport_c.cpython-38-x86_64-linux-gnu.so" to ""
[9.499s] -- Installing: /home/aaf/Software/Dev/robot/brain/install/brain/lib/libbrain__python.so
[9.500s] -- Set runtime path of "/home/aaf/Software/Dev/robot/brain/install/brain/lib/libbrain__python.so" to ""
[9.500s] -- Installing: /home/aaf/Software/Dev/robot/brain/install/brain/share/brain/action/Led.idl
[9.500s] -- Installing: /home/aaf/Software/Dev/robot/brain/install/brain/share/brain/action/Led.action
[9.501s] -- Installing: /home/aaf/Software/Dev/robot/brain/install/brain/share/brain//launch
[9.501s] -- Installing: /home/aaf/Software/Dev/robot/brain/install/brain/share/brain//launch/brain.launch.py
[9.501s] -- Installing: /home/aaf/Software/Dev/robot/brain/install/brain/share/ament_index/resource_index/package_run_dependencies/brain
[9.501s] -- Installing: /home/aaf/Software/Dev/robot/brain/install/brain/share/ament_index/resource_index/parent_prefix_path/brain
[9.501s] -- Installing: /home/aaf/Software/Dev/robot/brain/install/brain/share/brain/environment/ament_prefix_path.sh
[9.501s] -- Installing: /home/aaf/Software/Dev/robot/brain/install/brain/share/brain/environment/ament_prefix_path.dsv
[9.501s] -- Installing: /home/aaf/Software/Dev/robot/brain/install/brain/share/brain/environment/path.sh
[9.502s] -- Installing: /home/aaf/Software/Dev/robot/brain/install/brain/share/brain/environment/path.dsv
[9.502s] -- Installing: /home/aaf/Software/Dev/robot/brain/install/brain/share/brain/local_setup.bash
[9.502s] -- Installing: /home/aaf/Software/Dev/robot/brain/install/brain/share/brain/local_setup.sh
[9.502s] -- Installing: /home/aaf/Software/Dev/robot/brain/install/brain/share/brain/local_setup.zsh
[9.503s] -- Installing: /home/aaf/Software/Dev/robot/brain/install/brain/share/brain/local_setup.dsv
[9.503s] -- Installing: /home/aaf/Software/Dev/robot/brain/install/brain/share/brain/package.dsv
[9.503s] -- Installing: /home/aaf/Software/Dev/robot/brain/install/brain/share/ament_index/resource_index/packages/brain
[9.503s] -- Installing: /home/aaf/Software/Dev/robot/brain/install/brain/share/brain/cmake/brain__rosidl_generator_cExport.cmake
[9.503s] -- Installing: /home/aaf/Software/Dev/robot/brain/install/brain/share/brain/cmake/brain__rosidl_generator_cExport-noconfig.cmake
[9.504s] -- Installing: /home/aaf/Software/Dev/robot/brain/install/brain/share/brain/cmake/brain__rosidl_typesupport_introspection_cExport.cmake
[9.504s] -- Installing: /home/aaf/Software/Dev/robot/brain/install/brain/share/brain/cmake/brain__rosidl_typesupport_introspection_cExport-noconfig.cmake
[9.504s] -- Installing: /home/aaf/Software/Dev/robot/brain/install/brain/share/brain/cmake/brain__rosidl_typesupport_cExport.cmake
[9.504s] -- Installing: /home/aaf/Software/Dev/robot/brain/install/brain/share/brain/cmake/brain__rosidl_typesupport_cExport-noconfig.cmake
[9.505s] -- Installing: /home/aaf/Software/Dev/robot/brain/install/brain/share/brain/cmake/brain__rosidl_generator_cppExport.cmake
[9.505s] -- Installing: /home/aaf/Software/Dev/robot/brain/install/brain/share/brain/cmake/brain__rosidl_typesupport_introspection_cppExport.cmake
[9.505s] -- Installing: /home/aaf/Software/Dev/robot/brain/install/brain/share/brain/cmake/brain__rosidl_typesupport_introspection_cppExport-noconfig.cmake
[9.505s] -- Installing: /home/aaf/Software/Dev/robot/brain/install/brain/share/brain/cmake/brain__rosidl_typesupport_cppExport.cmake
[9.506s] -- Installing: /home/aaf/Software/Dev/robot/brain/install/brain/share/brain/cmake/brain__rosidl_typesupport_cppExport-noconfig.cmake
[9.506s] -- Installing: /home/aaf/Software/Dev/robot/brain/install/brain/share/brain/cmake/rosidl_cmake-extras.cmake
[9.506s] -- Installing: /home/aaf/Software/Dev/robot/brain/install/brain/share/brain/cmake/ament_cmake_export_dependencies-extras.cmake
[9.506s] -- Installing: /home/aaf/Software/Dev/robot/brain/install/brain/share/brain/cmake/ament_cmake_export_libraries-extras.cmake
[9.506s] -- Installing: /home/aaf/Software/Dev/robot/brain/install/brain/share/brain/cmake/ament_cmake_export_targets-extras.cmake
[9.507s] -- Installing: /home/aaf/Software/Dev/robot/brain/install/brain/share/brain/cmake/ament_cmake_export_include_directories-extras.cmake
[9.507s] -- Installing: /home/aaf/Software/Dev/robot/brain/install/brain/share/brain/cmake/rosidl_cmake_export_typesupport_libraries-extras.cmake
[9.507s] -- Installing: /home/aaf/Software/Dev/robot/brain/install/brain/share/brain/cmake/rosidl_cmake_export_typesupport_targets-extras.cmake
[9.507s] -- Installing: /home/aaf/Software/Dev/robot/brain/install/brain/share/brain/cmake/brainConfig.cmake
[9.507s] -- Installing: /home/aaf/Software/Dev/robot/brain/install/brain/share/brain/cmake/brainConfig-version.cmake
[9.508s] -- Installing: /home/aaf/Software/Dev/robot/brain/install/brain/share/brain/package.xml
[9.512s] Invoked command in '/home/aaf/Software/Dev/robot/brain/build/brain' returned '0': CMAKE_PREFIX_PATH=/opt/ros/rolling /usr/bin/cmake --install /home/aaf/Software/Dev/robot/brain/build/brain
