[0.013s] Invoking command in '/home/aaf/Software/Dev/robot/ros/brain/build/ros2_cpp_py_package': /usr/bin/cmake /home/aaf/Software/Dev/robot/ros/brain -DCMAKE_INSTALL_PREFIX=/home/aaf/Software/Dev/robot/ros/brain/install/ros2_cpp_py_package
[0.282s] -- The C compiler identification is GNU 9.3.0
[0.502s] -- The CXX compiler identification is GNU 9.3.0
[0.510s] -- Check for working C compiler: /usr/bin/cc
[0.579s] -- Check for working C compiler: /usr/bin/cc -- works
[0.580s] -- Detecting C compiler ABI info
[0.647s] -- Detecting C compiler ABI info - done
[0.659s] -- Detecting C compile features
[0.659s] -- Detecting C compile features - done
[0.662s] -- Check for working CXX compiler: /usr/bin/c++
[0.740s] -- Check for working CXX compiler: /usr/bin/c++ -- works
[0.741s] -- Detecting CXX compiler ABI info
[0.818s] -- Detecting CXX compiler ABI info - done
[0.831s] -- Detecting CXX compile features
[0.831s] -- Detecting CXX compile features - done
[0.844s] CMake Error at CMakeLists.txt:14 (find_package):
[0.844s]   By not providing "Findament_cmake.cmake" in CMAKE_MODULE_PATH this project
[0.844s]   has asked CMake to find a package configuration file provided by
[0.844s]   "ament_cmake", but CMake did not find one.
[0.845s] 
[0.845s]   Could not find a package configuration file provided by "ament_cmake" with
[0.845s]   any of the following names:
[0.845s] 
[0.845s]     ament_cmakeConfig.cmake
[0.845s]     ament_cmake-config.cmake
[0.845s] 
[0.845s]   Add the installation prefix of "ament_cmake" to CMAKE_PREFIX_PATH or set
[0.845s]   "ament_cmake_DIR" to a directory containing one of the above files.  If
[0.845s]   "ament_cmake" provides a separate development package or SDK, be sure it
[0.846s]   has been installed.
[0.846s] 
[0.846s] 
[0.846s] -- Configuring incomplete, errors occurred!
[0.846s] See also "/home/aaf/Software/Dev/robot/ros/brain/build/ros2_cpp_py_package/CMakeFiles/CMakeOutput.log".
[0.848s] Invoked command in '/home/aaf/Software/Dev/robot/ros/brain/build/ros2_cpp_py_package' returned '1': /usr/bin/cmake /home/aaf/Software/Dev/robot/ros/brain -DCMAKE_INSTALL_PREFIX=/home/aaf/Software/Dev/robot/ros/brain/install/ros2_cpp_py_package
