[0.029s] Invoking command in '/home/aaf/Software/Dev/robot/ros/brain/build/brain': CMAKE_PREFIX_PATH=/opt/ros/rolling /usr/bin/cmake --build /home/aaf/Software/Dev/robot/ros/brain/build/brain -- -j8 -l8
[0.114s] CMake Warning (dev) at CMakeLists.txt:48:
[0.114s]   Syntax Warning in cmake code at column 28
[0.115s] 
[0.115s]   Argument not separated from preceding token by whitespace.
[0.115s] This warning is for project developers.  Use -Wno-dev to suppress it.
[0.115s] 
[0.131s] -- Found ament_cmake: 1.1.4 (/opt/ros/rolling/share/ament_cmake/cmake)
[0.169s] -- Using PYTHON_EXECUTABLE: /usr/bin/python3
[0.275s] -- Found rclcpp: 12.0.0 (/opt/ros/rolling/share/rclcpp/cmake)
[0.358s] -- Using all available rosidl_typesupport_c: rosidl_typesupport_fastrtps_c;rosidl_typesupport_introspection_c
[0.366s] -- Found rosidl_adapter: 2.5.0 (/opt/ros/rolling/share/rosidl_adapter/cmake)
[0.433s] -- Using all available rosidl_typesupport_cpp: rosidl_typesupport_fastrtps_cpp;rosidl_typesupport_introspection_cpp
[0.539s] -- Found rmw_implementation_cmake: 4.0.0 (/opt/ros/rolling/share/rmw_implementation_cmake/cmake)
[0.544s] -- Found rmw_cyclonedds_cpp: 0.23.1 (/opt/ros/rolling/share/rmw_cyclonedds_cpp/cmake)
[0.584s] -- Using RMW implementation 'rmw_cyclonedds_cpp' as default
[0.803s] -- Found rclpy: 3.0.1 (/opt/ros/rolling/share/rclpy/cmake)
[0.807s] -- Found rosidl_default_generators: 1.1.1 (/opt/ros/rolling/share/rosidl_default_generators/cmake)
[0.823s] CMake Error at /opt/ros/rolling/share/rosidl_cmake/cmake/rosidl_generate_interfaces.cmake:93 (message):
[0.823s]   rosidl_generate_interfaces() the passed file ',' doesn't exist relative to
[0.823s]   the CMAKE_CURRENT_SOURCE_DIR '/home/aaf/Software/Dev/robot/ros/brain'
[0.823s] Call Stack (most recent call first):
[0.824s]   CMakeLists.txt:47 (rosidl_generate_interfaces)
[0.824s] 
[0.824s] 
[0.825s] -- Configuring incomplete, errors occurred!
[0.826s] See also "/home/aaf/Software/Dev/robot/ros/brain/build/brain/CMakeFiles/CMakeOutput.log".
[0.826s] See also "/home/aaf/Software/Dev/robot/ros/brain/build/brain/CMakeFiles/CMakeError.log".
[0.834s] make: *** [Makefile:266: cmake_check_build_system] Error 1
[0.838s] Invoked command in '/home/aaf/Software/Dev/robot/ros/brain/build/brain' returned '2': CMAKE_PREFIX_PATH=/opt/ros/rolling /usr/bin/cmake --build /home/aaf/Software/Dev/robot/ros/brain/build/brain -- -j8 -l8
