[0.022s] Invoking command in '/home/aaf/Software/Dev/robot/brain/build/brain': CMAKE_PREFIX_PATH=/opt/ros/rolling /usr/bin/cmake --build /home/aaf/Software/Dev/robot/brain/build/brain -- -j8 -l8
[0.099s] [  2%] Built target brain__cpp
[0.101s] [ 12%] Built target brain__rosidl_generator_c
[0.111s] [ 16%] Built target brain_boot
[0.116s] [ 16%] Built target ament_cmake_python_symlink_brain
[0.147s] [ 26%] Built target brain__rosidl_typesupport_fastrtps_cpp
[0.147s] [ 55%] Built target brain__rosidl_typesupport_cpp
[0.148s] [ 57%] Built target brain__rosidl_typesupport_c
[0.148s] [ 57%] Built target brain__rosidl_typesupport_introspection_cpp
[0.150s] [ 67%] Built target brain__rosidl_typesupport_introspection_c
[0.184s] [ 77%] Built target brain__rosidl_typesupport_fastrtps_c
[0.213s] [ 77%] Built target brain
[0.244s] [ 79%] Built target brain__py
[0.283s] [ 87%] Built target brain__python
[0.319s] [100%] Built target brain__rosidl_typesupport_fastrtps_c__pyext
[0.320s] [100%] Built target brain__rosidl_typesupport_c__pyext
[0.320s] [100%] Built target brain__rosidl_typesupport_introspection_c__pyext
[0.463s] running egg_info
[0.464s] writing brain.egg-info/PKG-INFO
[0.464s] writing dependency_links to brain.egg-info/dependency_links.txt
[0.464s] writing top-level names to brain.egg-info/top_level.txt
[0.512s] reading manifest file 'brain.egg-info/SOURCES.txt'
[0.513s] writing manifest file 'brain.egg-info/SOURCES.txt'
[0.556s] [100%] Built target ament_cmake_python_build_brain_egg
[0.576s] Invoked command in '/home/aaf/Software/Dev/robot/brain/build/brain' returned '0': CMAKE_PREFIX_PATH=/opt/ros/rolling /usr/bin/cmake --build /home/aaf/Software/Dev/robot/brain/build/brain -- -j8 -l8
[0.705s] Invoking command in '/home/aaf/Software/Dev/robot/brain/build/brain': CMAKE_PREFIX_PATH=/opt/ros/rolling /usr/bin/cmake --install /home/aaf/Software/Dev/robot/brain/build/brain
[0.717s] -- Install configuration: ""
[0.718s] -- Up-to-date: /home/aaf/Software/Dev/robot/brain/install/brain/lib/brain/brain_boot
[0.718s] -- Up-to-date: /home/aaf/Software/Dev/robot/brain/install/brain/lib/brain/main_brain.py
[0.718s] -- Up-to-date: /home/aaf/Software/Dev/robot/brain/install/brain/lib/brain/fake_rpi.py
[0.719s] -- Installing: /home/aaf/Software/Dev/robot/brain/install/brain/lib/brain/led21_action_server.py
[0.719s] -- Up-to-date: /home/aaf/Software/Dev/robot/brain/install/brain/share/ament_index/resource_index/rosidl_interfaces/brain
[0.719s] -- Up-to-date: /home/aaf/Software/Dev/robot/brain/install/brain/include/brain
[0.719s] -- Up-to-date: /home/aaf/Software/Dev/robot/brain/install/brain/include/brain/action
[0.719s] -- Up-to-date: /home/aaf/Software/Dev/robot/brain/install/brain/include/brain/action/led21_off.h
[0.719s] -- Up-to-date: /home/aaf/Software/Dev/robot/brain/install/brain/include/brain/action/led21_on.h
[0.719s] -- Up-to-date: /home/aaf/Software/Dev/robot/brain/install/brain/include/brain/action/detail
[0.720s] -- Up-to-date: /home/aaf/Software/Dev/robot/brain/install/brain/include/brain/action/detail/led21_off__type_support.h
[0.720s] -- Up-to-date: /home/aaf/Software/Dev/robot/brain/install/brain/include/brain/action/detail/led21_on__type_support.h
[0.720s] -- Up-to-date: /home/aaf/Software/Dev/robot/brain/install/brain/include/brain/action/detail/led21__functions.h
[0.720s] -- Up-to-date: /home/aaf/Software/Dev/robot/brain/install/brain/include/brain/action/detail/led21_on__functions.h
[0.720s] -- Up-to-date: /home/aaf/Software/Dev/robot/brain/install/brain/include/brain/action/detail/led21_on__struct.h
[0.720s] -- Up-to-date: /home/aaf/Software/Dev/robot/brain/install/brain/include/brain/action/detail/led21__type_support.h
[0.720s] -- Up-to-date: /home/aaf/Software/Dev/robot/brain/install/brain/include/brain/action/detail/led21_off__functions.c
[0.720s] -- Up-to-date: /home/aaf/Software/Dev/robot/brain/install/brain/include/brain/action/detail/led21_on__functions.c
[0.720s] -- Up-to-date: /home/aaf/Software/Dev/robot/brain/install/brain/include/brain/action/detail/led21__struct.h
[0.721s] -- Up-to-date: /home/aaf/Software/Dev/robot/brain/install/brain/include/brain/action/detail/led21__functions.c
[0.721s] -- Up-to-date: /home/aaf/Software/Dev/robot/brain/install/brain/include/brain/action/detail/led21_off__struct.h
[0.721s] -- Up-to-date: /home/aaf/Software/Dev/robot/brain/install/brain/include/brain/action/detail/led21_off__functions.h
[0.721s] -- Up-to-date: /home/aaf/Software/Dev/robot/brain/install/brain/include/brain/action/led21.h
[0.721s] -- Up-to-date: /home/aaf/Software/Dev/robot/brain/install/brain/include/brain/msg
[0.721s] -- Up-to-date: /home/aaf/Software/Dev/robot/brain/install/brain/include/brain/msg/rosidl_generator_c__visibility_control.h
[0.721s] -- Up-to-date: /home/aaf/Software/Dev/robot/brain/install/brain/share/brain/environment/library_path.sh
[0.721s] -- Up-to-date: /home/aaf/Software/Dev/robot/brain/install/brain/share/brain/environment/library_path.dsv
[0.722s] -- Up-to-date: /home/aaf/Software/Dev/robot/brain/install/brain/lib/libbrain__rosidl_generator_c.so
[0.722s] -- Up-to-date: /home/aaf/Software/Dev/robot/brain/install/brain/include/brain
[0.722s] -- Up-to-date: /home/aaf/Software/Dev/robot/brain/install/brain/include/brain/action
[0.722s] -- Up-to-date: /home/aaf/Software/Dev/robot/brain/install/brain/include/brain/action/detail
[0.722s] -- Up-to-date: /home/aaf/Software/Dev/robot/brain/install/brain/include/brain/action/detail/led21_on__rosidl_typesupport_fastrtps_c.h
[0.722s] -- Up-to-date: /home/aaf/Software/Dev/robot/brain/install/brain/include/brain/action/detail/led21__rosidl_typesupport_fastrtps_c.h
[0.722s] -- Up-to-date: /home/aaf/Software/Dev/robot/brain/install/brain/include/brain/action/detail/led21_off__rosidl_typesupport_fastrtps_c.h
[0.722s] -- Up-to-date: /home/aaf/Software/Dev/robot/brain/install/brain/include/brain/msg
[0.723s] -- Up-to-date: /home/aaf/Software/Dev/robot/brain/install/brain/include/brain/msg/rosidl_typesupport_fastrtps_c__visibility_control.h
[0.723s] -- Up-to-date: /home/aaf/Software/Dev/robot/brain/install/brain/lib/libbrain__rosidl_typesupport_fastrtps_c.so
[0.723s] -- Up-to-date: /home/aaf/Software/Dev/robot/brain/install/brain/include/brain
[0.723s] -- Up-to-date: /home/aaf/Software/Dev/robot/brain/install/brain/include/brain/action
[0.723s] -- Up-to-date: /home/aaf/Software/Dev/robot/brain/install/brain/include/brain/action/detail
[0.723s] -- Up-to-date: /home/aaf/Software/Dev/robot/brain/install/brain/include/brain/action/detail/led21_on__rosidl_typesupport_fastrtps_cpp.hpp
[0.723s] -- Up-to-date: /home/aaf/Software/Dev/robot/brain/install/brain/include/brain/action/detail/dds_fastrtps
[0.723s] -- Up-to-date: /home/aaf/Software/Dev/robot/brain/install/brain/include/brain/action/detail/led21__rosidl_typesupport_fastrtps_cpp.hpp
[0.724s] -- Up-to-date: /home/aaf/Software/Dev/robot/brain/install/brain/include/brain/action/detail/led21_off__rosidl_typesupport_fastrtps_cpp.hpp
[0.724s] -- Up-to-date: /home/aaf/Software/Dev/robot/brain/install/brain/include/brain/msg
[0.724s] -- Up-to-date: /home/aaf/Software/Dev/robot/brain/install/brain/include/brain/msg/rosidl_typesupport_fastrtps_cpp__visibility_control.h
[0.724s] -- Up-to-date: /home/aaf/Software/Dev/robot/brain/install/brain/lib/libbrain__rosidl_typesupport_fastrtps_cpp.so
[0.724s] -- Up-to-date: /home/aaf/Software/Dev/robot/brain/install/brain/include/brain
[0.724s] -- Up-to-date: /home/aaf/Software/Dev/robot/brain/install/brain/include/brain/action
[0.724s] -- Up-to-date: /home/aaf/Software/Dev/robot/brain/install/brain/include/brain/action/detail
[0.725s] -- Up-to-date: /home/aaf/Software/Dev/robot/brain/install/brain/include/brain/action/detail/led21_on__rosidl_typesupport_introspection_c.h
[0.725s] -- Up-to-date: /home/aaf/Software/Dev/robot/brain/install/brain/include/brain/action/detail/led21__rosidl_typesupport_introspection_c.h
[0.725s] -- Up-to-date: /home/aaf/Software/Dev/robot/brain/install/brain/include/brain/action/detail/led21_off__rosidl_typesupport_introspection_c.h
[0.725s] -- Up-to-date: /home/aaf/Software/Dev/robot/brain/install/brain/include/brain/action/detail/led21__type_support.c
[0.725s] -- Up-to-date: /home/aaf/Software/Dev/robot/brain/install/brain/include/brain/action/detail/led21_on__type_support.c
[0.725s] -- Up-to-date: /home/aaf/Software/Dev/robot/brain/install/brain/include/brain/action/detail/led21_off__type_support.c
[0.725s] -- Up-to-date: /home/aaf/Software/Dev/robot/brain/install/brain/include/brain/msg
[0.725s] -- Up-to-date: /home/aaf/Software/Dev/robot/brain/install/brain/include/brain/msg/rosidl_typesupport_introspection_c__visibility_control.h
[0.725s] -- Up-to-date: /home/aaf/Software/Dev/robot/brain/install/brain/lib/libbrain__rosidl_typesupport_introspection_c.so
[0.725s] -- Up-to-date: /home/aaf/Software/Dev/robot/brain/install/brain/lib/libbrain__rosidl_typesupport_c.so
[0.726s] -- Up-to-date: /home/aaf/Software/Dev/robot/brain/install/brain/include/brain
[0.726s] -- Up-to-date: /home/aaf/Software/Dev/robot/brain/install/brain/include/brain/action
[0.726s] -- Up-to-date: /home/aaf/Software/Dev/robot/brain/install/brain/include/brain/action/detail
[0.726s] -- Up-to-date: /home/aaf/Software/Dev/robot/brain/install/brain/include/brain/action/detail/led21__builder.hpp
[0.726s] -- Up-to-date: /home/aaf/Software/Dev/robot/brain/install/brain/include/brain/action/detail/led21_on__struct.hpp
[0.726s] -- Up-to-date: /home/aaf/Software/Dev/robot/brain/install/brain/include/brain/action/detail/led21_off__traits.hpp
[0.726s] -- Up-to-date: /home/aaf/Software/Dev/robot/brain/install/brain/include/brain/action/detail/led21_off__struct.hpp
[0.726s] -- Up-to-date: /home/aaf/Software/Dev/robot/brain/install/brain/include/brain/action/detail/led21_on__builder.hpp
[0.727s] -- Up-to-date: /home/aaf/Software/Dev/robot/brain/install/brain/include/brain/action/detail/led21__traits.hpp
[0.727s] -- Up-to-date: /home/aaf/Software/Dev/robot/brain/install/brain/include/brain/action/detail/led21_off__builder.hpp
[0.727s] -- Up-to-date: /home/aaf/Software/Dev/robot/brain/install/brain/include/brain/action/detail/led21_on__traits.hpp
[0.727s] -- Up-to-date: /home/aaf/Software/Dev/robot/brain/install/brain/include/brain/action/detail/led21__struct.hpp
[0.727s] -- Up-to-date: /home/aaf/Software/Dev/robot/brain/install/brain/include/brain/action/led21_off.hpp
[0.727s] -- Up-to-date: /home/aaf/Software/Dev/robot/brain/install/brain/include/brain/action/led21.hpp
[0.728s] -- Up-to-date: /home/aaf/Software/Dev/robot/brain/install/brain/include/brain/action/led21_on.hpp
[0.728s] -- Up-to-date: /home/aaf/Software/Dev/robot/brain/install/brain/include/brain
[0.728s] -- Up-to-date: /home/aaf/Software/Dev/robot/brain/install/brain/include/brain/action
[0.728s] -- Up-to-date: /home/aaf/Software/Dev/robot/brain/install/brain/include/brain/action/detail
[0.728s] -- Up-to-date: /home/aaf/Software/Dev/robot/brain/install/brain/include/brain/action/detail/led21_on__rosidl_typesupport_introspection_cpp.hpp
[0.728s] -- Up-to-date: /home/aaf/Software/Dev/robot/brain/install/brain/include/brain/action/detail/led21__rosidl_typesupport_introspection_cpp.hpp
[0.728s] -- Up-to-date: /home/aaf/Software/Dev/robot/brain/install/brain/include/brain/action/detail/led21__type_support.cpp
[0.729s] -- Up-to-date: /home/aaf/Software/Dev/robot/brain/install/brain/include/brain/action/detail/led21_off__rosidl_typesupport_introspection_cpp.hpp
[0.729s] -- Up-to-date: /home/aaf/Software/Dev/robot/brain/install/brain/include/brain/action/detail/led21_off__type_support.cpp
[0.729s] -- Up-to-date: /home/aaf/Software/Dev/robot/brain/install/brain/include/brain/action/detail/led21_on__type_support.cpp
[0.729s] -- Up-to-date: /home/aaf/Software/Dev/robot/brain/install/brain/lib/libbrain__rosidl_typesupport_introspection_cpp.so
[0.729s] -- Up-to-date: /home/aaf/Software/Dev/robot/brain/install/brain/lib/libbrain__rosidl_typesupport_cpp.so
[0.729s] -- Up-to-date: /home/aaf/Software/Dev/robot/brain/install/brain/share/brain/environment/pythonpath.sh
[0.729s] -- Up-to-date: /home/aaf/Software/Dev/robot/brain/install/brain/share/brain/environment/pythonpath.dsv
[0.729s] -- Up-to-date: /home/aaf/Software/Dev/robot/brain/install/brain/lib/python3.8/site-packages//brain.egg-info
[0.729s] -- Installing: /home/aaf/Software/Dev/robot/brain/install/brain/lib/python3.8/site-packages//brain.egg-info/PKG-INFO
[0.730s] -- Installing: /home/aaf/Software/Dev/robot/brain/install/brain/lib/python3.8/site-packages//brain.egg-info/SOURCES.txt
[0.730s] -- Installing: /home/aaf/Software/Dev/robot/brain/install/brain/lib/python3.8/site-packages//brain.egg-info/top_level.txt
[0.730s] -- Installing: /home/aaf/Software/Dev/robot/brain/install/brain/lib/python3.8/site-packages//brain.egg-info/dependency_links.txt
[0.730s] -- Up-to-date: /home/aaf/Software/Dev/robot/brain/install/brain/lib/python3.8/site-packages/brain
[0.730s] -- Up-to-date: /home/aaf/Software/Dev/robot/brain/install/brain/lib/python3.8/site-packages/brain/action
[0.730s] -- Up-to-date: /home/aaf/Software/Dev/robot/brain/install/brain/lib/python3.8/site-packages/brain/action/_led21_s.c
[0.730s] -- Up-to-date: /home/aaf/Software/Dev/robot/brain/install/brain/lib/python3.8/site-packages/brain/action/_led21_on.py
[0.730s] -- Up-to-date: /home/aaf/Software/Dev/robot/brain/install/brain/lib/python3.8/site-packages/brain/action/_led21_on_s.c
[0.730s] -- Up-to-date: /home/aaf/Software/Dev/robot/brain/install/brain/lib/python3.8/site-packages/brain/action/_led21_off_s.c
[0.730s] -- Up-to-date: /home/aaf/Software/Dev/robot/brain/install/brain/lib/python3.8/site-packages/brain/action/_led21.py
[0.730s] -- Up-to-date: /home/aaf/Software/Dev/robot/brain/install/brain/lib/python3.8/site-packages/brain/action/__init__.py
[0.731s] -- Up-to-date: /home/aaf/Software/Dev/robot/brain/install/brain/lib/python3.8/site-packages/brain/action/_led21_off.py
[0.731s] -- Up-to-date: /home/aaf/Software/Dev/robot/brain/install/brain/lib/python3.8/site-packages/brain/_brain_s.ep.rosidl_typesupport_c.c
[0.731s] -- Up-to-date: /home/aaf/Software/Dev/robot/brain/install/brain/lib/python3.8/site-packages/brain/brain_s__rosidl_typesupport_introspection_c.cpython-38-x86_64-linux-gnu.so
[0.731s] -- Up-to-date: /home/aaf/Software/Dev/robot/brain/install/brain/lib/python3.8/site-packages/brain/_brain_s.ep.rosidl_typesupport_fastrtps_c.c
[0.731s] -- Up-to-date: /home/aaf/Software/Dev/robot/brain/install/brain/lib/python3.8/site-packages/brain/brain_s__rosidl_typesupport_c.cpython-38-x86_64-linux-gnu.so
[0.731s] -- Up-to-date: /home/aaf/Software/Dev/robot/brain/install/brain/lib/python3.8/site-packages/brain/__init__.py
[0.731s] -- Up-to-date: /home/aaf/Software/Dev/robot/brain/install/brain/lib/python3.8/site-packages/brain/_brain_s.ep.rosidl_typesupport_introspection_c.c
[0.731s] -- Up-to-date: /home/aaf/Software/Dev/robot/brain/install/brain/lib/python3.8/site-packages/brain/brain_s__rosidl_typesupport_fastrtps_c.cpython-38-x86_64-linux-gnu.so
[0.731s] -- Up-to-date: /home/aaf/Software/Dev/robot/brain/install/brain/lib/python3.8/site-packages/brain/libbrain__python.so
[0.770s] Listing '/home/aaf/Software/Dev/robot/brain/install/brain/lib/python3.8/site-packages/brain'...
[0.770s] Listing '/home/aaf/Software/Dev/robot/brain/install/brain/lib/python3.8/site-packages/brain/action'...
[0.775s] -- Up-to-date: /home/aaf/Software/Dev/robot/brain/install/brain/lib/python3.8/site-packages/brain/brain_s__rosidl_typesupport_fastrtps_c.cpython-38-x86_64-linux-gnu.so
[0.776s] -- Up-to-date: /home/aaf/Software/Dev/robot/brain/install/brain/lib/python3.8/site-packages/brain/brain_s__rosidl_typesupport_introspection_c.cpython-38-x86_64-linux-gnu.so
[0.777s] -- Up-to-date: /home/aaf/Software/Dev/robot/brain/install/brain/lib/python3.8/site-packages/brain/brain_s__rosidl_typesupport_c.cpython-38-x86_64-linux-gnu.so
[0.778s] -- Up-to-date: /home/aaf/Software/Dev/robot/brain/install/brain/lib/libbrain__python.so
[0.778s] -- Up-to-date: /home/aaf/Software/Dev/robot/brain/install/brain/share/brain/action/Led21On.idl
[0.778s] -- Up-to-date: /home/aaf/Software/Dev/robot/brain/install/brain/share/brain/action/Led21Off.idl
[0.779s] -- Up-to-date: /home/aaf/Software/Dev/robot/brain/install/brain/share/brain/action/Led21.idl
[0.779s] -- Up-to-date: /home/aaf/Software/Dev/robot/brain/install/brain/share/brain/action/Led21On.action
[0.779s] -- Up-to-date: /home/aaf/Software/Dev/robot/brain/install/brain/share/brain/action/Led21Off.action
[0.779s] -- Up-to-date: /home/aaf/Software/Dev/robot/brain/install/brain/share/brain/action/Led21.action
[0.779s] -- Up-to-date: /home/aaf/Software/Dev/robot/brain/install/brain/share/brain//launch
[0.779s] -- Up-to-date: /home/aaf/Software/Dev/robot/brain/install/brain/share/brain//launch/brain.launch.py
[0.779s] -- Up-to-date: /home/aaf/Software/Dev/robot/brain/install/brain/share/ament_index/resource_index/package_run_dependencies/brain
[0.779s] -- Up-to-date: /home/aaf/Software/Dev/robot/brain/install/brain/share/ament_index/resource_index/parent_prefix_path/brain
[0.780s] -- Up-to-date: /home/aaf/Software/Dev/robot/brain/install/brain/share/brain/environment/ament_prefix_path.sh
[0.780s] -- Up-to-date: /home/aaf/Software/Dev/robot/brain/install/brain/share/brain/environment/ament_prefix_path.dsv
[0.780s] -- Up-to-date: /home/aaf/Software/Dev/robot/brain/install/brain/share/brain/environment/path.sh
[0.780s] -- Up-to-date: /home/aaf/Software/Dev/robot/brain/install/brain/share/brain/environment/path.dsv
[0.780s] -- Up-to-date: /home/aaf/Software/Dev/robot/brain/install/brain/share/brain/local_setup.bash
[0.780s] -- Up-to-date: /home/aaf/Software/Dev/robot/brain/install/brain/share/brain/local_setup.sh
[0.780s] -- Up-to-date: /home/aaf/Software/Dev/robot/brain/install/brain/share/brain/local_setup.zsh
[0.780s] -- Up-to-date: /home/aaf/Software/Dev/robot/brain/install/brain/share/brain/local_setup.dsv
[0.781s] -- Installing: /home/aaf/Software/Dev/robot/brain/install/brain/share/brain/package.dsv
[0.781s] -- Up-to-date: /home/aaf/Software/Dev/robot/brain/install/brain/share/ament_index/resource_index/packages/brain
[0.781s] -- Up-to-date: /home/aaf/Software/Dev/robot/brain/install/brain/share/brain/cmake/brain__rosidl_generator_cExport.cmake
[0.781s] -- Up-to-date: /home/aaf/Software/Dev/robot/brain/install/brain/share/brain/cmake/brain__rosidl_generator_cExport-noconfig.cmake
[0.781s] -- Up-to-date: /home/aaf/Software/Dev/robot/brain/install/brain/share/brain/cmake/brain__rosidl_typesupport_introspection_cExport.cmake
[0.781s] -- Up-to-date: /home/aaf/Software/Dev/robot/brain/install/brain/share/brain/cmake/brain__rosidl_typesupport_introspection_cExport-noconfig.cmake
[0.781s] -- Up-to-date: /home/aaf/Software/Dev/robot/brain/install/brain/share/brain/cmake/brain__rosidl_typesupport_cExport.cmake
[0.781s] -- Up-to-date: /home/aaf/Software/Dev/robot/brain/install/brain/share/brain/cmake/brain__rosidl_typesupport_cExport-noconfig.cmake
[0.781s] -- Up-to-date: /home/aaf/Software/Dev/robot/brain/install/brain/share/brain/cmake/brain__rosidl_generator_cppExport.cmake
[0.782s] -- Up-to-date: /home/aaf/Software/Dev/robot/brain/install/brain/share/brain/cmake/brain__rosidl_typesupport_introspection_cppExport.cmake
[0.782s] -- Up-to-date: /home/aaf/Software/Dev/robot/brain/install/brain/share/brain/cmake/brain__rosidl_typesupport_introspection_cppExport-noconfig.cmake
[0.782s] -- Up-to-date: /home/aaf/Software/Dev/robot/brain/install/brain/share/brain/cmake/brain__rosidl_typesupport_cppExport.cmake
[0.782s] -- Up-to-date: /home/aaf/Software/Dev/robot/brain/install/brain/share/brain/cmake/brain__rosidl_typesupport_cppExport-noconfig.cmake
[0.782s] -- Up-to-date: /home/aaf/Software/Dev/robot/brain/install/brain/share/brain/cmake/rosidl_cmake-extras.cmake
[0.782s] -- Up-to-date: /home/aaf/Software/Dev/robot/brain/install/brain/share/brain/cmake/ament_cmake_export_dependencies-extras.cmake
[0.782s] -- Up-to-date: /home/aaf/Software/Dev/robot/brain/install/brain/share/brain/cmake/ament_cmake_export_libraries-extras.cmake
[0.782s] -- Up-to-date: /home/aaf/Software/Dev/robot/brain/install/brain/share/brain/cmake/ament_cmake_export_targets-extras.cmake
[0.782s] -- Up-to-date: /home/aaf/Software/Dev/robot/brain/install/brain/share/brain/cmake/ament_cmake_export_include_directories-extras.cmake
[0.782s] -- Up-to-date: /home/aaf/Software/Dev/robot/brain/install/brain/share/brain/cmake/rosidl_cmake_export_typesupport_libraries-extras.cmake
[0.783s] -- Up-to-date: /home/aaf/Software/Dev/robot/brain/install/brain/share/brain/cmake/rosidl_cmake_export_typesupport_targets-extras.cmake
[0.783s] -- Up-to-date: /home/aaf/Software/Dev/robot/brain/install/brain/share/brain/cmake/brainConfig.cmake
[0.783s] -- Up-to-date: /home/aaf/Software/Dev/robot/brain/install/brain/share/brain/cmake/brainConfig-version.cmake
[0.783s] -- Up-to-date: /home/aaf/Software/Dev/robot/brain/install/brain/share/brain/package.xml
[0.786s] Invoked command in '/home/aaf/Software/Dev/robot/brain/build/brain' returned '0': CMAKE_PREFIX_PATH=/opt/ros/rolling /usr/bin/cmake --install /home/aaf/Software/Dev/robot/brain/build/brain
