[0.011s] Invoking command in '/home/aaf/Software/Dev/robot/ros/brain/build/ros2_cpp_py_package': /usr/bin/cmake /home/aaf/Software/Dev/robot/ros/brain -DCMAKE_INSTALL_PREFIX=/home/aaf/Software/Dev/robot/ros/brain/install/ros2_cpp_py_package
[0.068s] -- The C compiler identification is GNU 9.3.0
[0.124s] -- The CXX compiler identification is GNU 9.3.0
[0.129s] -- Check for working C compiler: /usr/bin/cc
[0.196s] -- Check for working C compiler: /usr/bin/cc -- works
[0.197s] -- Detecting C compiler ABI info
[0.265s] -- Detecting C compiler ABI info - done
[0.277s] -- Detecting C compile features
[0.278s] -- Detecting C compile features - done
[0.280s] -- Check for working CXX compiler: /usr/bin/c++
[0.358s] -- Check for working CXX compiler: /usr/bin/c++ -- works
[0.359s] -- Detecting CXX compiler ABI info
[0.437s] -- Detecting CXX compiler ABI info - done
[0.449s] -- Detecting CXX compile features
[0.449s] -- Detecting CXX compile features - done
[0.460s] CMake Error at CMakeLists.txt:14 (find_package):
[0.460s]   By not providing "Findament_cmake.cmake" in CMAKE_MODULE_PATH this project
[0.460s]   has asked CMake to find a package configuration file provided by
[0.460s]   "ament_cmake", but CMake did not find one.
[0.461s] 
[0.461s]   Could not find a package configuration file provided by "ament_cmake" with
[0.461s]   any of the following names:
[0.461s] 
[0.461s]     ament_cmakeConfig.cmake
[0.461s]     ament_cmake-config.cmake
[0.461s] 
[0.461s]   Add the installation prefix of "ament_cmake" to CMAKE_PREFIX_PATH or set
[0.461s]   "ament_cmake_DIR" to a directory containing one of the above files.  If
[0.461s]   "ament_cmake" provides a separate development package or SDK, be sure it
[0.461s]   has been installed.
[0.461s] 
[0.461s] 
[0.461s] -- Configuring incomplete, errors occurred!
[0.462s] See also "/home/aaf/Software/Dev/robot/ros/brain/build/ros2_cpp_py_package/CMakeFiles/CMakeOutput.log".
[0.466s] Invoked command in '/home/aaf/Software/Dev/robot/ros/brain/build/ros2_cpp_py_package' returned '1': /usr/bin/cmake /home/aaf/Software/Dev/robot/ros/brain -DCMAKE_INSTALL_PREFIX=/home/aaf/Software/Dev/robot/ros/brain/install/ros2_cpp_py_package
