[0.025s] Invoking command in '/home/aaf/Software/Dev/robot/ros/brain/build/brain': CMAKE_PREFIX_PATH=/opt/ros/rolling /usr/bin/cmake --build /home/aaf/Software/Dev/robot/ros/brain/build/brain -- -j8 -l8
[0.067s] -- Found ament_cmake: 1.1.4 (/opt/ros/rolling/share/ament_cmake/cmake)
[0.101s] -- Found PythonInterp: /usr/bin/python3 (found suitable version "3.8.10", minimum required is "3") 
[0.101s] -- Using PYTHON_EXECUTABLE: /usr/bin/python3
[0.200s] -- Found rclcpp: 12.0.0 (/opt/ros/rolling/share/rclcpp/cmake)
[0.255s] -- Using all available rosidl_typesupport_c: rosidl_typesupport_fastrtps_c;rosidl_typesupport_introspection_c
[0.260s] -- Found rosidl_adapter: 2.5.0 (/opt/ros/rolling/share/rosidl_adapter/cmake)
[0.304s] -- Using all available rosidl_typesupport_cpp: rosidl_typesupport_fastrtps_cpp;rosidl_typesupport_introspection_cpp
[0.376s] -- Found rmw_implementation_cmake: 4.0.0 (/opt/ros/rolling/share/rmw_implementation_cmake/cmake)
[0.379s] -- Found rmw_cyclonedds_cpp: 0.23.1 (/opt/ros/rolling/share/rmw_cyclonedds_cpp/cmake)
[0.401s] -- Using RMW implementation 'rmw_cyclonedds_cpp' as default
[0.594s] -- Found rclpy: 3.0.1 (/opt/ros/rolling/share/rclpy/cmake)
[0.595s] -- Found rosidl_default_generators: 1.1.1 (/opt/ros/rolling/share/rosidl_default_generators/cmake)
[0.608s] CMake Error at /opt/ros/rolling/share/rosidl_cmake/cmake/rosidl_generate_interfaces.cmake:93 (message):
[0.608s]   rosidl_generate_interfaces() the passed file 'action/led-21-on.action'
[0.608s]   doesn't exist relative to the CMAKE_CURRENT_SOURCE_DIR
[0.609s]   '/home/aaf/Software/Dev/robot/ros/brain'
[0.609s] Call Stack (most recent call first):
[0.609s]   CMakeLists.txt:52 (rosidl_generate_interfaces)
[0.609s] 
[0.609s] 
[0.611s] -- Configuring incomplete, errors occurred!
[0.611s] See also "/home/aaf/Software/Dev/robot/ros/brain/build/brain/CMakeFiles/CMakeOutput.log".
[0.611s] See also "/home/aaf/Software/Dev/robot/ros/brain/build/brain/CMakeFiles/CMakeError.log".
[0.617s] make: *** [Makefile:266: cmake_check_build_system] Error 1
[0.620s] Invoked command in '/home/aaf/Software/Dev/robot/ros/brain/build/brain' returned '2': CMAKE_PREFIX_PATH=/opt/ros/rolling /usr/bin/cmake --build /home/aaf/Software/Dev/robot/ros/brain/build/brain -- -j8 -l8
