[0.019s] Invoking command in '/home/aaf/Software/Dev/robot/ros/brain/build/brain': CMAKE_PREFIX_PATH=/opt/ros/rolling /usr/bin/cmake --build /home/aaf/Software/Dev/robot/ros/brain/build/brain -- -j8 -l8
[0.126s] [  2%] Built target brain__cpp
[0.134s] [ 12%] Built target brain__rosidl_generator_c
[0.137s] [ 12%] Built target ament_cmake_python_symlink_brain
[0.150s] [ 17%] Built target brain_boot
[0.160s] [ 26%] Built target brain__rosidl_typesupport_introspection_cpp
[0.161s] [ 36%] Built target brain__rosidl_typesupport_cpp
[0.164s] [ 46%] Built target brain__rosidl_typesupport_fastrtps_cpp
[0.165s] [ 56%] Built target brain__rosidl_typesupport_introspection_c
[0.168s] [ 65%] Built target brain__rosidl_typesupport_c
[0.192s] [ 75%] Built target brain__rosidl_typesupport_fastrtps_c
[0.215s] [ 75%] Built target brain
[0.240s] [ 78%] Built target brain__py
[0.271s] [ 85%] Built target brain__python
[0.300s] [100%] Built target brain__rosidl_typesupport_introspection_c__pyext
[0.301s] [100%] Built target brain__rosidl_typesupport_fastrtps_c__pyext
[0.301s] [100%] Built target brain__rosidl_typesupport_c__pyext
[0.396s] running egg_info
[0.396s] writing brain.egg-info/PKG-INFO
[0.397s] writing dependency_links to brain.egg-info/dependency_links.txt
[0.397s] writing top-level names to brain.egg-info/top_level.txt
[0.438s] reading manifest file 'brain.egg-info/SOURCES.txt'
[0.439s] writing manifest file 'brain.egg-info/SOURCES.txt'
[0.467s] [100%] Built target ament_cmake_python_build_brain_egg
[0.479s] Invoked command in '/home/aaf/Software/Dev/robot/ros/brain/build/brain' returned '0': CMAKE_PREFIX_PATH=/opt/ros/rolling /usr/bin/cmake --build /home/aaf/Software/Dev/robot/ros/brain/build/brain -- -j8 -l8
[0.560s] Invoking command in '/home/aaf/Software/Dev/robot/ros/brain/build/brain': CMAKE_PREFIX_PATH=/opt/ros/rolling /usr/bin/cmake --install /home/aaf/Software/Dev/robot/ros/brain/build/brain
[0.570s] -- Install configuration: ""
[0.572s] -- Up-to-date: /home/aaf/Software/Dev/robot/ros/brain/install/brain/lib/brain/brain_boot
[0.572s] -- Up-to-date: /home/aaf/Software/Dev/robot/ros/brain/install/brain/lib/brain/main_brain.py
[0.572s] -- Up-to-date: /home/aaf/Software/Dev/robot/ros/brain/install/brain/lib/brain/fake_rpi.py
[0.572s] -- Installing: /home/aaf/Software/Dev/robot/ros/brain/install/brain/lib/brain/led21on_action_server.py
[0.572s] -- Installing: /home/aaf/Software/Dev/robot/ros/brain/install/brain/lib/brain/led21off_action_server.py
[0.573s] -- Up-to-date: /home/aaf/Software/Dev/robot/ros/brain/install/brain/share/ament_index/resource_index/rosidl_interfaces/brain
[0.573s] -- Up-to-date: /home/aaf/Software/Dev/robot/ros/brain/install/brain/include/brain
[0.573s] -- Up-to-date: /home/aaf/Software/Dev/robot/ros/brain/install/brain/include/brain/action
[0.573s] -- Up-to-date: /home/aaf/Software/Dev/robot/ros/brain/install/brain/include/brain/action/led21_off.h
[0.573s] -- Up-to-date: /home/aaf/Software/Dev/robot/ros/brain/install/brain/include/brain/action/led21_on.h
[0.573s] -- Up-to-date: /home/aaf/Software/Dev/robot/ros/brain/install/brain/include/brain/action/detail
[0.574s] -- Up-to-date: /home/aaf/Software/Dev/robot/ros/brain/install/brain/include/brain/action/detail/led21_off__type_support.h
[0.574s] -- Up-to-date: /home/aaf/Software/Dev/robot/ros/brain/install/brain/include/brain/action/detail/led21_on__type_support.h
[0.574s] -- Up-to-date: /home/aaf/Software/Dev/robot/ros/brain/install/brain/include/brain/action/detail/led21_on__functions.h
[0.574s] -- Up-to-date: /home/aaf/Software/Dev/robot/ros/brain/install/brain/include/brain/action/detail/led21_on__struct.h
[0.574s] -- Up-to-date: /home/aaf/Software/Dev/robot/ros/brain/install/brain/include/brain/action/detail/led21_off__functions.c
[0.574s] -- Up-to-date: /home/aaf/Software/Dev/robot/ros/brain/install/brain/include/brain/action/detail/led21_on__functions.c
[0.574s] -- Up-to-date: /home/aaf/Software/Dev/robot/ros/brain/install/brain/include/brain/action/detail/led21_off__struct.h
[0.574s] -- Up-to-date: /home/aaf/Software/Dev/robot/ros/brain/install/brain/include/brain/action/detail/led21_off__functions.h
[0.574s] -- Up-to-date: /home/aaf/Software/Dev/robot/ros/brain/install/brain/include/brain/msg
[0.574s] -- Up-to-date: /home/aaf/Software/Dev/robot/ros/brain/install/brain/include/brain/msg/rosidl_generator_c__visibility_control.h
[0.574s] -- Up-to-date: /home/aaf/Software/Dev/robot/ros/brain/install/brain/share/brain/environment/library_path.sh
[0.574s] -- Up-to-date: /home/aaf/Software/Dev/robot/ros/brain/install/brain/share/brain/environment/library_path.dsv
[0.575s] -- Up-to-date: /home/aaf/Software/Dev/robot/ros/brain/install/brain/lib/libbrain__rosidl_generator_c.so
[0.575s] -- Up-to-date: /home/aaf/Software/Dev/robot/ros/brain/install/brain/include/brain
[0.575s] -- Up-to-date: /home/aaf/Software/Dev/robot/ros/brain/install/brain/include/brain/action
[0.575s] -- Up-to-date: /home/aaf/Software/Dev/robot/ros/brain/install/brain/include/brain/action/detail
[0.575s] -- Up-to-date: /home/aaf/Software/Dev/robot/ros/brain/install/brain/include/brain/action/detail/led21_on__rosidl_typesupport_fastrtps_c.h
[0.575s] -- Up-to-date: /home/aaf/Software/Dev/robot/ros/brain/install/brain/include/brain/action/detail/led21_off__rosidl_typesupport_fastrtps_c.h
[0.575s] -- Up-to-date: /home/aaf/Software/Dev/robot/ros/brain/install/brain/include/brain/msg
[0.575s] -- Up-to-date: /home/aaf/Software/Dev/robot/ros/brain/install/brain/include/brain/msg/rosidl_typesupport_fastrtps_c__visibility_control.h
[0.576s] -- Up-to-date: /home/aaf/Software/Dev/robot/ros/brain/install/brain/lib/libbrain__rosidl_typesupport_fastrtps_c.so
[0.576s] -- Up-to-date: /home/aaf/Software/Dev/robot/ros/brain/install/brain/include/brain
[0.576s] -- Up-to-date: /home/aaf/Software/Dev/robot/ros/brain/install/brain/include/brain/action
[0.577s] -- Up-to-date: /home/aaf/Software/Dev/robot/ros/brain/install/brain/include/brain/action/detail
[0.577s] -- Up-to-date: /home/aaf/Software/Dev/robot/ros/brain/install/brain/include/brain/action/detail/led21_on__rosidl_typesupport_fastrtps_cpp.hpp
[0.577s] -- Up-to-date: /home/aaf/Software/Dev/robot/ros/brain/install/brain/include/brain/action/detail/dds_fastrtps
[0.577s] -- Up-to-date: /home/aaf/Software/Dev/robot/ros/brain/install/brain/include/brain/action/detail/led21_off__rosidl_typesupport_fastrtps_cpp.hpp
[0.577s] -- Up-to-date: /home/aaf/Software/Dev/robot/ros/brain/install/brain/include/brain/msg
[0.577s] -- Up-to-date: /home/aaf/Software/Dev/robot/ros/brain/install/brain/include/brain/msg/rosidl_typesupport_fastrtps_cpp__visibility_control.h
[0.577s] -- Up-to-date: /home/aaf/Software/Dev/robot/ros/brain/install/brain/lib/libbrain__rosidl_typesupport_fastrtps_cpp.so
[0.578s] -- Up-to-date: /home/aaf/Software/Dev/robot/ros/brain/install/brain/include/brain
[0.578s] -- Up-to-date: /home/aaf/Software/Dev/robot/ros/brain/install/brain/include/brain/action
[0.578s] -- Up-to-date: /home/aaf/Software/Dev/robot/ros/brain/install/brain/include/brain/action/detail
[0.578s] -- Up-to-date: /home/aaf/Software/Dev/robot/ros/brain/install/brain/include/brain/action/detail/led21_on__rosidl_typesupport_introspection_c.h
[0.578s] -- Up-to-date: /home/aaf/Software/Dev/robot/ros/brain/install/brain/include/brain/action/detail/led21_off__rosidl_typesupport_introspection_c.h
[0.578s] -- Up-to-date: /home/aaf/Software/Dev/robot/ros/brain/install/brain/include/brain/action/detail/led21_on__type_support.c
[0.578s] -- Up-to-date: /home/aaf/Software/Dev/robot/ros/brain/install/brain/include/brain/action/detail/led21_off__type_support.c
[0.578s] -- Up-to-date: /home/aaf/Software/Dev/robot/ros/brain/install/brain/include/brain/msg
[0.578s] -- Up-to-date: /home/aaf/Software/Dev/robot/ros/brain/install/brain/include/brain/msg/rosidl_typesupport_introspection_c__visibility_control.h
[0.579s] -- Up-to-date: /home/aaf/Software/Dev/robot/ros/brain/install/brain/lib/libbrain__rosidl_typesupport_introspection_c.so
[0.579s] -- Up-to-date: /home/aaf/Software/Dev/robot/ros/brain/install/brain/lib/libbrain__rosidl_typesupport_c.so
[0.580s] -- Up-to-date: /home/aaf/Software/Dev/robot/ros/brain/install/brain/include/brain
[0.580s] -- Up-to-date: /home/aaf/Software/Dev/robot/ros/brain/install/brain/include/brain/action
[0.580s] -- Up-to-date: /home/aaf/Software/Dev/robot/ros/brain/install/brain/include/brain/action/detail
[0.580s] -- Up-to-date: /home/aaf/Software/Dev/robot/ros/brain/install/brain/include/brain/action/detail/led21_on__struct.hpp
[0.581s] -- Up-to-date: /home/aaf/Software/Dev/robot/ros/brain/install/brain/include/brain/action/detail/led21_off__traits.hpp
[0.581s] -- Up-to-date: /home/aaf/Software/Dev/robot/ros/brain/install/brain/include/brain/action/detail/led21_off__struct.hpp
[0.581s] -- Up-to-date: /home/aaf/Software/Dev/robot/ros/brain/install/brain/include/brain/action/detail/led21_on__builder.hpp
[0.581s] -- Up-to-date: /home/aaf/Software/Dev/robot/ros/brain/install/brain/include/brain/action/detail/led21_off__builder.hpp
[0.581s] -- Up-to-date: /home/aaf/Software/Dev/robot/ros/brain/install/brain/include/brain/action/detail/led21_on__traits.hpp
[0.581s] -- Up-to-date: /home/aaf/Software/Dev/robot/ros/brain/install/brain/include/brain/action/led21_off.hpp
[0.582s] -- Up-to-date: /home/aaf/Software/Dev/robot/ros/brain/install/brain/include/brain/action/led21_on.hpp
[0.582s] -- Up-to-date: /home/aaf/Software/Dev/robot/ros/brain/install/brain/include/brain
[0.582s] -- Up-to-date: /home/aaf/Software/Dev/robot/ros/brain/install/brain/include/brain/action
[0.582s] -- Up-to-date: /home/aaf/Software/Dev/robot/ros/brain/install/brain/include/brain/action/detail
[0.582s] -- Up-to-date: /home/aaf/Software/Dev/robot/ros/brain/install/brain/include/brain/action/detail/led21_on__rosidl_typesupport_introspection_cpp.hpp
[0.582s] -- Up-to-date: /home/aaf/Software/Dev/robot/ros/brain/install/brain/include/brain/action/detail/led21_off__rosidl_typesupport_introspection_cpp.hpp
[0.582s] -- Up-to-date: /home/aaf/Software/Dev/robot/ros/brain/install/brain/include/brain/action/detail/led21_off__type_support.cpp
[0.582s] -- Up-to-date: /home/aaf/Software/Dev/robot/ros/brain/install/brain/include/brain/action/detail/led21_on__type_support.cpp
[0.582s] -- Up-to-date: /home/aaf/Software/Dev/robot/ros/brain/install/brain/lib/libbrain__rosidl_typesupport_introspection_cpp.so
[0.583s] -- Up-to-date: /home/aaf/Software/Dev/robot/ros/brain/install/brain/lib/libbrain__rosidl_typesupport_cpp.so
[0.583s] -- Up-to-date: /home/aaf/Software/Dev/robot/ros/brain/install/brain/share/brain/environment/pythonpath.sh
[0.583s] -- Up-to-date: /home/aaf/Software/Dev/robot/ros/brain/install/brain/share/brain/environment/pythonpath.dsv
[0.583s] -- Up-to-date: /home/aaf/Software/Dev/robot/ros/brain/install/brain/lib/python3.8/site-packages//brain.egg-info
[0.583s] -- Installing: /home/aaf/Software/Dev/robot/ros/brain/install/brain/lib/python3.8/site-packages//brain.egg-info/PKG-INFO
[0.583s] -- Installing: /home/aaf/Software/Dev/robot/ros/brain/install/brain/lib/python3.8/site-packages//brain.egg-info/SOURCES.txt
[0.584s] -- Installing: /home/aaf/Software/Dev/robot/ros/brain/install/brain/lib/python3.8/site-packages//brain.egg-info/top_level.txt
[0.584s] -- Installing: /home/aaf/Software/Dev/robot/ros/brain/install/brain/lib/python3.8/site-packages//brain.egg-info/dependency_links.txt
[0.584s] -- Up-to-date: /home/aaf/Software/Dev/robot/ros/brain/install/brain/lib/python3.8/site-packages/brain
[0.584s] -- Up-to-date: /home/aaf/Software/Dev/robot/ros/brain/install/brain/lib/python3.8/site-packages/brain/action
[0.584s] -- Up-to-date: /home/aaf/Software/Dev/robot/ros/brain/install/brain/lib/python3.8/site-packages/brain/action/_led21_on.py
[0.584s] -- Up-to-date: /home/aaf/Software/Dev/robot/ros/brain/install/brain/lib/python3.8/site-packages/brain/action/_led21_on_s.c
[0.584s] -- Up-to-date: /home/aaf/Software/Dev/robot/ros/brain/install/brain/lib/python3.8/site-packages/brain/action/_led21_off_s.c
[0.585s] -- Up-to-date: /home/aaf/Software/Dev/robot/ros/brain/install/brain/lib/python3.8/site-packages/brain/action/__init__.py
[0.585s] -- Up-to-date: /home/aaf/Software/Dev/robot/ros/brain/install/brain/lib/python3.8/site-packages/brain/action/_led21_off.py
[0.585s] -- Up-to-date: /home/aaf/Software/Dev/robot/ros/brain/install/brain/lib/python3.8/site-packages/brain/_brain_s.ep.rosidl_typesupport_c.c
[0.585s] -- Up-to-date: /home/aaf/Software/Dev/robot/ros/brain/install/brain/lib/python3.8/site-packages/brain/brain_s__rosidl_typesupport_introspection_c.cpython-38-x86_64-linux-gnu.so
[0.585s] -- Up-to-date: /home/aaf/Software/Dev/robot/ros/brain/install/brain/lib/python3.8/site-packages/brain/_brain_s.ep.rosidl_typesupport_fastrtps_c.c
[0.585s] -- Up-to-date: /home/aaf/Software/Dev/robot/ros/brain/install/brain/lib/python3.8/site-packages/brain/brain_s__rosidl_typesupport_c.cpython-38-x86_64-linux-gnu.so
[0.586s] -- Up-to-date: /home/aaf/Software/Dev/robot/ros/brain/install/brain/lib/python3.8/site-packages/brain/__init__.py
[0.586s] -- Up-to-date: /home/aaf/Software/Dev/robot/ros/brain/install/brain/lib/python3.8/site-packages/brain/_brain_s.ep.rosidl_typesupport_introspection_c.c
[0.586s] -- Up-to-date: /home/aaf/Software/Dev/robot/ros/brain/install/brain/lib/python3.8/site-packages/brain/brain_s__rosidl_typesupport_fastrtps_c.cpython-38-x86_64-linux-gnu.so
[0.586s] -- Up-to-date: /home/aaf/Software/Dev/robot/ros/brain/install/brain/lib/python3.8/site-packages/brain/libbrain__python.so
[0.619s] Listing '/home/aaf/Software/Dev/robot/ros/brain/install/brain/lib/python3.8/site-packages/brain'...
[0.619s] Listing '/home/aaf/Software/Dev/robot/ros/brain/install/brain/lib/python3.8/site-packages/brain/action'...
[0.625s] -- Up-to-date: /home/aaf/Software/Dev/robot/ros/brain/install/brain/lib/python3.8/site-packages/brain/brain_s__rosidl_typesupport_fastrtps_c.cpython-38-x86_64-linux-gnu.so
[0.627s] -- Up-to-date: /home/aaf/Software/Dev/robot/ros/brain/install/brain/lib/python3.8/site-packages/brain/brain_s__rosidl_typesupport_introspection_c.cpython-38-x86_64-linux-gnu.so
[0.628s] -- Up-to-date: /home/aaf/Software/Dev/robot/ros/brain/install/brain/lib/python3.8/site-packages/brain/brain_s__rosidl_typesupport_c.cpython-38-x86_64-linux-gnu.so
[0.629s] -- Up-to-date: /home/aaf/Software/Dev/robot/ros/brain/install/brain/lib/libbrain__python.so
[0.630s] -- Up-to-date: /home/aaf/Software/Dev/robot/ros/brain/install/brain/share/brain/action/Led21On.idl
[0.630s] -- Up-to-date: /home/aaf/Software/Dev/robot/ros/brain/install/brain/share/brain/action/Led21Off.idl
[0.630s] -- Up-to-date: /home/aaf/Software/Dev/robot/ros/brain/install/brain/share/brain/action/Led21On.action
[0.630s] -- Up-to-date: /home/aaf/Software/Dev/robot/ros/brain/install/brain/share/brain/action/Led21Off.action
[0.630s] -- Up-to-date: /home/aaf/Software/Dev/robot/ros/brain/install/brain/share/brain//launch
[0.630s] -- Up-to-date: /home/aaf/Software/Dev/robot/ros/brain/install/brain/share/brain//launch/brain.launch.py
[0.630s] -- Up-to-date: /home/aaf/Software/Dev/robot/ros/brain/install/brain/share/ament_index/resource_index/package_run_dependencies/brain
[0.631s] -- Up-to-date: /home/aaf/Software/Dev/robot/ros/brain/install/brain/share/ament_index/resource_index/parent_prefix_path/brain
[0.631s] -- Up-to-date: /home/aaf/Software/Dev/robot/ros/brain/install/brain/share/brain/environment/ament_prefix_path.sh
[0.631s] -- Up-to-date: /home/aaf/Software/Dev/robot/ros/brain/install/brain/share/brain/environment/ament_prefix_path.dsv
[0.631s] -- Up-to-date: /home/aaf/Software/Dev/robot/ros/brain/install/brain/share/brain/environment/path.sh
[0.631s] -- Up-to-date: /home/aaf/Software/Dev/robot/ros/brain/install/brain/share/brain/environment/path.dsv
[0.632s] -- Up-to-date: /home/aaf/Software/Dev/robot/ros/brain/install/brain/share/brain/local_setup.bash
[0.632s] -- Up-to-date: /home/aaf/Software/Dev/robot/ros/brain/install/brain/share/brain/local_setup.sh
[0.632s] -- Up-to-date: /home/aaf/Software/Dev/robot/ros/brain/install/brain/share/brain/local_setup.zsh
[0.632s] -- Up-to-date: /home/aaf/Software/Dev/robot/ros/brain/install/brain/share/brain/local_setup.dsv
[0.632s] -- Installing: /home/aaf/Software/Dev/robot/ros/brain/install/brain/share/brain/package.dsv
[0.632s] -- Up-to-date: /home/aaf/Software/Dev/robot/ros/brain/install/brain/share/ament_index/resource_index/packages/brain
[0.633s] -- Up-to-date: /home/aaf/Software/Dev/robot/ros/brain/install/brain/share/brain/cmake/brain__rosidl_generator_cExport.cmake
[0.633s] -- Up-to-date: /home/aaf/Software/Dev/robot/ros/brain/install/brain/share/brain/cmake/brain__rosidl_generator_cExport-noconfig.cmake
[0.634s] -- Up-to-date: /home/aaf/Software/Dev/robot/ros/brain/install/brain/share/brain/cmake/brain__rosidl_typesupport_introspection_cExport.cmake
[0.634s] -- Up-to-date: /home/aaf/Software/Dev/robot/ros/brain/install/brain/share/brain/cmake/brain__rosidl_typesupport_introspection_cExport-noconfig.cmake
[0.635s] -- Up-to-date: /home/aaf/Software/Dev/robot/ros/brain/install/brain/share/brain/cmake/brain__rosidl_typesupport_cExport.cmake
[0.635s] -- Up-to-date: /home/aaf/Software/Dev/robot/ros/brain/install/brain/share/brain/cmake/brain__rosidl_typesupport_cExport-noconfig.cmake
[0.635s] -- Up-to-date: /home/aaf/Software/Dev/robot/ros/brain/install/brain/share/brain/cmake/brain__rosidl_generator_cppExport.cmake
[0.636s] -- Up-to-date: /home/aaf/Software/Dev/robot/ros/brain/install/brain/share/brain/cmake/brain__rosidl_typesupport_introspection_cppExport.cmake
[0.636s] -- Up-to-date: /home/aaf/Software/Dev/robot/ros/brain/install/brain/share/brain/cmake/brain__rosidl_typesupport_introspection_cppExport-noconfig.cmake
[0.636s] -- Up-to-date: /home/aaf/Software/Dev/robot/ros/brain/install/brain/share/brain/cmake/brain__rosidl_typesupport_cppExport.cmake
[0.637s] -- Up-to-date: /home/aaf/Software/Dev/robot/ros/brain/install/brain/share/brain/cmake/brain__rosidl_typesupport_cppExport-noconfig.cmake
[0.637s] -- Up-to-date: /home/aaf/Software/Dev/robot/ros/brain/install/brain/share/brain/cmake/rosidl_cmake-extras.cmake
[0.637s] -- Up-to-date: /home/aaf/Software/Dev/robot/ros/brain/install/brain/share/brain/cmake/ament_cmake_export_dependencies-extras.cmake
[0.637s] -- Up-to-date: /home/aaf/Software/Dev/robot/ros/brain/install/brain/share/brain/cmake/ament_cmake_export_libraries-extras.cmake
[0.637s] -- Up-to-date: /home/aaf/Software/Dev/robot/ros/brain/install/brain/share/brain/cmake/ament_cmake_export_targets-extras.cmake
[0.637s] -- Up-to-date: /home/aaf/Software/Dev/robot/ros/brain/install/brain/share/brain/cmake/ament_cmake_export_include_directories-extras.cmake
[0.638s] -- Up-to-date: /home/aaf/Software/Dev/robot/ros/brain/install/brain/share/brain/cmake/rosidl_cmake_export_typesupport_libraries-extras.cmake
[0.638s] -- Up-to-date: /home/aaf/Software/Dev/robot/ros/brain/install/brain/share/brain/cmake/rosidl_cmake_export_typesupport_targets-extras.cmake
[0.638s] -- Up-to-date: /home/aaf/Software/Dev/robot/ros/brain/install/brain/share/brain/cmake/brainConfig.cmake
[0.638s] -- Up-to-date: /home/aaf/Software/Dev/robot/ros/brain/install/brain/share/brain/cmake/brainConfig-version.cmake
[0.638s] -- Up-to-date: /home/aaf/Software/Dev/robot/ros/brain/install/brain/share/brain/package.xml
[0.642s] Invoked command in '/home/aaf/Software/Dev/robot/ros/brain/build/brain' returned '0': CMAKE_PREFIX_PATH=/opt/ros/rolling /usr/bin/cmake --install /home/aaf/Software/Dev/robot/ros/brain/build/brain
