[0.423s] DEBUG:colcon:Command line arguments: ['/usr/bin/colcon', 'build']
[0.424s] DEBUG:colcon:Parsed command line arguments: Namespace(ament_cmake_args=None, base_paths=['.'], build_base='build', catkin_cmake_args=None, catkin_skip_building_tests=False, cmake_args=None, cmake_clean_cache=False, cmake_clean_first=False, cmake_force_configure=False, cmake_target=None, cmake_target_skip_unavailable=False, continue_on_error=False, event_handlers=None, executor='parallel', ignore_user_meta=False, install_base='install', log_base=None, log_level=None, main=<bound method BuildVerb.main of <colcon_core.verb.build.BuildVerb object at 0x7f95339d9520>>, merge_install=False, metas=['./colcon.meta'], packages_above=None, packages_above_and_dependencies=None, packages_above_depth=None, packages_end=None, packages_ignore=None, packages_ignore_regex=None, packages_select=None, packages_select_build_failed=False, packages_select_by_dep=None, packages_select_regex=None, packages_select_test_failures=False, packages_skip=None, packages_skip_build_finished=False, packages_skip_by_dep=None, packages_skip_regex=None, packages_skip_test_passed=False, packages_skip_up_to=None, packages_start=None, packages_up_to=None, packages_up_to_regex=None, parallel_workers=8, paths=None, symlink_install=False, test_result_base=None, verb_extension=<colcon_core.verb.build.BuildVerb object at 0x7f95339d9520>, verb_name='build', verb_parser=<colcon_defaults.argument_parser.defaults.DefaultArgumentsDecorator object at 0x7f9533b09f10>)
[0.430s] Level 1:colcon.colcon_core.package_discovery:discover_packages(colcon_meta) check parameters
[0.430s] Level 1:colcon.colcon_core.package_discovery:discover_packages(recursive) check parameters
[0.431s] Level 1:colcon.colcon_core.package_discovery:discover_packages(ignore) check parameters
[0.431s] Level 1:colcon.colcon_core.package_discovery:discover_packages(path) check parameters
[0.431s] Level 1:colcon.colcon_core.package_discovery:discover_packages(colcon_meta) discover
[0.431s] Level 1:colcon.colcon_core.package_discovery:discover_packages(recursive) discover
[0.431s] INFO:colcon.colcon_core.package_discovery:Crawling recursively for packages in '/home/aaf/Software/Dev/robot/ros/brain'
[0.431s] Level 1:colcon.colcon_core.package_identification:_identify(.) by extensions ['ignore', 'ignore_ament_install']
[0.431s] Level 1:colcon.colcon_core.package_identification:_identify(.) by extension 'ignore'
[0.431s] Level 1:colcon.colcon_core.package_identification:_identify(.) by extension 'ignore_ament_install'
[0.431s] Level 1:colcon.colcon_core.package_identification:_identify(.) by extensions ['colcon_pkg']
[0.431s] Level 1:colcon.colcon_core.package_identification:_identify(.) by extension 'colcon_pkg'
[0.431s] Level 1:colcon.colcon_core.package_identification:_identify(.) by extensions ['colcon_meta']
[0.431s] Level 1:colcon.colcon_core.package_identification:_identify(.) by extension 'colcon_meta'
[0.431s] Level 1:colcon.colcon_core.package_identification:_identify(.) by extensions ['ros']
[0.431s] Level 1:colcon.colcon_core.package_identification:_identify(.) by extension 'ros'
[0.449s] DEBUG:colcon.colcon_core.package_identification:Package '.' with type 'ros.ament_cmake' and name 'brain'
[0.450s] Level 1:colcon.colcon_core.package_discovery:discover_packages(recursive) using defaults
[0.450s] Level 1:colcon.colcon_core.package_discovery:discover_packages(ignore) discover
[0.450s] Level 1:colcon.colcon_core.package_discovery:discover_packages(ignore) using defaults
[0.450s] Level 1:colcon.colcon_core.package_discovery:discover_packages(path) discover
[0.450s] Level 1:colcon.colcon_core.package_discovery:discover_packages(path) using defaults
[0.474s] Level 5:colcon.colcon_core.verb:set package 'brain' build argument 'cmake_args' from command line to 'None'
[0.474s] Level 5:colcon.colcon_core.verb:set package 'brain' build argument 'cmake_target' from command line to 'None'
[0.474s] Level 5:colcon.colcon_core.verb:set package 'brain' build argument 'cmake_target_skip_unavailable' from command line to 'False'
[0.474s] Level 5:colcon.colcon_core.verb:set package 'brain' build argument 'cmake_clean_cache' from command line to 'False'
[0.474s] Level 5:colcon.colcon_core.verb:set package 'brain' build argument 'cmake_clean_first' from command line to 'False'
[0.474s] Level 5:colcon.colcon_core.verb:set package 'brain' build argument 'cmake_force_configure' from command line to 'False'
[0.474s] Level 5:colcon.colcon_core.verb:set package 'brain' build argument 'ament_cmake_args' from command line to 'None'
[0.474s] Level 5:colcon.colcon_core.verb:set package 'brain' build argument 'catkin_cmake_args' from command line to 'None'
[0.474s] Level 5:colcon.colcon_core.verb:set package 'brain' build argument 'catkin_skip_building_tests' from command line to 'False'
[0.474s] DEBUG:colcon.colcon_core.verb:Building package 'brain' with the following arguments: {'ament_cmake_args': None, 'build_base': '/home/aaf/Software/Dev/robot/ros/brain/build/brain', 'catkin_cmake_args': None, 'catkin_skip_building_tests': False, 'cmake_args': None, 'cmake_clean_cache': False, 'cmake_clean_first': False, 'cmake_force_configure': False, 'cmake_target': None, 'cmake_target_skip_unavailable': False, 'install_base': '/home/aaf/Software/Dev/robot/ros/brain/install/brain', 'merge_install': False, 'path': '/home/aaf/Software/Dev/robot/ros/brain', 'symlink_install': False, 'test_result_base': None}
[0.475s] INFO:colcon.colcon_core.executor:Executing jobs using 'parallel' executor
[0.478s] DEBUG:colcon.colcon_parallel_executor.executor.parallel:run_until_complete
[0.478s] INFO:colcon.colcon_ros.task.ament_cmake.build:Building ROS package in '/home/aaf/Software/Dev/robot/ros/brain' with build type 'ament_cmake'
[0.478s] INFO:colcon.colcon_cmake.task.cmake.build:Building CMake package in '/home/aaf/Software/Dev/robot/ros/brain'
[0.483s] INFO:colcon.colcon_core.plugin_system:Skipping extension 'colcon_core.shell.bat': Not used on non-Windows systems
[0.483s] INFO:colcon.colcon_core.shell:Skip shell extension 'powershell' for command environment: Not usable outside of PowerShell
[0.484s] DEBUG:colcon.colcon_core.shell:Skip shell extension 'dsv' for command environment
[0.487s] DEBUG:colcon.colcon_core.shell:Ignoring prefix path '/opt/ros/rolling'
[0.498s] DEBUG:colcon.colcon_core.event_handler.log_command:Invoking command in '/home/aaf/Software/Dev/robot/ros/brain/build/brain': CMAKE_PREFIX_PATH=${CMAKE_PREFIX_PATH}:/opt/ros/rolling /usr/bin/cmake --build /home/aaf/Software/Dev/robot/ros/brain/build/brain -- -j8 -l8
[2.546s] DEBUG:colcon.colcon_core.event_handler.log_command:Invoked command in '/home/aaf/Software/Dev/robot/ros/brain/build/brain' returned '0': CMAKE_PREFIX_PATH=${CMAKE_PREFIX_PATH}:/opt/ros/rolling /usr/bin/cmake --build /home/aaf/Software/Dev/robot/ros/brain/build/brain -- -j8 -l8
[2.673s] DEBUG:colcon.colcon_core.event_handler.log_command:Invoking command in '/home/aaf/Software/Dev/robot/ros/brain/build/brain': CMAKE_PREFIX_PATH=${CMAKE_PREFIX_PATH}:/opt/ros/rolling /usr/bin/cmake --install /home/aaf/Software/Dev/robot/ros/brain/build/brain
[2.764s] Level 1:colcon.colcon_core.environment:create_environment_scripts_only(brain)
[2.764s] DEBUG:colcon.colcon_core.event_handler.log_command:Invoked command in '/home/aaf/Software/Dev/robot/ros/brain/build/brain' returned '0': CMAKE_PREFIX_PATH=${CMAKE_PREFIX_PATH}:/opt/ros/rolling /usr/bin/cmake --install /home/aaf/Software/Dev/robot/ros/brain/build/brain
[2.770s] Level 1:colcon.colcon_core.environment:checking '/home/aaf/Software/Dev/robot/ros/brain/install/brain' for CMake module files
[2.771s] Level 1:colcon.colcon_core.environment:checking '/home/aaf/Software/Dev/robot/ros/brain/install/brain' for CMake config files
[2.771s] Level 1:colcon.colcon_core.shell:create_environment_hook('brain', 'cmake_prefix_path')
[2.772s] INFO:colcon.colcon_core.shell:Creating environment hook '/home/aaf/Software/Dev/robot/ros/brain/install/brain/share/brain/hook/cmake_prefix_path.ps1'
[2.773s] INFO:colcon.colcon_core.shell:Creating environment descriptor '/home/aaf/Software/Dev/robot/ros/brain/install/brain/share/brain/hook/cmake_prefix_path.dsv'
[2.773s] INFO:colcon.colcon_core.shell:Creating environment hook '/home/aaf/Software/Dev/robot/ros/brain/install/brain/share/brain/hook/cmake_prefix_path.sh'
[2.776s] Level 1:colcon.colcon_core.environment:checking '/home/aaf/Software/Dev/robot/ros/brain/install/brain/lib'
[2.777s] Level 1:colcon.colcon_core.shell:create_environment_hook('brain', 'ld_library_path_lib')
[2.778s] INFO:colcon.colcon_core.shell:Creating environment hook '/home/aaf/Software/Dev/robot/ros/brain/install/brain/share/brain/hook/ld_library_path_lib.ps1'
[2.778s] INFO:colcon.colcon_core.shell:Creating environment descriptor '/home/aaf/Software/Dev/robot/ros/brain/install/brain/share/brain/hook/ld_library_path_lib.dsv'
[2.778s] INFO:colcon.colcon_core.shell:Creating environment hook '/home/aaf/Software/Dev/robot/ros/brain/install/brain/share/brain/hook/ld_library_path_lib.sh'
[2.779s] Level 1:colcon.colcon_core.environment:checking '/home/aaf/Software/Dev/robot/ros/brain/install/brain/bin'
[2.779s] Level 1:colcon.colcon_core.environment:checking '/home/aaf/Software/Dev/robot/ros/brain/install/brain/lib/pkgconfig/brain.pc'
[2.780s] Level 1:colcon.colcon_core.environment:checking '/home/aaf/Software/Dev/robot/ros/brain/install/brain/lib/python3.8/site-packages'
[2.780s] Level 1:colcon.colcon_core.shell:create_environment_hook('brain', 'pythonpath')
[2.781s] INFO:colcon.colcon_core.shell:Creating environment hook '/home/aaf/Software/Dev/robot/ros/brain/install/brain/share/brain/hook/pythonpath.ps1'
[2.782s] INFO:colcon.colcon_core.shell:Creating environment descriptor '/home/aaf/Software/Dev/robot/ros/brain/install/brain/share/brain/hook/pythonpath.dsv'
[2.783s] INFO:colcon.colcon_core.shell:Creating environment hook '/home/aaf/Software/Dev/robot/ros/brain/install/brain/share/brain/hook/pythonpath.sh'
[2.784s] INFO:colcon.colcon_core.shell:Creating package script '/home/aaf/Software/Dev/robot/ros/brain/install/brain/share/brain/package.ps1'
[2.786s] INFO:colcon.colcon_core.shell:Creating package descriptor '/home/aaf/Software/Dev/robot/ros/brain/install/brain/share/brain/package.dsv'
[2.787s] INFO:colcon.colcon_core.shell:Creating package script '/home/aaf/Software/Dev/robot/ros/brain/install/brain/share/brain/package.sh'
[2.788s] INFO:colcon.colcon_core.shell:Creating package script '/home/aaf/Software/Dev/robot/ros/brain/install/brain/share/brain/package.bash'
[2.788s] INFO:colcon.colcon_core.shell:Creating package script '/home/aaf/Software/Dev/robot/ros/brain/install/brain/share/brain/package.zsh'
[2.789s] Level 1:colcon.colcon_core.environment:create_file_with_runtime_dependencies(/home/aaf/Software/Dev/robot/ros/brain/install/brain/share/colcon-core/packages/brain)
[2.897s] Level 1:colcon.colcon_core.environment:create_environment_scripts_only(brain)
[2.899s] Level 1:colcon.colcon_core.environment:checking '/home/aaf/Software/Dev/robot/ros/brain/install/brain' for CMake module files
[2.900s] Level 1:colcon.colcon_core.environment:checking '/home/aaf/Software/Dev/robot/ros/brain/install/brain' for CMake config files
[2.900s] Level 1:colcon.colcon_core.shell:create_environment_hook('brain', 'cmake_prefix_path')
[2.901s] INFO:colcon.colcon_core.shell:Creating environment hook '/home/aaf/Software/Dev/robot/ros/brain/install/brain/share/brain/hook/cmake_prefix_path.ps1'
[2.902s] INFO:colcon.colcon_core.shell:Creating environment descriptor '/home/aaf/Software/Dev/robot/ros/brain/install/brain/share/brain/hook/cmake_prefix_path.dsv'
[2.902s] INFO:colcon.colcon_core.shell:Creating environment hook '/home/aaf/Software/Dev/robot/ros/brain/install/brain/share/brain/hook/cmake_prefix_path.sh'
[2.903s] Level 1:colcon.colcon_core.environment:checking '/home/aaf/Software/Dev/robot/ros/brain/install/brain/lib'
[2.903s] Level 1:colcon.colcon_core.shell:create_environment_hook('brain', 'ld_library_path_lib')
[2.905s] INFO:colcon.colcon_core.shell:Creating environment hook '/home/aaf/Software/Dev/robot/ros/brain/install/brain/share/brain/hook/ld_library_path_lib.ps1'
[2.906s] INFO:colcon.colcon_core.shell:Creating environment descriptor '/home/aaf/Software/Dev/robot/ros/brain/install/brain/share/brain/hook/ld_library_path_lib.dsv'
[2.906s] INFO:colcon.colcon_core.shell:Creating environment hook '/home/aaf/Software/Dev/robot/ros/brain/install/brain/share/brain/hook/ld_library_path_lib.sh'
[2.907s] Level 1:colcon.colcon_core.environment:checking '/home/aaf/Software/Dev/robot/ros/brain/install/brain/bin'
[2.907s] Level 1:colcon.colcon_core.environment:checking '/home/aaf/Software/Dev/robot/ros/brain/install/brain/lib/pkgconfig/brain.pc'
[2.907s] Level 1:colcon.colcon_core.environment:checking '/home/aaf/Software/Dev/robot/ros/brain/install/brain/lib/python3.8/site-packages'
[2.907s] Level 1:colcon.colcon_core.shell:create_environment_hook('brain', 'pythonpath')
[2.908s] INFO:colcon.colcon_core.shell:Creating environment hook '/home/aaf/Software/Dev/robot/ros/brain/install/brain/share/brain/hook/pythonpath.ps1'
[2.909s] INFO:colcon.colcon_core.shell:Creating environment descriptor '/home/aaf/Software/Dev/robot/ros/brain/install/brain/share/brain/hook/pythonpath.dsv'
[2.909s] INFO:colcon.colcon_core.shell:Creating environment hook '/home/aaf/Software/Dev/robot/ros/brain/install/brain/share/brain/hook/pythonpath.sh'
[2.911s] INFO:colcon.colcon_core.shell:Creating package script '/home/aaf/Software/Dev/robot/ros/brain/install/brain/share/brain/package.ps1'
[2.913s] INFO:colcon.colcon_core.shell:Creating package descriptor '/home/aaf/Software/Dev/robot/ros/brain/install/brain/share/brain/package.dsv'
[2.914s] INFO:colcon.colcon_core.shell:Creating package script '/home/aaf/Software/Dev/robot/ros/brain/install/brain/share/brain/package.sh'
[2.914s] INFO:colcon.colcon_core.shell:Creating package script '/home/aaf/Software/Dev/robot/ros/brain/install/brain/share/brain/package.bash'
[2.915s] INFO:colcon.colcon_core.shell:Creating package script '/home/aaf/Software/Dev/robot/ros/brain/install/brain/share/brain/package.zsh'
[2.916s] Level 1:colcon.colcon_core.environment:create_file_with_runtime_dependencies(/home/aaf/Software/Dev/robot/ros/brain/install/brain/share/colcon-core/packages/brain)
[2.916s] DEBUG:colcon.colcon_parallel_executor.executor.parallel:closing loop
[2.917s] DEBUG:colcon.colcon_parallel_executor.executor.parallel:loop closed
[2.917s] DEBUG:colcon.colcon_parallel_executor.executor.parallel:run_until_complete finished with '0'
[2.917s] DEBUG:colcon.colcon_core.event_reactor:joining thread
[2.926s] INFO:colcon.colcon_core.plugin_system:Skipping extension 'colcon_notification.desktop_notification.terminal_notifier': Not used on non-Darwin systems
[2.926s] INFO:colcon.colcon_core.plugin_system:Skipping extension 'colcon_notification.desktop_notification.win32': Not used on non-Windows systems
[2.926s] INFO:colcon.colcon_notification.desktop_notification:Sending desktop notification using 'notify2'
[2.948s] DEBUG:colcon.colcon_core.event_reactor:joined thread
[2.950s] INFO:colcon.colcon_core.shell:Creating prefix script '/home/aaf/Software/Dev/robot/ros/brain/install/local_setup.ps1'
[2.951s] INFO:colcon.colcon_core.shell:Creating prefix util module '/home/aaf/Software/Dev/robot/ros/brain/install/_local_setup_util_ps1.py'
[2.954s] INFO:colcon.colcon_core.shell:Creating prefix chain script '/home/aaf/Software/Dev/robot/ros/brain/install/setup.ps1'
[2.958s] INFO:colcon.colcon_core.shell:Creating prefix script '/home/aaf/Software/Dev/robot/ros/brain/install/local_setup.sh'
[2.959s] INFO:colcon.colcon_core.shell:Creating prefix util module '/home/aaf/Software/Dev/robot/ros/brain/install/_local_setup_util_sh.py'
[2.960s] INFO:colcon.colcon_core.shell:Creating prefix chain script '/home/aaf/Software/Dev/robot/ros/brain/install/setup.sh'
[2.964s] INFO:colcon.colcon_core.shell:Creating prefix script '/home/aaf/Software/Dev/robot/ros/brain/install/local_setup.bash'
[2.965s] INFO:colcon.colcon_core.shell:Creating prefix chain script '/home/aaf/Software/Dev/robot/ros/brain/install/setup.bash'
[2.967s] INFO:colcon.colcon_core.shell:Creating prefix script '/home/aaf/Software/Dev/robot/ros/brain/install/local_setup.zsh'
[2.968s] INFO:colcon.colcon_core.shell:Creating prefix chain script '/home/aaf/Software/Dev/robot/ros/brain/install/setup.zsh'
