[0.020s] Invoking command in '/home/aaf/Software/Dev/robot/ros/brain/build/brain': CMAKE_PREFIX_PATH=/opt/ros/rolling /usr/bin/cmake --build /home/aaf/Software/Dev/robot/ros/brain/build/brain -- -j8 -l8
[0.066s] -- Found ament_cmake: 1.1.4 (/opt/ros/rolling/share/ament_cmake/cmake)
[0.095s] -- Found PythonInterp: /usr/bin/python3 (found suitable version "3.8.10", minimum required is "3") 
[0.096s] -- Using PYTHON_EXECUTABLE: /usr/bin/python3
[0.190s] -- Found rclcpp: 12.0.0 (/opt/ros/rolling/share/rclcpp/cmake)
[0.244s] -- Using all available rosidl_typesupport_c: rosidl_typesupport_fastrtps_c;rosidl_typesupport_introspection_c
[0.250s] -- Found rosidl_adapter: 2.5.0 (/opt/ros/rolling/share/rosidl_adapter/cmake)
[0.296s] -- Using all available rosidl_typesupport_cpp: rosidl_typesupport_fastrtps_cpp;rosidl_typesupport_introspection_cpp
[0.373s] -- Found rmw_implementation_cmake: 4.0.0 (/opt/ros/rolling/share/rmw_implementation_cmake/cmake)
[0.375s] -- Found rmw_cyclonedds_cpp: 0.23.1 (/opt/ros/rolling/share/rmw_cyclonedds_cpp/cmake)
[0.402s] -- Using RMW implementation 'rmw_cyclonedds_cpp' as default
[0.599s] -- Found rclpy: 3.0.1 (/opt/ros/rolling/share/rclpy/cmake)
[0.600s] -- Found rosidl_default_generators: 1.1.1 (/opt/ros/rolling/share/rosidl_default_generators/cmake)
[0.648s] -- Found PythonInterp: /usr/bin/python3 (found version "3.8.10") 
[0.902s] -- Found ament_cmake_ros: 0.9.2 (/opt/ros/rolling/share/ament_cmake_ros/cmake)
[0.980s] -- Using all available rosidl_typesupport_c: rosidl_typesupport_fastrtps_c;rosidl_typesupport_introspection_c
[1.013s] -- Using all available rosidl_typesupport_cpp: rosidl_typesupport_fastrtps_cpp;rosidl_typesupport_introspection_cpp
[1.055s] -- Found PythonInterp: /usr/bin/python3 (found suitable version "3.8.10", minimum required is "3.5") 
[1.058s] -- Found python_cmake_module: 0.8.1 (/opt/ros/rolling/share/python_cmake_module/cmake)
[1.104s] -- Found PythonLibs: /usr/lib/x86_64-linux-gnu/libpython3.8.so (found suitable version "3.8.10", minimum required is "3.5") 
[1.104s] -- Using PYTHON_EXECUTABLE: /usr/bin/python3
[1.104s] -- Using PYTHON_INCLUDE_DIRS: /usr/include/python3.8
[1.104s] -- Using PYTHON_LIBRARIES: /usr/lib/x86_64-linux-gnu/libpython3.8.so
[1.137s] -- Found PythonExtra: .so  
[1.246s] -- Configuring done
[1.344s] -- Generating done
[1.348s] -- Build files have been written to: /home/aaf/Software/Dev/robot/ros/brain/build/brain
[1.385s] [35m[1mScanning dependencies of target ament_cmake_python_symlink_brain[0m
[1.386s] [35m[1mScanning dependencies of target brain__cpp[0m
[1.387s] [  2%] [34m[1mGenerating C code for ROS interfaces[0m
[1.398s] [35m[1mScanning dependencies of target brain_boot[0m
[1.403s] [  4%] [34m[1mGenerating C++ code for ROS interfaces[0m
[1.419s] [  4%] Built target ament_cmake_python_symlink_brain
[1.437s] [  7%] [32mBuilding CXX object CMakeFiles/brain_boot.dir/src/brain_boot.cpp.o[0m
[1.437s] [35m[1mScanning dependencies of target ament_cmake_python_build_brain_egg[0m
[1.880s] running egg_info
[1.881s] creating brain.egg-info
[1.881s] writing brain.egg-info/PKG-INFO
[1.882s] writing dependency_links to brain.egg-info/dependency_links.txt
[1.882s] writing top-level names to brain.egg-info/top_level.txt
[1.886s] writing manifest file 'brain.egg-info/SOURCES.txt'
[1.982s] reading manifest file 'brain.egg-info/SOURCES.txt'
[1.983s] writing manifest file 'brain.egg-info/SOURCES.txt'
[2.037s] [  7%] Built target ament_cmake_python_build_brain_egg
[2.461s] [35m[1mScanning dependencies of target brain__rosidl_generator_c[0m
[2.492s] [  9%] [32mBuilding C object CMakeFiles/brain__rosidl_generator_c.dir/rosidl_generator_c/brain/action/detail/led21_on__functions.c.o[0m
[2.495s] [ 12%] [32mBuilding C object CMakeFiles/brain__rosidl_generator_c.dir/rosidl_generator_c/brain/action/detail/led21_off__functions.c.o[0m
[2.723s] [ 12%] Built target brain__cpp
[2.744s] [ 14%] [34m[1mGenerating C++ introspection for ROS interfaces[0m
[2.747s] [ 17%] [34m[1mGenerating C++ type support dispatch for ROS interfaces[0m
[2.749s] [ 19%] [34m[1mGenerating C++ type support for eProsima Fast-RTPS[0m
[2.786s] [ 21%] [32m[1mLinking C shared library libbrain__rosidl_generator_c.so[0m
[2.886s] [ 21%] Built target brain__rosidl_generator_c
[2.905s] [ 24%] [34m[1mGenerating C type support dispatch for ROS interfaces[0m
[2.911s] [ 26%] [34m[1mGenerating C introspection for ROS interfaces[0m
[3.604s] [35m[1mScanning dependencies of target brain__rosidl_typesupport_c[0m
[3.644s] [ 29%] [32mBuilding CXX object CMakeFiles/brain__rosidl_typesupport_c.dir/rosidl_typesupport_c/brain/action/led21_on__type_support.cpp.o[0m
[3.646s] [ 31%] [32mBuilding CXX object CMakeFiles/brain__rosidl_typesupport_c.dir/rosidl_typesupport_c/brain/action/led21_off__type_support.cpp.o[0m
[3.737s] [35m[1mScanning dependencies of target brain__rosidl_typesupport_introspection_cpp[0m
[3.782s] [35m[1mScanning dependencies of target brain__rosidl_typesupport_cpp[0m
[3.786s] [ 34%] [32mBuilding CXX object CMakeFiles/brain__rosidl_typesupport_introspection_cpp.dir/rosidl_typesupport_introspection_cpp/brain/action/detail/led21_on__type_support.cpp.o[0m
[3.791s] [ 36%] [32mBuilding CXX object CMakeFiles/brain__rosidl_typesupport_introspection_cpp.dir/rosidl_typesupport_introspection_cpp/brain/action/detail/led21_off__type_support.cpp.o[0m
[3.796s] [ 39%] [32m[1mLinking CXX shared library libbrain__rosidl_typesupport_c.so[0m
[3.822s] [ 43%] [32mBuilding CXX object CMakeFiles/brain__rosidl_typesupport_cpp.dir/rosidl_typesupport_cpp/brain/action/led21_off__type_support.cpp.o[0m
[3.822s] [ 43%] [32mBuilding CXX object CMakeFiles/brain__rosidl_typesupport_cpp.dir/rosidl_typesupport_cpp/brain/action/led21_on__type_support.cpp.o[0m
[3.915s] [ 43%] Built target brain__rosidl_typesupport_c
[4.223s] [35m[1mScanning dependencies of target brain__rosidl_typesupport_introspection_c[0m
[4.262s] [ 46%] [32mBuilding C object CMakeFiles/brain__rosidl_typesupport_introspection_c.dir/rosidl_typesupport_introspection_c/brain/action/detail/led21_off__type_support.c.o[0m
[4.270s] [ 48%] [32mBuilding C object CMakeFiles/brain__rosidl_typesupport_introspection_c.dir/rosidl_typesupport_introspection_c/brain/action/detail/led21_on__type_support.c.o[0m
[4.412s] [ 51%] [32m[1mLinking C shared library libbrain__rosidl_typesupport_introspection_c.so[0m
[4.461s] [35m[1mScanning dependencies of target brain__rosidl_typesupport_fastrtps_cpp[0m
[4.489s] [ 51%] Built target brain__rosidl_typesupport_introspection_c
[4.519s] [ 56%] [32mBuilding CXX object CMakeFiles/brain__rosidl_typesupport_fastrtps_cpp.dir/rosidl_typesupport_fastrtps_cpp/brain/action/detail/dds_fastrtps/led21_on__type_support.cpp.o[0m
[4.519s] [ 56%] [32mBuilding CXX object CMakeFiles/brain__rosidl_typesupport_fastrtps_cpp.dir/rosidl_typesupport_fastrtps_cpp/brain/action/detail/dds_fastrtps/led21_off__type_support.cpp.o[0m
[5.285s] [ 58%] [32m[1mLinking CXX shared library libbrain__rosidl_typesupport_introspection_cpp.so[0m
[5.297s] [ 60%] [32m[1mLinking CXX shared library libbrain__rosidl_typesupport_cpp.so[0m
[5.414s] [ 60%] Built target brain__rosidl_typesupport_cpp
[5.449s] [ 60%] Built target brain__rosidl_typesupport_introspection_cpp
[5.848s] [ 63%] [32m[1mLinking CXX shared library libbrain__rosidl_typesupport_fastrtps_cpp.so[0m
[5.971s] [ 63%] Built target brain__rosidl_typesupport_fastrtps_cpp
[5.987s] [ 65%] [34m[1mGenerating C type support for eProsima Fast-RTPS[0m
[6.775s] [35m[1mScanning dependencies of target brain__rosidl_typesupport_fastrtps_c[0m
[6.809s] [ 70%] [32mBuilding CXX object CMakeFiles/brain__rosidl_typesupport_fastrtps_c.dir/rosidl_typesupport_fastrtps_c/brain/action/detail/led21_on__type_support_c.cpp.o[0m
[6.809s] [ 70%] [32mBuilding CXX object CMakeFiles/brain__rosidl_typesupport_fastrtps_c.dir/rosidl_typesupport_fastrtps_c/brain/action/detail/led21_off__type_support_c.cpp.o[0m
[7.192s] [ 73%] [32m[1mLinking CXX executable brain_boot[0m
[7.469s] [ 73%] Built target brain_boot
[7.538s] [ 75%] [32m[1mLinking CXX shared library libbrain__rosidl_typesupport_fastrtps_c.so[0m
[7.653s] [ 75%] Built target brain__rosidl_typesupport_fastrtps_c
[7.668s] [35m[1mScanning dependencies of target brain[0m
[7.684s] [ 75%] Built target brain
[7.699s] [35m[1mScanning dependencies of target brain__py[0m
[7.716s] [ 78%] [34m[1mGenerating Python code for ROS interfaces[0m
[9.519s] [ 78%] Built target brain__py
[9.533s] [35m[1mScanning dependencies of target brain__python[0m
[9.589s] [ 82%] [32mBuilding C object CMakeFiles/brain__python.dir/rosidl_generator_py/brain/action/_led21_on_s.c.o[0m
[9.589s] [ 82%] [32mBuilding C object CMakeFiles/brain__python.dir/rosidl_generator_py/brain/action/_led21_off_s.c.o[0m
[9.795s] [ 85%] [32m[1mLinking C shared library rosidl_generator_py/brain/libbrain__python.so[0m
[9.854s] [ 85%] Built target brain__python
[9.876s] [35m[1mScanning dependencies of target brain__rosidl_typesupport_c__pyext[0m
[9.876s] [35m[1mScanning dependencies of target brain__rosidl_typesupport_introspection_c__pyext[0m
[9.876s] [35m[1mScanning dependencies of target brain__rosidl_typesupport_fastrtps_c__pyext[0m
[9.907s] [ 87%] [32mBuilding C object CMakeFiles/brain__rosidl_typesupport_c__pyext.dir/rosidl_generator_py/brain/_brain_s.ep.rosidl_typesupport_c.c.o[0m
[9.911s] [ 90%] [32mBuilding C object CMakeFiles/brain__rosidl_typesupport_introspection_c__pyext.dir/rosidl_generator_py/brain/_brain_s.ep.rosidl_typesupport_introspection_c.c.o[0m
[9.912s] [ 92%] [32mBuilding C object CMakeFiles/brain__rosidl_typesupport_fastrtps_c__pyext.dir/rosidl_generator_py/brain/_brain_s.ep.rosidl_typesupport_fastrtps_c.c.o[0m
[10.118s] [ 95%] [32m[1mLinking C shared library rosidl_generator_py/brain/brain_s__rosidl_typesupport_c.cpython-38-x86_64-linux-gnu.so[0m
[10.122s] [ 97%] [32m[1mLinking C shared library rosidl_generator_py/brain/brain_s__rosidl_typesupport_introspection_c.cpython-38-x86_64-linux-gnu.so[0m
[10.125s] [100%] [32m[1mLinking C shared library rosidl_generator_py/brain/brain_s__rosidl_typesupport_fastrtps_c.cpython-38-x86_64-linux-gnu.so[0m
[10.189s] [100%] Built target brain__rosidl_typesupport_c__pyext
[10.193s] [100%] Built target brain__rosidl_typesupport_introspection_c__pyext
[10.201s] [100%] Built target brain__rosidl_typesupport_fastrtps_c__pyext
[10.220s] Invoked command in '/home/aaf/Software/Dev/robot/ros/brain/build/brain' returned '0': CMAKE_PREFIX_PATH=/opt/ros/rolling /usr/bin/cmake --build /home/aaf/Software/Dev/robot/ros/brain/build/brain -- -j8 -l8
[10.349s] Invoking command in '/home/aaf/Software/Dev/robot/ros/brain/build/brain': CMAKE_PREFIX_PATH=/opt/ros/rolling /usr/bin/cmake --install /home/aaf/Software/Dev/robot/ros/brain/build/brain
[10.364s] -- Install configuration: ""
[10.364s] -- Installing: /home/aaf/Software/Dev/robot/ros/brain/install/brain/lib/brain/brain_boot
[10.365s] -- Set runtime path of "/home/aaf/Software/Dev/robot/ros/brain/install/brain/lib/brain/brain_boot" to ""
[10.366s] -- Installing: /home/aaf/Software/Dev/robot/ros/brain/install/brain/lib/brain/brain_main.py
[10.366s] -- Up-to-date: /home/aaf/Software/Dev/robot/ros/brain/install/brain/lib/brain/fake_rpi.py
[10.366s] -- Installing: /home/aaf/Software/Dev/robot/ros/brain/install/brain/share/ament_index/resource_index/rosidl_interfaces/brain
[10.367s] -- Installing: /home/aaf/Software/Dev/robot/ros/brain/install/brain/include/brain
[10.367s] -- Installing: /home/aaf/Software/Dev/robot/ros/brain/install/brain/include/brain/action
[10.367s] -- Installing: /home/aaf/Software/Dev/robot/ros/brain/install/brain/include/brain/action/led21_off.h
[10.368s] -- Installing: /home/aaf/Software/Dev/robot/ros/brain/install/brain/include/brain/action/led21_on.h
[10.368s] -- Installing: /home/aaf/Software/Dev/robot/ros/brain/install/brain/include/brain/action/detail
[10.368s] -- Installing: /home/aaf/Software/Dev/robot/ros/brain/install/brain/include/brain/action/detail/led21_off__type_support.h
[10.368s] -- Installing: /home/aaf/Software/Dev/robot/ros/brain/install/brain/include/brain/action/detail/led21_on__type_support.h
[10.368s] -- Installing: /home/aaf/Software/Dev/robot/ros/brain/install/brain/include/brain/action/detail/led21_on__functions.h
[10.369s] -- Installing: /home/aaf/Software/Dev/robot/ros/brain/install/brain/include/brain/action/detail/led21_on__struct.h
[10.369s] -- Installing: /home/aaf/Software/Dev/robot/ros/brain/install/brain/include/brain/action/detail/led21_off__functions.c
[10.369s] -- Installing: /home/aaf/Software/Dev/robot/ros/brain/install/brain/include/brain/action/detail/led21_on__functions.c
[10.369s] -- Installing: /home/aaf/Software/Dev/robot/ros/brain/install/brain/include/brain/action/detail/led21_off__struct.h
[10.369s] -- Installing: /home/aaf/Software/Dev/robot/ros/brain/install/brain/include/brain/action/detail/led21_off__functions.h
[10.369s] -- Installing: /home/aaf/Software/Dev/robot/ros/brain/install/brain/include/brain/msg
[10.370s] -- Installing: /home/aaf/Software/Dev/robot/ros/brain/install/brain/include/brain/msg/rosidl_generator_c__visibility_control.h
[10.370s] -- Installing: /home/aaf/Software/Dev/robot/ros/brain/install/brain/share/brain/environment/library_path.sh
[10.370s] -- Installing: /home/aaf/Software/Dev/robot/ros/brain/install/brain/share/brain/environment/library_path.dsv
[10.370s] -- Installing: /home/aaf/Software/Dev/robot/ros/brain/install/brain/lib/libbrain__rosidl_generator_c.so
[10.371s] -- Set runtime path of "/home/aaf/Software/Dev/robot/ros/brain/install/brain/lib/libbrain__rosidl_generator_c.so" to ""
[10.372s] -- Up-to-date: /home/aaf/Software/Dev/robot/ros/brain/install/brain/include/brain
[10.372s] -- Up-to-date: /home/aaf/Software/Dev/robot/ros/brain/install/brain/include/brain/action
[10.372s] -- Up-to-date: /home/aaf/Software/Dev/robot/ros/brain/install/brain/include/brain/action/detail
[10.373s] -- Installing: /home/aaf/Software/Dev/robot/ros/brain/install/brain/include/brain/action/detail/led21_on__rosidl_typesupport_fastrtps_c.h
[10.373s] -- Installing: /home/aaf/Software/Dev/robot/ros/brain/install/brain/include/brain/action/detail/led21_off__rosidl_typesupport_fastrtps_c.h
[10.373s] -- Up-to-date: /home/aaf/Software/Dev/robot/ros/brain/install/brain/include/brain/msg
[10.373s] -- Installing: /home/aaf/Software/Dev/robot/ros/brain/install/brain/include/brain/msg/rosidl_typesupport_fastrtps_c__visibility_control.h
[10.373s] -- Installing: /home/aaf/Software/Dev/robot/ros/brain/install/brain/lib/libbrain__rosidl_typesupport_fastrtps_c.so
[10.374s] -- Set runtime path of "/home/aaf/Software/Dev/robot/ros/brain/install/brain/lib/libbrain__rosidl_typesupport_fastrtps_c.so" to ""
[10.374s] -- Up-to-date: /home/aaf/Software/Dev/robot/ros/brain/install/brain/include/brain
[10.374s] -- Up-to-date: /home/aaf/Software/Dev/robot/ros/brain/install/brain/include/brain/action
[10.375s] -- Up-to-date: /home/aaf/Software/Dev/robot/ros/brain/install/brain/include/brain/action/detail
[10.375s] -- Installing: /home/aaf/Software/Dev/robot/ros/brain/install/brain/include/brain/action/detail/led21_on__rosidl_typesupport_fastrtps_cpp.hpp
[10.375s] -- Installing: /home/aaf/Software/Dev/robot/ros/brain/install/brain/include/brain/action/detail/dds_fastrtps
[10.376s] -- Installing: /home/aaf/Software/Dev/robot/ros/brain/install/brain/include/brain/action/detail/led21_off__rosidl_typesupport_fastrtps_cpp.hpp
[10.376s] -- Up-to-date: /home/aaf/Software/Dev/robot/ros/brain/install/brain/include/brain/msg
[10.376s] -- Installing: /home/aaf/Software/Dev/robot/ros/brain/install/brain/include/brain/msg/rosidl_typesupport_fastrtps_cpp__visibility_control.h
[10.376s] -- Installing: /home/aaf/Software/Dev/robot/ros/brain/install/brain/lib/libbrain__rosidl_typesupport_fastrtps_cpp.so
[10.377s] -- Set runtime path of "/home/aaf/Software/Dev/robot/ros/brain/install/brain/lib/libbrain__rosidl_typesupport_fastrtps_cpp.so" to ""
[10.377s] -- Up-to-date: /home/aaf/Software/Dev/robot/ros/brain/install/brain/include/brain
[10.377s] -- Up-to-date: /home/aaf/Software/Dev/robot/ros/brain/install/brain/include/brain/action
[10.377s] -- Up-to-date: /home/aaf/Software/Dev/robot/ros/brain/install/brain/include/brain/action/detail
[10.377s] -- Installing: /home/aaf/Software/Dev/robot/ros/brain/install/brain/include/brain/action/detail/led21_on__rosidl_typesupport_introspection_c.h
[10.377s] -- Installing: /home/aaf/Software/Dev/robot/ros/brain/install/brain/include/brain/action/detail/led21_off__rosidl_typesupport_introspection_c.h
[10.378s] -- Installing: /home/aaf/Software/Dev/robot/ros/brain/install/brain/include/brain/action/detail/led21_on__type_support.c
[10.378s] -- Installing: /home/aaf/Software/Dev/robot/ros/brain/install/brain/include/brain/action/detail/led21_off__type_support.c
[10.378s] -- Up-to-date: /home/aaf/Software/Dev/robot/ros/brain/install/brain/include/brain/msg
[10.378s] -- Installing: /home/aaf/Software/Dev/robot/ros/brain/install/brain/include/brain/msg/rosidl_typesupport_introspection_c__visibility_control.h
[10.378s] -- Installing: /home/aaf/Software/Dev/robot/ros/brain/install/brain/lib/libbrain__rosidl_typesupport_introspection_c.so
[10.379s] -- Set runtime path of "/home/aaf/Software/Dev/robot/ros/brain/install/brain/lib/libbrain__rosidl_typesupport_introspection_c.so" to ""
[10.379s] -- Installing: /home/aaf/Software/Dev/robot/ros/brain/install/brain/lib/libbrain__rosidl_typesupport_c.so
[10.380s] -- Set runtime path of "/home/aaf/Software/Dev/robot/ros/brain/install/brain/lib/libbrain__rosidl_typesupport_c.so" to ""
[10.380s] -- Up-to-date: /home/aaf/Software/Dev/robot/ros/brain/install/brain/include/brain
[10.381s] -- Up-to-date: /home/aaf/Software/Dev/robot/ros/brain/install/brain/include/brain/action
[10.381s] -- Up-to-date: /home/aaf/Software/Dev/robot/ros/brain/install/brain/include/brain/action/detail
[10.382s] -- Installing: /home/aaf/Software/Dev/robot/ros/brain/install/brain/include/brain/action/detail/led21_on__struct.hpp
[10.382s] -- Installing: /home/aaf/Software/Dev/robot/ros/brain/install/brain/include/brain/action/detail/led21_off__traits.hpp
[10.382s] -- Installing: /home/aaf/Software/Dev/robot/ros/brain/install/brain/include/brain/action/detail/led21_off__struct.hpp
[10.382s] -- Installing: /home/aaf/Software/Dev/robot/ros/brain/install/brain/include/brain/action/detail/led21_on__builder.hpp
[10.382s] -- Installing: /home/aaf/Software/Dev/robot/ros/brain/install/brain/include/brain/action/detail/led21_off__builder.hpp
[10.383s] -- Installing: /home/aaf/Software/Dev/robot/ros/brain/install/brain/include/brain/action/detail/led21_on__traits.hpp
[10.383s] -- Installing: /home/aaf/Software/Dev/robot/ros/brain/install/brain/include/brain/action/led21_off.hpp
[10.383s] -- Installing: /home/aaf/Software/Dev/robot/ros/brain/install/brain/include/brain/action/led21_on.hpp
[10.383s] -- Up-to-date: /home/aaf/Software/Dev/robot/ros/brain/install/brain/include/brain
[10.383s] -- Up-to-date: /home/aaf/Software/Dev/robot/ros/brain/install/brain/include/brain/action
[10.383s] -- Up-to-date: /home/aaf/Software/Dev/robot/ros/brain/install/brain/include/brain/action/detail
[10.383s] -- Installing: /home/aaf/Software/Dev/robot/ros/brain/install/brain/include/brain/action/detail/led21_on__rosidl_typesupport_introspection_cpp.hpp
[10.383s] -- Installing: /home/aaf/Software/Dev/robot/ros/brain/install/brain/include/brain/action/detail/led21_off__rosidl_typesupport_introspection_cpp.hpp
[10.384s] -- Installing: /home/aaf/Software/Dev/robot/ros/brain/install/brain/include/brain/action/detail/led21_off__type_support.cpp
[10.384s] -- Installing: /home/aaf/Software/Dev/robot/ros/brain/install/brain/include/brain/action/detail/led21_on__type_support.cpp
[10.384s] -- Installing: /home/aaf/Software/Dev/robot/ros/brain/install/brain/lib/libbrain__rosidl_typesupport_introspection_cpp.so
[10.384s] -- Set runtime path of "/home/aaf/Software/Dev/robot/ros/brain/install/brain/lib/libbrain__rosidl_typesupport_introspection_cpp.so" to ""
[10.384s] -- Installing: /home/aaf/Software/Dev/robot/ros/brain/install/brain/lib/libbrain__rosidl_typesupport_cpp.so
[10.385s] -- Set runtime path of "/home/aaf/Software/Dev/robot/ros/brain/install/brain/lib/libbrain__rosidl_typesupport_cpp.so" to ""
[10.385s] -- Installing: /home/aaf/Software/Dev/robot/ros/brain/install/brain/share/brain/environment/pythonpath.sh
[10.385s] -- Installing: /home/aaf/Software/Dev/robot/ros/brain/install/brain/share/brain/environment/pythonpath.dsv
[10.385s] -- Installing: /home/aaf/Software/Dev/robot/ros/brain/install/brain/lib/python3.8/site-packages//brain.egg-info
[10.386s] -- Installing: /home/aaf/Software/Dev/robot/ros/brain/install/brain/lib/python3.8/site-packages//brain.egg-info/PKG-INFO
[10.386s] -- Installing: /home/aaf/Software/Dev/robot/ros/brain/install/brain/lib/python3.8/site-packages//brain.egg-info/SOURCES.txt
[10.386s] -- Installing: /home/aaf/Software/Dev/robot/ros/brain/install/brain/lib/python3.8/site-packages//brain.egg-info/top_level.txt
[10.386s] -- Installing: /home/aaf/Software/Dev/robot/ros/brain/install/brain/lib/python3.8/site-packages//brain.egg-info/dependency_links.txt
[10.386s] -- Installing: /home/aaf/Software/Dev/robot/ros/brain/install/brain/lib/python3.8/site-packages/brain
[10.386s] -- Installing: /home/aaf/Software/Dev/robot/ros/brain/install/brain/lib/python3.8/site-packages/brain/action
[10.387s] -- Installing: /home/aaf/Software/Dev/robot/ros/brain/install/brain/lib/python3.8/site-packages/brain/action/_led21_on.py
[10.387s] -- Installing: /home/aaf/Software/Dev/robot/ros/brain/install/brain/lib/python3.8/site-packages/brain/action/_led21_on_s.c
[10.387s] -- Installing: /home/aaf/Software/Dev/robot/ros/brain/install/brain/lib/python3.8/site-packages/brain/action/_led21_off_s.c
[10.387s] -- Installing: /home/aaf/Software/Dev/robot/ros/brain/install/brain/lib/python3.8/site-packages/brain/action/__init__.py
[10.387s] -- Installing: /home/aaf/Software/Dev/robot/ros/brain/install/brain/lib/python3.8/site-packages/brain/action/_led21_off.py
[10.387s] -- Installing: /home/aaf/Software/Dev/robot/ros/brain/install/brain/lib/python3.8/site-packages/brain/_brain_s.ep.rosidl_typesupport_c.c
[10.388s] -- Installing: /home/aaf/Software/Dev/robot/ros/brain/install/brain/lib/python3.8/site-packages/brain/brain_s__rosidl_typesupport_introspection_c.cpython-38-x86_64-linux-gnu.so
[10.388s] -- Installing: /home/aaf/Software/Dev/robot/ros/brain/install/brain/lib/python3.8/site-packages/brain/_brain_s.ep.rosidl_typesupport_fastrtps_c.c
[10.388s] -- Installing: /home/aaf/Software/Dev/robot/ros/brain/install/brain/lib/python3.8/site-packages/brain/brain_s__rosidl_typesupport_c.cpython-38-x86_64-linux-gnu.so
[10.389s] -- Installing: /home/aaf/Software/Dev/robot/ros/brain/install/brain/lib/python3.8/site-packages/brain/__init__.py
[10.389s] -- Installing: /home/aaf/Software/Dev/robot/ros/brain/install/brain/lib/python3.8/site-packages/brain/_brain_s.ep.rosidl_typesupport_introspection_c.c
[10.389s] -- Installing: /home/aaf/Software/Dev/robot/ros/brain/install/brain/lib/python3.8/site-packages/brain/brain_s__rosidl_typesupport_fastrtps_c.cpython-38-x86_64-linux-gnu.so
[10.390s] -- Installing: /home/aaf/Software/Dev/robot/ros/brain/install/brain/lib/python3.8/site-packages/brain/libbrain__python.so
[10.451s] Listing '/home/aaf/Software/Dev/robot/ros/brain/install/brain/lib/python3.8/site-packages/brain'...
[10.451s] Compiling '/home/aaf/Software/Dev/robot/ros/brain/install/brain/lib/python3.8/site-packages/brain/__init__.py'...
[10.452s] Listing '/home/aaf/Software/Dev/robot/ros/brain/install/brain/lib/python3.8/site-packages/brain/action'...
[10.452s] Compiling '/home/aaf/Software/Dev/robot/ros/brain/install/brain/lib/python3.8/site-packages/brain/action/__init__.py'...
[10.452s] Compiling '/home/aaf/Software/Dev/robot/ros/brain/install/brain/lib/python3.8/site-packages/brain/action/_led21_off.py'...
[10.452s] Compiling '/home/aaf/Software/Dev/robot/ros/brain/install/brain/lib/python3.8/site-packages/brain/action/_led21_on.py'...
[10.459s] -- Installing: /home/aaf/Software/Dev/robot/ros/brain/install/brain/lib/python3.8/site-packages/brain/brain_s__rosidl_typesupport_fastrtps_c.cpython-38-x86_64-linux-gnu.so
[10.460s] -- Set runtime path of "/home/aaf/Software/Dev/robot/ros/brain/install/brain/lib/python3.8/site-packages/brain/brain_s__rosidl_typesupport_fastrtps_c.cpython-38-x86_64-linux-gnu.so" to ""
[10.460s] -- Installing: /home/aaf/Software/Dev/robot/ros/brain/install/brain/lib/python3.8/site-packages/brain/brain_s__rosidl_typesupport_introspection_c.cpython-38-x86_64-linux-gnu.so
[10.461s] -- Set runtime path of "/home/aaf/Software/Dev/robot/ros/brain/install/brain/lib/python3.8/site-packages/brain/brain_s__rosidl_typesupport_introspection_c.cpython-38-x86_64-linux-gnu.so" to ""
[10.462s] -- Installing: /home/aaf/Software/Dev/robot/ros/brain/install/brain/lib/python3.8/site-packages/brain/brain_s__rosidl_typesupport_c.cpython-38-x86_64-linux-gnu.so
[10.463s] -- Set runtime path of "/home/aaf/Software/Dev/robot/ros/brain/install/brain/lib/python3.8/site-packages/brain/brain_s__rosidl_typesupport_c.cpython-38-x86_64-linux-gnu.so" to ""
[10.463s] -- Installing: /home/aaf/Software/Dev/robot/ros/brain/install/brain/lib/libbrain__python.so
[10.464s] -- Set runtime path of "/home/aaf/Software/Dev/robot/ros/brain/install/brain/lib/libbrain__python.so" to ""
[10.464s] -- Installing: /home/aaf/Software/Dev/robot/ros/brain/install/brain/share/brain/action/Led21On.idl
[10.465s] -- Installing: /home/aaf/Software/Dev/robot/ros/brain/install/brain/share/brain/action/Led21Off.idl
[10.465s] -- Installing: /home/aaf/Software/Dev/robot/ros/brain/install/brain/share/brain/action/Led21On.action
[10.466s] -- Installing: /home/aaf/Software/Dev/robot/ros/brain/install/brain/share/brain/action/Led21Off.action
[10.466s] -- Installing: /home/aaf/Software/Dev/robot/ros/brain/install/brain/share/ament_index/resource_index/package_run_dependencies/brain
[10.466s] -- Installing: /home/aaf/Software/Dev/robot/ros/brain/install/brain/share/ament_index/resource_index/parent_prefix_path/brain
[10.466s] -- Up-to-date: /home/aaf/Software/Dev/robot/ros/brain/install/brain/share/brain/environment/ament_prefix_path.sh
[10.466s] -- Installing: /home/aaf/Software/Dev/robot/ros/brain/install/brain/share/brain/environment/ament_prefix_path.dsv
[10.466s] -- Up-to-date: /home/aaf/Software/Dev/robot/ros/brain/install/brain/share/brain/environment/path.sh
[10.467s] -- Installing: /home/aaf/Software/Dev/robot/ros/brain/install/brain/share/brain/environment/path.dsv
[10.467s] -- Up-to-date: /home/aaf/Software/Dev/robot/ros/brain/install/brain/share/brain/local_setup.bash
[10.467s] -- Installing: /home/aaf/Software/Dev/robot/ros/brain/install/brain/share/brain/local_setup.sh
[10.467s] -- Up-to-date: /home/aaf/Software/Dev/robot/ros/brain/install/brain/share/brain/local_setup.zsh
[10.468s] -- Installing: /home/aaf/Software/Dev/robot/ros/brain/install/brain/share/brain/local_setup.dsv
[10.468s] -- Installing: /home/aaf/Software/Dev/robot/ros/brain/install/brain/share/brain/package.dsv
[10.468s] -- Up-to-date: /home/aaf/Software/Dev/robot/ros/brain/install/brain/share/ament_index/resource_index/packages/brain
[10.469s] -- Installing: /home/aaf/Software/Dev/robot/ros/brain/install/brain/share/brain/cmake/brain__rosidl_generator_cExport.cmake
[10.469s] -- Installing: /home/aaf/Software/Dev/robot/ros/brain/install/brain/share/brain/cmake/brain__rosidl_generator_cExport-noconfig.cmake
[10.469s] -- Installing: /home/aaf/Software/Dev/robot/ros/brain/install/brain/share/brain/cmake/brain__rosidl_typesupport_introspection_cExport.cmake
[10.469s] -- Installing: /home/aaf/Software/Dev/robot/ros/brain/install/brain/share/brain/cmake/brain__rosidl_typesupport_introspection_cExport-noconfig.cmake
[10.469s] -- Installing: /home/aaf/Software/Dev/robot/ros/brain/install/brain/share/brain/cmake/brain__rosidl_typesupport_cExport.cmake
[10.470s] -- Installing: /home/aaf/Software/Dev/robot/ros/brain/install/brain/share/brain/cmake/brain__rosidl_typesupport_cExport-noconfig.cmake
[10.470s] -- Installing: /home/aaf/Software/Dev/robot/ros/brain/install/brain/share/brain/cmake/brain__rosidl_generator_cppExport.cmake
[10.470s] -- Installing: /home/aaf/Software/Dev/robot/ros/brain/install/brain/share/brain/cmake/brain__rosidl_typesupport_introspection_cppExport.cmake
[10.471s] -- Installing: /home/aaf/Software/Dev/robot/ros/brain/install/brain/share/brain/cmake/brain__rosidl_typesupport_introspection_cppExport-noconfig.cmake
[10.471s] -- Installing: /home/aaf/Software/Dev/robot/ros/brain/install/brain/share/brain/cmake/brain__rosidl_typesupport_cppExport.cmake
[10.471s] -- Installing: /home/aaf/Software/Dev/robot/ros/brain/install/brain/share/brain/cmake/brain__rosidl_typesupport_cppExport-noconfig.cmake
[10.472s] -- Installing: /home/aaf/Software/Dev/robot/ros/brain/install/brain/share/brain/cmake/rosidl_cmake-extras.cmake
[10.472s] -- Installing: /home/aaf/Software/Dev/robot/ros/brain/install/brain/share/brain/cmake/ament_cmake_export_dependencies-extras.cmake
[10.472s] -- Installing: /home/aaf/Software/Dev/robot/ros/brain/install/brain/share/brain/cmake/ament_cmake_export_libraries-extras.cmake
[10.473s] -- Installing: /home/aaf/Software/Dev/robot/ros/brain/install/brain/share/brain/cmake/ament_cmake_export_targets-extras.cmake
[10.473s] -- Installing: /home/aaf/Software/Dev/robot/ros/brain/install/brain/share/brain/cmake/ament_cmake_export_include_directories-extras.cmake
[10.474s] -- Installing: /home/aaf/Software/Dev/robot/ros/brain/install/brain/share/brain/cmake/rosidl_cmake_export_typesupport_libraries-extras.cmake
[10.474s] -- Installing: /home/aaf/Software/Dev/robot/ros/brain/install/brain/share/brain/cmake/rosidl_cmake_export_typesupport_targets-extras.cmake
[10.474s] -- Installing: /home/aaf/Software/Dev/robot/ros/brain/install/brain/share/brain/cmake/brainConfig.cmake
[10.475s] -- Up-to-date: /home/aaf/Software/Dev/robot/ros/brain/install/brain/share/brain/cmake/brainConfig-version.cmake
[10.475s] -- Installing: /home/aaf/Software/Dev/robot/ros/brain/install/brain/share/brain/package.xml
[10.479s] Invoked command in '/home/aaf/Software/Dev/robot/ros/brain/build/brain' returned '0': CMAKE_PREFIX_PATH=/opt/ros/rolling /usr/bin/cmake --install /home/aaf/Software/Dev/robot/ros/brain/build/brain
