running egg_info
writing build/brain/brain.egg-info/PKG-INFO
writing dependency_links to build/brain/brain.egg-info/dependency_links.txt
writing entry points to build/brain/brain.egg-info/entry_points.txt
writing requirements to build/brain/brain.egg-info/requires.txt
writing top-level names to build/brain/brain.egg-info/top_level.txt
reading manifest file 'build/brain/brain.egg-info/SOURCES.txt'
writing manifest file 'build/brain/brain.egg-info/SOURCES.txt'
running build
running build_py
running install
running install_lib
running install_data
running install_egg_info
removing '/home/aaf/Software/Dev/robot/ros/brain/install/brain/lib/python3.8/site-packages/brain-0.0.0-py3.8.egg-info' (and everything under it)
Copying build/brain/brain.egg-info to /home/aaf/Software/Dev/robot/ros/brain/install/brain/lib/python3.8/site-packages/brain-0.0.0-py3.8.egg-info
running install_scripts
Installing listener script to /home/aaf/Software/Dev/robot/ros/brain/install/brain/lib/brain
Installing talker script to /home/aaf/Software/Dev/robot/ros/brain/install/brain/lib/brain
writing list of installed files to '/home/aaf/Software/Dev/robot/ros/brain/build/brain/install.log'
