[0.020s] Invoking command in '/home/aaf/Software/Dev/robot/brain/build/brain': CMAKE_PREFIX_PATH=/opt/ros/rolling /usr/bin/cmake --build /home/aaf/Software/Dev/robot/brain/build/brain -- -j8 -l8
[0.100s] [  2%] Built target brain__cpp
[0.102s] [ 12%] Built target brain__rosidl_generator_c
[0.114s] [ 16%] Built target brain_boot
[0.116s] [ 16%] Built target ament_cmake_python_symlink_brain
[0.145s] [ 26%] Built target brain__rosidl_typesupport_cpp
[0.147s] [ 36%] Built target brain__rosidl_typesupport_introspection_cpp
[0.149s] [ 46%] Built target brain__rosidl_typesupport_introspection_c
[0.151s] [ 57%] Built target brain__rosidl_typesupport_c
[0.153s] [ 67%] Built target brain__rosidl_typesupport_fastrtps_cpp
[0.189s] [ 77%] Built target brain__rosidl_typesupport_fastrtps_c
[0.219s] [ 77%] Built target brain
[0.250s] [ 79%] Built target brain__py
[0.289s] [ 87%] Built target brain__python
[0.326s] [100%] Built target brain__rosidl_typesupport_c__pyext
[0.326s] [100%] Built target brain__rosidl_typesupport_introspection_c__pyext
[0.326s] [100%] Built target brain__rosidl_typesupport_fastrtps_c__pyext
[0.469s] running egg_info
[0.470s] writing brain.egg-info/PKG-INFO
[0.471s] writing dependency_links to brain.egg-info/dependency_links.txt
[0.471s] writing top-level names to brain.egg-info/top_level.txt
[0.518s] reading manifest file 'brain.egg-info/SOURCES.txt'
[0.519s] writing manifest file 'brain.egg-info/SOURCES.txt'
[0.563s] [100%] Built target ament_cmake_python_build_brain_egg
[0.586s] Invoked command in '/home/aaf/Software/Dev/robot/brain/build/brain' returned '0': CMAKE_PREFIX_PATH=/opt/ros/rolling /usr/bin/cmake --build /home/aaf/Software/Dev/robot/brain/build/brain -- -j8 -l8
[0.754s] Invoking command in '/home/aaf/Software/Dev/robot/brain/build/brain': CMAKE_PREFIX_PATH=/opt/ros/rolling /usr/bin/cmake --install /home/aaf/Software/Dev/robot/brain/build/brain
[0.774s] -- Install configuration: ""
[0.775s] -- Up-to-date: /home/aaf/Software/Dev/robot/brain/install/brain/lib/brain/brain_boot
[0.775s] -- Up-to-date: /home/aaf/Software/Dev/robot/brain/install/brain/lib/brain/main_brain.py
[0.776s] -- Up-to-date: /home/aaf/Software/Dev/robot/brain/install/brain/lib/brain/fake_rpi.py
[0.776s] -- Installing: /home/aaf/Software/Dev/robot/brain/install/brain/lib/brain/led21_action_server.py
[0.777s] -- Up-to-date: /home/aaf/Software/Dev/robot/brain/install/brain/share/ament_index/resource_index/rosidl_interfaces/brain
[0.777s] -- Up-to-date: /home/aaf/Software/Dev/robot/brain/install/brain/include/brain
[0.778s] -- Up-to-date: /home/aaf/Software/Dev/robot/brain/install/brain/include/brain/action
[0.778s] -- Up-to-date: /home/aaf/Software/Dev/robot/brain/install/brain/include/brain/action/led21_off.h
[0.778s] -- Up-to-date: /home/aaf/Software/Dev/robot/brain/install/brain/include/brain/action/led21_on.h
[0.779s] -- Up-to-date: /home/aaf/Software/Dev/robot/brain/install/brain/include/brain/action/detail
[0.779s] -- Up-to-date: /home/aaf/Software/Dev/robot/brain/install/brain/include/brain/action/detail/led21_off__type_support.h
[0.779s] -- Up-to-date: /home/aaf/Software/Dev/robot/brain/install/brain/include/brain/action/detail/led21_on__type_support.h
[0.780s] -- Up-to-date: /home/aaf/Software/Dev/robot/brain/install/brain/include/brain/action/detail/led21__functions.h
[0.780s] -- Up-to-date: /home/aaf/Software/Dev/robot/brain/install/brain/include/brain/action/detail/led21_on__functions.h
[0.780s] -- Up-to-date: /home/aaf/Software/Dev/robot/brain/install/brain/include/brain/action/detail/led21_on__struct.h
[0.781s] -- Up-to-date: /home/aaf/Software/Dev/robot/brain/install/brain/include/brain/action/detail/led21__type_support.h
[0.781s] -- Up-to-date: /home/aaf/Software/Dev/robot/brain/install/brain/include/brain/action/detail/led21_off__functions.c
[0.781s] -- Up-to-date: /home/aaf/Software/Dev/robot/brain/install/brain/include/brain/action/detail/led21_on__functions.c
[0.782s] -- Up-to-date: /home/aaf/Software/Dev/robot/brain/install/brain/include/brain/action/detail/led21__struct.h
[0.782s] -- Up-to-date: /home/aaf/Software/Dev/robot/brain/install/brain/include/brain/action/detail/led21__functions.c
[0.783s] -- Up-to-date: /home/aaf/Software/Dev/robot/brain/install/brain/include/brain/action/detail/led21_off__struct.h
[0.783s] -- Up-to-date: /home/aaf/Software/Dev/robot/brain/install/brain/include/brain/action/detail/led21_off__functions.h
[0.783s] -- Up-to-date: /home/aaf/Software/Dev/robot/brain/install/brain/include/brain/action/led21.h
[0.784s] -- Up-to-date: /home/aaf/Software/Dev/robot/brain/install/brain/include/brain/msg
[0.784s] -- Up-to-date: /home/aaf/Software/Dev/robot/brain/install/brain/include/brain/msg/rosidl_generator_c__visibility_control.h
[0.784s] -- Up-to-date: /home/aaf/Software/Dev/robot/brain/install/brain/share/brain/environment/library_path.sh
[0.785s] -- Up-to-date: /home/aaf/Software/Dev/robot/brain/install/brain/share/brain/environment/library_path.dsv
[0.785s] -- Up-to-date: /home/aaf/Software/Dev/robot/brain/install/brain/lib/libbrain__rosidl_generator_c.so
[0.786s] -- Up-to-date: /home/aaf/Software/Dev/robot/brain/install/brain/include/brain
[0.786s] -- Up-to-date: /home/aaf/Software/Dev/robot/brain/install/brain/include/brain/action
[0.786s] -- Up-to-date: /home/aaf/Software/Dev/robot/brain/install/brain/include/brain/action/detail
[0.786s] -- Up-to-date: /home/aaf/Software/Dev/robot/brain/install/brain/include/brain/action/detail/led21_on__rosidl_typesupport_fastrtps_c.h
[0.787s] -- Up-to-date: /home/aaf/Software/Dev/robot/brain/install/brain/include/brain/action/detail/led21__rosidl_typesupport_fastrtps_c.h
[0.787s] -- Up-to-date: /home/aaf/Software/Dev/robot/brain/install/brain/include/brain/action/detail/led21_off__rosidl_typesupport_fastrtps_c.h
[0.787s] -- Up-to-date: /home/aaf/Software/Dev/robot/brain/install/brain/include/brain/msg
[0.788s] -- Up-to-date: /home/aaf/Software/Dev/robot/brain/install/brain/include/brain/msg/rosidl_typesupport_fastrtps_c__visibility_control.h
[0.788s] -- Up-to-date: /home/aaf/Software/Dev/robot/brain/install/brain/lib/libbrain__rosidl_typesupport_fastrtps_c.so
[0.788s] -- Up-to-date: /home/aaf/Software/Dev/robot/brain/install/brain/include/brain
[0.789s] -- Up-to-date: /home/aaf/Software/Dev/robot/brain/install/brain/include/brain/action
[0.789s] -- Up-to-date: /home/aaf/Software/Dev/robot/brain/install/brain/include/brain/action/detail
[0.790s] -- Up-to-date: /home/aaf/Software/Dev/robot/brain/install/brain/include/brain/action/detail/led21_on__rosidl_typesupport_fastrtps_cpp.hpp
[0.790s] -- Up-to-date: /home/aaf/Software/Dev/robot/brain/install/brain/include/brain/action/detail/dds_fastrtps
[0.791s] -- Up-to-date: /home/aaf/Software/Dev/robot/brain/install/brain/include/brain/action/detail/led21__rosidl_typesupport_fastrtps_cpp.hpp
[0.791s] -- Up-to-date: /home/aaf/Software/Dev/robot/brain/install/brain/include/brain/action/detail/led21_off__rosidl_typesupport_fastrtps_cpp.hpp
[0.791s] -- Up-to-date: /home/aaf/Software/Dev/robot/brain/install/brain/include/brain/msg
[0.792s] -- Up-to-date: /home/aaf/Software/Dev/robot/brain/install/brain/include/brain/msg/rosidl_typesupport_fastrtps_cpp__visibility_control.h
[0.792s] -- Up-to-date: /home/aaf/Software/Dev/robot/brain/install/brain/lib/libbrain__rosidl_typesupport_fastrtps_cpp.so
[0.792s] -- Up-to-date: /home/aaf/Software/Dev/robot/brain/install/brain/include/brain
[0.793s] -- Up-to-date: /home/aaf/Software/Dev/robot/brain/install/brain/include/brain/action
[0.793s] -- Up-to-date: /home/aaf/Software/Dev/robot/brain/install/brain/include/brain/action/detail
[0.793s] -- Up-to-date: /home/aaf/Software/Dev/robot/brain/install/brain/include/brain/action/detail/led21_on__rosidl_typesupport_introspection_c.h
[0.794s] -- Up-to-date: /home/aaf/Software/Dev/robot/brain/install/brain/include/brain/action/detail/led21__rosidl_typesupport_introspection_c.h
[0.794s] -- Up-to-date: /home/aaf/Software/Dev/robot/brain/install/brain/include/brain/action/detail/led21_off__rosidl_typesupport_introspection_c.h
[0.794s] -- Up-to-date: /home/aaf/Software/Dev/robot/brain/install/brain/include/brain/action/detail/led21__type_support.c
[0.795s] -- Up-to-date: /home/aaf/Software/Dev/robot/brain/install/brain/include/brain/action/detail/led21_on__type_support.c
[0.795s] -- Up-to-date: /home/aaf/Software/Dev/robot/brain/install/brain/include/brain/action/detail/led21_off__type_support.c
[0.796s] -- Up-to-date: /home/aaf/Software/Dev/robot/brain/install/brain/include/brain/msg
[0.796s] -- Up-to-date: /home/aaf/Software/Dev/robot/brain/install/brain/include/brain/msg/rosidl_typesupport_introspection_c__visibility_control.h
[0.796s] -- Up-to-date: /home/aaf/Software/Dev/robot/brain/install/brain/lib/libbrain__rosidl_typesupport_introspection_c.so
[0.797s] -- Up-to-date: /home/aaf/Software/Dev/robot/brain/install/brain/lib/libbrain__rosidl_typesupport_c.so
[0.797s] -- Up-to-date: /home/aaf/Software/Dev/robot/brain/install/brain/include/brain
[0.797s] -- Up-to-date: /home/aaf/Software/Dev/robot/brain/install/brain/include/brain/action
[0.798s] -- Up-to-date: /home/aaf/Software/Dev/robot/brain/install/brain/include/brain/action/detail
[0.798s] -- Up-to-date: /home/aaf/Software/Dev/robot/brain/install/brain/include/brain/action/detail/led21__builder.hpp
[0.798s] -- Up-to-date: /home/aaf/Software/Dev/robot/brain/install/brain/include/brain/action/detail/led21_on__struct.hpp
[0.798s] -- Up-to-date: /home/aaf/Software/Dev/robot/brain/install/brain/include/brain/action/detail/led21_off__traits.hpp
[0.799s] -- Up-to-date: /home/aaf/Software/Dev/robot/brain/install/brain/include/brain/action/detail/led21_off__struct.hpp
[0.799s] -- Up-to-date: /home/aaf/Software/Dev/robot/brain/install/brain/include/brain/action/detail/led21_on__builder.hpp
[0.799s] -- Up-to-date: /home/aaf/Software/Dev/robot/brain/install/brain/include/brain/action/detail/led21__traits.hpp
[0.799s] -- Up-to-date: /home/aaf/Software/Dev/robot/brain/install/brain/include/brain/action/detail/led21_off__builder.hpp
[0.799s] -- Up-to-date: /home/aaf/Software/Dev/robot/brain/install/brain/include/brain/action/detail/led21_on__traits.hpp
[0.799s] -- Up-to-date: /home/aaf/Software/Dev/robot/brain/install/brain/include/brain/action/detail/led21__struct.hpp
[0.800s] -- Up-to-date: /home/aaf/Software/Dev/robot/brain/install/brain/include/brain/action/led21_off.hpp
[0.800s] -- Up-to-date: /home/aaf/Software/Dev/robot/brain/install/brain/include/brain/action/led21.hpp
[0.800s] -- Up-to-date: /home/aaf/Software/Dev/robot/brain/install/brain/include/brain/action/led21_on.hpp
[0.800s] -- Up-to-date: /home/aaf/Software/Dev/robot/brain/install/brain/include/brain
[0.801s] -- Up-to-date: /home/aaf/Software/Dev/robot/brain/install/brain/include/brain/action
[0.801s] -- Up-to-date: /home/aaf/Software/Dev/robot/brain/install/brain/include/brain/action/detail
[0.801s] -- Up-to-date: /home/aaf/Software/Dev/robot/brain/install/brain/include/brain/action/detail/led21_on__rosidl_typesupport_introspection_cpp.hpp
[0.801s] -- Up-to-date: /home/aaf/Software/Dev/robot/brain/install/brain/include/brain/action/detail/led21__rosidl_typesupport_introspection_cpp.hpp
[0.801s] -- Up-to-date: /home/aaf/Software/Dev/robot/brain/install/brain/include/brain/action/detail/led21__type_support.cpp
[0.801s] -- Up-to-date: /home/aaf/Software/Dev/robot/brain/install/brain/include/brain/action/detail/led21_off__rosidl_typesupport_introspection_cpp.hpp
[0.801s] -- Up-to-date: /home/aaf/Software/Dev/robot/brain/install/brain/include/brain/action/detail/led21_off__type_support.cpp
[0.802s] -- Up-to-date: /home/aaf/Software/Dev/robot/brain/install/brain/include/brain/action/detail/led21_on__type_support.cpp
[0.802s] -- Up-to-date: /home/aaf/Software/Dev/robot/brain/install/brain/lib/libbrain__rosidl_typesupport_introspection_cpp.so
[0.802s] -- Up-to-date: /home/aaf/Software/Dev/robot/brain/install/brain/lib/libbrain__rosidl_typesupport_cpp.so
[0.802s] -- Up-to-date: /home/aaf/Software/Dev/robot/brain/install/brain/share/brain/environment/pythonpath.sh
[0.802s] -- Up-to-date: /home/aaf/Software/Dev/robot/brain/install/brain/share/brain/environment/pythonpath.dsv
[0.802s] -- Up-to-date: /home/aaf/Software/Dev/robot/brain/install/brain/lib/python3.8/site-packages//brain.egg-info
[0.803s] -- Installing: /home/aaf/Software/Dev/robot/brain/install/brain/lib/python3.8/site-packages//brain.egg-info/PKG-INFO
[0.803s] -- Installing: /home/aaf/Software/Dev/robot/brain/install/brain/lib/python3.8/site-packages//brain.egg-info/SOURCES.txt
[0.803s] -- Installing: /home/aaf/Software/Dev/robot/brain/install/brain/lib/python3.8/site-packages//brain.egg-info/top_level.txt
[0.803s] -- Installing: /home/aaf/Software/Dev/robot/brain/install/brain/lib/python3.8/site-packages//brain.egg-info/dependency_links.txt
[0.803s] -- Up-to-date: /home/aaf/Software/Dev/robot/brain/install/brain/lib/python3.8/site-packages/brain
[0.803s] -- Up-to-date: /home/aaf/Software/Dev/robot/brain/install/brain/lib/python3.8/site-packages/brain/action
[0.803s] -- Up-to-date: /home/aaf/Software/Dev/robot/brain/install/brain/lib/python3.8/site-packages/brain/action/_led21_s.c
[0.804s] -- Up-to-date: /home/aaf/Software/Dev/robot/brain/install/brain/lib/python3.8/site-packages/brain/action/_led21_on.py
[0.804s] -- Up-to-date: /home/aaf/Software/Dev/robot/brain/install/brain/lib/python3.8/site-packages/brain/action/_led21_on_s.c
[0.804s] -- Up-to-date: /home/aaf/Software/Dev/robot/brain/install/brain/lib/python3.8/site-packages/brain/action/_led21_off_s.c
[0.804s] -- Up-to-date: /home/aaf/Software/Dev/robot/brain/install/brain/lib/python3.8/site-packages/brain/action/_led21.py
[0.804s] -- Up-to-date: /home/aaf/Software/Dev/robot/brain/install/brain/lib/python3.8/site-packages/brain/action/__init__.py
[0.804s] -- Up-to-date: /home/aaf/Software/Dev/robot/brain/install/brain/lib/python3.8/site-packages/brain/action/_led21_off.py
[0.804s] -- Up-to-date: /home/aaf/Software/Dev/robot/brain/install/brain/lib/python3.8/site-packages/brain/_brain_s.ep.rosidl_typesupport_c.c
[0.804s] -- Up-to-date: /home/aaf/Software/Dev/robot/brain/install/brain/lib/python3.8/site-packages/brain/brain_s__rosidl_typesupport_introspection_c.cpython-38-x86_64-linux-gnu.so
[0.805s] -- Up-to-date: /home/aaf/Software/Dev/robot/brain/install/brain/lib/python3.8/site-packages/brain/_brain_s.ep.rosidl_typesupport_fastrtps_c.c
[0.805s] -- Up-to-date: /home/aaf/Software/Dev/robot/brain/install/brain/lib/python3.8/site-packages/brain/brain_s__rosidl_typesupport_c.cpython-38-x86_64-linux-gnu.so
[0.805s] -- Up-to-date: /home/aaf/Software/Dev/robot/brain/install/brain/lib/python3.8/site-packages/brain/__init__.py
[0.805s] -- Up-to-date: /home/aaf/Software/Dev/robot/brain/install/brain/lib/python3.8/site-packages/brain/_brain_s.ep.rosidl_typesupport_introspection_c.c
[0.805s] -- Up-to-date: /home/aaf/Software/Dev/robot/brain/install/brain/lib/python3.8/site-packages/brain/brain_s__rosidl_typesupport_fastrtps_c.cpython-38-x86_64-linux-gnu.so
[0.805s] -- Up-to-date: /home/aaf/Software/Dev/robot/brain/install/brain/lib/python3.8/site-packages/brain/libbrain__python.so
[0.857s] Listing '/home/aaf/Software/Dev/robot/brain/install/brain/lib/python3.8/site-packages/brain'...
[0.857s] Listing '/home/aaf/Software/Dev/robot/brain/install/brain/lib/python3.8/site-packages/brain/action'...
[0.863s] -- Up-to-date: /home/aaf/Software/Dev/robot/brain/install/brain/lib/python3.8/site-packages/brain/brain_s__rosidl_typesupport_fastrtps_c.cpython-38-x86_64-linux-gnu.so
[0.864s] -- Up-to-date: /home/aaf/Software/Dev/robot/brain/install/brain/lib/python3.8/site-packages/brain/brain_s__rosidl_typesupport_introspection_c.cpython-38-x86_64-linux-gnu.so
[0.865s] -- Up-to-date: /home/aaf/Software/Dev/robot/brain/install/brain/lib/python3.8/site-packages/brain/brain_s__rosidl_typesupport_c.cpython-38-x86_64-linux-gnu.so
[0.865s] -- Up-to-date: /home/aaf/Software/Dev/robot/brain/install/brain/lib/libbrain__python.so
[0.866s] -- Up-to-date: /home/aaf/Software/Dev/robot/brain/install/brain/share/brain/action/Led21On.idl
[0.866s] -- Up-to-date: /home/aaf/Software/Dev/robot/brain/install/brain/share/brain/action/Led21Off.idl
[0.866s] -- Up-to-date: /home/aaf/Software/Dev/robot/brain/install/brain/share/brain/action/Led21.idl
[0.866s] -- Up-to-date: /home/aaf/Software/Dev/robot/brain/install/brain/share/brain/action/Led21On.action
[0.867s] -- Up-to-date: /home/aaf/Software/Dev/robot/brain/install/brain/share/brain/action/Led21Off.action
[0.867s] -- Up-to-date: /home/aaf/Software/Dev/robot/brain/install/brain/share/brain/action/Led21.action
[0.867s] -- Up-to-date: /home/aaf/Software/Dev/robot/brain/install/brain/share/brain//launch
[0.867s] -- Up-to-date: /home/aaf/Software/Dev/robot/brain/install/brain/share/brain//launch/brain.launch.py
[0.868s] -- Up-to-date: /home/aaf/Software/Dev/robot/brain/install/brain/share/ament_index/resource_index/package_run_dependencies/brain
[0.868s] -- Up-to-date: /home/aaf/Software/Dev/robot/brain/install/brain/share/ament_index/resource_index/parent_prefix_path/brain
[0.868s] -- Up-to-date: /home/aaf/Software/Dev/robot/brain/install/brain/share/brain/environment/ament_prefix_path.sh
[0.868s] -- Up-to-date: /home/aaf/Software/Dev/robot/brain/install/brain/share/brain/environment/ament_prefix_path.dsv
[0.868s] -- Up-to-date: /home/aaf/Software/Dev/robot/brain/install/brain/share/brain/environment/path.sh
[0.869s] -- Up-to-date: /home/aaf/Software/Dev/robot/brain/install/brain/share/brain/environment/path.dsv
[0.869s] -- Up-to-date: /home/aaf/Software/Dev/robot/brain/install/brain/share/brain/local_setup.bash
[0.869s] -- Up-to-date: /home/aaf/Software/Dev/robot/brain/install/brain/share/brain/local_setup.sh
[0.869s] -- Up-to-date: /home/aaf/Software/Dev/robot/brain/install/brain/share/brain/local_setup.zsh
[0.869s] -- Up-to-date: /home/aaf/Software/Dev/robot/brain/install/brain/share/brain/local_setup.dsv
[0.870s] -- Installing: /home/aaf/Software/Dev/robot/brain/install/brain/share/brain/package.dsv
[0.870s] -- Up-to-date: /home/aaf/Software/Dev/robot/brain/install/brain/share/ament_index/resource_index/packages/brain
[0.870s] -- Up-to-date: /home/aaf/Software/Dev/robot/brain/install/brain/share/brain/cmake/brain__rosidl_generator_cExport.cmake
[0.870s] -- Up-to-date: /home/aaf/Software/Dev/robot/brain/install/brain/share/brain/cmake/brain__rosidl_generator_cExport-noconfig.cmake
[0.870s] -- Up-to-date: /home/aaf/Software/Dev/robot/brain/install/brain/share/brain/cmake/brain__rosidl_typesupport_introspection_cExport.cmake
[0.870s] -- Up-to-date: /home/aaf/Software/Dev/robot/brain/install/brain/share/brain/cmake/brain__rosidl_typesupport_introspection_cExport-noconfig.cmake
[0.871s] -- Up-to-date: /home/aaf/Software/Dev/robot/brain/install/brain/share/brain/cmake/brain__rosidl_typesupport_cExport.cmake
[0.871s] -- Up-to-date: /home/aaf/Software/Dev/robot/brain/install/brain/share/brain/cmake/brain__rosidl_typesupport_cExport-noconfig.cmake
[0.871s] -- Up-to-date: /home/aaf/Software/Dev/robot/brain/install/brain/share/brain/cmake/brain__rosidl_generator_cppExport.cmake
[0.871s] -- Up-to-date: /home/aaf/Software/Dev/robot/brain/install/brain/share/brain/cmake/brain__rosidl_typesupport_introspection_cppExport.cmake
[0.872s] -- Up-to-date: /home/aaf/Software/Dev/robot/brain/install/brain/share/brain/cmake/brain__rosidl_typesupport_introspection_cppExport-noconfig.cmake
[0.872s] -- Up-to-date: /home/aaf/Software/Dev/robot/brain/install/brain/share/brain/cmake/brain__rosidl_typesupport_cppExport.cmake
[0.872s] -- Up-to-date: /home/aaf/Software/Dev/robot/brain/install/brain/share/brain/cmake/brain__rosidl_typesupport_cppExport-noconfig.cmake
[0.872s] -- Up-to-date: /home/aaf/Software/Dev/robot/brain/install/brain/share/brain/cmake/rosidl_cmake-extras.cmake
[0.872s] -- Up-to-date: /home/aaf/Software/Dev/robot/brain/install/brain/share/brain/cmake/ament_cmake_export_dependencies-extras.cmake
[0.872s] -- Up-to-date: /home/aaf/Software/Dev/robot/brain/install/brain/share/brain/cmake/ament_cmake_export_libraries-extras.cmake
[0.873s] -- Up-to-date: /home/aaf/Software/Dev/robot/brain/install/brain/share/brain/cmake/ament_cmake_export_targets-extras.cmake
[0.873s] -- Up-to-date: /home/aaf/Software/Dev/robot/brain/install/brain/share/brain/cmake/ament_cmake_export_include_directories-extras.cmake
[0.873s] -- Up-to-date: /home/aaf/Software/Dev/robot/brain/install/brain/share/brain/cmake/rosidl_cmake_export_typesupport_libraries-extras.cmake
[0.873s] -- Up-to-date: /home/aaf/Software/Dev/robot/brain/install/brain/share/brain/cmake/rosidl_cmake_export_typesupport_targets-extras.cmake
[0.873s] -- Up-to-date: /home/aaf/Software/Dev/robot/brain/install/brain/share/brain/cmake/brainConfig.cmake
[0.873s] -- Up-to-date: /home/aaf/Software/Dev/robot/brain/install/brain/share/brain/cmake/brainConfig-version.cmake
[0.873s] -- Up-to-date: /home/aaf/Software/Dev/robot/brain/install/brain/share/brain/package.xml
[0.876s] Invoked command in '/home/aaf/Software/Dev/robot/brain/build/brain' returned '0': CMAKE_PREFIX_PATH=/opt/ros/rolling /usr/bin/cmake --install /home/aaf/Software/Dev/robot/brain/build/brain
