[0.020s] Invoking command in '/home/aaf/Software/Dev/robot/ros/brain/build/brain': CMAKE_PREFIX_PATH=/opt/ros/rolling /usr/bin/cmake --build /home/aaf/Software/Dev/robot/ros/brain/build/brain -- -j8 -l8
[0.069s] -- Found ament_cmake: 1.1.4 (/opt/ros/rolling/share/ament_cmake/cmake)
[0.098s] -- Found PythonInterp: /usr/bin/python3 (found suitable version "3.8.10", minimum required is "3") 
[0.098s] -- Using PYTHON_EXECUTABLE: /usr/bin/python3
[0.202s] -- Found rclcpp: 12.0.0 (/opt/ros/rolling/share/rclcpp/cmake)
[0.258s] -- Using all available rosidl_typesupport_c: rosidl_typesupport_fastrtps_c;rosidl_typesupport_introspection_c
[0.264s] -- Found rosidl_adapter: 2.5.0 (/opt/ros/rolling/share/rosidl_adapter/cmake)
[0.310s] -- Using all available rosidl_typesupport_cpp: rosidl_typesupport_fastrtps_cpp;rosidl_typesupport_introspection_cpp
[0.387s] -- Found rmw_implementation_cmake: 4.0.0 (/opt/ros/rolling/share/rmw_implementation_cmake/cmake)
[0.391s] -- Found rmw_cyclonedds_cpp: 0.23.1 (/opt/ros/rolling/share/rmw_cyclonedds_cpp/cmake)
[0.419s] -- Using RMW implementation 'rmw_cyclonedds_cpp' as default
[0.620s] -- Found rclpy: 3.0.1 (/opt/ros/rolling/share/rclpy/cmake)
[0.621s] -- Found rosidl_default_generators: 1.1.1 (/opt/ros/rolling/share/rosidl_default_generators/cmake)
[0.673s] -- Found PythonInterp: /usr/bin/python3 (found version "3.8.10") 
[0.924s] CMake Error at /opt/ros/rolling/share/rosidl_adapter/cmake/rosidl_adapt_interfaces.cmake:60 (message):
[0.924s]   execute_process(/usr/bin/python3 -m rosidl_adapter --package-name brain
[0.924s]   --arguments-file
[0.924s]   /home/aaf/Software/Dev/robot/ros/brain/build/brain/rosidl_adapter__arguments__brain.json
[0.924s]   --output-dir
[0.924s]   /home/aaf/Software/Dev/robot/ros/brain/build/brain/rosidl_adapter/brain
[0.924s]   --output-file
[0.924s]   /home/aaf/Software/Dev/robot/ros/brain/build/brain/rosidl_adapter/brain.idls)
[0.924s]   returned error code 1:
[0.924s] 
[0.925s]   Traceback (most recent call last):
[0.925s] 
[0.925s]     File "/usr/lib/python3.8/runpy.py", line 194, in _run_module_as_main
[0.925s]       return _run_code(code, main_globals, None,
[0.925s]     File "/usr/lib/python3.8/runpy.py", line 87, in _run_code
[0.925s]       exec(code, run_globals)
[0.925s]     File "/opt/ros/rolling/lib/python3.8/site-packages/rosidl_adapter/__main__.py", line 19, in <module>
[0.925s]       sys.exit(main())
[0.925s]     File "/opt/ros/rolling/lib/python3.8/site-packages/rosidl_adapter/main.py", line 53, in main
[0.925s]       abs_idl_file = convert_to_idl(
[0.925s]     File "/opt/ros/rolling/lib/python3.8/site-packages/rosidl_adapter/__init__.py", line 29, in convert_to_idl
[0.925s]       return convert_action_to_idl(
[0.926s]     File "/opt/ros/rolling/lib/python3.8/site-packages/rosidl_adapter/action/__init__.py", line 28, in convert_action_to_idl
[0.926s]       action = parse_action_string(package_name, input_file.stem, content)
[0.926s]     File "/opt/ros/rolling/lib/python3.8/site-packages/rosidl_adapter/parser.py", line 896, in parse_action_string
[0.926s]       goal_message = parse_message_string(
[0.926s]     File "/opt/ros/rolling/lib/python3.8/site-packages/rosidl_adapter/parser.py", line 541, in parse_message_string
[0.926s]       msg = MessageSpecification(pkg_name, msg_name, fields, constants)
[0.926s]     File "/opt/ros/rolling/lib/python3.8/site-packages/rosidl_adapter/parser.py", line 388, in __init__
[0.926s]       self.base_type = BaseType(
[0.926s]     File "/opt/ros/rolling/lib/python3.8/site-packages/rosidl_adapter/parser.py", line 205, in __init__
[0.927s]       raise InvalidResourceName(
[0.927s] 
[0.927s]   rosidl_adapter.parser.InvalidResourceName: 'led-21-on_Goal' is an invalid
[0.927s]   message name.  It should have the pattern '^[A-Z][A-Za-z0-9]*$'
[0.927s] 
[0.927s] Call Stack (most recent call first):
[0.927s]   /opt/ros/rolling/share/rosidl_cmake/cmake/rosidl_generate_interfaces.cmake:130 (rosidl_adapt_interfaces)
[0.927s]   CMakeLists.txt:52 (rosidl_generate_interfaces)
[0.928s] 
[0.928s] 
[0.928s] -- Configuring incomplete, errors occurred!
[0.928s] See also "/home/aaf/Software/Dev/robot/ros/brain/build/brain/CMakeFiles/CMakeOutput.log".
[0.928s] See also "/home/aaf/Software/Dev/robot/ros/brain/build/brain/CMakeFiles/CMakeError.log".
[0.935s] make: *** [Makefile:266: cmake_check_build_system] Error 1
[0.939s] Invoked command in '/home/aaf/Software/Dev/robot/ros/brain/build/brain' returned '2': CMAKE_PREFIX_PATH=/opt/ros/rolling /usr/bin/cmake --build /home/aaf/Software/Dev/robot/ros/brain/build/brain -- -j8 -l8
