-- Found ament_cmake: 1.1.4 (/opt/ros/rolling/share/ament_cmake/cmake)
-- Using PYTHON_EXECUTABLE: /usr/bin/python3
-- Found ament_lint_auto: 0.11.2 (/opt/ros/rolling/share/ament_lint_auto/cmake)
-- Found rosidl_default_generators: 1.1.1 (/opt/ros/rolling/share/rosidl_default_generators/cmake)
-- Using all available rosidl_typesupport_c: rosidl_typesupport_fastrtps_c;rosidl_typesupport_introspection_c
-- Found rosidl_adapter: 2.4.0 (/opt/ros/rolling/share/rosidl_adapter/cmake)
-- Using all available rosidl_typesupport_cpp: rosidl_typesupport_fastrtps_cpp;rosidl_typesupport_introspection_cpp
-- Found PythonInterp: /usr/bin/python3 (found version "3.8.10") 
-- Found ament_cmake_ros: 0.9.2 (/opt/ros/rolling/share/ament_cmake_ros/cmake)
-- Using all available rosidl_typesupport_c: rosidl_typesupport_fastrtps_c;rosidl_typesupport_introspection_c
-- Using all available rosidl_typesupport_cpp: rosidl_typesupport_fastrtps_cpp;rosidl_typesupport_introspection_cpp
-- Found PythonInterp: /usr/bin/python3 (found suitable version "3.8.10", minimum required is "3.5") 
-- Found python_cmake_module: 0.8.1 (/opt/ros/rolling/share/python_cmake_module/cmake)
-- Found PythonLibs: /usr/lib/x86_64-linux-gnu/libpython3.8.so (found suitable version "3.8.10", minimum required is "3.5") 
-- Using PYTHON_EXECUTABLE: /usr/bin/python3
-- Using PYTHON_INCLUDE_DIRS: /usr/include/python3.8
-- Using PYTHON_LIBRARIES: /usr/lib/x86_64-linux-gnu/libpython3.8.so
-- Found PythonExtra: .so  
-- Added test 'copyright' to check source files copyright and LICENSE
-- Added test 'lint_cmake' to check CMake code style
-- Added test 'xmllint' to check XML markup files
-- Configuring done
-- Generating done
-- Build files have been written to: /home/aaf/Software/Dev/robot/ros/action_ws/build/action_tutorials_interfaces
[  3%] [34m[1mGenerating C code for ROS interfaces[0m
[35m[1mScanning dependencies of target ament_cmake_python_symlink_action_tutorials_interfaces[0m
[35m[1mScanning dependencies of target action_tutorials_interfaces__cpp[0m
[  6%] [34m[1mGenerating C++ code for ROS interfaces[0m
[  6%] Built target ament_cmake_python_symlink_action_tutorials_interfaces
[35m[1mScanning dependencies of target ament_cmake_python_build_action_tutorials_interfaces_egg[0m
running egg_info
creating action_tutorials_interfaces.egg-info
writing action_tutorials_interfaces.egg-info/PKG-INFO
writing dependency_links to action_tutorials_interfaces.egg-info/dependency_links.txt
writing top-level names to action_tutorials_interfaces.egg-info/top_level.txt
writing manifest file 'action_tutorials_interfaces.egg-info/SOURCES.txt'
reading manifest file 'action_tutorials_interfaces.egg-info/SOURCES.txt'
writing manifest file 'action_tutorials_interfaces.egg-info/SOURCES.txt'
[  6%] Built target ament_cmake_python_build_action_tutorials_interfaces_egg
[35m[1mScanning dependencies of target action_tutorials_interfaces__rosidl_generator_c[0m
[  9%] [32mBuilding C object CMakeFiles/action_tutorials_interfaces__rosidl_generator_c.dir/rosidl_generator_c/action_tutorials_interfaces/action/detail/fibonacci__functions.c.o[0m
[  9%] Built target action_tutorials_interfaces__cpp
[ 19%] [34m[1mGenerating C++ type support for eProsima Fast-RTPS[0m
[ 19%] [34m[1mGenerating C++ introspection for ROS interfaces[0m
[ 19%] [34m[1mGenerating C++ type support dispatch for ROS interfaces[0m
[ 22%] [32m[1mLinking C shared library libaction_tutorials_interfaces__rosidl_generator_c.so[0m
[ 22%] Built target action_tutorials_interfaces__rosidl_generator_c
[ 25%] [34m[1mGenerating C introspection for ROS interfaces[0m
[ 29%] [34m[1mGenerating C type support dispatch for ROS interfaces[0m
[35m[1mScanning dependencies of target action_tutorials_interfaces__rosidl_typesupport_cpp[0m
[ 32%] [32mBuilding CXX object CMakeFiles/action_tutorials_interfaces__rosidl_typesupport_cpp.dir/rosidl_typesupport_cpp/action_tutorials_interfaces/action/fibonacci__type_support.cpp.o[0m
[35m[1mScanning dependencies of target action_tutorials_interfaces__rosidl_typesupport_introspection_cpp[0m
[ 35%] [32mBuilding CXX object CMakeFiles/action_tutorials_interfaces__rosidl_typesupport_introspection_cpp.dir/rosidl_typesupport_introspection_cpp/action_tutorials_interfaces/action/detail/fibonacci__type_support.cpp.o[0m
[35m[1mScanning dependencies of target action_tutorials_interfaces__rosidl_typesupport_fastrtps_cpp[0m
[ 38%] [32mBuilding CXX object CMakeFiles/action_tutorials_interfaces__rosidl_typesupport_fastrtps_cpp.dir/rosidl_typesupport_fastrtps_cpp/action_tutorials_interfaces/action/detail/dds_fastrtps/fibonacci__type_support.cpp.o[0m
[35m[1mScanning dependencies of target action_tutorials_interfaces__rosidl_typesupport_c[0m
[ 41%] [32mBuilding CXX object CMakeFiles/action_tutorials_interfaces__rosidl_typesupport_c.dir/rosidl_typesupport_c/action_tutorials_interfaces/action/fibonacci__type_support.cpp.o[0m
[35m[1mScanning dependencies of target action_tutorials_interfaces__rosidl_typesupport_introspection_c[0m
[ 45%] [32mBuilding C object CMakeFiles/action_tutorials_interfaces__rosidl_typesupport_introspection_c.dir/rosidl_typesupport_introspection_c/action_tutorials_interfaces/action/detail/fibonacci__type_support.c.o[0m
[ 48%] [32m[1mLinking CXX shared library libaction_tutorials_interfaces__rosidl_typesupport_c.so[0m
[ 51%] [32m[1mLinking C shared library libaction_tutorials_interfaces__rosidl_typesupport_introspection_c.so[0m
[ 51%] Built target action_tutorials_interfaces__rosidl_typesupport_c
[ 51%] Built target action_tutorials_interfaces__rosidl_typesupport_introspection_c
[ 54%] [32m[1mLinking CXX shared library libaction_tutorials_interfaces__rosidl_typesupport_cpp.so[0m
[ 54%] Built target action_tutorials_interfaces__rosidl_typesupport_cpp
[ 58%] [32m[1mLinking CXX shared library libaction_tutorials_interfaces__rosidl_typesupport_introspection_cpp.so[0m
[ 58%] Built target action_tutorials_interfaces__rosidl_typesupport_introspection_cpp
[ 61%] [32m[1mLinking CXX shared library libaction_tutorials_interfaces__rosidl_typesupport_fastrtps_cpp.so[0m
[ 61%] Built target action_tutorials_interfaces__rosidl_typesupport_fastrtps_cpp
[ 64%] [34m[1mGenerating C type support for eProsima Fast-RTPS[0m
[35m[1mScanning dependencies of target action_tutorials_interfaces__rosidl_typesupport_fastrtps_c[0m
[ 67%] [32mBuilding CXX object CMakeFiles/action_tutorials_interfaces__rosidl_typesupport_fastrtps_c.dir/rosidl_typesupport_fastrtps_c/action_tutorials_interfaces/action/detail/fibonacci__type_support_c.cpp.o[0m
[ 70%] [32m[1mLinking CXX shared library libaction_tutorials_interfaces__rosidl_typesupport_fastrtps_c.so[0m
[ 70%] Built target action_tutorials_interfaces__rosidl_typesupport_fastrtps_c
[35m[1mScanning dependencies of target action_tutorials_interfaces[0m
[ 70%] Built target action_tutorials_interfaces
[35m[1mScanning dependencies of target action_tutorials_interfaces__py[0m
[ 74%] [34m[1mGenerating Python code for ROS interfaces[0m
[ 74%] Built target action_tutorials_interfaces__py
[35m[1mScanning dependencies of target action_tutorials_interfaces__python[0m
[ 77%] [32mBuilding C object CMakeFiles/action_tutorials_interfaces__python.dir/rosidl_generator_py/action_tutorials_interfaces/action/_fibonacci_s.c.o[0m
[ 80%] [32m[1mLinking C shared library rosidl_generator_py/action_tutorials_interfaces/libaction_tutorials_interfaces__python.so[0m
[ 80%] Built target action_tutorials_interfaces__python
[35m[1mScanning dependencies of target action_tutorials_interfaces__rosidl_typesupport_c__pyext[0m
[35m[1mScanning dependencies of target action_tutorials_interfaces__rosidl_typesupport_introspection_c__pyext[0m
[35m[1mScanning dependencies of target action_tutorials_interfaces__rosidl_typesupport_fastrtps_c__pyext[0m
[ 83%] [32mBuilding C object CMakeFiles/action_tutorials_interfaces__rosidl_typesupport_introspection_c__pyext.dir/rosidl_generator_py/action_tutorials_interfaces/_action_tutorials_interfaces_s.ep.rosidl_typesupport_introspection_c.c.o[0m
[ 87%] [32mBuilding C object CMakeFiles/action_tutorials_interfaces__rosidl_typesupport_c__pyext.dir/rosidl_generator_py/action_tutorials_interfaces/_action_tutorials_interfaces_s.ep.rosidl_typesupport_c.c.o[0m
[ 90%] [32mBuilding C object CMakeFiles/action_tutorials_interfaces__rosidl_typesupport_fastrtps_c__pyext.dir/rosidl_generator_py/action_tutorials_interfaces/_action_tutorials_interfaces_s.ep.rosidl_typesupport_fastrtps_c.c.o[0m
[ 93%] [32m[1mLinking C shared library rosidl_generator_py/action_tutorials_interfaces/action_tutorials_interfaces_s__rosidl_typesupport_introspection_c.cpython-38-x86_64-linux-gnu.so[0m
[ 96%] [32m[1mLinking C shared library rosidl_generator_py/action_tutorials_interfaces/action_tutorials_interfaces_s__rosidl_typesupport_c.cpython-38-x86_64-linux-gnu.so[0m
[100%] [32m[1mLinking CXX shared library rosidl_generator_py/action_tutorials_interfaces/action_tutorials_interfaces_s__rosidl_typesupport_fastrtps_c.cpython-38-x86_64-linux-gnu.so[0m
[100%] Built target action_tutorials_interfaces__rosidl_typesupport_c__pyext
[100%] Built target action_tutorials_interfaces__rosidl_typesupport_introspection_c__pyext
[100%] Built target action_tutorials_interfaces__rosidl_typesupport_fastrtps_c__pyext
-- Install configuration: ""
-- Installing: /home/aaf/Software/Dev/robot/ros/action_ws/install/action_tutorials_interfaces/share/ament_index/resource_index/rosidl_interfaces/action_tutorials_interfaces
-- Installing: /home/aaf/Software/Dev/robot/ros/action_ws/install/action_tutorials_interfaces/include/action_tutorials_interfaces
-- Installing: /home/aaf/Software/Dev/robot/ros/action_ws/install/action_tutorials_interfaces/include/action_tutorials_interfaces/action
-- Installing: /home/aaf/Software/Dev/robot/ros/action_ws/install/action_tutorials_interfaces/include/action_tutorials_interfaces/action/fibonacci.h
-- Installing: /home/aaf/Software/Dev/robot/ros/action_ws/install/action_tutorials_interfaces/include/action_tutorials_interfaces/action/detail
-- Installing: /home/aaf/Software/Dev/robot/ros/action_ws/install/action_tutorials_interfaces/include/action_tutorials_interfaces/action/detail/fibonacci__type_support.h
-- Installing: /home/aaf/Software/Dev/robot/ros/action_ws/install/action_tutorials_interfaces/include/action_tutorials_interfaces/action/detail/fibonacci__functions.h
-- Installing: /home/aaf/Software/Dev/robot/ros/action_ws/install/action_tutorials_interfaces/include/action_tutorials_interfaces/action/detail/fibonacci__struct.h
-- Installing: /home/aaf/Software/Dev/robot/ros/action_ws/install/action_tutorials_interfaces/include/action_tutorials_interfaces/action/detail/fibonacci__functions.c
-- Installing: /home/aaf/Software/Dev/robot/ros/action_ws/install/action_tutorials_interfaces/include/action_tutorials_interfaces/msg
-- Installing: /home/aaf/Software/Dev/robot/ros/action_ws/install/action_tutorials_interfaces/include/action_tutorials_interfaces/msg/rosidl_generator_c__visibility_control.h
-- Installing: /home/aaf/Software/Dev/robot/ros/action_ws/install/action_tutorials_interfaces/share/action_tutorials_interfaces/environment/library_path.sh
-- Installing: /home/aaf/Software/Dev/robot/ros/action_ws/install/action_tutorials_interfaces/share/action_tutorials_interfaces/environment/library_path.dsv
-- Installing: /home/aaf/Software/Dev/robot/ros/action_ws/install/action_tutorials_interfaces/lib/libaction_tutorials_interfaces__rosidl_generator_c.so
-- Set runtime path of "/home/aaf/Software/Dev/robot/ros/action_ws/install/action_tutorials_interfaces/lib/libaction_tutorials_interfaces__rosidl_generator_c.so" to ""
-- Up-to-date: /home/aaf/Software/Dev/robot/ros/action_ws/install/action_tutorials_interfaces/include/action_tutorials_interfaces
-- Up-to-date: /home/aaf/Software/Dev/robot/ros/action_ws/install/action_tutorials_interfaces/include/action_tutorials_interfaces/action
-- Up-to-date: /home/aaf/Software/Dev/robot/ros/action_ws/install/action_tutorials_interfaces/include/action_tutorials_interfaces/action/detail
-- Installing: /home/aaf/Software/Dev/robot/ros/action_ws/install/action_tutorials_interfaces/include/action_tutorials_interfaces/action/detail/fibonacci__rosidl_typesupport_fastrtps_c.h
-- Up-to-date: /home/aaf/Software/Dev/robot/ros/action_ws/install/action_tutorials_interfaces/include/action_tutorials_interfaces/msg
-- Installing: /home/aaf/Software/Dev/robot/ros/action_ws/install/action_tutorials_interfaces/include/action_tutorials_interfaces/msg/rosidl_typesupport_fastrtps_c__visibility_control.h
-- Installing: /home/aaf/Software/Dev/robot/ros/action_ws/install/action_tutorials_interfaces/lib/libaction_tutorials_interfaces__rosidl_typesupport_fastrtps_c.so
-- Set runtime path of "/home/aaf/Software/Dev/robot/ros/action_ws/install/action_tutorials_interfaces/lib/libaction_tutorials_interfaces__rosidl_typesupport_fastrtps_c.so" to ""
-- Up-to-date: /home/aaf/Software/Dev/robot/ros/action_ws/install/action_tutorials_interfaces/include/action_tutorials_interfaces
-- Up-to-date: /home/aaf/Software/Dev/robot/ros/action_ws/install/action_tutorials_interfaces/include/action_tutorials_interfaces/action
-- Up-to-date: /home/aaf/Software/Dev/robot/ros/action_ws/install/action_tutorials_interfaces/include/action_tutorials_interfaces/action/detail
-- Installing: /home/aaf/Software/Dev/robot/ros/action_ws/install/action_tutorials_interfaces/include/action_tutorials_interfaces/action/detail/fibonacci__rosidl_typesupport_fastrtps_cpp.hpp
-- Installing: /home/aaf/Software/Dev/robot/ros/action_ws/install/action_tutorials_interfaces/include/action_tutorials_interfaces/action/detail/dds_fastrtps
-- Up-to-date: /home/aaf/Software/Dev/robot/ros/action_ws/install/action_tutorials_interfaces/include/action_tutorials_interfaces/msg
-- Installing: /home/aaf/Software/Dev/robot/ros/action_ws/install/action_tutorials_interfaces/include/action_tutorials_interfaces/msg/rosidl_typesupport_fastrtps_cpp__visibility_control.h
-- Installing: /home/aaf/Software/Dev/robot/ros/action_ws/install/action_tutorials_interfaces/lib/libaction_tutorials_interfaces__rosidl_typesupport_fastrtps_cpp.so
-- Set runtime path of "/home/aaf/Software/Dev/robot/ros/action_ws/install/action_tutorials_interfaces/lib/libaction_tutorials_interfaces__rosidl_typesupport_fastrtps_cpp.so" to ""
-- Up-to-date: /home/aaf/Software/Dev/robot/ros/action_ws/install/action_tutorials_interfaces/include/action_tutorials_interfaces
-- Up-to-date: /home/aaf/Software/Dev/robot/ros/action_ws/install/action_tutorials_interfaces/include/action_tutorials_interfaces/action
-- Up-to-date: /home/aaf/Software/Dev/robot/ros/action_ws/install/action_tutorials_interfaces/include/action_tutorials_interfaces/action/detail
-- Installing: /home/aaf/Software/Dev/robot/ros/action_ws/install/action_tutorials_interfaces/include/action_tutorials_interfaces/action/detail/fibonacci__type_support.c
-- Installing: /home/aaf/Software/Dev/robot/ros/action_ws/install/action_tutorials_interfaces/include/action_tutorials_interfaces/action/detail/fibonacci__rosidl_typesupport_introspection_c.h
-- Up-to-date: /home/aaf/Software/Dev/robot/ros/action_ws/install/action_tutorials_interfaces/include/action_tutorials_interfaces/msg
-- Installing: /home/aaf/Software/Dev/robot/ros/action_ws/install/action_tutorials_interfaces/include/action_tutorials_interfaces/msg/rosidl_typesupport_introspection_c__visibility_control.h
-- Installing: /home/aaf/Software/Dev/robot/ros/action_ws/install/action_tutorials_interfaces/lib/libaction_tutorials_interfaces__rosidl_typesupport_introspection_c.so
-- Set runtime path of "/home/aaf/Software/Dev/robot/ros/action_ws/install/action_tutorials_interfaces/lib/libaction_tutorials_interfaces__rosidl_typesupport_introspection_c.so" to ""
-- Installing: /home/aaf/Software/Dev/robot/ros/action_ws/install/action_tutorials_interfaces/lib/libaction_tutorials_interfaces__rosidl_typesupport_c.so
-- Set runtime path of "/home/aaf/Software/Dev/robot/ros/action_ws/install/action_tutorials_interfaces/lib/libaction_tutorials_interfaces__rosidl_typesupport_c.so" to ""
-- Up-to-date: /home/aaf/Software/Dev/robot/ros/action_ws/install/action_tutorials_interfaces/include/action_tutorials_interfaces
-- Up-to-date: /home/aaf/Software/Dev/robot/ros/action_ws/install/action_tutorials_interfaces/include/action_tutorials_interfaces/action
-- Up-to-date: /home/aaf/Software/Dev/robot/ros/action_ws/install/action_tutorials_interfaces/include/action_tutorials_interfaces/action/detail
-- Installing: /home/aaf/Software/Dev/robot/ros/action_ws/install/action_tutorials_interfaces/include/action_tutorials_interfaces/action/detail/fibonacci__traits.hpp
-- Installing: /home/aaf/Software/Dev/robot/ros/action_ws/install/action_tutorials_interfaces/include/action_tutorials_interfaces/action/detail/fibonacci__struct.hpp
-- Installing: /home/aaf/Software/Dev/robot/ros/action_ws/install/action_tutorials_interfaces/include/action_tutorials_interfaces/action/detail/fibonacci__builder.hpp
-- Installing: /home/aaf/Software/Dev/robot/ros/action_ws/install/action_tutorials_interfaces/include/action_tutorials_interfaces/action/fibonacci.hpp
-- Up-to-date: /home/aaf/Software/Dev/robot/ros/action_ws/install/action_tutorials_interfaces/include/action_tutorials_interfaces
-- Up-to-date: /home/aaf/Software/Dev/robot/ros/action_ws/install/action_tutorials_interfaces/include/action_tutorials_interfaces/action
-- Up-to-date: /home/aaf/Software/Dev/robot/ros/action_ws/install/action_tutorials_interfaces/include/action_tutorials_interfaces/action/detail
-- Installing: /home/aaf/Software/Dev/robot/ros/action_ws/install/action_tutorials_interfaces/include/action_tutorials_interfaces/action/detail/fibonacci__type_support.cpp
-- Installing: /home/aaf/Software/Dev/robot/ros/action_ws/install/action_tutorials_interfaces/include/action_tutorials_interfaces/action/detail/fibonacci__rosidl_typesupport_introspection_cpp.hpp
-- Installing: /home/aaf/Software/Dev/robot/ros/action_ws/install/action_tutorials_interfaces/lib/libaction_tutorials_interfaces__rosidl_typesupport_introspection_cpp.so
-- Set runtime path of "/home/aaf/Software/Dev/robot/ros/action_ws/install/action_tutorials_interfaces/lib/libaction_tutorials_interfaces__rosidl_typesupport_introspection_cpp.so" to ""
-- Installing: /home/aaf/Software/Dev/robot/ros/action_ws/install/action_tutorials_interfaces/lib/libaction_tutorials_interfaces__rosidl_typesupport_cpp.so
-- Set runtime path of "/home/aaf/Software/Dev/robot/ros/action_ws/install/action_tutorials_interfaces/lib/libaction_tutorials_interfaces__rosidl_typesupport_cpp.so" to ""
-- Installing: /home/aaf/Software/Dev/robot/ros/action_ws/install/action_tutorials_interfaces/share/action_tutorials_interfaces/environment/pythonpath.sh
-- Installing: /home/aaf/Software/Dev/robot/ros/action_ws/install/action_tutorials_interfaces/share/action_tutorials_interfaces/environment/pythonpath.dsv
-- Installing: /home/aaf/Software/Dev/robot/ros/action_ws/install/action_tutorials_interfaces/lib/python3.8/site-packages//action_tutorials_interfaces.egg-info
-- Installing: /home/aaf/Software/Dev/robot/ros/action_ws/install/action_tutorials_interfaces/lib/python3.8/site-packages//action_tutorials_interfaces.egg-info/PKG-INFO
-- Installing: /home/aaf/Software/Dev/robot/ros/action_ws/install/action_tutorials_interfaces/lib/python3.8/site-packages//action_tutorials_interfaces.egg-info/SOURCES.txt
-- Installing: /home/aaf/Software/Dev/robot/ros/action_ws/install/action_tutorials_interfaces/lib/python3.8/site-packages//action_tutorials_interfaces.egg-info/top_level.txt
-- Installing: /home/aaf/Software/Dev/robot/ros/action_ws/install/action_tutorials_interfaces/lib/python3.8/site-packages//action_tutorials_interfaces.egg-info/dependency_links.txt
-- Installing: /home/aaf/Software/Dev/robot/ros/action_ws/install/action_tutorials_interfaces/lib/python3.8/site-packages/action_tutorials_interfaces
-- Installing: /home/aaf/Software/Dev/robot/ros/action_ws/install/action_tutorials_interfaces/lib/python3.8/site-packages/action_tutorials_interfaces/action
-- Installing: /home/aaf/Software/Dev/robot/ros/action_ws/install/action_tutorials_interfaces/lib/python3.8/site-packages/action_tutorials_interfaces/action/_fibonacci_s.c
-- Installing: /home/aaf/Software/Dev/robot/ros/action_ws/install/action_tutorials_interfaces/lib/python3.8/site-packages/action_tutorials_interfaces/action/__init__.py
-- Installing: /home/aaf/Software/Dev/robot/ros/action_ws/install/action_tutorials_interfaces/lib/python3.8/site-packages/action_tutorials_interfaces/action/_fibonacci.py
-- Installing: /home/aaf/Software/Dev/robot/ros/action_ws/install/action_tutorials_interfaces/lib/python3.8/site-packages/action_tutorials_interfaces/action_tutorials_interfaces_s__rosidl_typesupport_introspection_c.cpython-38-x86_64-linux-gnu.so
-- Installing: /home/aaf/Software/Dev/robot/ros/action_ws/install/action_tutorials_interfaces/lib/python3.8/site-packages/action_tutorials_interfaces/libaction_tutorials_interfaces__python.so
-- Installing: /home/aaf/Software/Dev/robot/ros/action_ws/install/action_tutorials_interfaces/lib/python3.8/site-packages/action_tutorials_interfaces/_action_tutorials_interfaces_s.ep.rosidl_typesupport_introspection_c.c
-- Installing: /home/aaf/Software/Dev/robot/ros/action_ws/install/action_tutorials_interfaces/lib/python3.8/site-packages/action_tutorials_interfaces/__init__.py
-- Installing: /home/aaf/Software/Dev/robot/ros/action_ws/install/action_tutorials_interfaces/lib/python3.8/site-packages/action_tutorials_interfaces/action_tutorials_interfaces_s__rosidl_typesupport_c.cpython-38-x86_64-linux-gnu.so
-- Installing: /home/aaf/Software/Dev/robot/ros/action_ws/install/action_tutorials_interfaces/lib/python3.8/site-packages/action_tutorials_interfaces/_action_tutorials_interfaces_s.ep.rosidl_typesupport_c.c
-- Installing: /home/aaf/Software/Dev/robot/ros/action_ws/install/action_tutorials_interfaces/lib/python3.8/site-packages/action_tutorials_interfaces/_action_tutorials_interfaces_s.ep.rosidl_typesupport_fastrtps_c.c
-- Installing: /home/aaf/Software/Dev/robot/ros/action_ws/install/action_tutorials_interfaces/lib/python3.8/site-packages/action_tutorials_interfaces/action_tutorials_interfaces_s__rosidl_typesupport_fastrtps_c.cpython-38-x86_64-linux-gnu.so
Listing '/home/aaf/Software/Dev/robot/ros/action_ws/install/action_tutorials_interfaces/lib/python3.8/site-packages/action_tutorials_interfaces'...
Compiling '/home/aaf/Software/Dev/robot/ros/action_ws/install/action_tutorials_interfaces/lib/python3.8/site-packages/action_tutorials_interfaces/__init__.py'...
Listing '/home/aaf/Software/Dev/robot/ros/action_ws/install/action_tutorials_interfaces/lib/python3.8/site-packages/action_tutorials_interfaces/action'...
Compiling '/home/aaf/Software/Dev/robot/ros/action_ws/install/action_tutorials_interfaces/lib/python3.8/site-packages/action_tutorials_interfaces/action/__init__.py'...
Compiling '/home/aaf/Software/Dev/robot/ros/action_ws/install/action_tutorials_interfaces/lib/python3.8/site-packages/action_tutorials_interfaces/action/_fibonacci.py'...
-- Installing: /home/aaf/Software/Dev/robot/ros/action_ws/install/action_tutorials_interfaces/lib/python3.8/site-packages/action_tutorials_interfaces/action_tutorials_interfaces_s__rosidl_typesupport_fastrtps_c.cpython-38-x86_64-linux-gnu.so
-- Set runtime path of "/home/aaf/Software/Dev/robot/ros/action_ws/install/action_tutorials_interfaces/lib/python3.8/site-packages/action_tutorials_interfaces/action_tutorials_interfaces_s__rosidl_typesupport_fastrtps_c.cpython-38-x86_64-linux-gnu.so" to ""
-- Installing: /home/aaf/Software/Dev/robot/ros/action_ws/install/action_tutorials_interfaces/lib/python3.8/site-packages/action_tutorials_interfaces/action_tutorials_interfaces_s__rosidl_typesupport_introspection_c.cpython-38-x86_64-linux-gnu.so
-- Set runtime path of "/home/aaf/Software/Dev/robot/ros/action_ws/install/action_tutorials_interfaces/lib/python3.8/site-packages/action_tutorials_interfaces/action_tutorials_interfaces_s__rosidl_typesupport_introspection_c.cpython-38-x86_64-linux-gnu.so" to ""
-- Installing: /home/aaf/Software/Dev/robot/ros/action_ws/install/action_tutorials_interfaces/lib/python3.8/site-packages/action_tutorials_interfaces/action_tutorials_interfaces_s__rosidl_typesupport_c.cpython-38-x86_64-linux-gnu.so
-- Set runtime path of "/home/aaf/Software/Dev/robot/ros/action_ws/install/action_tutorials_interfaces/lib/python3.8/site-packages/action_tutorials_interfaces/action_tutorials_interfaces_s__rosidl_typesupport_c.cpython-38-x86_64-linux-gnu.so" to ""
-- Installing: /home/aaf/Software/Dev/robot/ros/action_ws/install/action_tutorials_interfaces/lib/libaction_tutorials_interfaces__python.so
-- Set runtime path of "/home/aaf/Software/Dev/robot/ros/action_ws/install/action_tutorials_interfaces/lib/libaction_tutorials_interfaces__python.so" to ""
-- Installing: /home/aaf/Software/Dev/robot/ros/action_ws/install/action_tutorials_interfaces/share/action_tutorials_interfaces/action/Fibonacci.idl
-- Installing: /home/aaf/Software/Dev/robot/ros/action_ws/install/action_tutorials_interfaces/share/action_tutorials_interfaces/action/Fibonacci.action
-- Installing: /home/aaf/Software/Dev/robot/ros/action_ws/install/action_tutorials_interfaces/share/ament_index/resource_index/package_run_dependencies/action_tutorials_interfaces
-- Installing: /home/aaf/Software/Dev/robot/ros/action_ws/install/action_tutorials_interfaces/share/ament_index/resource_index/parent_prefix_path/action_tutorials_interfaces
-- Installing: /home/aaf/Software/Dev/robot/ros/action_ws/install/action_tutorials_interfaces/share/action_tutorials_interfaces/environment/ament_prefix_path.sh
-- Installing: /home/aaf/Software/Dev/robot/ros/action_ws/install/action_tutorials_interfaces/share/action_tutorials_interfaces/environment/ament_prefix_path.dsv
-- Installing: /home/aaf/Software/Dev/robot/ros/action_ws/install/action_tutorials_interfaces/share/action_tutorials_interfaces/environment/path.sh
-- Installing: /home/aaf/Software/Dev/robot/ros/action_ws/install/action_tutorials_interfaces/share/action_tutorials_interfaces/environment/path.dsv
-- Installing: /home/aaf/Software/Dev/robot/ros/action_ws/install/action_tutorials_interfaces/share/action_tutorials_interfaces/local_setup.bash
-- Installing: /home/aaf/Software/Dev/robot/ros/action_ws/install/action_tutorials_interfaces/share/action_tutorials_interfaces/local_setup.sh
-- Installing: /home/aaf/Software/Dev/robot/ros/action_ws/install/action_tutorials_interfaces/share/action_tutorials_interfaces/local_setup.zsh
-- Installing: /home/aaf/Software/Dev/robot/ros/action_ws/install/action_tutorials_interfaces/share/action_tutorials_interfaces/local_setup.dsv
-- Installing: /home/aaf/Software/Dev/robot/ros/action_ws/install/action_tutorials_interfaces/share/action_tutorials_interfaces/package.dsv
-- Installing: /home/aaf/Software/Dev/robot/ros/action_ws/install/action_tutorials_interfaces/share/ament_index/resource_index/packages/action_tutorials_interfaces
-- Installing: /home/aaf/Software/Dev/robot/ros/action_ws/install/action_tutorials_interfaces/share/action_tutorials_interfaces/cmake/action_tutorials_interfacesExport.cmake
-- Installing: /home/aaf/Software/Dev/robot/ros/action_ws/install/action_tutorials_interfaces/share/action_tutorials_interfaces/cmake/action_tutorials_interfacesExport-noconfig.cmake
-- Installing: /home/aaf/Software/Dev/robot/ros/action_ws/install/action_tutorials_interfaces/share/action_tutorials_interfaces/cmake/rosidl_cmake-extras.cmake
-- Installing: /home/aaf/Software/Dev/robot/ros/action_ws/install/action_tutorials_interfaces/share/action_tutorials_interfaces/cmake/ament_cmake_export_dependencies-extras.cmake
-- Installing: /home/aaf/Software/Dev/robot/ros/action_ws/install/action_tutorials_interfaces/share/action_tutorials_interfaces/cmake/ament_cmake_export_targets-extras.cmake
-- Installing: /home/aaf/Software/Dev/robot/ros/action_ws/install/action_tutorials_interfaces/share/action_tutorials_interfaces/cmake/ament_cmake_export_libraries-extras.cmake
-- Installing: /home/aaf/Software/Dev/robot/ros/action_ws/install/action_tutorials_interfaces/share/action_tutorials_interfaces/cmake/ament_cmake_export_include_directories-extras.cmake
-- Installing: /home/aaf/Software/Dev/robot/ros/action_ws/install/action_tutorials_interfaces/share/action_tutorials_interfaces/cmake/rosidl_cmake_export_typesupport_libraries-extras.cmake
-- Installing: /home/aaf/Software/Dev/robot/ros/action_ws/install/action_tutorials_interfaces/share/action_tutorials_interfaces/cmake/rosidl_cmake_export_typesupport_targets-extras.cmake
-- Installing: /home/aaf/Software/Dev/robot/ros/action_ws/install/action_tutorials_interfaces/share/action_tutorials_interfaces/cmake/action_tutorials_interfacesConfig.cmake
-- Installing: /home/aaf/Software/Dev/robot/ros/action_ws/install/action_tutorials_interfaces/share/action_tutorials_interfaces/cmake/action_tutorials_interfacesConfig-version.cmake
-- Installing: /home/aaf/Software/Dev/robot/ros/action_ws/install/action_tutorials_interfaces/share/action_tutorials_interfaces/package.xml
