[0.014s] Invoking command in '/home/aaf/Software/Dev/robot/ros/action_ws/build/action_tutorials_interfaces': CMAKE_PREFIX_PATH=/home/aaf/Software/Dev/robot/ros/install/py_pubsub:/home/aaf/Software/Dev/robot/ros/install/my_robot_tutorials:/opt/ros/rolling:${CMAKE_PREFIX_PATH} /usr/bin/cmake /home/aaf/Software/Dev/robot/ros/action_ws/src/action_tutorials_interfaces -DCMAKE_INSTALL_PREFIX=/home/aaf/Software/Dev/robot/ros/action_ws/install/action_tutorials_interfaces
[0.029s] -- Found ament_cmake: 1.1.4 (/opt/ros/rolling/share/ament_cmake/cmake)
[0.053s] -- Using PYTHON_EXECUTABLE: /usr/bin/python3
[0.117s] -- Found ament_lint_auto: 0.11.2 (/opt/ros/rolling/share/ament_lint_auto/cmake)
[0.181s] -- Found rosidl_default_generators: 1.1.1 (/opt/ros/rolling/share/rosidl_default_generators/cmake)
[0.184s] -- Using all available rosidl_typesupport_c: rosidl_typesupport_fastrtps_c;rosidl_typesupport_introspection_c
[0.187s] -- Found rosidl_adapter: 2.4.0 (/opt/ros/rolling/share/rosidl_adapter/cmake)
[0.326s] -- Using all available rosidl_typesupport_cpp: rosidl_typesupport_fastrtps_cpp;rosidl_typesupport_introspection_cpp
[0.370s] -- Found PythonInterp: /usr/bin/python3 (found version "3.8.10") 
[0.500s] -- Found ament_cmake_ros: 0.9.2 (/opt/ros/rolling/share/ament_cmake_ros/cmake)
[0.627s] -- Using all available rosidl_typesupport_c: rosidl_typesupport_fastrtps_c;rosidl_typesupport_introspection_c
[0.649s] -- Using all available rosidl_typesupport_cpp: rosidl_typesupport_fastrtps_cpp;rosidl_typesupport_introspection_cpp
[0.675s] -- Found PythonInterp: /usr/bin/python3 (found suitable version "3.8.10", minimum required is "3.5") 
[0.676s] -- Found python_cmake_module: 0.8.1 (/opt/ros/rolling/share/python_cmake_module/cmake)
[0.704s] -- Found PythonLibs: /usr/lib/x86_64-linux-gnu/libpython3.8.so (found suitable version "3.8.10", minimum required is "3.5") 
[0.704s] -- Using PYTHON_EXECUTABLE: /usr/bin/python3
[0.704s] -- Using PYTHON_INCLUDE_DIRS: /usr/include/python3.8
[0.704s] -- Using PYTHON_LIBRARIES: /usr/lib/x86_64-linux-gnu/libpython3.8.so
[0.726s] -- Found PythonExtra: .so  
[0.779s] -- Added test 'copyright' to check source files copyright and LICENSE
[0.781s] -- Added test 'lint_cmake' to check CMake code style
[0.782s] -- Added test 'xmllint' to check XML markup files
[0.789s] -- Configuring done
[0.841s] -- Generating done
[0.844s] -- Build files have been written to: /home/aaf/Software/Dev/robot/ros/action_ws/build/action_tutorials_interfaces
[0.851s] Invoked command in '/home/aaf/Software/Dev/robot/ros/action_ws/build/action_tutorials_interfaces' returned '0': CMAKE_PREFIX_PATH=/home/aaf/Software/Dev/robot/ros/install/py_pubsub:/home/aaf/Software/Dev/robot/ros/install/my_robot_tutorials:/opt/ros/rolling:${CMAKE_PREFIX_PATH} /usr/bin/cmake /home/aaf/Software/Dev/robot/ros/action_ws/src/action_tutorials_interfaces -DCMAKE_INSTALL_PREFIX=/home/aaf/Software/Dev/robot/ros/action_ws/install/action_tutorials_interfaces
[0.855s] Invoking command in '/home/aaf/Software/Dev/robot/ros/action_ws/build/action_tutorials_interfaces': CMAKE_PREFIX_PATH=/home/aaf/Software/Dev/robot/ros/install/py_pubsub:/home/aaf/Software/Dev/robot/ros/install/my_robot_tutorials:/opt/ros/rolling:${CMAKE_PREFIX_PATH} /usr/bin/cmake --build /home/aaf/Software/Dev/robot/ros/action_ws/build/action_tutorials_interfaces -- -j8 -l8
[0.897s] [  3%] [34m[1mGenerating C code for ROS interfaces[0m
[0.897s] [35m[1mScanning dependencies of target ament_cmake_python_symlink_action_tutorials_interfaces[0m
[0.897s] [35m[1mScanning dependencies of target action_tutorials_interfaces__cpp[0m
[0.908s] [  6%] [34m[1mGenerating C++ code for ROS interfaces[0m
[0.917s] [  6%] Built target ament_cmake_python_symlink_action_tutorials_interfaces
[0.929s] [35m[1mScanning dependencies of target ament_cmake_python_build_action_tutorials_interfaces_egg[0m
[1.162s] running egg_info
[1.162s] creating action_tutorials_interfaces.egg-info
[1.163s] writing action_tutorials_interfaces.egg-info/PKG-INFO
[1.163s] writing dependency_links to action_tutorials_interfaces.egg-info/dependency_links.txt
[1.163s] writing top-level names to action_tutorials_interfaces.egg-info/top_level.txt
[1.164s] writing manifest file 'action_tutorials_interfaces.egg-info/SOURCES.txt'
[1.196s] reading manifest file 'action_tutorials_interfaces.egg-info/SOURCES.txt'
[1.197s] writing manifest file 'action_tutorials_interfaces.egg-info/SOURCES.txt'
[1.226s] [  6%] Built target ament_cmake_python_build_action_tutorials_interfaces_egg
[1.264s] [35m[1mScanning dependencies of target action_tutorials_interfaces__rosidl_generator_c[0m
[1.279s] [  9%] [32mBuilding C object CMakeFiles/action_tutorials_interfaces__rosidl_generator_c.dir/rosidl_generator_c/action_tutorials_interfaces/action/detail/fibonacci__functions.c.o[0m
[1.289s] [  9%] Built target action_tutorials_interfaces__cpp
[1.301s] [ 19%] [34m[1mGenerating C++ type support for eProsima Fast-RTPS[0m
[1.301s] [ 19%] [34m[1mGenerating C++ introspection for ROS interfaces[0m
[1.301s] [ 19%] [34m[1mGenerating C++ type support dispatch for ROS interfaces[0m
[1.389s] [ 22%] [32m[1mLinking C shared library libaction_tutorials_interfaces__rosidl_generator_c.so[0m
[1.430s] [ 22%] Built target action_tutorials_interfaces__rosidl_generator_c
[1.442s] [ 25%] [34m[1mGenerating C introspection for ROS interfaces[0m
[1.445s] [ 29%] [34m[1mGenerating C type support dispatch for ROS interfaces[0m
[1.572s] [35m[1mScanning dependencies of target action_tutorials_interfaces__rosidl_typesupport_cpp[0m
[1.588s] [ 32%] [32mBuilding CXX object CMakeFiles/action_tutorials_interfaces__rosidl_typesupport_cpp.dir/rosidl_typesupport_cpp/action_tutorials_interfaces/action/fibonacci__type_support.cpp.o[0m
[1.624s] [35m[1mScanning dependencies of target action_tutorials_interfaces__rosidl_typesupport_introspection_cpp[0m
[1.639s] [ 35%] [32mBuilding CXX object CMakeFiles/action_tutorials_interfaces__rosidl_typesupport_introspection_cpp.dir/rosidl_typesupport_introspection_cpp/action_tutorials_interfaces/action/detail/fibonacci__type_support.cpp.o[0m
[1.680s] [35m[1mScanning dependencies of target action_tutorials_interfaces__rosidl_typesupport_fastrtps_cpp[0m
[1.704s] [ 38%] [32mBuilding CXX object CMakeFiles/action_tutorials_interfaces__rosidl_typesupport_fastrtps_cpp.dir/rosidl_typesupport_fastrtps_cpp/action_tutorials_interfaces/action/detail/dds_fastrtps/fibonacci__type_support.cpp.o[0m
[1.904s] [35m[1mScanning dependencies of target action_tutorials_interfaces__rosidl_typesupport_c[0m
[1.926s] [ 41%] [32mBuilding CXX object CMakeFiles/action_tutorials_interfaces__rosidl_typesupport_c.dir/rosidl_typesupport_c/action_tutorials_interfaces/action/fibonacci__type_support.cpp.o[0m
[1.992s] [35m[1mScanning dependencies of target action_tutorials_interfaces__rosidl_typesupport_introspection_c[0m
[2.010s] [ 45%] [32mBuilding C object CMakeFiles/action_tutorials_interfaces__rosidl_typesupport_introspection_c.dir/rosidl_typesupport_introspection_c/action_tutorials_interfaces/action/detail/fibonacci__type_support.c.o[0m
[2.017s] [ 48%] [32m[1mLinking CXX shared library libaction_tutorials_interfaces__rosidl_typesupport_c.so[0m
[2.072s] [ 51%] [32m[1mLinking C shared library libaction_tutorials_interfaces__rosidl_typesupport_introspection_c.so[0m
[2.099s] [ 51%] Built target action_tutorials_interfaces__rosidl_typesupport_c
[2.114s] [ 51%] Built target action_tutorials_interfaces__rosidl_typesupport_introspection_c
[2.179s] [ 54%] [32m[1mLinking CXX shared library libaction_tutorials_interfaces__rosidl_typesupport_cpp.so[0m
[2.229s] [ 54%] Built target action_tutorials_interfaces__rosidl_typesupport_cpp
[2.293s] [ 58%] [32m[1mLinking CXX shared library libaction_tutorials_interfaces__rosidl_typesupport_introspection_cpp.so[0m
[2.390s] [ 58%] Built target action_tutorials_interfaces__rosidl_typesupport_introspection_cpp
[2.433s] [ 61%] [32m[1mLinking CXX shared library libaction_tutorials_interfaces__rosidl_typesupport_fastrtps_cpp.so[0m
[2.540s] [ 61%] Built target action_tutorials_interfaces__rosidl_typesupport_fastrtps_cpp
[2.553s] [ 64%] [34m[1mGenerating C type support for eProsima Fast-RTPS[0m
[2.889s] [35m[1mScanning dependencies of target action_tutorials_interfaces__rosidl_typesupport_fastrtps_c[0m
[2.909s] [ 67%] [32mBuilding CXX object CMakeFiles/action_tutorials_interfaces__rosidl_typesupport_fastrtps_c.dir/rosidl_typesupport_fastrtps_c/action_tutorials_interfaces/action/detail/fibonacci__type_support_c.cpp.o[0m
[3.297s] [ 70%] [32m[1mLinking CXX shared library libaction_tutorials_interfaces__rosidl_typesupport_fastrtps_c.so[0m
[3.404s] [ 70%] Built target action_tutorials_interfaces__rosidl_typesupport_fastrtps_c
[3.417s] [35m[1mScanning dependencies of target action_tutorials_interfaces[0m
[3.430s] [ 70%] Built target action_tutorials_interfaces
[3.442s] [35m[1mScanning dependencies of target action_tutorials_interfaces__py[0m
[3.454s] [ 74%] [34m[1mGenerating Python code for ROS interfaces[0m
[4.214s] [ 74%] Built target action_tutorials_interfaces__py
[4.226s] [35m[1mScanning dependencies of target action_tutorials_interfaces__python[0m
[4.249s] [ 77%] [32mBuilding C object CMakeFiles/action_tutorials_interfaces__python.dir/rosidl_generator_py/action_tutorials_interfaces/action/_fibonacci_s.c.o[0m
[4.390s] [ 80%] [32m[1mLinking C shared library rosidl_generator_py/action_tutorials_interfaces/libaction_tutorials_interfaces__python.so[0m
[4.438s] [ 80%] Built target action_tutorials_interfaces__python
[4.449s] [35m[1mScanning dependencies of target action_tutorials_interfaces__rosidl_typesupport_c__pyext[0m
[4.450s] [35m[1mScanning dependencies of target action_tutorials_interfaces__rosidl_typesupport_introspection_c__pyext[0m
[4.450s] [35m[1mScanning dependencies of target action_tutorials_interfaces__rosidl_typesupport_fastrtps_c__pyext[0m
[4.468s] [ 83%] [32mBuilding C object CMakeFiles/action_tutorials_interfaces__rosidl_typesupport_introspection_c__pyext.dir/rosidl_generator_py/action_tutorials_interfaces/_action_tutorials_interfaces_s.ep.rosidl_typesupport_introspection_c.c.o[0m
[4.470s] [ 87%] [32mBuilding C object CMakeFiles/action_tutorials_interfaces__rosidl_typesupport_c__pyext.dir/rosidl_generator_py/action_tutorials_interfaces/_action_tutorials_interfaces_s.ep.rosidl_typesupport_c.c.o[0m
[4.473s] [ 90%] [32mBuilding C object CMakeFiles/action_tutorials_interfaces__rosidl_typesupport_fastrtps_c__pyext.dir/rosidl_generator_py/action_tutorials_interfaces/_action_tutorials_interfaces_s.ep.rosidl_typesupport_fastrtps_c.c.o[0m
[4.572s] [ 93%] [32m[1mLinking C shared library rosidl_generator_py/action_tutorials_interfaces/action_tutorials_interfaces_s__rosidl_typesupport_introspection_c.cpython-38-x86_64-linux-gnu.so[0m
[4.574s] [ 96%] [32m[1mLinking C shared library rosidl_generator_py/action_tutorials_interfaces/action_tutorials_interfaces_s__rosidl_typesupport_c.cpython-38-x86_64-linux-gnu.so[0m
[4.581s] [100%] [32m[1mLinking CXX shared library rosidl_generator_py/action_tutorials_interfaces/action_tutorials_interfaces_s__rosidl_typesupport_fastrtps_c.cpython-38-x86_64-linux-gnu.so[0m
[4.616s] [100%] Built target action_tutorials_interfaces__rosidl_typesupport_c__pyext
[4.616s] [100%] Built target action_tutorials_interfaces__rosidl_typesupport_introspection_c__pyext
[4.657s] [100%] Built target action_tutorials_interfaces__rosidl_typesupport_fastrtps_c__pyext
[4.670s] Invoked command in '/home/aaf/Software/Dev/robot/ros/action_ws/build/action_tutorials_interfaces' returned '0': CMAKE_PREFIX_PATH=/home/aaf/Software/Dev/robot/ros/install/py_pubsub:/home/aaf/Software/Dev/robot/ros/install/my_robot_tutorials:/opt/ros/rolling:${CMAKE_PREFIX_PATH} /usr/bin/cmake --build /home/aaf/Software/Dev/robot/ros/action_ws/build/action_tutorials_interfaces -- -j8 -l8
[4.736s] Invoking command in '/home/aaf/Software/Dev/robot/ros/action_ws/build/action_tutorials_interfaces': CMAKE_PREFIX_PATH=/home/aaf/Software/Dev/robot/ros/install/py_pubsub:/home/aaf/Software/Dev/robot/ros/install/my_robot_tutorials:/opt/ros/rolling:${CMAKE_PREFIX_PATH} /usr/bin/cmake --install /home/aaf/Software/Dev/robot/ros/action_ws/build/action_tutorials_interfaces
[4.746s] -- Install configuration: ""
[4.747s] -- Installing: /home/aaf/Software/Dev/robot/ros/action_ws/install/action_tutorials_interfaces/share/ament_index/resource_index/rosidl_interfaces/action_tutorials_interfaces
[4.747s] -- Installing: /home/aaf/Software/Dev/robot/ros/action_ws/install/action_tutorials_interfaces/include/action_tutorials_interfaces
[4.747s] -- Installing: /home/aaf/Software/Dev/robot/ros/action_ws/install/action_tutorials_interfaces/include/action_tutorials_interfaces/action
[4.747s] -- Installing: /home/aaf/Software/Dev/robot/ros/action_ws/install/action_tutorials_interfaces/include/action_tutorials_interfaces/action/fibonacci.h
[4.747s] -- Installing: /home/aaf/Software/Dev/robot/ros/action_ws/install/action_tutorials_interfaces/include/action_tutorials_interfaces/action/detail
[4.747s] -- Installing: /home/aaf/Software/Dev/robot/ros/action_ws/install/action_tutorials_interfaces/include/action_tutorials_interfaces/action/detail/fibonacci__type_support.h
[4.747s] -- Installing: /home/aaf/Software/Dev/robot/ros/action_ws/install/action_tutorials_interfaces/include/action_tutorials_interfaces/action/detail/fibonacci__functions.h
[4.747s] -- Installing: /home/aaf/Software/Dev/robot/ros/action_ws/install/action_tutorials_interfaces/include/action_tutorials_interfaces/action/detail/fibonacci__struct.h
[4.748s] -- Installing: /home/aaf/Software/Dev/robot/ros/action_ws/install/action_tutorials_interfaces/include/action_tutorials_interfaces/action/detail/fibonacci__functions.c
[4.748s] -- Installing: /home/aaf/Software/Dev/robot/ros/action_ws/install/action_tutorials_interfaces/include/action_tutorials_interfaces/msg
[4.748s] -- Installing: /home/aaf/Software/Dev/robot/ros/action_ws/install/action_tutorials_interfaces/include/action_tutorials_interfaces/msg/rosidl_generator_c__visibility_control.h
[4.748s] -- Installing: /home/aaf/Software/Dev/robot/ros/action_ws/install/action_tutorials_interfaces/share/action_tutorials_interfaces/environment/library_path.sh
[4.748s] -- Installing: /home/aaf/Software/Dev/robot/ros/action_ws/install/action_tutorials_interfaces/share/action_tutorials_interfaces/environment/library_path.dsv
[4.748s] -- Installing: /home/aaf/Software/Dev/robot/ros/action_ws/install/action_tutorials_interfaces/lib/libaction_tutorials_interfaces__rosidl_generator_c.so
[4.748s] -- Set runtime path of "/home/aaf/Software/Dev/robot/ros/action_ws/install/action_tutorials_interfaces/lib/libaction_tutorials_interfaces__rosidl_generator_c.so" to ""
[4.748s] -- Up-to-date: /home/aaf/Software/Dev/robot/ros/action_ws/install/action_tutorials_interfaces/include/action_tutorials_interfaces
[4.749s] -- Up-to-date: /home/aaf/Software/Dev/robot/ros/action_ws/install/action_tutorials_interfaces/include/action_tutorials_interfaces/action
[4.749s] -- Up-to-date: /home/aaf/Software/Dev/robot/ros/action_ws/install/action_tutorials_interfaces/include/action_tutorials_interfaces/action/detail
[4.749s] -- Installing: /home/aaf/Software/Dev/robot/ros/action_ws/install/action_tutorials_interfaces/include/action_tutorials_interfaces/action/detail/fibonacci__rosidl_typesupport_fastrtps_c.h
[4.749s] -- Up-to-date: /home/aaf/Software/Dev/robot/ros/action_ws/install/action_tutorials_interfaces/include/action_tutorials_interfaces/msg
[4.749s] -- Installing: /home/aaf/Software/Dev/robot/ros/action_ws/install/action_tutorials_interfaces/include/action_tutorials_interfaces/msg/rosidl_typesupport_fastrtps_c__visibility_control.h
[4.749s] -- Installing: /home/aaf/Software/Dev/robot/ros/action_ws/install/action_tutorials_interfaces/lib/libaction_tutorials_interfaces__rosidl_typesupport_fastrtps_c.so
[4.749s] -- Set runtime path of "/home/aaf/Software/Dev/robot/ros/action_ws/install/action_tutorials_interfaces/lib/libaction_tutorials_interfaces__rosidl_typesupport_fastrtps_c.so" to ""
[4.749s] -- Up-to-date: /home/aaf/Software/Dev/robot/ros/action_ws/install/action_tutorials_interfaces/include/action_tutorials_interfaces
[4.750s] -- Up-to-date: /home/aaf/Software/Dev/robot/ros/action_ws/install/action_tutorials_interfaces/include/action_tutorials_interfaces/action
[4.750s] -- Up-to-date: /home/aaf/Software/Dev/robot/ros/action_ws/install/action_tutorials_interfaces/include/action_tutorials_interfaces/action/detail
[4.750s] -- Installing: /home/aaf/Software/Dev/robot/ros/action_ws/install/action_tutorials_interfaces/include/action_tutorials_interfaces/action/detail/fibonacci__rosidl_typesupport_fastrtps_cpp.hpp
[4.750s] -- Installing: /home/aaf/Software/Dev/robot/ros/action_ws/install/action_tutorials_interfaces/include/action_tutorials_interfaces/action/detail/dds_fastrtps
[4.750s] -- Up-to-date: /home/aaf/Software/Dev/robot/ros/action_ws/install/action_tutorials_interfaces/include/action_tutorials_interfaces/msg
[4.750s] -- Installing: /home/aaf/Software/Dev/robot/ros/action_ws/install/action_tutorials_interfaces/include/action_tutorials_interfaces/msg/rosidl_typesupport_fastrtps_cpp__visibility_control.h
[4.750s] -- Installing: /home/aaf/Software/Dev/robot/ros/action_ws/install/action_tutorials_interfaces/lib/libaction_tutorials_interfaces__rosidl_typesupport_fastrtps_cpp.so
[4.751s] -- Set runtime path of "/home/aaf/Software/Dev/robot/ros/action_ws/install/action_tutorials_interfaces/lib/libaction_tutorials_interfaces__rosidl_typesupport_fastrtps_cpp.so" to ""
[4.751s] -- Up-to-date: /home/aaf/Software/Dev/robot/ros/action_ws/install/action_tutorials_interfaces/include/action_tutorials_interfaces
[4.751s] -- Up-to-date: /home/aaf/Software/Dev/robot/ros/action_ws/install/action_tutorials_interfaces/include/action_tutorials_interfaces/action
[4.751s] -- Up-to-date: /home/aaf/Software/Dev/robot/ros/action_ws/install/action_tutorials_interfaces/include/action_tutorials_interfaces/action/detail
[4.751s] -- Installing: /home/aaf/Software/Dev/robot/ros/action_ws/install/action_tutorials_interfaces/include/action_tutorials_interfaces/action/detail/fibonacci__type_support.c
[4.751s] -- Installing: /home/aaf/Software/Dev/robot/ros/action_ws/install/action_tutorials_interfaces/include/action_tutorials_interfaces/action/detail/fibonacci__rosidl_typesupport_introspection_c.h
[4.751s] -- Up-to-date: /home/aaf/Software/Dev/robot/ros/action_ws/install/action_tutorials_interfaces/include/action_tutorials_interfaces/msg
[4.751s] -- Installing: /home/aaf/Software/Dev/robot/ros/action_ws/install/action_tutorials_interfaces/include/action_tutorials_interfaces/msg/rosidl_typesupport_introspection_c__visibility_control.h
[4.751s] -- Installing: /home/aaf/Software/Dev/robot/ros/action_ws/install/action_tutorials_interfaces/lib/libaction_tutorials_interfaces__rosidl_typesupport_introspection_c.so
[4.752s] -- Set runtime path of "/home/aaf/Software/Dev/robot/ros/action_ws/install/action_tutorials_interfaces/lib/libaction_tutorials_interfaces__rosidl_typesupport_introspection_c.so" to ""
[4.752s] -- Installing: /home/aaf/Software/Dev/robot/ros/action_ws/install/action_tutorials_interfaces/lib/libaction_tutorials_interfaces__rosidl_typesupport_c.so
[4.752s] -- Set runtime path of "/home/aaf/Software/Dev/robot/ros/action_ws/install/action_tutorials_interfaces/lib/libaction_tutorials_interfaces__rosidl_typesupport_c.so" to ""
[4.752s] -- Up-to-date: /home/aaf/Software/Dev/robot/ros/action_ws/install/action_tutorials_interfaces/include/action_tutorials_interfaces
[4.752s] -- Up-to-date: /home/aaf/Software/Dev/robot/ros/action_ws/install/action_tutorials_interfaces/include/action_tutorials_interfaces/action
[4.753s] -- Up-to-date: /home/aaf/Software/Dev/robot/ros/action_ws/install/action_tutorials_interfaces/include/action_tutorials_interfaces/action/detail
[4.753s] -- Installing: /home/aaf/Software/Dev/robot/ros/action_ws/install/action_tutorials_interfaces/include/action_tutorials_interfaces/action/detail/fibonacci__traits.hpp
[4.753s] -- Installing: /home/aaf/Software/Dev/robot/ros/action_ws/install/action_tutorials_interfaces/include/action_tutorials_interfaces/action/detail/fibonacci__struct.hpp
[4.753s] -- Installing: /home/aaf/Software/Dev/robot/ros/action_ws/install/action_tutorials_interfaces/include/action_tutorials_interfaces/action/detail/fibonacci__builder.hpp
[4.753s] -- Installing: /home/aaf/Software/Dev/robot/ros/action_ws/install/action_tutorials_interfaces/include/action_tutorials_interfaces/action/fibonacci.hpp
[4.753s] -- Up-to-date: /home/aaf/Software/Dev/robot/ros/action_ws/install/action_tutorials_interfaces/include/action_tutorials_interfaces
[4.753s] -- Up-to-date: /home/aaf/Software/Dev/robot/ros/action_ws/install/action_tutorials_interfaces/include/action_tutorials_interfaces/action
[4.753s] -- Up-to-date: /home/aaf/Software/Dev/robot/ros/action_ws/install/action_tutorials_interfaces/include/action_tutorials_interfaces/action/detail
[4.753s] -- Installing: /home/aaf/Software/Dev/robot/ros/action_ws/install/action_tutorials_interfaces/include/action_tutorials_interfaces/action/detail/fibonacci__type_support.cpp
[4.753s] -- Installing: /home/aaf/Software/Dev/robot/ros/action_ws/install/action_tutorials_interfaces/include/action_tutorials_interfaces/action/detail/fibonacci__rosidl_typesupport_introspection_cpp.hpp
[4.753s] -- Installing: /home/aaf/Software/Dev/robot/ros/action_ws/install/action_tutorials_interfaces/lib/libaction_tutorials_interfaces__rosidl_typesupport_introspection_cpp.so
[4.754s] -- Set runtime path of "/home/aaf/Software/Dev/robot/ros/action_ws/install/action_tutorials_interfaces/lib/libaction_tutorials_interfaces__rosidl_typesupport_introspection_cpp.so" to ""
[4.754s] -- Installing: /home/aaf/Software/Dev/robot/ros/action_ws/install/action_tutorials_interfaces/lib/libaction_tutorials_interfaces__rosidl_typesupport_cpp.so
[4.754s] -- Set runtime path of "/home/aaf/Software/Dev/robot/ros/action_ws/install/action_tutorials_interfaces/lib/libaction_tutorials_interfaces__rosidl_typesupport_cpp.so" to ""
[4.754s] -- Installing: /home/aaf/Software/Dev/robot/ros/action_ws/install/action_tutorials_interfaces/share/action_tutorials_interfaces/environment/pythonpath.sh
[4.755s] -- Installing: /home/aaf/Software/Dev/robot/ros/action_ws/install/action_tutorials_interfaces/share/action_tutorials_interfaces/environment/pythonpath.dsv
[4.755s] -- Installing: /home/aaf/Software/Dev/robot/ros/action_ws/install/action_tutorials_interfaces/lib/python3.8/site-packages//action_tutorials_interfaces.egg-info
[4.755s] -- Installing: /home/aaf/Software/Dev/robot/ros/action_ws/install/action_tutorials_interfaces/lib/python3.8/site-packages//action_tutorials_interfaces.egg-info/PKG-INFO
[4.755s] -- Installing: /home/aaf/Software/Dev/robot/ros/action_ws/install/action_tutorials_interfaces/lib/python3.8/site-packages//action_tutorials_interfaces.egg-info/SOURCES.txt
[4.755s] -- Installing: /home/aaf/Software/Dev/robot/ros/action_ws/install/action_tutorials_interfaces/lib/python3.8/site-packages//action_tutorials_interfaces.egg-info/top_level.txt
[4.755s] -- Installing: /home/aaf/Software/Dev/robot/ros/action_ws/install/action_tutorials_interfaces/lib/python3.8/site-packages//action_tutorials_interfaces.egg-info/dependency_links.txt
[4.755s] -- Installing: /home/aaf/Software/Dev/robot/ros/action_ws/install/action_tutorials_interfaces/lib/python3.8/site-packages/action_tutorials_interfaces
[4.755s] -- Installing: /home/aaf/Software/Dev/robot/ros/action_ws/install/action_tutorials_interfaces/lib/python3.8/site-packages/action_tutorials_interfaces/action
[4.755s] -- Installing: /home/aaf/Software/Dev/robot/ros/action_ws/install/action_tutorials_interfaces/lib/python3.8/site-packages/action_tutorials_interfaces/action/_fibonacci_s.c
[4.756s] -- Installing: /home/aaf/Software/Dev/robot/ros/action_ws/install/action_tutorials_interfaces/lib/python3.8/site-packages/action_tutorials_interfaces/action/__init__.py
[4.756s] -- Installing: /home/aaf/Software/Dev/robot/ros/action_ws/install/action_tutorials_interfaces/lib/python3.8/site-packages/action_tutorials_interfaces/action/_fibonacci.py
[4.756s] -- Installing: /home/aaf/Software/Dev/robot/ros/action_ws/install/action_tutorials_interfaces/lib/python3.8/site-packages/action_tutorials_interfaces/action_tutorials_interfaces_s__rosidl_typesupport_introspection_c.cpython-38-x86_64-linux-gnu.so
[4.756s] -- Installing: /home/aaf/Software/Dev/robot/ros/action_ws/install/action_tutorials_interfaces/lib/python3.8/site-packages/action_tutorials_interfaces/libaction_tutorials_interfaces__python.so
[4.756s] -- Installing: /home/aaf/Software/Dev/robot/ros/action_ws/install/action_tutorials_interfaces/lib/python3.8/site-packages/action_tutorials_interfaces/_action_tutorials_interfaces_s.ep.rosidl_typesupport_introspection_c.c
[4.756s] -- Installing: /home/aaf/Software/Dev/robot/ros/action_ws/install/action_tutorials_interfaces/lib/python3.8/site-packages/action_tutorials_interfaces/__init__.py
[4.756s] -- Installing: /home/aaf/Software/Dev/robot/ros/action_ws/install/action_tutorials_interfaces/lib/python3.8/site-packages/action_tutorials_interfaces/action_tutorials_interfaces_s__rosidl_typesupport_c.cpython-38-x86_64-linux-gnu.so
[4.756s] -- Installing: /home/aaf/Software/Dev/robot/ros/action_ws/install/action_tutorials_interfaces/lib/python3.8/site-packages/action_tutorials_interfaces/_action_tutorials_interfaces_s.ep.rosidl_typesupport_c.c
[4.756s] -- Installing: /home/aaf/Software/Dev/robot/ros/action_ws/install/action_tutorials_interfaces/lib/python3.8/site-packages/action_tutorials_interfaces/_action_tutorials_interfaces_s.ep.rosidl_typesupport_fastrtps_c.c
[4.757s] -- Installing: /home/aaf/Software/Dev/robot/ros/action_ws/install/action_tutorials_interfaces/lib/python3.8/site-packages/action_tutorials_interfaces/action_tutorials_interfaces_s__rosidl_typesupport_fastrtps_c.cpython-38-x86_64-linux-gnu.so
[4.796s] Listing '/home/aaf/Software/Dev/robot/ros/action_ws/install/action_tutorials_interfaces/lib/python3.8/site-packages/action_tutorials_interfaces'...
[4.796s] Compiling '/home/aaf/Software/Dev/robot/ros/action_ws/install/action_tutorials_interfaces/lib/python3.8/site-packages/action_tutorials_interfaces/__init__.py'...
[4.796s] Listing '/home/aaf/Software/Dev/robot/ros/action_ws/install/action_tutorials_interfaces/lib/python3.8/site-packages/action_tutorials_interfaces/action'...
[4.796s] Compiling '/home/aaf/Software/Dev/robot/ros/action_ws/install/action_tutorials_interfaces/lib/python3.8/site-packages/action_tutorials_interfaces/action/__init__.py'...
[4.796s] Compiling '/home/aaf/Software/Dev/robot/ros/action_ws/install/action_tutorials_interfaces/lib/python3.8/site-packages/action_tutorials_interfaces/action/_fibonacci.py'...
[4.801s] -- Installing: /home/aaf/Software/Dev/robot/ros/action_ws/install/action_tutorials_interfaces/lib/python3.8/site-packages/action_tutorials_interfaces/action_tutorials_interfaces_s__rosidl_typesupport_fastrtps_c.cpython-38-x86_64-linux-gnu.so
[4.802s] -- Set runtime path of "/home/aaf/Software/Dev/robot/ros/action_ws/install/action_tutorials_interfaces/lib/python3.8/site-packages/action_tutorials_interfaces/action_tutorials_interfaces_s__rosidl_typesupport_fastrtps_c.cpython-38-x86_64-linux-gnu.so" to ""
[4.802s] -- Installing: /home/aaf/Software/Dev/robot/ros/action_ws/install/action_tutorials_interfaces/lib/python3.8/site-packages/action_tutorials_interfaces/action_tutorials_interfaces_s__rosidl_typesupport_introspection_c.cpython-38-x86_64-linux-gnu.so
[4.803s] -- Set runtime path of "/home/aaf/Software/Dev/robot/ros/action_ws/install/action_tutorials_interfaces/lib/python3.8/site-packages/action_tutorials_interfaces/action_tutorials_interfaces_s__rosidl_typesupport_introspection_c.cpython-38-x86_64-linux-gnu.so" to ""
[4.803s] -- Installing: /home/aaf/Software/Dev/robot/ros/action_ws/install/action_tutorials_interfaces/lib/python3.8/site-packages/action_tutorials_interfaces/action_tutorials_interfaces_s__rosidl_typesupport_c.cpython-38-x86_64-linux-gnu.so
[4.804s] -- Set runtime path of "/home/aaf/Software/Dev/robot/ros/action_ws/install/action_tutorials_interfaces/lib/python3.8/site-packages/action_tutorials_interfaces/action_tutorials_interfaces_s__rosidl_typesupport_c.cpython-38-x86_64-linux-gnu.so" to ""
[4.804s] -- Installing: /home/aaf/Software/Dev/robot/ros/action_ws/install/action_tutorials_interfaces/lib/libaction_tutorials_interfaces__python.so
[4.804s] -- Set runtime path of "/home/aaf/Software/Dev/robot/ros/action_ws/install/action_tutorials_interfaces/lib/libaction_tutorials_interfaces__python.so" to ""
[4.804s] -- Installing: /home/aaf/Software/Dev/robot/ros/action_ws/install/action_tutorials_interfaces/share/action_tutorials_interfaces/action/Fibonacci.idl
[4.805s] -- Installing: /home/aaf/Software/Dev/robot/ros/action_ws/install/action_tutorials_interfaces/share/action_tutorials_interfaces/action/Fibonacci.action
[4.805s] -- Installing: /home/aaf/Software/Dev/robot/ros/action_ws/install/action_tutorials_interfaces/share/ament_index/resource_index/package_run_dependencies/action_tutorials_interfaces
[4.805s] -- Installing: /home/aaf/Software/Dev/robot/ros/action_ws/install/action_tutorials_interfaces/share/ament_index/resource_index/parent_prefix_path/action_tutorials_interfaces
[4.805s] -- Installing: /home/aaf/Software/Dev/robot/ros/action_ws/install/action_tutorials_interfaces/share/action_tutorials_interfaces/environment/ament_prefix_path.sh
[4.805s] -- Installing: /home/aaf/Software/Dev/robot/ros/action_ws/install/action_tutorials_interfaces/share/action_tutorials_interfaces/environment/ament_prefix_path.dsv
[4.805s] -- Installing: /home/aaf/Software/Dev/robot/ros/action_ws/install/action_tutorials_interfaces/share/action_tutorials_interfaces/environment/path.sh
[4.805s] -- Installing: /home/aaf/Software/Dev/robot/ros/action_ws/install/action_tutorials_interfaces/share/action_tutorials_interfaces/environment/path.dsv
[4.805s] -- Installing: /home/aaf/Software/Dev/robot/ros/action_ws/install/action_tutorials_interfaces/share/action_tutorials_interfaces/local_setup.bash
[4.806s] -- Installing: /home/aaf/Software/Dev/robot/ros/action_ws/install/action_tutorials_interfaces/share/action_tutorials_interfaces/local_setup.sh
[4.806s] -- Installing: /home/aaf/Software/Dev/robot/ros/action_ws/install/action_tutorials_interfaces/share/action_tutorials_interfaces/local_setup.zsh
[4.806s] -- Installing: /home/aaf/Software/Dev/robot/ros/action_ws/install/action_tutorials_interfaces/share/action_tutorials_interfaces/local_setup.dsv
[4.806s] -- Installing: /home/aaf/Software/Dev/robot/ros/action_ws/install/action_tutorials_interfaces/share/action_tutorials_interfaces/package.dsv
[4.806s] -- Installing: /home/aaf/Software/Dev/robot/ros/action_ws/install/action_tutorials_interfaces/share/ament_index/resource_index/packages/action_tutorials_interfaces
[4.806s] -- Installing: /home/aaf/Software/Dev/robot/ros/action_ws/install/action_tutorials_interfaces/share/action_tutorials_interfaces/cmake/action_tutorials_interfacesExport.cmake
[4.807s] -- Installing: /home/aaf/Software/Dev/robot/ros/action_ws/install/action_tutorials_interfaces/share/action_tutorials_interfaces/cmake/action_tutorials_interfacesExport-noconfig.cmake
[4.807s] -- Installing: /home/aaf/Software/Dev/robot/ros/action_ws/install/action_tutorials_interfaces/share/action_tutorials_interfaces/cmake/rosidl_cmake-extras.cmake
[4.807s] -- Installing: /home/aaf/Software/Dev/robot/ros/action_ws/install/action_tutorials_interfaces/share/action_tutorials_interfaces/cmake/ament_cmake_export_dependencies-extras.cmake
[4.807s] -- Installing: /home/aaf/Software/Dev/robot/ros/action_ws/install/action_tutorials_interfaces/share/action_tutorials_interfaces/cmake/ament_cmake_export_targets-extras.cmake
[4.807s] -- Installing: /home/aaf/Software/Dev/robot/ros/action_ws/install/action_tutorials_interfaces/share/action_tutorials_interfaces/cmake/ament_cmake_export_libraries-extras.cmake
[4.807s] -- Installing: /home/aaf/Software/Dev/robot/ros/action_ws/install/action_tutorials_interfaces/share/action_tutorials_interfaces/cmake/ament_cmake_export_include_directories-extras.cmake
[4.807s] -- Installing: /home/aaf/Software/Dev/robot/ros/action_ws/install/action_tutorials_interfaces/share/action_tutorials_interfaces/cmake/rosidl_cmake_export_typesupport_libraries-extras.cmake
[4.807s] -- Installing: /home/aaf/Software/Dev/robot/ros/action_ws/install/action_tutorials_interfaces/share/action_tutorials_interfaces/cmake/rosidl_cmake_export_typesupport_targets-extras.cmake
[4.808s] -- Installing: /home/aaf/Software/Dev/robot/ros/action_ws/install/action_tutorials_interfaces/share/action_tutorials_interfaces/cmake/action_tutorials_interfacesConfig.cmake
[4.808s] -- Installing: /home/aaf/Software/Dev/robot/ros/action_ws/install/action_tutorials_interfaces/share/action_tutorials_interfaces/cmake/action_tutorials_interfacesConfig-version.cmake
[4.808s] -- Installing: /home/aaf/Software/Dev/robot/ros/action_ws/install/action_tutorials_interfaces/share/action_tutorials_interfaces/package.xml
[4.811s] Invoked command in '/home/aaf/Software/Dev/robot/ros/action_ws/build/action_tutorials_interfaces' returned '0': CMAKE_PREFIX_PATH=/home/aaf/Software/Dev/robot/ros/install/py_pubsub:/home/aaf/Software/Dev/robot/ros/install/my_robot_tutorials:/opt/ros/rolling:${CMAKE_PREFIX_PATH} /usr/bin/cmake --install /home/aaf/Software/Dev/robot/ros/action_ws/build/action_tutorials_interfaces
