[0.556s] DEBUG:colcon:Command line arguments: ['/usr/bin/colcon', 'build']
[0.556s] DEBUG:colcon:Parsed command line arguments: Namespace(ament_cmake_args=None, base_paths=['.'], build_base='build', catkin_cmake_args=None, catkin_skip_building_tests=False, cmake_args=None, cmake_clean_cache=False, cmake_clean_first=False, cmake_force_configure=False, cmake_target=None, cmake_target_skip_unavailable=False, continue_on_error=False, event_handlers=None, executor='parallel', ignore_user_meta=False, install_base='install', log_base=None, log_level=None, main=<bound method BuildVerb.main of <colcon_core.verb.build.BuildVerb object at 0x7f57f506a430>>, merge_install=False, metas=['./colcon.meta'], packages_above=None, packages_above_and_dependencies=None, packages_above_depth=None, packages_end=None, packages_ignore=None, packages_ignore_regex=None, packages_select=None, packages_select_build_failed=False, packages_select_by_dep=None, packages_select_regex=None, packages_select_test_failures=False, packages_skip=None, packages_skip_build_finished=False, packages_skip_by_dep=None, packages_skip_regex=None, packages_skip_test_passed=False, packages_skip_up_to=None, packages_start=None, packages_up_to=None, packages_up_to_regex=None, parallel_workers=8, paths=None, symlink_install=False, test_result_base=None, verb_extension=<colcon_core.verb.build.BuildVerb object at 0x7f57f506a430>, verb_name='build', verb_parser=<colcon_defaults.argument_parser.defaults.DefaultArgumentsDecorator object at 0x7f57f519ddf0>)
[0.563s] Level 1:colcon.colcon_core.package_discovery:discover_packages(colcon_meta) check parameters
[0.563s] Level 1:colcon.colcon_core.package_discovery:discover_packages(recursive) check parameters
[0.563s] Level 1:colcon.colcon_core.package_discovery:discover_packages(ignore) check parameters
[0.563s] Level 1:colcon.colcon_core.package_discovery:discover_packages(path) check parameters
[0.563s] Level 1:colcon.colcon_core.package_discovery:discover_packages(colcon_meta) discover
[0.564s] Level 1:colcon.colcon_core.package_discovery:discover_packages(recursive) discover
[0.564s] INFO:colcon.colcon_core.package_discovery:Crawling recursively for packages in '/home/aaf/Software/Dev/robot/brain'
[0.564s] Level 1:colcon.colcon_core.package_identification:_identify(.) by extensions ['ignore', 'ignore_ament_install']
[0.564s] Level 1:colcon.colcon_core.package_identification:_identify(.) by extension 'ignore'
[0.564s] Level 1:colcon.colcon_core.package_identification:_identify(.) by extension 'ignore_ament_install'
[0.564s] Level 1:colcon.colcon_core.package_identification:_identify(.) by extensions ['colcon_pkg']
[0.564s] Level 1:colcon.colcon_core.package_identification:_identify(.) by extension 'colcon_pkg'
[0.564s] Level 1:colcon.colcon_core.package_identification:_identify(.) by extensions ['colcon_meta']
[0.564s] Level 1:colcon.colcon_core.package_identification:_identify(.) by extension 'colcon_meta'
[0.564s] Level 1:colcon.colcon_core.package_identification:_identify(.) by extensions ['ros']
[0.564s] Level 1:colcon.colcon_core.package_identification:_identify(.) by extension 'ros'
[0.588s] DEBUG:colcon.colcon_core.package_identification:Package '.' with type 'ros.ament_cmake' and name 'brain'
[0.588s] Level 1:colcon.colcon_core.package_discovery:discover_packages(recursive) using defaults
[0.588s] Level 1:colcon.colcon_core.package_discovery:discover_packages(ignore) discover
[0.588s] Level 1:colcon.colcon_core.package_discovery:discover_packages(ignore) using defaults
[0.588s] Level 1:colcon.colcon_core.package_discovery:discover_packages(path) discover
[0.588s] Level 1:colcon.colcon_core.package_discovery:discover_packages(path) using defaults
[0.625s] Level 5:colcon.colcon_core.verb:set package 'brain' build argument 'cmake_args' from command line to 'None'
[0.626s] Level 5:colcon.colcon_core.verb:set package 'brain' build argument 'cmake_target' from command line to 'None'
[0.626s] Level 5:colcon.colcon_core.verb:set package 'brain' build argument 'cmake_target_skip_unavailable' from command line to 'False'
[0.626s] Level 5:colcon.colcon_core.verb:set package 'brain' build argument 'cmake_clean_cache' from command line to 'False'
[0.626s] Level 5:colcon.colcon_core.verb:set package 'brain' build argument 'cmake_clean_first' from command line to 'False'
[0.626s] Level 5:colcon.colcon_core.verb:set package 'brain' build argument 'cmake_force_configure' from command line to 'False'
[0.626s] Level 5:colcon.colcon_core.verb:set package 'brain' build argument 'ament_cmake_args' from command line to 'None'
[0.626s] Level 5:colcon.colcon_core.verb:set package 'brain' build argument 'catkin_cmake_args' from command line to 'None'
[0.626s] Level 5:colcon.colcon_core.verb:set package 'brain' build argument 'catkin_skip_building_tests' from command line to 'False'
[0.626s] DEBUG:colcon.colcon_core.verb:Building package 'brain' with the following arguments: {'ament_cmake_args': None, 'build_base': '/home/aaf/Software/Dev/robot/brain/build/brain', 'catkin_cmake_args': None, 'catkin_skip_building_tests': False, 'cmake_args': None, 'cmake_clean_cache': False, 'cmake_clean_first': False, 'cmake_force_configure': False, 'cmake_target': None, 'cmake_target_skip_unavailable': False, 'install_base': '/home/aaf/Software/Dev/robot/brain/install/brain', 'merge_install': False, 'path': '/home/aaf/Software/Dev/robot/brain', 'symlink_install': False, 'test_result_base': None}
[0.627s] INFO:colcon.colcon_core.executor:Executing jobs using 'parallel' executor
[0.630s] DEBUG:colcon.colcon_parallel_executor.executor.parallel:run_until_complete
[0.631s] INFO:colcon.colcon_ros.task.ament_cmake.build:Building ROS package in '/home/aaf/Software/Dev/robot/brain' with build type 'ament_cmake'
[0.631s] INFO:colcon.colcon_cmake.task.cmake.build:Building CMake package in '/home/aaf/Software/Dev/robot/brain'
[0.636s] INFO:colcon.colcon_core.plugin_system:Skipping extension 'colcon_core.shell.bat': Not used on non-Windows systems
[0.637s] INFO:colcon.colcon_core.shell:Skip shell extension 'powershell' for command environment: Not usable outside of PowerShell
[0.637s] DEBUG:colcon.colcon_core.shell:Skip shell extension 'dsv' for command environment
[0.640s] DEBUG:colcon.colcon_core.shell:Ignoring prefix path '/opt/ros/rolling'
[0.660s] DEBUG:colcon.colcon_core.event_handler.log_command:Invoking command in '/home/aaf/Software/Dev/robot/brain/build/brain': CMAKE_PREFIX_PATH=/opt/ros/rolling /usr/bin/cmake /home/aaf/Software/Dev/robot/brain -DCMAKE_INSTALL_PREFIX=/home/aaf/Software/Dev/robot/brain/install/brain
[4.060s] DEBUG:colcon.colcon_core.event_handler.log_command:Invoked command in '/home/aaf/Software/Dev/robot/brain/build/brain' returned '0': CMAKE_PREFIX_PATH=/opt/ros/rolling /usr/bin/cmake /home/aaf/Software/Dev/robot/brain -DCMAKE_INSTALL_PREFIX=/home/aaf/Software/Dev/robot/brain/install/brain
[4.066s] DEBUG:colcon.colcon_core.event_handler.log_command:Invoking command in '/home/aaf/Software/Dev/robot/brain/build/brain': CMAKE_PREFIX_PATH=/opt/ros/rolling /usr/bin/cmake --build /home/aaf/Software/Dev/robot/brain/build/brain -- -j8 -l8
[14.489s] DEBUG:colcon.colcon_core.event_handler.log_command:Invoked command in '/home/aaf/Software/Dev/robot/brain/build/brain' returned '0': CMAKE_PREFIX_PATH=/opt/ros/rolling /usr/bin/cmake --build /home/aaf/Software/Dev/robot/brain/build/brain -- -j8 -l8
[14.636s] DEBUG:colcon.colcon_core.event_handler.log_command:Invoking command in '/home/aaf/Software/Dev/robot/brain/build/brain': CMAKE_PREFIX_PATH=/opt/ros/rolling /usr/bin/cmake --install /home/aaf/Software/Dev/robot/brain/build/brain
[14.781s] Level 1:colcon.colcon_core.environment:create_environment_scripts_only(brain)
[14.782s] DEBUG:colcon.colcon_core.event_handler.log_command:Invoked command in '/home/aaf/Software/Dev/robot/brain/build/brain' returned '0': CMAKE_PREFIX_PATH=/opt/ros/rolling /usr/bin/cmake --install /home/aaf/Software/Dev/robot/brain/build/brain
[14.790s] Level 1:colcon.colcon_core.environment:checking '/home/aaf/Software/Dev/robot/brain/install/brain' for CMake module files
[14.791s] Level 1:colcon.colcon_core.environment:checking '/home/aaf/Software/Dev/robot/brain/install/brain' for CMake config files
[14.792s] Level 1:colcon.colcon_core.shell:create_environment_hook('brain', 'cmake_prefix_path')
[14.793s] INFO:colcon.colcon_core.shell:Creating environment hook '/home/aaf/Software/Dev/robot/brain/install/brain/share/brain/hook/cmake_prefix_path.ps1'
[14.795s] INFO:colcon.colcon_core.shell:Creating environment descriptor '/home/aaf/Software/Dev/robot/brain/install/brain/share/brain/hook/cmake_prefix_path.dsv'
[14.796s] INFO:colcon.colcon_core.shell:Creating environment hook '/home/aaf/Software/Dev/robot/brain/install/brain/share/brain/hook/cmake_prefix_path.sh'
[14.800s] Level 1:colcon.colcon_core.environment:checking '/home/aaf/Software/Dev/robot/brain/install/brain/lib'
[14.800s] Level 1:colcon.colcon_core.shell:create_environment_hook('brain', 'ld_library_path_lib')
[14.801s] INFO:colcon.colcon_core.shell:Creating environment hook '/home/aaf/Software/Dev/robot/brain/install/brain/share/brain/hook/ld_library_path_lib.ps1'
[14.802s] INFO:colcon.colcon_core.shell:Creating environment descriptor '/home/aaf/Software/Dev/robot/brain/install/brain/share/brain/hook/ld_library_path_lib.dsv'
[14.803s] INFO:colcon.colcon_core.shell:Creating environment hook '/home/aaf/Software/Dev/robot/brain/install/brain/share/brain/hook/ld_library_path_lib.sh'
[14.803s] Level 1:colcon.colcon_core.environment:checking '/home/aaf/Software/Dev/robot/brain/install/brain/bin'
[14.804s] Level 1:colcon.colcon_core.environment:checking '/home/aaf/Software/Dev/robot/brain/install/brain/lib/pkgconfig/brain.pc'
[14.804s] Level 1:colcon.colcon_core.environment:checking '/home/aaf/Software/Dev/robot/brain/install/brain/lib/python3.8/site-packages'
[14.804s] Level 1:colcon.colcon_core.shell:create_environment_hook('brain', 'pythonpath')
[14.805s] INFO:colcon.colcon_core.shell:Creating environment hook '/home/aaf/Software/Dev/robot/brain/install/brain/share/brain/hook/pythonpath.ps1'
[14.806s] INFO:colcon.colcon_core.shell:Creating environment descriptor '/home/aaf/Software/Dev/robot/brain/install/brain/share/brain/hook/pythonpath.dsv'
[14.806s] INFO:colcon.colcon_core.shell:Creating environment hook '/home/aaf/Software/Dev/robot/brain/install/brain/share/brain/hook/pythonpath.sh'
[14.809s] INFO:colcon.colcon_core.shell:Creating package script '/home/aaf/Software/Dev/robot/brain/install/brain/share/brain/package.ps1'
[14.810s] INFO:colcon.colcon_core.shell:Creating package descriptor '/home/aaf/Software/Dev/robot/brain/install/brain/share/brain/package.dsv'
[14.812s] INFO:colcon.colcon_core.shell:Creating package script '/home/aaf/Software/Dev/robot/brain/install/brain/share/brain/package.sh'
[14.813s] INFO:colcon.colcon_core.shell:Creating package script '/home/aaf/Software/Dev/robot/brain/install/brain/share/brain/package.bash'
[14.814s] INFO:colcon.colcon_core.shell:Creating package script '/home/aaf/Software/Dev/robot/brain/install/brain/share/brain/package.zsh'
[14.815s] Level 1:colcon.colcon_core.environment:create_file_with_runtime_dependencies(/home/aaf/Software/Dev/robot/brain/install/brain/share/colcon-core/packages/brain)
[14.937s] Level 1:colcon.colcon_core.environment:create_environment_scripts_only(brain)
[14.939s] Level 1:colcon.colcon_core.environment:checking '/home/aaf/Software/Dev/robot/brain/install/brain' for CMake module files
[14.940s] Level 1:colcon.colcon_core.environment:checking '/home/aaf/Software/Dev/robot/brain/install/brain' for CMake config files
[14.941s] Level 1:colcon.colcon_core.shell:create_environment_hook('brain', 'cmake_prefix_path')
[14.942s] INFO:colcon.colcon_core.shell:Creating environment hook '/home/aaf/Software/Dev/robot/brain/install/brain/share/brain/hook/cmake_prefix_path.ps1'
[14.943s] INFO:colcon.colcon_core.shell:Creating environment descriptor '/home/aaf/Software/Dev/robot/brain/install/brain/share/brain/hook/cmake_prefix_path.dsv'
[14.944s] INFO:colcon.colcon_core.shell:Creating environment hook '/home/aaf/Software/Dev/robot/brain/install/brain/share/brain/hook/cmake_prefix_path.sh'
[14.945s] Level 1:colcon.colcon_core.environment:checking '/home/aaf/Software/Dev/robot/brain/install/brain/lib'
[14.945s] Level 1:colcon.colcon_core.shell:create_environment_hook('brain', 'ld_library_path_lib')
[14.946s] INFO:colcon.colcon_core.shell:Creating environment hook '/home/aaf/Software/Dev/robot/brain/install/brain/share/brain/hook/ld_library_path_lib.ps1'
[14.947s] INFO:colcon.colcon_core.shell:Creating environment descriptor '/home/aaf/Software/Dev/robot/brain/install/brain/share/brain/hook/ld_library_path_lib.dsv'
[14.948s] INFO:colcon.colcon_core.shell:Creating environment hook '/home/aaf/Software/Dev/robot/brain/install/brain/share/brain/hook/ld_library_path_lib.sh'
[14.948s] Level 1:colcon.colcon_core.environment:checking '/home/aaf/Software/Dev/robot/brain/install/brain/bin'
[14.949s] Level 1:colcon.colcon_core.environment:checking '/home/aaf/Software/Dev/robot/brain/install/brain/lib/pkgconfig/brain.pc'
[14.949s] Level 1:colcon.colcon_core.environment:checking '/home/aaf/Software/Dev/robot/brain/install/brain/lib/python3.8/site-packages'
[14.949s] Level 1:colcon.colcon_core.shell:create_environment_hook('brain', 'pythonpath')
[14.950s] INFO:colcon.colcon_core.shell:Creating environment hook '/home/aaf/Software/Dev/robot/brain/install/brain/share/brain/hook/pythonpath.ps1'
[14.951s] INFO:colcon.colcon_core.shell:Creating environment descriptor '/home/aaf/Software/Dev/robot/brain/install/brain/share/brain/hook/pythonpath.dsv'
[14.951s] INFO:colcon.colcon_core.shell:Creating environment hook '/home/aaf/Software/Dev/robot/brain/install/brain/share/brain/hook/pythonpath.sh'
[14.953s] INFO:colcon.colcon_core.shell:Creating package script '/home/aaf/Software/Dev/robot/brain/install/brain/share/brain/package.ps1'
[14.955s] INFO:colcon.colcon_core.shell:Creating package descriptor '/home/aaf/Software/Dev/robot/brain/install/brain/share/brain/package.dsv'
[14.956s] INFO:colcon.colcon_core.shell:Creating package script '/home/aaf/Software/Dev/robot/brain/install/brain/share/brain/package.sh'
[14.957s] INFO:colcon.colcon_core.shell:Creating package script '/home/aaf/Software/Dev/robot/brain/install/brain/share/brain/package.bash'
[14.958s] INFO:colcon.colcon_core.shell:Creating package script '/home/aaf/Software/Dev/robot/brain/install/brain/share/brain/package.zsh'
[14.958s] Level 1:colcon.colcon_core.environment:create_file_with_runtime_dependencies(/home/aaf/Software/Dev/robot/brain/install/brain/share/colcon-core/packages/brain)
[14.959s] DEBUG:colcon.colcon_parallel_executor.executor.parallel:closing loop
[14.960s] DEBUG:colcon.colcon_parallel_executor.executor.parallel:loop closed
[14.961s] DEBUG:colcon.colcon_parallel_executor.executor.parallel:run_until_complete finished with '0'
[14.961s] DEBUG:colcon.colcon_core.event_reactor:joining thread
[14.969s] INFO:colcon.colcon_core.plugin_system:Skipping extension 'colcon_notification.desktop_notification.terminal_notifier': Not used on non-Darwin systems
[14.969s] INFO:colcon.colcon_core.plugin_system:Skipping extension 'colcon_notification.desktop_notification.win32': Not used on non-Windows systems
[14.969s] INFO:colcon.colcon_notification.desktop_notification:Sending desktop notification using 'notify2'
[14.996s] DEBUG:colcon.colcon_core.event_reactor:joined thread
[14.998s] INFO:colcon.colcon_core.shell:Creating prefix script '/home/aaf/Software/Dev/robot/brain/install/local_setup.ps1'
[14.999s] INFO:colcon.colcon_core.shell:Creating prefix util module '/home/aaf/Software/Dev/robot/brain/install/_local_setup_util_ps1.py'
[15.002s] INFO:colcon.colcon_core.shell:Creating prefix chain script '/home/aaf/Software/Dev/robot/brain/install/setup.ps1'
[15.007s] INFO:colcon.colcon_core.shell:Creating prefix script '/home/aaf/Software/Dev/robot/brain/install/local_setup.sh'
[15.009s] INFO:colcon.colcon_core.shell:Creating prefix util module '/home/aaf/Software/Dev/robot/brain/install/_local_setup_util_sh.py'
[15.010s] INFO:colcon.colcon_core.shell:Creating prefix chain script '/home/aaf/Software/Dev/robot/brain/install/setup.sh'
[15.015s] INFO:colcon.colcon_core.shell:Creating prefix script '/home/aaf/Software/Dev/robot/brain/install/local_setup.bash'
[15.016s] INFO:colcon.colcon_core.shell:Creating prefix chain script '/home/aaf/Software/Dev/robot/brain/install/setup.bash'
[15.020s] INFO:colcon.colcon_core.shell:Creating prefix script '/home/aaf/Software/Dev/robot/brain/install/local_setup.zsh'
[15.021s] INFO:colcon.colcon_core.shell:Creating prefix chain script '/home/aaf/Software/Dev/robot/brain/install/setup.zsh'
