[0.025s] Invoking command in '/home/aaf/Software/Dev/robot/ros/brain/build/brain': CMAKE_PREFIX_PATH=/opt/ros/rolling /usr/bin/cmake --build /home/aaf/Software/Dev/robot/ros/brain/build/brain -- -j8 -l8
[0.230s] [  2%] Built target brain__cpp
[0.238s] [ 12%] Built target brain__rosidl_generator_c
[0.250s] [ 12%] Built target ament_cmake_python_symlink_brain
[0.258s] [ 17%] Built target brain_boot
[0.283s] [ 26%] Built target brain__rosidl_typesupport_cpp
[0.286s] [ 36%] Built target brain__rosidl_typesupport_introspection_cpp
[0.290s] [ 46%] Built target brain__rosidl_typesupport_fastrtps_cpp
[0.292s] [ 56%] Built target brain__rosidl_typesupport_c
[0.294s] [ 65%] Built target brain__rosidl_typesupport_introspection_c
[0.329s] [ 75%] Built target brain__rosidl_typesupport_fastrtps_c
[0.362s] [ 75%] Built target brain
[0.393s] [ 78%] Built target brain__py
[0.437s] [ 85%] Built target brain__python
[0.485s] [100%] Built target brain__rosidl_typesupport_c__pyext
[0.485s] [100%] Built target brain__rosidl_typesupport_fastrtps_c__pyext
[0.485s] [100%] Built target brain__rosidl_typesupport_introspection_c__pyext
[0.609s] running egg_info
[0.610s] writing brain.egg-info/PKG-INFO
[0.610s] writing dependency_links to brain.egg-info/dependency_links.txt
[0.611s] writing top-level names to brain.egg-info/top_level.txt
[0.662s] reading manifest file 'brain.egg-info/SOURCES.txt'
[0.663s] writing manifest file 'brain.egg-info/SOURCES.txt'
[0.693s] [100%] Built target ament_cmake_python_build_brain_egg
[0.706s] Invoked command in '/home/aaf/Software/Dev/robot/ros/brain/build/brain' returned '0': CMAKE_PREFIX_PATH=/opt/ros/rolling /usr/bin/cmake --build /home/aaf/Software/Dev/robot/ros/brain/build/brain -- -j8 -l8
[0.842s] Invoking command in '/home/aaf/Software/Dev/robot/ros/brain/build/brain': CMAKE_PREFIX_PATH=/opt/ros/rolling /usr/bin/cmake --install /home/aaf/Software/Dev/robot/ros/brain/build/brain
[0.858s] -- Install configuration: ""
[0.860s] -- Up-to-date: /home/aaf/Software/Dev/robot/ros/brain/install/brain/lib/brain/brain_boot
[0.860s] -- Installing: /home/aaf/Software/Dev/robot/ros/brain/install/brain/lib/brain/brain_main.py
[0.861s] -- Up-to-date: /home/aaf/Software/Dev/robot/ros/brain/install/brain/lib/brain/fake_rpi.py
[0.861s] -- Installing: /home/aaf/Software/Dev/robot/ros/brain/install/brain/lib/brain/led21on_action_server.py
[0.861s] CMake Error at cmake_install.cmake:73 (file):
[0.861s]   file INSTALL cannot find
[0.861s]   "/home/aaf/Software/Dev/robot/ros/brain/scripts/test_brain.py": No such
[0.861s]   file or directory.
[0.862s] 
[0.862s] 
[0.863s] Invoked command in '/home/aaf/Software/Dev/robot/ros/brain/build/brain' returned '1': CMAKE_PREFIX_PATH=/opt/ros/rolling /usr/bin/cmake --install /home/aaf/Software/Dev/robot/ros/brain/build/brain
