[0.012s] Invoking command in '/home/aaf/Software/Dev/robot/ros/action_ws/build/action_tutorials_interfaces': CMAKE_PREFIX_PATH=/home/aaf/Software/Dev/robot/ros/install/py_pubsub:/home/aaf/Software/Dev/robot/ros/install/my_robot_tutorials:/opt/ros/rolling:${CMAKE_PREFIX_PATH} /usr/bin/cmake /home/aaf/Software/Dev/robot/ros/action_ws/src/action_tutorials_interfaces -DCMAKE_INSTALL_PREFIX=/home/aaf/Software/Dev/robot/ros/action_ws/install/action_tutorials_interfaces
[0.074s] -- The C compiler identification is GNU 9.3.0
[0.131s] -- The CXX compiler identification is GNU 9.3.0
[0.136s] -- Check for working C compiler: /usr/bin/cc
[0.208s] -- Check for working C compiler: /usr/bin/cc -- works
[0.208s] -- Detecting C compiler ABI info
[0.279s] -- Detecting C compiler ABI info - done
[0.291s] -- Detecting C compile features
[0.292s] -- Detecting C compile features - done
[0.294s] -- Check for working CXX compiler: /usr/bin/c++
[0.376s] -- Check for working CXX compiler: /usr/bin/c++ -- works
[0.377s] -- Detecting CXX compiler ABI info
[0.458s] -- Detecting CXX compiler ABI info - done
[0.471s] -- Detecting CXX compile features
[0.471s] -- Detecting CXX compile features - done
[0.474s] -- Found ament_cmake: 1.1.4 (/opt/ros/rolling/share/ament_cmake/cmake)
[0.500s] -- Found PythonInterp: /usr/bin/python3 (found suitable version "3.8.10", minimum required is "3") 
[0.500s] -- Using PYTHON_EXECUTABLE: /usr/bin/python3
[0.578s] -- Found ament_lint_auto: 0.11.2 (/opt/ros/rolling/share/ament_lint_auto/cmake)
[0.650s] -- Found rosidl_default_generators: 1.1.1 (/opt/ros/rolling/share/rosidl_default_generators/cmake)
[0.653s] -- Using all available rosidl_typesupport_c: rosidl_typesupport_fastrtps_c;rosidl_typesupport_introspection_c
[0.660s] -- Found rosidl_adapter: 2.4.0 (/opt/ros/rolling/share/rosidl_adapter/cmake)
[0.756s] -- Found OpenSSL: /usr/lib/x86_64-linux-gnu/libcrypto.so (found version "1.1.1f")  
[0.787s] -- Found FastRTPS: /opt/ros/rolling/include  
[0.869s] -- Using all available rosidl_typesupport_cpp: rosidl_typesupport_fastrtps_cpp;rosidl_typesupport_introspection_cpp
[0.895s] CMake Error at /opt/ros/rolling/share/rosidl_cmake/cmake/rosidl_generate_interfaces.cmake:93 (message):
[0.895s]   rosidl_generate_interfaces() the passed file 'action/Fibonacci.action'
[0.895s]   doesn't exist relative to the CMAKE_CURRENT_SOURCE_DIR
[0.895s]   '/home/aaf/Software/Dev/robot/ros/action_ws/src/action_tutorials_interfaces'
[0.895s] Call Stack (most recent call first):
[0.896s]   CMakeLists.txt:27 (rosidl_generate_interfaces)
[0.896s] 
[0.896s] 
[0.897s] -- Configuring incomplete, errors occurred!
[0.897s] See also "/home/aaf/Software/Dev/robot/ros/action_ws/build/action_tutorials_interfaces/CMakeFiles/CMakeOutput.log".
[0.904s] Invoked command in '/home/aaf/Software/Dev/robot/ros/action_ws/build/action_tutorials_interfaces' returned '1': CMAKE_PREFIX_PATH=/home/aaf/Software/Dev/robot/ros/install/py_pubsub:/home/aaf/Software/Dev/robot/ros/install/my_robot_tutorials:/opt/ros/rolling:${CMAKE_PREFIX_PATH} /usr/bin/cmake /home/aaf/Software/Dev/robot/ros/action_ws/src/action_tutorials_interfaces -DCMAKE_INSTALL_PREFIX=/home/aaf/Software/Dev/robot/ros/action_ws/install/action_tutorials_interfaces
