[0.433s] DEBUG:colcon:Command line arguments: ['/usr/bin/colcon', 'build']
[0.433s] DEBUG:colcon:Parsed command line arguments: Namespace(ament_cmake_args=None, base_paths=['.'], build_base='build', catkin_cmake_args=None, catkin_skip_building_tests=False, cmake_args=None, cmake_clean_cache=False, cmake_clean_first=False, cmake_force_configure=False, cmake_target=None, cmake_target_skip_unavailable=False, continue_on_error=False, event_handlers=None, executor='parallel', ignore_user_meta=False, install_base='install', log_base=None, log_level=None, main=<bound method BuildVerb.main of <colcon_core.verb.build.BuildVerb object at 0x7fb927b0f400>>, merge_install=False, metas=['./colcon.meta'], packages_above=None, packages_above_and_dependencies=None, packages_above_depth=None, packages_end=None, packages_ignore=None, packages_ignore_regex=None, packages_select=None, packages_select_build_failed=False, packages_select_by_dep=None, packages_select_regex=None, packages_select_test_failures=False, packages_skip=None, packages_skip_build_finished=False, packages_skip_by_dep=None, packages_skip_regex=None, packages_skip_test_passed=False, packages_skip_up_to=None, packages_start=None, packages_up_to=None, packages_up_to_regex=None, parallel_workers=8, paths=None, symlink_install=False, test_result_base=None, verb_extension=<colcon_core.verb.build.BuildVerb object at 0x7fb927b0f400>, verb_name='build', verb_parser=<colcon_defaults.argument_parser.defaults.DefaultArgumentsDecorator object at 0x7fb927c43dc0>)
[0.440s] Level 1:colcon.colcon_core.package_discovery:discover_packages(colcon_meta) check parameters
[0.440s] Level 1:colcon.colcon_core.package_discovery:discover_packages(recursive) check parameters
[0.441s] Level 1:colcon.colcon_core.package_discovery:discover_packages(ignore) check parameters
[0.441s] Level 1:colcon.colcon_core.package_discovery:discover_packages(path) check parameters
[0.441s] Level 1:colcon.colcon_core.package_discovery:discover_packages(colcon_meta) discover
[0.441s] Level 1:colcon.colcon_core.package_discovery:discover_packages(recursive) discover
[0.441s] INFO:colcon.colcon_core.package_discovery:Crawling recursively for packages in '/home/aaf/Software/Dev/robot/brain'
[0.441s] Level 1:colcon.colcon_core.package_identification:_identify(.) by extensions ['ignore', 'ignore_ament_install']
[0.441s] Level 1:colcon.colcon_core.package_identification:_identify(.) by extension 'ignore'
[0.441s] Level 1:colcon.colcon_core.package_identification:_identify(.) by extension 'ignore_ament_install'
[0.441s] Level 1:colcon.colcon_core.package_identification:_identify(.) by extensions ['colcon_pkg']
[0.441s] Level 1:colcon.colcon_core.package_identification:_identify(.) by extension 'colcon_pkg'
[0.441s] Level 1:colcon.colcon_core.package_identification:_identify(.) by extensions ['colcon_meta']
[0.441s] Level 1:colcon.colcon_core.package_identification:_identify(.) by extension 'colcon_meta'
[0.441s] Level 1:colcon.colcon_core.package_identification:_identify(.) by extensions ['ros']
[0.442s] Level 1:colcon.colcon_core.package_identification:_identify(.) by extension 'ros'
[0.461s] DEBUG:colcon.colcon_core.package_identification:Package '.' with type 'ros.ament_cmake' and name 'brain'
[0.461s] Level 1:colcon.colcon_core.package_discovery:discover_packages(recursive) using defaults
[0.461s] Level 1:colcon.colcon_core.package_discovery:discover_packages(ignore) discover
[0.461s] Level 1:colcon.colcon_core.package_discovery:discover_packages(ignore) using defaults
[0.462s] Level 1:colcon.colcon_core.package_discovery:discover_packages(path) discover
[0.462s] Level 1:colcon.colcon_core.package_discovery:discover_packages(path) using defaults
[0.489s] Level 5:colcon.colcon_core.verb:set package 'brain' build argument 'cmake_args' from command line to 'None'
[0.489s] Level 5:colcon.colcon_core.verb:set package 'brain' build argument 'cmake_target' from command line to 'None'
[0.489s] Level 5:colcon.colcon_core.verb:set package 'brain' build argument 'cmake_target_skip_unavailable' from command line to 'False'
[0.489s] Level 5:colcon.colcon_core.verb:set package 'brain' build argument 'cmake_clean_cache' from command line to 'False'
[0.489s] Level 5:colcon.colcon_core.verb:set package 'brain' build argument 'cmake_clean_first' from command line to 'False'
[0.489s] Level 5:colcon.colcon_core.verb:set package 'brain' build argument 'cmake_force_configure' from command line to 'False'
[0.489s] Level 5:colcon.colcon_core.verb:set package 'brain' build argument 'ament_cmake_args' from command line to 'None'
[0.489s] Level 5:colcon.colcon_core.verb:set package 'brain' build argument 'catkin_cmake_args' from command line to 'None'
[0.489s] Level 5:colcon.colcon_core.verb:set package 'brain' build argument 'catkin_skip_building_tests' from command line to 'False'
[0.489s] DEBUG:colcon.colcon_core.verb:Building package 'brain' with the following arguments: {'ament_cmake_args': None, 'build_base': '/home/aaf/Software/Dev/robot/brain/build/brain', 'catkin_cmake_args': None, 'catkin_skip_building_tests': False, 'cmake_args': None, 'cmake_clean_cache': False, 'cmake_clean_first': False, 'cmake_force_configure': False, 'cmake_target': None, 'cmake_target_skip_unavailable': False, 'install_base': '/home/aaf/Software/Dev/robot/brain/install/brain', 'merge_install': False, 'path': '/home/aaf/Software/Dev/robot/brain', 'symlink_install': False, 'test_result_base': None}
[0.490s] INFO:colcon.colcon_core.executor:Executing jobs using 'parallel' executor
[0.493s] DEBUG:colcon.colcon_parallel_executor.executor.parallel:run_until_complete
[0.493s] INFO:colcon.colcon_ros.task.ament_cmake.build:Building ROS package in '/home/aaf/Software/Dev/robot/brain' with build type 'ament_cmake'
[0.493s] INFO:colcon.colcon_cmake.task.cmake.build:Building CMake package in '/home/aaf/Software/Dev/robot/brain'
[0.498s] INFO:colcon.colcon_core.plugin_system:Skipping extension 'colcon_core.shell.bat': Not used on non-Windows systems
[0.498s] INFO:colcon.colcon_core.shell:Skip shell extension 'powershell' for command environment: Not usable outside of PowerShell
[0.498s] DEBUG:colcon.colcon_core.shell:Skip shell extension 'dsv' for command environment
[0.501s] DEBUG:colcon.colcon_core.shell:Ignoring prefix path '/opt/ros/rolling'
[0.515s] DEBUG:colcon.colcon_core.event_handler.log_command:Invoking command in '/home/aaf/Software/Dev/robot/brain/build/brain': CMAKE_PREFIX_PATH=/opt/ros/rolling /usr/bin/cmake /home/aaf/Software/Dev/robot/brain -DCMAKE_INSTALL_PREFIX=/home/aaf/Software/Dev/robot/brain/install/brain
[3.248s] DEBUG:colcon.colcon_core.event_handler.log_command:Invoked command in '/home/aaf/Software/Dev/robot/brain/build/brain' returned '0': CMAKE_PREFIX_PATH=/opt/ros/rolling /usr/bin/cmake /home/aaf/Software/Dev/robot/brain -DCMAKE_INSTALL_PREFIX=/home/aaf/Software/Dev/robot/brain/install/brain
[3.253s] DEBUG:colcon.colcon_core.event_handler.log_command:Invoking command in '/home/aaf/Software/Dev/robot/brain/build/brain': CMAKE_PREFIX_PATH=/opt/ros/rolling /usr/bin/cmake --build /home/aaf/Software/Dev/robot/brain/build/brain -- -j8 -l8
[9.798s] DEBUG:colcon.colcon_core.event_handler.log_command:Invoked command in '/home/aaf/Software/Dev/robot/brain/build/brain' returned '0': CMAKE_PREFIX_PATH=/opt/ros/rolling /usr/bin/cmake --build /home/aaf/Software/Dev/robot/brain/build/brain -- -j8 -l8
[9.892s] DEBUG:colcon.colcon_core.event_handler.log_command:Invoking command in '/home/aaf/Software/Dev/robot/brain/build/brain': CMAKE_PREFIX_PATH=/opt/ros/rolling /usr/bin/cmake --install /home/aaf/Software/Dev/robot/brain/build/brain
[10.004s] Level 1:colcon.colcon_core.environment:create_environment_scripts_only(brain)
[10.005s] DEBUG:colcon.colcon_core.event_handler.log_command:Invoked command in '/home/aaf/Software/Dev/robot/brain/build/brain' returned '0': CMAKE_PREFIX_PATH=/opt/ros/rolling /usr/bin/cmake --install /home/aaf/Software/Dev/robot/brain/build/brain
[10.009s] Level 1:colcon.colcon_core.environment:checking '/home/aaf/Software/Dev/robot/brain/install/brain' for CMake module files
[10.010s] Level 1:colcon.colcon_core.environment:checking '/home/aaf/Software/Dev/robot/brain/install/brain' for CMake config files
[10.010s] Level 1:colcon.colcon_core.shell:create_environment_hook('brain', 'cmake_prefix_path')
[10.011s] INFO:colcon.colcon_core.shell:Creating environment hook '/home/aaf/Software/Dev/robot/brain/install/brain/share/brain/hook/cmake_prefix_path.ps1'
[10.012s] INFO:colcon.colcon_core.shell:Creating environment descriptor '/home/aaf/Software/Dev/robot/brain/install/brain/share/brain/hook/cmake_prefix_path.dsv'
[10.013s] INFO:colcon.colcon_core.shell:Creating environment hook '/home/aaf/Software/Dev/robot/brain/install/brain/share/brain/hook/cmake_prefix_path.sh'
[10.016s] Level 1:colcon.colcon_core.environment:checking '/home/aaf/Software/Dev/robot/brain/install/brain/lib'
[10.016s] Level 1:colcon.colcon_core.shell:create_environment_hook('brain', 'ld_library_path_lib')
[10.017s] INFO:colcon.colcon_core.shell:Creating environment hook '/home/aaf/Software/Dev/robot/brain/install/brain/share/brain/hook/ld_library_path_lib.ps1'
[10.018s] INFO:colcon.colcon_core.shell:Creating environment descriptor '/home/aaf/Software/Dev/robot/brain/install/brain/share/brain/hook/ld_library_path_lib.dsv'
[10.018s] INFO:colcon.colcon_core.shell:Creating environment hook '/home/aaf/Software/Dev/robot/brain/install/brain/share/brain/hook/ld_library_path_lib.sh'
[10.019s] Level 1:colcon.colcon_core.environment:checking '/home/aaf/Software/Dev/robot/brain/install/brain/bin'
[10.019s] Level 1:colcon.colcon_core.environment:checking '/home/aaf/Software/Dev/robot/brain/install/brain/lib/pkgconfig/brain.pc'
[10.019s] Level 1:colcon.colcon_core.environment:checking '/home/aaf/Software/Dev/robot/brain/install/brain/lib/python3.8/site-packages'
[10.019s] Level 1:colcon.colcon_core.shell:create_environment_hook('brain', 'pythonpath')
[10.020s] INFO:colcon.colcon_core.shell:Creating environment hook '/home/aaf/Software/Dev/robot/brain/install/brain/share/brain/hook/pythonpath.ps1'
[10.020s] INFO:colcon.colcon_core.shell:Creating environment descriptor '/home/aaf/Software/Dev/robot/brain/install/brain/share/brain/hook/pythonpath.dsv'
[10.021s] INFO:colcon.colcon_core.shell:Creating environment hook '/home/aaf/Software/Dev/robot/brain/install/brain/share/brain/hook/pythonpath.sh'
[10.022s] INFO:colcon.colcon_core.shell:Creating package script '/home/aaf/Software/Dev/robot/brain/install/brain/share/brain/package.ps1'
[10.023s] INFO:colcon.colcon_core.shell:Creating package descriptor '/home/aaf/Software/Dev/robot/brain/install/brain/share/brain/package.dsv'
[10.024s] INFO:colcon.colcon_core.shell:Creating package script '/home/aaf/Software/Dev/robot/brain/install/brain/share/brain/package.sh'
[10.025s] INFO:colcon.colcon_core.shell:Creating package script '/home/aaf/Software/Dev/robot/brain/install/brain/share/brain/package.bash'
[10.026s] INFO:colcon.colcon_core.shell:Creating package script '/home/aaf/Software/Dev/robot/brain/install/brain/share/brain/package.zsh'
[10.027s] Level 1:colcon.colcon_core.environment:create_file_with_runtime_dependencies(/home/aaf/Software/Dev/robot/brain/install/brain/share/colcon-core/packages/brain)
[10.109s] Level 1:colcon.colcon_core.environment:create_environment_scripts_only(brain)
[10.110s] Level 1:colcon.colcon_core.environment:checking '/home/aaf/Software/Dev/robot/brain/install/brain' for CMake module files
[10.112s] Level 1:colcon.colcon_core.environment:checking '/home/aaf/Software/Dev/robot/brain/install/brain' for CMake config files
[10.112s] Level 1:colcon.colcon_core.shell:create_environment_hook('brain', 'cmake_prefix_path')
[10.113s] INFO:colcon.colcon_core.shell:Creating environment hook '/home/aaf/Software/Dev/robot/brain/install/brain/share/brain/hook/cmake_prefix_path.ps1'
[10.114s] INFO:colcon.colcon_core.shell:Creating environment descriptor '/home/aaf/Software/Dev/robot/brain/install/brain/share/brain/hook/cmake_prefix_path.dsv'
[10.115s] INFO:colcon.colcon_core.shell:Creating environment hook '/home/aaf/Software/Dev/robot/brain/install/brain/share/brain/hook/cmake_prefix_path.sh'
[10.116s] Level 1:colcon.colcon_core.environment:checking '/home/aaf/Software/Dev/robot/brain/install/brain/lib'
[10.116s] Level 1:colcon.colcon_core.shell:create_environment_hook('brain', 'ld_library_path_lib')
[10.117s] INFO:colcon.colcon_core.shell:Creating environment hook '/home/aaf/Software/Dev/robot/brain/install/brain/share/brain/hook/ld_library_path_lib.ps1'
[10.118s] INFO:colcon.colcon_core.shell:Creating environment descriptor '/home/aaf/Software/Dev/robot/brain/install/brain/share/brain/hook/ld_library_path_lib.dsv'
[10.119s] INFO:colcon.colcon_core.shell:Creating environment hook '/home/aaf/Software/Dev/robot/brain/install/brain/share/brain/hook/ld_library_path_lib.sh'
[10.120s] Level 1:colcon.colcon_core.environment:checking '/home/aaf/Software/Dev/robot/brain/install/brain/bin'
[10.120s] Level 1:colcon.colcon_core.environment:checking '/home/aaf/Software/Dev/robot/brain/install/brain/lib/pkgconfig/brain.pc'
[10.120s] Level 1:colcon.colcon_core.environment:checking '/home/aaf/Software/Dev/robot/brain/install/brain/lib/python3.8/site-packages'
[10.120s] Level 1:colcon.colcon_core.shell:create_environment_hook('brain', 'pythonpath')
[10.122s] INFO:colcon.colcon_core.shell:Creating environment hook '/home/aaf/Software/Dev/robot/brain/install/brain/share/brain/hook/pythonpath.ps1'
[10.123s] INFO:colcon.colcon_core.shell:Creating environment descriptor '/home/aaf/Software/Dev/robot/brain/install/brain/share/brain/hook/pythonpath.dsv'
[10.123s] INFO:colcon.colcon_core.shell:Creating environment hook '/home/aaf/Software/Dev/robot/brain/install/brain/share/brain/hook/pythonpath.sh'
[10.125s] INFO:colcon.colcon_core.shell:Creating package script '/home/aaf/Software/Dev/robot/brain/install/brain/share/brain/package.ps1'
[10.126s] INFO:colcon.colcon_core.shell:Creating package descriptor '/home/aaf/Software/Dev/robot/brain/install/brain/share/brain/package.dsv'
[10.127s] INFO:colcon.colcon_core.shell:Creating package script '/home/aaf/Software/Dev/robot/brain/install/brain/share/brain/package.sh'
[10.128s] INFO:colcon.colcon_core.shell:Creating package script '/home/aaf/Software/Dev/robot/brain/install/brain/share/brain/package.bash'
[10.129s] INFO:colcon.colcon_core.shell:Creating package script '/home/aaf/Software/Dev/robot/brain/install/brain/share/brain/package.zsh'
[10.130s] Level 1:colcon.colcon_core.environment:create_file_with_runtime_dependencies(/home/aaf/Software/Dev/robot/brain/install/brain/share/colcon-core/packages/brain)
[10.131s] DEBUG:colcon.colcon_parallel_executor.executor.parallel:closing loop
[10.131s] DEBUG:colcon.colcon_parallel_executor.executor.parallel:loop closed
[10.131s] DEBUG:colcon.colcon_parallel_executor.executor.parallel:run_until_complete finished with '0'
[10.132s] DEBUG:colcon.colcon_core.event_reactor:joining thread
[10.143s] INFO:colcon.colcon_core.plugin_system:Skipping extension 'colcon_notification.desktop_notification.terminal_notifier': Not used on non-Darwin systems
[10.143s] INFO:colcon.colcon_core.plugin_system:Skipping extension 'colcon_notification.desktop_notification.win32': Not used on non-Windows systems
[10.143s] INFO:colcon.colcon_notification.desktop_notification:Sending desktop notification using 'notify2'
[10.175s] DEBUG:colcon.colcon_core.event_reactor:joined thread
[10.177s] INFO:colcon.colcon_core.shell:Creating prefix script '/home/aaf/Software/Dev/robot/brain/install/local_setup.ps1'
[10.178s] INFO:colcon.colcon_core.shell:Creating prefix util module '/home/aaf/Software/Dev/robot/brain/install/_local_setup_util_ps1.py'
[10.181s] INFO:colcon.colcon_core.shell:Creating prefix chain script '/home/aaf/Software/Dev/robot/brain/install/setup.ps1'
[10.187s] INFO:colcon.colcon_core.shell:Creating prefix script '/home/aaf/Software/Dev/robot/brain/install/local_setup.sh'
[10.188s] INFO:colcon.colcon_core.shell:Creating prefix util module '/home/aaf/Software/Dev/robot/brain/install/_local_setup_util_sh.py'
[10.189s] INFO:colcon.colcon_core.shell:Creating prefix chain script '/home/aaf/Software/Dev/robot/brain/install/setup.sh'
[10.192s] INFO:colcon.colcon_core.shell:Creating prefix script '/home/aaf/Software/Dev/robot/brain/install/local_setup.bash'
[10.193s] INFO:colcon.colcon_core.shell:Creating prefix chain script '/home/aaf/Software/Dev/robot/brain/install/setup.bash'
[10.197s] INFO:colcon.colcon_core.shell:Creating prefix script '/home/aaf/Software/Dev/robot/brain/install/local_setup.zsh'
[10.198s] INFO:colcon.colcon_core.shell:Creating prefix chain script '/home/aaf/Software/Dev/robot/brain/install/setup.zsh'
