[0.015s] Invoking command in '/home/aaf/Software/Dev/robot/ros/brain/build/ros2_cpp_py_package': CMAKE_PREFIX_PATH=/opt/ros/rolling /usr/bin/cmake --build /home/aaf/Software/Dev/robot/ros/brain/build/ros2_cpp_py_package -- -j8 -l8
[0.042s] -- Found ament_cmake: 1.1.4 (/opt/ros/rolling/share/ament_cmake/cmake)
[0.065s] -- Using PYTHON_EXECUTABLE: /usr/bin/python3
[0.128s] -- Found rclcpp: 12.0.0 (/opt/ros/rolling/share/rclcpp/cmake)
[0.168s] -- Using all available rosidl_typesupport_c: rosidl_typesupport_fastrtps_c;rosidl_typesupport_introspection_c
[0.171s] -- Found rosidl_adapter: 2.5.0 (/opt/ros/rolling/share/rosidl_adapter/cmake)
[0.209s] -- Using all available rosidl_typesupport_cpp: rosidl_typesupport_fastrtps_cpp;rosidl_typesupport_introspection_cpp
[0.269s] -- Found rmw_implementation_cmake: 4.0.0 (/opt/ros/rolling/share/rmw_implementation_cmake/cmake)
[0.271s] -- Found rmw_cyclonedds_cpp: 0.23.1 (/opt/ros/rolling/share/rmw_cyclonedds_cpp/cmake)
[0.291s] -- Using RMW implementation 'rmw_cyclonedds_cpp' as default
[0.490s] CMake Error at /opt/ros/rolling/share/ament_cmake_core/cmake/core/ament_package_xml.cmake:53 (message):
[0.490s]   ament_package_xml() package name 'ros2_cpp_py_package' in '/package.xml'
[0.490s]   does not match current PROJECT_NAME 'brain'.  You must call project() with
[0.490s]   the same package name before.
[0.491s] Call Stack (most recent call first):
[0.491s]   /opt/ros/rolling/share/ament_cmake_core/cmake/core/ament_package.cmake:63 (ament_package_xml)
[0.491s]   CMakeLists.txt:37 (ament_package)
[0.491s] 
[0.491s] 
[0.492s] -- Configuring incomplete, errors occurred!
[0.492s] See also "/home/aaf/Software/Dev/robot/ros/brain/build/ros2_cpp_py_package/CMakeFiles/CMakeOutput.log".
[0.492s] See also "/home/aaf/Software/Dev/robot/ros/brain/build/ros2_cpp_py_package/CMakeFiles/CMakeError.log".
[0.497s] make: *** [Makefile:266: cmake_check_build_system] Error 1
[0.499s] Invoked command in '/home/aaf/Software/Dev/robot/ros/brain/build/ros2_cpp_py_package' returned '2': CMAKE_PREFIX_PATH=/opt/ros/rolling /usr/bin/cmake --build /home/aaf/Software/Dev/robot/ros/brain/build/ros2_cpp_py_package -- -j8 -l8
