[0.278s] Invoking command in '/home/aaf/Software/Dev/robot/ros/brain': PYTHONPATH=/home/aaf/Software/Dev/robot/ros/brain/install/brain/lib/python3.8/site-packages:${PYTHONPATH} /usr/bin/python3 setup.py egg_info --egg-base build/brain build --build-base /home/aaf/Software/Dev/robot/ros/brain/build/brain/build install --prefix /home/aaf/Software/Dev/robot/ros/brain/install/brain --record /home/aaf/Software/Dev/robot/ros/brain/build/brain/install.log --single-version-externally-managed
[0.530s] running egg_info
[0.530s] creating build/brain/brain.egg-info
[0.531s] writing build/brain/brain.egg-info/PKG-INFO
[0.531s] writing dependency_links to build/brain/brain.egg-info/dependency_links.txt
[0.531s] writing entry points to build/brain/brain.egg-info/entry_points.txt
[0.531s] writing requirements to build/brain/brain.egg-info/requires.txt
[0.531s] writing top-level names to build/brain/brain.egg-info/top_level.txt
[0.534s] writing manifest file 'build/brain/brain.egg-info/SOURCES.txt'
[0.575s] reading manifest file 'build/brain/brain.egg-info/SOURCES.txt'
[0.576s] writing manifest file 'build/brain/brain.egg-info/SOURCES.txt'
[0.576s] running build
[0.576s] running build_py
[0.576s] creating /home/aaf/Software/Dev/robot/ros/brain/build/brain/build
[0.576s] creating /home/aaf/Software/Dev/robot/ros/brain/build/brain/build/lib
[0.576s] creating /home/aaf/Software/Dev/robot/ros/brain/build/brain/build/lib/brain
[0.577s] copying brain/publisher_member_function.py -> /home/aaf/Software/Dev/robot/ros/brain/build/brain/build/lib/brain
[0.577s] copying brain/__init__.py -> /home/aaf/Software/Dev/robot/ros/brain/build/brain/build/lib/brain
[0.577s] copying brain/subscriber_member_function.py -> /home/aaf/Software/Dev/robot/ros/brain/build/brain/build/lib/brain
[0.577s] running install
[0.578s] running install_lib
[0.579s] creating /home/aaf/Software/Dev/robot/ros/brain/install/brain/lib/python3.8/site-packages/brain
[0.579s] copying /home/aaf/Software/Dev/robot/ros/brain/build/brain/build/lib/brain/publisher_member_function.py -> /home/aaf/Software/Dev/robot/ros/brain/install/brain/lib/python3.8/site-packages/brain
[0.579s] copying /home/aaf/Software/Dev/robot/ros/brain/build/brain/build/lib/brain/__init__.py -> /home/aaf/Software/Dev/robot/ros/brain/install/brain/lib/python3.8/site-packages/brain
[0.579s] copying /home/aaf/Software/Dev/robot/ros/brain/build/brain/build/lib/brain/subscriber_member_function.py -> /home/aaf/Software/Dev/robot/ros/brain/install/brain/lib/python3.8/site-packages/brain
[0.580s] byte-compiling /home/aaf/Software/Dev/robot/ros/brain/install/brain/lib/python3.8/site-packages/brain/publisher_member_function.py to publisher_member_function.cpython-38.pyc
[0.581s] byte-compiling /home/aaf/Software/Dev/robot/ros/brain/install/brain/lib/python3.8/site-packages/brain/__init__.py to __init__.cpython-38.pyc
[0.581s] byte-compiling /home/aaf/Software/Dev/robot/ros/brain/install/brain/lib/python3.8/site-packages/brain/subscriber_member_function.py to subscriber_member_function.cpython-38.pyc
[0.582s] running install_data
[0.583s] creating /home/aaf/Software/Dev/robot/ros/brain/install/brain/share/ament_index
[0.583s] creating /home/aaf/Software/Dev/robot/ros/brain/install/brain/share/ament_index/resource_index
[0.583s] creating /home/aaf/Software/Dev/robot/ros/brain/install/brain/share/ament_index/resource_index/packages
[0.583s] copying resource/brain -> /home/aaf/Software/Dev/robot/ros/brain/install/brain/share/ament_index/resource_index/packages
[0.583s] copying package.xml -> /home/aaf/Software/Dev/robot/ros/brain/install/brain/share/brain
[0.583s] running install_egg_info
[0.585s] Copying build/brain/brain.egg-info to /home/aaf/Software/Dev/robot/ros/brain/install/brain/lib/python3.8/site-packages/brain-0.0.0-py3.8.egg-info
[0.586s] running install_scripts
[0.607s] Installing listener script to /home/aaf/Software/Dev/robot/ros/brain/install/brain/lib/brain
[0.607s] Installing talker script to /home/aaf/Software/Dev/robot/ros/brain/install/brain/lib/brain
[0.607s] writing list of installed files to '/home/aaf/Software/Dev/robot/ros/brain/build/brain/install.log'
[0.634s] Invoked command in '/home/aaf/Software/Dev/robot/ros/brain' returned '0': PYTHONPATH=/home/aaf/Software/Dev/robot/ros/brain/install/brain/lib/python3.8/site-packages:${PYTHONPATH} /usr/bin/python3 setup.py egg_info --egg-base build/brain build --build-base /home/aaf/Software/Dev/robot/ros/brain/build/brain/build install --prefix /home/aaf/Software/Dev/robot/ros/brain/install/brain --record /home/aaf/Software/Dev/robot/ros/brain/build/brain/install.log --single-version-externally-managed
