[0.442s] DEBUG:colcon:Command line arguments: ['/usr/bin/colcon', 'build']
[0.442s] DEBUG:colcon:Parsed command line arguments: Namespace(ament_cmake_args=None, base_paths=['.'], build_base='build', catkin_cmake_args=None, catkin_skip_building_tests=False, cmake_args=None, cmake_clean_cache=False, cmake_clean_first=False, cmake_force_configure=False, cmake_target=None, cmake_target_skip_unavailable=False, continue_on_error=False, event_handlers=None, executor='parallel', ignore_user_meta=False, install_base='install', log_base=None, log_level=None, main=<bound method BuildVerb.main of <colcon_core.verb.build.BuildVerb object at 0x7fcb1d2363d0>>, merge_install=False, metas=['./colcon.meta'], packages_above=None, packages_above_and_dependencies=None, packages_above_depth=None, packages_end=None, packages_ignore=None, packages_ignore_regex=None, packages_select=None, packages_select_build_failed=False, packages_select_by_dep=None, packages_select_regex=None, packages_select_test_failures=False, packages_skip=None, packages_skip_build_finished=False, packages_skip_by_dep=None, packages_skip_regex=None, packages_skip_test_passed=False, packages_skip_up_to=None, packages_start=None, packages_up_to=None, packages_up_to_regex=None, parallel_workers=8, paths=None, symlink_install=False, test_result_base=None, verb_extension=<colcon_core.verb.build.BuildVerb object at 0x7fcb1d2363d0>, verb_name='build', verb_parser=<colcon_defaults.argument_parser.defaults.DefaultArgumentsDecorator object at 0x7fcb1d36ad90>)
[0.449s] Level 1:colcon.colcon_core.package_discovery:discover_packages(colcon_meta) check parameters
[0.449s] Level 1:colcon.colcon_core.package_discovery:discover_packages(recursive) check parameters
[0.449s] Level 1:colcon.colcon_core.package_discovery:discover_packages(ignore) check parameters
[0.449s] Level 1:colcon.colcon_core.package_discovery:discover_packages(path) check parameters
[0.449s] Level 1:colcon.colcon_core.package_discovery:discover_packages(colcon_meta) discover
[0.449s] Level 1:colcon.colcon_core.package_discovery:discover_packages(recursive) discover
[0.449s] INFO:colcon.colcon_core.package_discovery:Crawling recursively for packages in '/home/aaf/Software/Dev/robot/brain'
[0.449s] Level 1:colcon.colcon_core.package_identification:_identify(.) by extensions ['ignore', 'ignore_ament_install']
[0.450s] Level 1:colcon.colcon_core.package_identification:_identify(.) by extension 'ignore'
[0.450s] Level 1:colcon.colcon_core.package_identification:_identify(.) by extension 'ignore_ament_install'
[0.450s] Level 1:colcon.colcon_core.package_identification:_identify(.) by extensions ['colcon_pkg']
[0.450s] Level 1:colcon.colcon_core.package_identification:_identify(.) by extension 'colcon_pkg'
[0.450s] Level 1:colcon.colcon_core.package_identification:_identify(.) by extensions ['colcon_meta']
[0.450s] Level 1:colcon.colcon_core.package_identification:_identify(.) by extension 'colcon_meta'
[0.450s] Level 1:colcon.colcon_core.package_identification:_identify(.) by extensions ['ros']
[0.450s] Level 1:colcon.colcon_core.package_identification:_identify(.) by extension 'ros'
[0.469s] DEBUG:colcon.colcon_core.package_identification:Package '.' with type 'ros.ament_cmake' and name 'brain'
[0.469s] Level 1:colcon.colcon_core.package_discovery:discover_packages(recursive) using defaults
[0.470s] Level 1:colcon.colcon_core.package_discovery:discover_packages(ignore) discover
[0.470s] Level 1:colcon.colcon_core.package_discovery:discover_packages(ignore) using defaults
[0.470s] Level 1:colcon.colcon_core.package_discovery:discover_packages(path) discover
[0.470s] Level 1:colcon.colcon_core.package_discovery:discover_packages(path) using defaults
[0.498s] Level 5:colcon.colcon_core.verb:set package 'brain' build argument 'cmake_args' from command line to 'None'
[0.498s] Level 5:colcon.colcon_core.verb:set package 'brain' build argument 'cmake_target' from command line to 'None'
[0.498s] Level 5:colcon.colcon_core.verb:set package 'brain' build argument 'cmake_target_skip_unavailable' from command line to 'False'
[0.498s] Level 5:colcon.colcon_core.verb:set package 'brain' build argument 'cmake_clean_cache' from command line to 'False'
[0.498s] Level 5:colcon.colcon_core.verb:set package 'brain' build argument 'cmake_clean_first' from command line to 'False'
[0.498s] Level 5:colcon.colcon_core.verb:set package 'brain' build argument 'cmake_force_configure' from command line to 'False'
[0.498s] Level 5:colcon.colcon_core.verb:set package 'brain' build argument 'ament_cmake_args' from command line to 'None'
[0.498s] Level 5:colcon.colcon_core.verb:set package 'brain' build argument 'catkin_cmake_args' from command line to 'None'
[0.498s] Level 5:colcon.colcon_core.verb:set package 'brain' build argument 'catkin_skip_building_tests' from command line to 'False'
[0.498s] DEBUG:colcon.colcon_core.verb:Building package 'brain' with the following arguments: {'ament_cmake_args': None, 'build_base': '/home/aaf/Software/Dev/robot/brain/build/brain', 'catkin_cmake_args': None, 'catkin_skip_building_tests': False, 'cmake_args': None, 'cmake_clean_cache': False, 'cmake_clean_first': False, 'cmake_force_configure': False, 'cmake_target': None, 'cmake_target_skip_unavailable': False, 'install_base': '/home/aaf/Software/Dev/robot/brain/install/brain', 'merge_install': False, 'path': '/home/aaf/Software/Dev/robot/brain', 'symlink_install': False, 'test_result_base': None}
[0.499s] INFO:colcon.colcon_core.executor:Executing jobs using 'parallel' executor
[0.501s] DEBUG:colcon.colcon_parallel_executor.executor.parallel:run_until_complete
[0.502s] INFO:colcon.colcon_ros.task.ament_cmake.build:Building ROS package in '/home/aaf/Software/Dev/robot/brain' with build type 'ament_cmake'
[0.502s] INFO:colcon.colcon_cmake.task.cmake.build:Building CMake package in '/home/aaf/Software/Dev/robot/brain'
[0.507s] INFO:colcon.colcon_core.plugin_system:Skipping extension 'colcon_core.shell.bat': Not used on non-Windows systems
[0.507s] INFO:colcon.colcon_core.shell:Skip shell extension 'powershell' for command environment: Not usable outside of PowerShell
[0.507s] DEBUG:colcon.colcon_core.shell:Skip shell extension 'dsv' for command environment
[0.510s] DEBUG:colcon.colcon_core.shell:Ignoring prefix path '/opt/ros/rolling'
[0.524s] DEBUG:colcon.colcon_core.event_handler.log_command:Invoking command in '/home/aaf/Software/Dev/robot/brain/build/brain': CMAKE_PREFIX_PATH=/opt/ros/rolling /usr/bin/cmake --build /home/aaf/Software/Dev/robot/brain/build/brain -- -j8 -l8
[1.078s] DEBUG:colcon.colcon_core.event_handler.log_command:Invoked command in '/home/aaf/Software/Dev/robot/brain/build/brain' returned '0': CMAKE_PREFIX_PATH=/opt/ros/rolling /usr/bin/cmake --build /home/aaf/Software/Dev/robot/brain/build/brain -- -j8 -l8
[1.207s] DEBUG:colcon.colcon_core.event_handler.log_command:Invoking command in '/home/aaf/Software/Dev/robot/brain/build/brain': CMAKE_PREFIX_PATH=/opt/ros/rolling /usr/bin/cmake --install /home/aaf/Software/Dev/robot/brain/build/brain
[1.286s] Level 1:colcon.colcon_core.environment:create_environment_scripts_only(brain)
[1.288s] DEBUG:colcon.colcon_core.event_handler.log_command:Invoked command in '/home/aaf/Software/Dev/robot/brain/build/brain' returned '0': CMAKE_PREFIX_PATH=/opt/ros/rolling /usr/bin/cmake --install /home/aaf/Software/Dev/robot/brain/build/brain
[1.292s] Level 1:colcon.colcon_core.environment:checking '/home/aaf/Software/Dev/robot/brain/install/brain' for CMake module files
[1.292s] Level 1:colcon.colcon_core.environment:checking '/home/aaf/Software/Dev/robot/brain/install/brain' for CMake config files
[1.293s] Level 1:colcon.colcon_core.shell:create_environment_hook('brain', 'cmake_prefix_path')
[1.294s] INFO:colcon.colcon_core.shell:Creating environment hook '/home/aaf/Software/Dev/robot/brain/install/brain/share/brain/hook/cmake_prefix_path.ps1'
[1.295s] INFO:colcon.colcon_core.shell:Creating environment descriptor '/home/aaf/Software/Dev/robot/brain/install/brain/share/brain/hook/cmake_prefix_path.dsv'
[1.295s] INFO:colcon.colcon_core.shell:Creating environment hook '/home/aaf/Software/Dev/robot/brain/install/brain/share/brain/hook/cmake_prefix_path.sh'
[1.298s] Level 1:colcon.colcon_core.environment:checking '/home/aaf/Software/Dev/robot/brain/install/brain/lib'
[1.299s] Level 1:colcon.colcon_core.shell:create_environment_hook('brain', 'ld_library_path_lib')
[1.299s] INFO:colcon.colcon_core.shell:Creating environment hook '/home/aaf/Software/Dev/robot/brain/install/brain/share/brain/hook/ld_library_path_lib.ps1'
[1.300s] INFO:colcon.colcon_core.shell:Creating environment descriptor '/home/aaf/Software/Dev/robot/brain/install/brain/share/brain/hook/ld_library_path_lib.dsv'
[1.300s] INFO:colcon.colcon_core.shell:Creating environment hook '/home/aaf/Software/Dev/robot/brain/install/brain/share/brain/hook/ld_library_path_lib.sh'
[1.301s] Level 1:colcon.colcon_core.environment:checking '/home/aaf/Software/Dev/robot/brain/install/brain/bin'
[1.301s] Level 1:colcon.colcon_core.environment:checking '/home/aaf/Software/Dev/robot/brain/install/brain/lib/pkgconfig/brain.pc'
[1.301s] Level 1:colcon.colcon_core.environment:checking '/home/aaf/Software/Dev/robot/brain/install/brain/lib/python3.8/site-packages'
[1.301s] Level 1:colcon.colcon_core.shell:create_environment_hook('brain', 'pythonpath')
[1.302s] INFO:colcon.colcon_core.shell:Creating environment hook '/home/aaf/Software/Dev/robot/brain/install/brain/share/brain/hook/pythonpath.ps1'
[1.302s] INFO:colcon.colcon_core.shell:Creating environment descriptor '/home/aaf/Software/Dev/robot/brain/install/brain/share/brain/hook/pythonpath.dsv'
[1.303s] INFO:colcon.colcon_core.shell:Creating environment hook '/home/aaf/Software/Dev/robot/brain/install/brain/share/brain/hook/pythonpath.sh'
[1.304s] INFO:colcon.colcon_core.shell:Creating package script '/home/aaf/Software/Dev/robot/brain/install/brain/share/brain/package.ps1'
[1.305s] INFO:colcon.colcon_core.shell:Creating package descriptor '/home/aaf/Software/Dev/robot/brain/install/brain/share/brain/package.dsv'
[1.306s] INFO:colcon.colcon_core.shell:Creating package script '/home/aaf/Software/Dev/robot/brain/install/brain/share/brain/package.sh'
[1.307s] INFO:colcon.colcon_core.shell:Creating package script '/home/aaf/Software/Dev/robot/brain/install/brain/share/brain/package.bash'
[1.308s] INFO:colcon.colcon_core.shell:Creating package script '/home/aaf/Software/Dev/robot/brain/install/brain/share/brain/package.zsh'
[1.309s] Level 1:colcon.colcon_core.environment:create_file_with_runtime_dependencies(/home/aaf/Software/Dev/robot/brain/install/brain/share/colcon-core/packages/brain)
[1.531s] Level 1:colcon.colcon_core.environment:create_environment_scripts_only(brain)
[1.536s] Level 1:colcon.colcon_core.environment:checking '/home/aaf/Software/Dev/robot/brain/install/brain' for CMake module files
[1.540s] Level 1:colcon.colcon_core.environment:checking '/home/aaf/Software/Dev/robot/brain/install/brain' for CMake config files
[1.541s] Level 1:colcon.colcon_core.shell:create_environment_hook('brain', 'cmake_prefix_path')
[1.545s] INFO:colcon.colcon_core.shell:Creating environment hook '/home/aaf/Software/Dev/robot/brain/install/brain/share/brain/hook/cmake_prefix_path.ps1'
[1.547s] INFO:colcon.colcon_core.shell:Creating environment descriptor '/home/aaf/Software/Dev/robot/brain/install/brain/share/brain/hook/cmake_prefix_path.dsv'
[1.549s] INFO:colcon.colcon_core.shell:Creating environment hook '/home/aaf/Software/Dev/robot/brain/install/brain/share/brain/hook/cmake_prefix_path.sh'
[1.551s] Level 1:colcon.colcon_core.environment:checking '/home/aaf/Software/Dev/robot/brain/install/brain/lib'
[1.552s] Level 1:colcon.colcon_core.shell:create_environment_hook('brain', 'ld_library_path_lib')
[1.554s] INFO:colcon.colcon_core.shell:Creating environment hook '/home/aaf/Software/Dev/robot/brain/install/brain/share/brain/hook/ld_library_path_lib.ps1'
[1.557s] INFO:colcon.colcon_core.shell:Creating environment descriptor '/home/aaf/Software/Dev/robot/brain/install/brain/share/brain/hook/ld_library_path_lib.dsv'
[1.558s] INFO:colcon.colcon_core.shell:Creating environment hook '/home/aaf/Software/Dev/robot/brain/install/brain/share/brain/hook/ld_library_path_lib.sh'
[1.560s] Level 1:colcon.colcon_core.environment:checking '/home/aaf/Software/Dev/robot/brain/install/brain/bin'
[1.560s] Level 1:colcon.colcon_core.environment:checking '/home/aaf/Software/Dev/robot/brain/install/brain/lib/pkgconfig/brain.pc'
[1.560s] Level 1:colcon.colcon_core.environment:checking '/home/aaf/Software/Dev/robot/brain/install/brain/lib/python3.8/site-packages'
[1.561s] Level 1:colcon.colcon_core.shell:create_environment_hook('brain', 'pythonpath')
[1.564s] INFO:colcon.colcon_core.shell:Creating environment hook '/home/aaf/Software/Dev/robot/brain/install/brain/share/brain/hook/pythonpath.ps1'
[1.565s] INFO:colcon.colcon_core.shell:Creating environment descriptor '/home/aaf/Software/Dev/robot/brain/install/brain/share/brain/hook/pythonpath.dsv'
[1.567s] INFO:colcon.colcon_core.shell:Creating environment hook '/home/aaf/Software/Dev/robot/brain/install/brain/share/brain/hook/pythonpath.sh'
[1.571s] INFO:colcon.colcon_core.shell:Creating package script '/home/aaf/Software/Dev/robot/brain/install/brain/share/brain/package.ps1'
[1.573s] INFO:colcon.colcon_core.shell:Creating package descriptor '/home/aaf/Software/Dev/robot/brain/install/brain/share/brain/package.dsv'
[1.574s] INFO:colcon.colcon_core.shell:Creating package script '/home/aaf/Software/Dev/robot/brain/install/brain/share/brain/package.sh'
[1.575s] INFO:colcon.colcon_core.shell:Creating package script '/home/aaf/Software/Dev/robot/brain/install/brain/share/brain/package.bash'
[1.576s] INFO:colcon.colcon_core.shell:Creating package script '/home/aaf/Software/Dev/robot/brain/install/brain/share/brain/package.zsh'
[1.577s] Level 1:colcon.colcon_core.environment:create_file_with_runtime_dependencies(/home/aaf/Software/Dev/robot/brain/install/brain/share/colcon-core/packages/brain)
[1.578s] DEBUG:colcon.colcon_parallel_executor.executor.parallel:closing loop
[1.579s] DEBUG:colcon.colcon_parallel_executor.executor.parallel:loop closed
[1.579s] DEBUG:colcon.colcon_parallel_executor.executor.parallel:run_until_complete finished with '0'
[1.580s] DEBUG:colcon.colcon_core.event_reactor:joining thread
[1.591s] INFO:colcon.colcon_core.plugin_system:Skipping extension 'colcon_notification.desktop_notification.terminal_notifier': Not used on non-Darwin systems
[1.591s] INFO:colcon.colcon_core.plugin_system:Skipping extension 'colcon_notification.desktop_notification.win32': Not used on non-Windows systems
[1.591s] INFO:colcon.colcon_notification.desktop_notification:Sending desktop notification using 'notify2'
[1.618s] DEBUG:colcon.colcon_core.event_reactor:joined thread
[1.620s] INFO:colcon.colcon_core.shell:Creating prefix script '/home/aaf/Software/Dev/robot/brain/install/local_setup.ps1'
[1.622s] INFO:colcon.colcon_core.shell:Creating prefix util module '/home/aaf/Software/Dev/robot/brain/install/_local_setup_util_ps1.py'
[1.624s] INFO:colcon.colcon_core.shell:Creating prefix chain script '/home/aaf/Software/Dev/robot/brain/install/setup.ps1'
[1.629s] INFO:colcon.colcon_core.shell:Creating prefix script '/home/aaf/Software/Dev/robot/brain/install/local_setup.sh'
[1.630s] INFO:colcon.colcon_core.shell:Creating prefix util module '/home/aaf/Software/Dev/robot/brain/install/_local_setup_util_sh.py'
[1.632s] INFO:colcon.colcon_core.shell:Creating prefix chain script '/home/aaf/Software/Dev/robot/brain/install/setup.sh'
[1.636s] INFO:colcon.colcon_core.shell:Creating prefix script '/home/aaf/Software/Dev/robot/brain/install/local_setup.bash'
[1.637s] INFO:colcon.colcon_core.shell:Creating prefix chain script '/home/aaf/Software/Dev/robot/brain/install/setup.bash'
[1.642s] INFO:colcon.colcon_core.shell:Creating prefix script '/home/aaf/Software/Dev/robot/brain/install/local_setup.zsh'
[1.643s] INFO:colcon.colcon_core.shell:Creating prefix chain script '/home/aaf/Software/Dev/robot/brain/install/setup.zsh'
