[0.018s] Invoking command in '/home/aaf/Software/Dev/robot/ros/brain/build/brain': CMAKE_PREFIX_PATH=/opt/ros/rolling /usr/bin/cmake --build /home/aaf/Software/Dev/robot/ros/brain/build/brain -- -j8 -l8
[0.066s] -- Found ament_cmake: 1.1.4 (/opt/ros/rolling/share/ament_cmake/cmake)
[0.097s] -- Found PythonInterp: /usr/bin/python3 (found suitable version "3.8.10", minimum required is "3") 
[0.098s] -- Using PYTHON_EXECUTABLE: /usr/bin/python3
[0.189s] -- Found rclcpp: 12.0.0 (/opt/ros/rolling/share/rclcpp/cmake)
[0.246s] -- Using all available rosidl_typesupport_c: rosidl_typesupport_fastrtps_c;rosidl_typesupport_introspection_c
[0.250s] -- Found rosidl_adapter: 2.5.0 (/opt/ros/rolling/share/rosidl_adapter/cmake)
[0.301s] -- Using all available rosidl_typesupport_cpp: rosidl_typesupport_fastrtps_cpp;rosidl_typesupport_introspection_cpp
[0.379s] -- Found rmw_implementation_cmake: 4.0.0 (/opt/ros/rolling/share/rmw_implementation_cmake/cmake)
[0.381s] -- Found rmw_cyclonedds_cpp: 0.23.1 (/opt/ros/rolling/share/rmw_cyclonedds_cpp/cmake)
[0.409s] -- Using RMW implementation 'rmw_cyclonedds_cpp' as default
[0.612s] -- Found rclpy: 3.0.1 (/opt/ros/rolling/share/rclpy/cmake)
[0.613s] -- Found rosidl_default_generators: 1.1.1 (/opt/ros/rolling/share/rosidl_default_generators/cmake)
[0.657s] -- Found PythonInterp: /usr/bin/python3 (found version "3.8.10") 
[0.927s] -- Found ament_cmake_ros: 0.9.2 (/opt/ros/rolling/share/ament_cmake_ros/cmake)
[0.988s] -- Using all available rosidl_typesupport_c: rosidl_typesupport_fastrtps_c;rosidl_typesupport_introspection_c
[1.021s] -- Using all available rosidl_typesupport_cpp: rosidl_typesupport_fastrtps_cpp;rosidl_typesupport_introspection_cpp
[1.055s] -- Found PythonInterp: /usr/bin/python3 (found suitable version "3.8.10", minimum required is "3.5") 
[1.056s] -- Found python_cmake_module: 0.8.1 (/opt/ros/rolling/share/python_cmake_module/cmake)
[1.093s] -- Using PYTHON_EXECUTABLE: /usr/bin/python3
[1.094s] -- Using PYTHON_INCLUDE_DIRS: /usr/include/python3.8
[1.094s] -- Using PYTHON_LIBRARIES: /usr/lib/x86_64-linux-gnu/libpython3.8.so
[1.146s] -- Configuring done
[1.226s] -- Generating done
[1.233s] -- Build files have been written to: /home/aaf/Software/Dev/robot/ros/brain/build/brain
[1.288s] [  2%] Built target brain__cpp
[1.291s] [ 12%] Built target brain__rosidl_generator_c
[1.302s] [ 17%] Built target brain_boot
[1.307s] [ 17%] Built target ament_cmake_python_symlink_brain
[1.338s] [ 26%] Built target brain__rosidl_typesupport_fastrtps_cpp
[1.339s] [ 36%] Built target brain__rosidl_typesupport_cpp
[1.340s] [ 46%] Built target brain__rosidl_typesupport_c
[1.341s] [ 56%] Built target brain__rosidl_typesupport_introspection_cpp
[1.345s] [ 65%] Built target brain__rosidl_typesupport_introspection_c
[1.375s] [ 75%] Built target brain__rosidl_typesupport_fastrtps_c
[1.405s] [ 75%] Built target brain
[1.438s] [ 78%] Built target brain__py
[1.478s] [ 85%] Built target brain__python
[1.522s] [100%] Built target brain__rosidl_typesupport_c__pyext
[1.523s] [100%] Built target brain__rosidl_typesupport_introspection_c__pyext
[1.523s] [100%] Built target brain__rosidl_typesupport_fastrtps_c__pyext
[1.686s] running egg_info
[1.687s] writing brain.egg-info/PKG-INFO
[1.688s] writing dependency_links to brain.egg-info/dependency_links.txt
[1.688s] writing top-level names to brain.egg-info/top_level.txt
[1.735s] reading manifest file 'brain.egg-info/SOURCES.txt'
[1.736s] writing manifest file 'brain.egg-info/SOURCES.txt'
[1.771s] [100%] Built target ament_cmake_python_build_brain_egg
[1.790s] Invoked command in '/home/aaf/Software/Dev/robot/ros/brain/build/brain' returned '0': CMAKE_PREFIX_PATH=/opt/ros/rolling /usr/bin/cmake --build /home/aaf/Software/Dev/robot/ros/brain/build/brain -- -j8 -l8
[1.912s] Invoking command in '/home/aaf/Software/Dev/robot/ros/brain/build/brain': CMAKE_PREFIX_PATH=/opt/ros/rolling /usr/bin/cmake --install /home/aaf/Software/Dev/robot/ros/brain/build/brain
[1.927s] -- Install configuration: ""
[1.927s] -- Up-to-date: /home/aaf/Software/Dev/robot/ros/brain/install/brain/lib/brain/brain_boot
[1.927s] -- Up-to-date: /home/aaf/Software/Dev/robot/ros/brain/install/brain/lib/brain/brain_main.py
[1.928s] -- Up-to-date: /home/aaf/Software/Dev/robot/ros/brain/install/brain/lib/brain/fake_rpi.py
[1.929s] -- Up-to-date: /home/aaf/Software/Dev/robot/ros/brain/install/brain/lib/brain/led21on_action_server.py
[1.929s] -- Up-to-date: /home/aaf/Software/Dev/robot/ros/brain/install/brain/share/ament_index/resource_index/rosidl_interfaces/brain
[1.929s] -- Up-to-date: /home/aaf/Software/Dev/robot/ros/brain/install/brain/include/brain
[1.929s] -- Up-to-date: /home/aaf/Software/Dev/robot/ros/brain/install/brain/include/brain/action
[1.929s] -- Up-to-date: /home/aaf/Software/Dev/robot/ros/brain/install/brain/include/brain/action/led21_off.h
[1.929s] -- Up-to-date: /home/aaf/Software/Dev/robot/ros/brain/install/brain/include/brain/action/led21_on.h
[1.930s] -- Up-to-date: /home/aaf/Software/Dev/robot/ros/brain/install/brain/include/brain/action/detail
[1.930s] -- Up-to-date: /home/aaf/Software/Dev/robot/ros/brain/install/brain/include/brain/action/detail/led21_off__type_support.h
[1.930s] -- Up-to-date: /home/aaf/Software/Dev/robot/ros/brain/install/brain/include/brain/action/detail/led21_on__type_support.h
[1.930s] -- Up-to-date: /home/aaf/Software/Dev/robot/ros/brain/install/brain/include/brain/action/detail/led21_on__functions.h
[1.930s] -- Up-to-date: /home/aaf/Software/Dev/robot/ros/brain/install/brain/include/brain/action/detail/led21_on__struct.h
[1.930s] -- Up-to-date: /home/aaf/Software/Dev/robot/ros/brain/install/brain/include/brain/action/detail/led21_off__functions.c
[1.931s] -- Up-to-date: /home/aaf/Software/Dev/robot/ros/brain/install/brain/include/brain/action/detail/led21_on__functions.c
[1.931s] -- Up-to-date: /home/aaf/Software/Dev/robot/ros/brain/install/brain/include/brain/action/detail/led21_off__struct.h
[1.931s] -- Up-to-date: /home/aaf/Software/Dev/robot/ros/brain/install/brain/include/brain/action/detail/led21_off__functions.h
[1.931s] -- Up-to-date: /home/aaf/Software/Dev/robot/ros/brain/install/brain/include/brain/msg
[1.931s] -- Up-to-date: /home/aaf/Software/Dev/robot/ros/brain/install/brain/include/brain/msg/rosidl_generator_c__visibility_control.h
[1.931s] -- Up-to-date: /home/aaf/Software/Dev/robot/ros/brain/install/brain/share/brain/environment/library_path.sh
[1.931s] -- Installing: /home/aaf/Software/Dev/robot/ros/brain/install/brain/share/brain/environment/library_path.dsv
[1.932s] -- Up-to-date: /home/aaf/Software/Dev/robot/ros/brain/install/brain/lib/libbrain__rosidl_generator_c.so
[1.932s] -- Up-to-date: /home/aaf/Software/Dev/robot/ros/brain/install/brain/include/brain
[1.932s] -- Up-to-date: /home/aaf/Software/Dev/robot/ros/brain/install/brain/include/brain/action
[1.932s] -- Up-to-date: /home/aaf/Software/Dev/robot/ros/brain/install/brain/include/brain/action/detail
[1.932s] -- Up-to-date: /home/aaf/Software/Dev/robot/ros/brain/install/brain/include/brain/action/detail/led21_on__rosidl_typesupport_fastrtps_c.h
[1.932s] -- Up-to-date: /home/aaf/Software/Dev/robot/ros/brain/install/brain/include/brain/action/detail/led21_off__rosidl_typesupport_fastrtps_c.h
[1.933s] -- Up-to-date: /home/aaf/Software/Dev/robot/ros/brain/install/brain/include/brain/msg
[1.933s] -- Up-to-date: /home/aaf/Software/Dev/robot/ros/brain/install/brain/include/brain/msg/rosidl_typesupport_fastrtps_c__visibility_control.h
[1.933s] -- Up-to-date: /home/aaf/Software/Dev/robot/ros/brain/install/brain/lib/libbrain__rosidl_typesupport_fastrtps_c.so
[1.933s] -- Up-to-date: /home/aaf/Software/Dev/robot/ros/brain/install/brain/include/brain
[1.933s] -- Up-to-date: /home/aaf/Software/Dev/robot/ros/brain/install/brain/include/brain/action
[1.933s] -- Up-to-date: /home/aaf/Software/Dev/robot/ros/brain/install/brain/include/brain/action/detail
[1.934s] -- Up-to-date: /home/aaf/Software/Dev/robot/ros/brain/install/brain/include/brain/action/detail/led21_on__rosidl_typesupport_fastrtps_cpp.hpp
[1.934s] -- Up-to-date: /home/aaf/Software/Dev/robot/ros/brain/install/brain/include/brain/action/detail/dds_fastrtps
[1.934s] -- Up-to-date: /home/aaf/Software/Dev/robot/ros/brain/install/brain/include/brain/action/detail/led21_off__rosidl_typesupport_fastrtps_cpp.hpp
[1.934s] -- Up-to-date: /home/aaf/Software/Dev/robot/ros/brain/install/brain/include/brain/msg
[1.934s] -- Up-to-date: /home/aaf/Software/Dev/robot/ros/brain/install/brain/include/brain/msg/rosidl_typesupport_fastrtps_cpp__visibility_control.h
[1.934s] -- Up-to-date: /home/aaf/Software/Dev/robot/ros/brain/install/brain/lib/libbrain__rosidl_typesupport_fastrtps_cpp.so
[1.934s] -- Up-to-date: /home/aaf/Software/Dev/robot/ros/brain/install/brain/include/brain
[1.934s] -- Up-to-date: /home/aaf/Software/Dev/robot/ros/brain/install/brain/include/brain/action
[1.935s] -- Up-to-date: /home/aaf/Software/Dev/robot/ros/brain/install/brain/include/brain/action/detail
[1.935s] -- Up-to-date: /home/aaf/Software/Dev/robot/ros/brain/install/brain/include/brain/action/detail/led21_on__rosidl_typesupport_introspection_c.h
[1.935s] -- Up-to-date: /home/aaf/Software/Dev/robot/ros/brain/install/brain/include/brain/action/detail/led21_off__rosidl_typesupport_introspection_c.h
[1.935s] -- Up-to-date: /home/aaf/Software/Dev/robot/ros/brain/install/brain/include/brain/action/detail/led21_on__type_support.c
[1.935s] -- Up-to-date: /home/aaf/Software/Dev/robot/ros/brain/install/brain/include/brain/action/detail/led21_off__type_support.c
[1.936s] -- Up-to-date: /home/aaf/Software/Dev/robot/ros/brain/install/brain/include/brain/msg
[1.936s] -- Up-to-date: /home/aaf/Software/Dev/robot/ros/brain/install/brain/include/brain/msg/rosidl_typesupport_introspection_c__visibility_control.h
[1.936s] -- Up-to-date: /home/aaf/Software/Dev/robot/ros/brain/install/brain/lib/libbrain__rosidl_typesupport_introspection_c.so
[1.936s] -- Up-to-date: /home/aaf/Software/Dev/robot/ros/brain/install/brain/lib/libbrain__rosidl_typesupport_c.so
[1.936s] -- Up-to-date: /home/aaf/Software/Dev/robot/ros/brain/install/brain/include/brain
[1.936s] -- Up-to-date: /home/aaf/Software/Dev/robot/ros/brain/install/brain/include/brain/action
[1.937s] -- Up-to-date: /home/aaf/Software/Dev/robot/ros/brain/install/brain/include/brain/action/detail
[1.937s] -- Up-to-date: /home/aaf/Software/Dev/robot/ros/brain/install/brain/include/brain/action/detail/led21_on__struct.hpp
[1.937s] -- Up-to-date: /home/aaf/Software/Dev/robot/ros/brain/install/brain/include/brain/action/detail/led21_off__traits.hpp
[1.937s] -- Up-to-date: /home/aaf/Software/Dev/robot/ros/brain/install/brain/include/brain/action/detail/led21_off__struct.hpp
[1.937s] -- Up-to-date: /home/aaf/Software/Dev/robot/ros/brain/install/brain/include/brain/action/detail/led21_on__builder.hpp
[1.937s] -- Up-to-date: /home/aaf/Software/Dev/robot/ros/brain/install/brain/include/brain/action/detail/led21_off__builder.hpp
[1.937s] -- Up-to-date: /home/aaf/Software/Dev/robot/ros/brain/install/brain/include/brain/action/detail/led21_on__traits.hpp
[1.938s] -- Up-to-date: /home/aaf/Software/Dev/robot/ros/brain/install/brain/include/brain/action/led21_off.hpp
[1.938s] -- Up-to-date: /home/aaf/Software/Dev/robot/ros/brain/install/brain/include/brain/action/led21_on.hpp
[1.938s] -- Up-to-date: /home/aaf/Software/Dev/robot/ros/brain/install/brain/include/brain
[1.938s] -- Up-to-date: /home/aaf/Software/Dev/robot/ros/brain/install/brain/include/brain/action
[1.938s] -- Up-to-date: /home/aaf/Software/Dev/robot/ros/brain/install/brain/include/brain/action/detail
[1.939s] -- Up-to-date: /home/aaf/Software/Dev/robot/ros/brain/install/brain/include/brain/action/detail/led21_on__rosidl_typesupport_introspection_cpp.hpp
[1.939s] -- Up-to-date: /home/aaf/Software/Dev/robot/ros/brain/install/brain/include/brain/action/detail/led21_off__rosidl_typesupport_introspection_cpp.hpp
[1.940s] -- Up-to-date: /home/aaf/Software/Dev/robot/ros/brain/install/brain/include/brain/action/detail/led21_off__type_support.cpp
[1.940s] -- Up-to-date: /home/aaf/Software/Dev/robot/ros/brain/install/brain/include/brain/action/detail/led21_on__type_support.cpp
[1.940s] -- Up-to-date: /home/aaf/Software/Dev/robot/ros/brain/install/brain/lib/libbrain__rosidl_typesupport_introspection_cpp.so
[1.940s] -- Up-to-date: /home/aaf/Software/Dev/robot/ros/brain/install/brain/lib/libbrain__rosidl_typesupport_cpp.so
[1.941s] -- Up-to-date: /home/aaf/Software/Dev/robot/ros/brain/install/brain/share/brain/environment/pythonpath.sh
[1.941s] -- Installing: /home/aaf/Software/Dev/robot/ros/brain/install/brain/share/brain/environment/pythonpath.dsv
[1.941s] -- Up-to-date: /home/aaf/Software/Dev/robot/ros/brain/install/brain/lib/python3.8/site-packages//brain.egg-info
[1.941s] -- Installing: /home/aaf/Software/Dev/robot/ros/brain/install/brain/lib/python3.8/site-packages//brain.egg-info/PKG-INFO
[1.941s] -- Installing: /home/aaf/Software/Dev/robot/ros/brain/install/brain/lib/python3.8/site-packages//brain.egg-info/SOURCES.txt
[1.941s] -- Installing: /home/aaf/Software/Dev/robot/ros/brain/install/brain/lib/python3.8/site-packages//brain.egg-info/top_level.txt
[1.941s] -- Installing: /home/aaf/Software/Dev/robot/ros/brain/install/brain/lib/python3.8/site-packages//brain.egg-info/dependency_links.txt
[1.941s] -- Up-to-date: /home/aaf/Software/Dev/robot/ros/brain/install/brain/lib/python3.8/site-packages/brain
[1.941s] -- Up-to-date: /home/aaf/Software/Dev/robot/ros/brain/install/brain/lib/python3.8/site-packages/brain/action
[1.942s] -- Up-to-date: /home/aaf/Software/Dev/robot/ros/brain/install/brain/lib/python3.8/site-packages/brain/action/_led21_on.py
[1.942s] -- Up-to-date: /home/aaf/Software/Dev/robot/ros/brain/install/brain/lib/python3.8/site-packages/brain/action/_led21_on_s.c
[1.942s] -- Up-to-date: /home/aaf/Software/Dev/robot/ros/brain/install/brain/lib/python3.8/site-packages/brain/action/_led21_off_s.c
[1.942s] -- Up-to-date: /home/aaf/Software/Dev/robot/ros/brain/install/brain/lib/python3.8/site-packages/brain/action/__init__.py
[1.942s] -- Up-to-date: /home/aaf/Software/Dev/robot/ros/brain/install/brain/lib/python3.8/site-packages/brain/action/_led21_off.py
[1.942s] -- Up-to-date: /home/aaf/Software/Dev/robot/ros/brain/install/brain/lib/python3.8/site-packages/brain/_brain_s.ep.rosidl_typesupport_c.c
[1.942s] -- Up-to-date: /home/aaf/Software/Dev/robot/ros/brain/install/brain/lib/python3.8/site-packages/brain/brain_s__rosidl_typesupport_introspection_c.cpython-38-x86_64-linux-gnu.so
[1.942s] -- Up-to-date: /home/aaf/Software/Dev/robot/ros/brain/install/brain/lib/python3.8/site-packages/brain/_brain_s.ep.rosidl_typesupport_fastrtps_c.c
[1.943s] -- Up-to-date: /home/aaf/Software/Dev/robot/ros/brain/install/brain/lib/python3.8/site-packages/brain/brain_s__rosidl_typesupport_c.cpython-38-x86_64-linux-gnu.so
[1.943s] -- Installing: /home/aaf/Software/Dev/robot/ros/brain/install/brain/lib/python3.8/site-packages/brain/__init__.py
[1.943s] -- Up-to-date: /home/aaf/Software/Dev/robot/ros/brain/install/brain/lib/python3.8/site-packages/brain/_brain_s.ep.rosidl_typesupport_introspection_c.c
[1.943s] -- Up-to-date: /home/aaf/Software/Dev/robot/ros/brain/install/brain/lib/python3.8/site-packages/brain/brain_s__rosidl_typesupport_fastrtps_c.cpython-38-x86_64-linux-gnu.so
[1.943s] -- Up-to-date: /home/aaf/Software/Dev/robot/ros/brain/install/brain/lib/python3.8/site-packages/brain/libbrain__python.so
[1.984s] Listing '/home/aaf/Software/Dev/robot/ros/brain/install/brain/lib/python3.8/site-packages/brain'...
[1.984s] Compiling '/home/aaf/Software/Dev/robot/ros/brain/install/brain/lib/python3.8/site-packages/brain/__init__.py'...
[1.985s] Listing '/home/aaf/Software/Dev/robot/ros/brain/install/brain/lib/python3.8/site-packages/brain/action'...
[1.989s] -- Up-to-date: /home/aaf/Software/Dev/robot/ros/brain/install/brain/lib/python3.8/site-packages/brain/brain_s__rosidl_typesupport_fastrtps_c.cpython-38-x86_64-linux-gnu.so
[1.990s] -- Up-to-date: /home/aaf/Software/Dev/robot/ros/brain/install/brain/lib/python3.8/site-packages/brain/brain_s__rosidl_typesupport_introspection_c.cpython-38-x86_64-linux-gnu.so
[1.991s] -- Up-to-date: /home/aaf/Software/Dev/robot/ros/brain/install/brain/lib/python3.8/site-packages/brain/brain_s__rosidl_typesupport_c.cpython-38-x86_64-linux-gnu.so
[1.992s] -- Up-to-date: /home/aaf/Software/Dev/robot/ros/brain/install/brain/lib/libbrain__python.so
[1.992s] -- Up-to-date: /home/aaf/Software/Dev/robot/ros/brain/install/brain/share/brain/action/Led21On.idl
[1.992s] -- Up-to-date: /home/aaf/Software/Dev/robot/ros/brain/install/brain/share/brain/action/Led21Off.idl
[1.993s] -- Up-to-date: /home/aaf/Software/Dev/robot/ros/brain/install/brain/share/brain/action/Led21On.action
[1.993s] -- Up-to-date: /home/aaf/Software/Dev/robot/ros/brain/install/brain/share/brain/action/Led21Off.action
[1.993s] -- Installing: /home/aaf/Software/Dev/robot/ros/brain/install/brain/share/brain//launch
[1.993s] -- Installing: /home/aaf/Software/Dev/robot/ros/brain/install/brain/share/brain//launch/brain.launch.py
[1.993s] -- Up-to-date: /home/aaf/Software/Dev/robot/ros/brain/install/brain/share/ament_index/resource_index/package_run_dependencies/brain
[1.993s] -- Installing: /home/aaf/Software/Dev/robot/ros/brain/install/brain/share/ament_index/resource_index/parent_prefix_path/brain
[1.994s] -- Up-to-date: /home/aaf/Software/Dev/robot/ros/brain/install/brain/share/brain/environment/ament_prefix_path.sh
[1.994s] -- Installing: /home/aaf/Software/Dev/robot/ros/brain/install/brain/share/brain/environment/ament_prefix_path.dsv
[1.994s] -- Up-to-date: /home/aaf/Software/Dev/robot/ros/brain/install/brain/share/brain/environment/path.sh
[1.995s] -- Installing: /home/aaf/Software/Dev/robot/ros/brain/install/brain/share/brain/environment/path.dsv
[1.995s] -- Up-to-date: /home/aaf/Software/Dev/robot/ros/brain/install/brain/share/brain/local_setup.bash
[1.995s] -- Up-to-date: /home/aaf/Software/Dev/robot/ros/brain/install/brain/share/brain/local_setup.sh
[1.995s] -- Up-to-date: /home/aaf/Software/Dev/robot/ros/brain/install/brain/share/brain/local_setup.zsh
[1.995s] -- Installing: /home/aaf/Software/Dev/robot/ros/brain/install/brain/share/brain/local_setup.dsv
[1.995s] -- Installing: /home/aaf/Software/Dev/robot/ros/brain/install/brain/share/brain/package.dsv
[1.996s] -- Up-to-date: /home/aaf/Software/Dev/robot/ros/brain/install/brain/share/ament_index/resource_index/packages/brain
[1.996s] -- Up-to-date: /home/aaf/Software/Dev/robot/ros/brain/install/brain/share/brain/cmake/brain__rosidl_generator_cExport.cmake
[1.996s] -- Installing: /home/aaf/Software/Dev/robot/ros/brain/install/brain/share/brain/cmake/brain__rosidl_generator_cExport-noconfig.cmake
[1.997s] -- Up-to-date: /home/aaf/Software/Dev/robot/ros/brain/install/brain/share/brain/cmake/brain__rosidl_typesupport_introspection_cExport.cmake
[1.997s] -- Installing: /home/aaf/Software/Dev/robot/ros/brain/install/brain/share/brain/cmake/brain__rosidl_typesupport_introspection_cExport-noconfig.cmake
[1.997s] -- Up-to-date: /home/aaf/Software/Dev/robot/ros/brain/install/brain/share/brain/cmake/brain__rosidl_typesupport_cExport.cmake
[1.997s] -- Installing: /home/aaf/Software/Dev/robot/ros/brain/install/brain/share/brain/cmake/brain__rosidl_typesupport_cExport-noconfig.cmake
[1.998s] -- Up-to-date: /home/aaf/Software/Dev/robot/ros/brain/install/brain/share/brain/cmake/brain__rosidl_generator_cppExport.cmake
[1.998s] -- Up-to-date: /home/aaf/Software/Dev/robot/ros/brain/install/brain/share/brain/cmake/brain__rosidl_typesupport_introspection_cppExport.cmake
[1.998s] -- Installing: /home/aaf/Software/Dev/robot/ros/brain/install/brain/share/brain/cmake/brain__rosidl_typesupport_introspection_cppExport-noconfig.cmake
[1.999s] -- Up-to-date: /home/aaf/Software/Dev/robot/ros/brain/install/brain/share/brain/cmake/brain__rosidl_typesupport_cppExport.cmake
[1.999s] -- Installing: /home/aaf/Software/Dev/robot/ros/brain/install/brain/share/brain/cmake/brain__rosidl_typesupport_cppExport-noconfig.cmake
[2.000s] -- Up-to-date: /home/aaf/Software/Dev/robot/ros/brain/install/brain/share/brain/cmake/rosidl_cmake-extras.cmake
[2.001s] -- Up-to-date: /home/aaf/Software/Dev/robot/ros/brain/install/brain/share/brain/cmake/ament_cmake_export_dependencies-extras.cmake
[2.001s] -- Up-to-date: /home/aaf/Software/Dev/robot/ros/brain/install/brain/share/brain/cmake/ament_cmake_export_libraries-extras.cmake
[2.001s] -- Up-to-date: /home/aaf/Software/Dev/robot/ros/brain/install/brain/share/brain/cmake/ament_cmake_export_targets-extras.cmake
[2.001s] -- Up-to-date: /home/aaf/Software/Dev/robot/ros/brain/install/brain/share/brain/cmake/ament_cmake_export_include_directories-extras.cmake
[2.001s] -- Up-to-date: /home/aaf/Software/Dev/robot/ros/brain/install/brain/share/brain/cmake/rosidl_cmake_export_typesupport_libraries-extras.cmake
[2.001s] -- Up-to-date: /home/aaf/Software/Dev/robot/ros/brain/install/brain/share/brain/cmake/rosidl_cmake_export_typesupport_targets-extras.cmake
[2.002s] -- Up-to-date: /home/aaf/Software/Dev/robot/ros/brain/install/brain/share/brain/cmake/brainConfig.cmake
[2.002s] -- Up-to-date: /home/aaf/Software/Dev/robot/ros/brain/install/brain/share/brain/cmake/brainConfig-version.cmake
[2.002s] -- Up-to-date: /home/aaf/Software/Dev/robot/ros/brain/install/brain/share/brain/package.xml
[2.006s] Invoked command in '/home/aaf/Software/Dev/robot/ros/brain/build/brain' returned '0': CMAKE_PREFIX_PATH=/opt/ros/rolling /usr/bin/cmake --install /home/aaf/Software/Dev/robot/ros/brain/build/brain
