[0.415s] DEBUG:colcon:Command line arguments: ['/usr/bin/colcon', 'build']
[0.416s] DEBUG:colcon:Parsed command line arguments: Namespace(ament_cmake_args=None, base_paths=['.'], build_base='build', catkin_cmake_args=None, catkin_skip_building_tests=False, cmake_args=None, cmake_clean_cache=False, cmake_clean_first=False, cmake_force_configure=False, cmake_target=None, cmake_target_skip_unavailable=False, continue_on_error=False, event_handlers=None, executor='parallel', ignore_user_meta=False, install_base='install', log_base=None, log_level=None, main=<bound method BuildVerb.main of <colcon_core.verb.build.BuildVerb object at 0x7f3da8099430>>, merge_install=False, metas=['./colcon.meta'], packages_above=None, packages_above_and_dependencies=None, packages_above_depth=None, packages_end=None, packages_ignore=None, packages_ignore_regex=None, packages_select=None, packages_select_build_failed=False, packages_select_by_dep=None, packages_select_regex=None, packages_select_test_failures=False, packages_skip=None, packages_skip_build_finished=False, packages_skip_by_dep=None, packages_skip_regex=None, packages_skip_test_passed=False, packages_skip_up_to=None, packages_start=None, packages_up_to=None, packages_up_to_regex=None, parallel_workers=8, paths=None, symlink_install=False, test_result_base=None, verb_extension=<colcon_core.verb.build.BuildVerb object at 0x7f3da8099430>, verb_name='build', verb_parser=<colcon_defaults.argument_parser.defaults.DefaultArgumentsDecorator object at 0x7f3da81ccdf0>)
[0.423s] Level 1:colcon.colcon_core.package_discovery:discover_packages(colcon_meta) check parameters
[0.423s] Level 1:colcon.colcon_core.package_discovery:discover_packages(recursive) check parameters
[0.423s] Level 1:colcon.colcon_core.package_discovery:discover_packages(ignore) check parameters
[0.423s] Level 1:colcon.colcon_core.package_discovery:discover_packages(path) check parameters
[0.423s] Level 1:colcon.colcon_core.package_discovery:discover_packages(colcon_meta) discover
[0.423s] Level 1:colcon.colcon_core.package_discovery:discover_packages(recursive) discover
[0.423s] INFO:colcon.colcon_core.package_discovery:Crawling recursively for packages in '/home/aaf/Software/Dev/robot/ros/brain'
[0.424s] Level 1:colcon.colcon_core.package_identification:_identify(.) by extensions ['ignore', 'ignore_ament_install']
[0.424s] Level 1:colcon.colcon_core.package_identification:_identify(.) by extension 'ignore'
[0.424s] Level 1:colcon.colcon_core.package_identification:_identify(.) by extension 'ignore_ament_install'
[0.424s] Level 1:colcon.colcon_core.package_identification:_identify(.) by extensions ['colcon_pkg']
[0.424s] Level 1:colcon.colcon_core.package_identification:_identify(.) by extension 'colcon_pkg'
[0.424s] Level 1:colcon.colcon_core.package_identification:_identify(.) by extensions ['colcon_meta']
[0.424s] Level 1:colcon.colcon_core.package_identification:_identify(.) by extension 'colcon_meta'
[0.424s] Level 1:colcon.colcon_core.package_identification:_identify(.) by extensions ['ros']
[0.424s] Level 1:colcon.colcon_core.package_identification:_identify(.) by extension 'ros'
[0.441s] DEBUG:colcon.colcon_core.package_identification:Package '.' with type 'ros.ament_cmake' and name 'brain'
[0.441s] Level 1:colcon.colcon_core.package_discovery:discover_packages(recursive) using defaults
[0.441s] Level 1:colcon.colcon_core.package_discovery:discover_packages(ignore) discover
[0.441s] Level 1:colcon.colcon_core.package_discovery:discover_packages(ignore) using defaults
[0.441s] Level 1:colcon.colcon_core.package_discovery:discover_packages(path) discover
[0.442s] Level 1:colcon.colcon_core.package_discovery:discover_packages(path) using defaults
[0.467s] Level 5:colcon.colcon_core.verb:set package 'brain' build argument 'cmake_args' from command line to 'None'
[0.467s] Level 5:colcon.colcon_core.verb:set package 'brain' build argument 'cmake_target' from command line to 'None'
[0.467s] Level 5:colcon.colcon_core.verb:set package 'brain' build argument 'cmake_target_skip_unavailable' from command line to 'False'
[0.467s] Level 5:colcon.colcon_core.verb:set package 'brain' build argument 'cmake_clean_cache' from command line to 'False'
[0.467s] Level 5:colcon.colcon_core.verb:set package 'brain' build argument 'cmake_clean_first' from command line to 'False'
[0.467s] Level 5:colcon.colcon_core.verb:set package 'brain' build argument 'cmake_force_configure' from command line to 'False'
[0.467s] Level 5:colcon.colcon_core.verb:set package 'brain' build argument 'ament_cmake_args' from command line to 'None'
[0.467s] Level 5:colcon.colcon_core.verb:set package 'brain' build argument 'catkin_cmake_args' from command line to 'None'
[0.467s] Level 5:colcon.colcon_core.verb:set package 'brain' build argument 'catkin_skip_building_tests' from command line to 'False'
[0.467s] DEBUG:colcon.colcon_core.verb:Building package 'brain' with the following arguments: {'ament_cmake_args': None, 'build_base': '/home/aaf/Software/Dev/robot/ros/brain/build/brain', 'catkin_cmake_args': None, 'catkin_skip_building_tests': False, 'cmake_args': None, 'cmake_clean_cache': False, 'cmake_clean_first': False, 'cmake_force_configure': False, 'cmake_target': None, 'cmake_target_skip_unavailable': False, 'install_base': '/home/aaf/Software/Dev/robot/ros/brain/install/brain', 'merge_install': False, 'path': '/home/aaf/Software/Dev/robot/ros/brain', 'symlink_install': False, 'test_result_base': None}
[0.468s] INFO:colcon.colcon_core.executor:Executing jobs using 'parallel' executor
[0.470s] DEBUG:colcon.colcon_parallel_executor.executor.parallel:run_until_complete
[0.471s] INFO:colcon.colcon_ros.task.ament_cmake.build:Building ROS package in '/home/aaf/Software/Dev/robot/ros/brain' with build type 'ament_cmake'
[0.471s] INFO:colcon.colcon_cmake.task.cmake.build:Building CMake package in '/home/aaf/Software/Dev/robot/ros/brain'
[0.477s] INFO:colcon.colcon_core.plugin_system:Skipping extension 'colcon_core.shell.bat': Not used on non-Windows systems
[0.477s] INFO:colcon.colcon_core.shell:Skip shell extension 'powershell' for command environment: Not usable outside of PowerShell
[0.477s] DEBUG:colcon.colcon_core.shell:Skip shell extension 'dsv' for command environment
[0.480s] DEBUG:colcon.colcon_core.shell:Ignoring prefix path '/opt/ros/rolling'
[0.491s] DEBUG:colcon.colcon_core.event_handler.log_command:Invoking command in '/home/aaf/Software/Dev/robot/ros/brain/build/brain': CMAKE_PREFIX_PATH=/opt/ros/rolling /usr/bin/cmake --build /home/aaf/Software/Dev/robot/ros/brain/build/brain -- -j8 -l8
[1.617s] DEBUG:colcon.colcon_core.event_handler.log_command:Invoked command in '/home/aaf/Software/Dev/robot/ros/brain/build/brain' returned '2': CMAKE_PREFIX_PATH=/opt/ros/rolling /usr/bin/cmake --build /home/aaf/Software/Dev/robot/ros/brain/build/brain -- -j8 -l8
[1.729s] Level 1:colcon.colcon_core.environment:create_environment_scripts_only(brain)
[1.735s] Level 1:colcon.colcon_core.environment:checking '/home/aaf/Software/Dev/robot/ros/brain/install/brain' for CMake module files
[1.737s] Level 1:colcon.colcon_core.environment:checking '/home/aaf/Software/Dev/robot/ros/brain/install/brain' for CMake config files
[1.737s] Level 1:colcon.colcon_core.shell:create_environment_hook('brain', 'cmake_prefix_path')
[1.738s] INFO:colcon.colcon_core.shell:Creating environment hook '/home/aaf/Software/Dev/robot/ros/brain/install/brain/share/brain/hook/cmake_prefix_path.ps1'
[1.740s] INFO:colcon.colcon_core.shell:Creating environment descriptor '/home/aaf/Software/Dev/robot/ros/brain/install/brain/share/brain/hook/cmake_prefix_path.dsv'
[1.741s] INFO:colcon.colcon_core.shell:Creating environment hook '/home/aaf/Software/Dev/robot/ros/brain/install/brain/share/brain/hook/cmake_prefix_path.sh'
[1.744s] Level 1:colcon.colcon_core.environment:checking '/home/aaf/Software/Dev/robot/ros/brain/install/brain/lib'
[1.745s] Level 1:colcon.colcon_core.shell:create_environment_hook('brain', 'ld_library_path_lib')
[1.746s] INFO:colcon.colcon_core.shell:Creating environment hook '/home/aaf/Software/Dev/robot/ros/brain/install/brain/share/brain/hook/ld_library_path_lib.ps1'
[1.746s] INFO:colcon.colcon_core.shell:Creating environment descriptor '/home/aaf/Software/Dev/robot/ros/brain/install/brain/share/brain/hook/ld_library_path_lib.dsv'
[1.747s] INFO:colcon.colcon_core.shell:Creating environment hook '/home/aaf/Software/Dev/robot/ros/brain/install/brain/share/brain/hook/ld_library_path_lib.sh'
[1.747s] Level 1:colcon.colcon_core.environment:checking '/home/aaf/Software/Dev/robot/ros/brain/install/brain/bin'
[1.747s] Level 1:colcon.colcon_core.environment:checking '/home/aaf/Software/Dev/robot/ros/brain/install/brain/lib/pkgconfig/brain.pc'
[1.748s] Level 1:colcon.colcon_core.environment:checking '/home/aaf/Software/Dev/robot/ros/brain/install/brain/lib/python3.8/site-packages'
[1.748s] Level 1:colcon.colcon_core.shell:create_environment_hook('brain', 'pythonpath')
[1.749s] INFO:colcon.colcon_core.shell:Creating environment hook '/home/aaf/Software/Dev/robot/ros/brain/install/brain/share/brain/hook/pythonpath.ps1'
[1.749s] INFO:colcon.colcon_core.shell:Creating environment descriptor '/home/aaf/Software/Dev/robot/ros/brain/install/brain/share/brain/hook/pythonpath.dsv'
[1.749s] INFO:colcon.colcon_core.shell:Creating environment hook '/home/aaf/Software/Dev/robot/ros/brain/install/brain/share/brain/hook/pythonpath.sh'
[1.751s] INFO:colcon.colcon_core.shell:Creating package script '/home/aaf/Software/Dev/robot/ros/brain/install/brain/share/brain/package.ps1'
[1.752s] INFO:colcon.colcon_core.shell:Creating package descriptor '/home/aaf/Software/Dev/robot/ros/brain/install/brain/share/brain/package.dsv'
[1.753s] INFO:colcon.colcon_core.shell:Creating package script '/home/aaf/Software/Dev/robot/ros/brain/install/brain/share/brain/package.sh'
[1.754s] INFO:colcon.colcon_core.shell:Creating package script '/home/aaf/Software/Dev/robot/ros/brain/install/brain/share/brain/package.bash'
[1.755s] INFO:colcon.colcon_core.shell:Creating package script '/home/aaf/Software/Dev/robot/ros/brain/install/brain/share/brain/package.zsh'
[1.756s] Level 1:colcon.colcon_core.environment:create_file_with_runtime_dependencies(/home/aaf/Software/Dev/robot/ros/brain/install/brain/share/colcon-core/packages/brain)
[1.767s] DEBUG:colcon.colcon_parallel_executor.executor.parallel:closing loop
[1.767s] DEBUG:colcon.colcon_parallel_executor.executor.parallel:loop closed
[1.768s] DEBUG:colcon.colcon_parallel_executor.executor.parallel:run_until_complete finished with '2'
[1.768s] DEBUG:colcon.colcon_core.event_reactor:joining thread
[1.777s] INFO:colcon.colcon_core.plugin_system:Skipping extension 'colcon_notification.desktop_notification.terminal_notifier': Not used on non-Darwin systems
[1.778s] INFO:colcon.colcon_core.plugin_system:Skipping extension 'colcon_notification.desktop_notification.win32': Not used on non-Windows systems
[1.778s] INFO:colcon.colcon_notification.desktop_notification:Sending desktop notification using 'notify2'
[1.801s] DEBUG:colcon.colcon_core.event_reactor:joined thread
[1.802s] INFO:colcon.colcon_core.shell:Creating prefix script '/home/aaf/Software/Dev/robot/ros/brain/install/local_setup.ps1'
[1.803s] INFO:colcon.colcon_core.shell:Creating prefix util module '/home/aaf/Software/Dev/robot/ros/brain/install/_local_setup_util_ps1.py'
[1.805s] INFO:colcon.colcon_core.shell:Creating prefix chain script '/home/aaf/Software/Dev/robot/ros/brain/install/setup.ps1'
[1.811s] INFO:colcon.colcon_core.shell:Creating prefix script '/home/aaf/Software/Dev/robot/ros/brain/install/local_setup.sh'
[1.812s] INFO:colcon.colcon_core.shell:Creating prefix util module '/home/aaf/Software/Dev/robot/ros/brain/install/_local_setup_util_sh.py'
[1.813s] INFO:colcon.colcon_core.shell:Creating prefix chain script '/home/aaf/Software/Dev/robot/ros/brain/install/setup.sh'
[1.817s] INFO:colcon.colcon_core.shell:Creating prefix script '/home/aaf/Software/Dev/robot/ros/brain/install/local_setup.bash'
[1.817s] INFO:colcon.colcon_core.shell:Creating prefix chain script '/home/aaf/Software/Dev/robot/ros/brain/install/setup.bash'
[1.821s] INFO:colcon.colcon_core.shell:Creating prefix script '/home/aaf/Software/Dev/robot/ros/brain/install/local_setup.zsh'
[1.822s] INFO:colcon.colcon_core.shell:Creating prefix chain script '/home/aaf/Software/Dev/robot/ros/brain/install/setup.zsh'
