[0.807s] DEBUG:colcon:Command line arguments: ['/usr/bin/colcon', 'build']
[0.808s] DEBUG:colcon:Parsed command line arguments: Namespace(ament_cmake_args=None, base_paths=['.'], build_base='build', catkin_cmake_args=None, catkin_skip_building_tests=False, cmake_args=None, cmake_clean_cache=False, cmake_clean_first=False, cmake_force_configure=False, cmake_target=None, cmake_target_skip_unavailable=False, continue_on_error=False, event_handlers=None, executor='parallel', ignore_user_meta=False, install_base='install', log_base=None, log_level=None, main=<bound method BuildVerb.main of <colcon_core.verb.build.BuildVerb object at 0x7fc2a715e3a0>>, merge_install=False, metas=['./colcon.meta'], packages_above=None, packages_above_and_dependencies=None, packages_above_depth=None, packages_end=None, packages_ignore=None, packages_ignore_regex=None, packages_select=None, packages_select_build_failed=False, packages_select_by_dep=None, packages_select_regex=None, packages_select_test_failures=False, packages_skip=None, packages_skip_build_finished=False, packages_skip_by_dep=None, packages_skip_regex=None, packages_skip_test_passed=False, packages_skip_up_to=None, packages_start=None, packages_up_to=None, packages_up_to_regex=None, parallel_workers=8, paths=None, symlink_install=False, test_result_base=None, verb_extension=<colcon_core.verb.build.BuildVerb object at 0x7fc2a715e3a0>, verb_name='build', verb_parser=<colcon_defaults.argument_parser.defaults.DefaultArgumentsDecorator object at 0x7fc2a7292d90>)
[0.823s] Level 1:colcon.colcon_core.package_discovery:discover_packages(colcon_meta) check parameters
[0.823s] Level 1:colcon.colcon_core.package_discovery:discover_packages(recursive) check parameters
[0.823s] Level 1:colcon.colcon_core.package_discovery:discover_packages(ignore) check parameters
[0.823s] Level 1:colcon.colcon_core.package_discovery:discover_packages(path) check parameters
[0.824s] Level 1:colcon.colcon_core.package_discovery:discover_packages(colcon_meta) discover
[0.824s] Level 1:colcon.colcon_core.package_discovery:discover_packages(recursive) discover
[0.824s] INFO:colcon.colcon_core.package_discovery:Crawling recursively for packages in '/home/aaf/Software/Dev/robot/ros/brain'
[0.824s] Level 1:colcon.colcon_core.package_identification:_identify(.) by extensions ['ignore', 'ignore_ament_install']
[0.824s] Level 1:colcon.colcon_core.package_identification:_identify(.) by extension 'ignore'
[0.824s] Level 1:colcon.colcon_core.package_identification:_identify(.) by extension 'ignore_ament_install'
[0.824s] Level 1:colcon.colcon_core.package_identification:_identify(.) by extensions ['colcon_pkg']
[0.825s] Level 1:colcon.colcon_core.package_identification:_identify(.) by extension 'colcon_pkg'
[0.825s] Level 1:colcon.colcon_core.package_identification:_identify(.) by extensions ['colcon_meta']
[0.825s] Level 1:colcon.colcon_core.package_identification:_identify(.) by extension 'colcon_meta'
[0.825s] Level 1:colcon.colcon_core.package_identification:_identify(.) by extensions ['ros']
[0.825s] Level 1:colcon.colcon_core.package_identification:_identify(.) by extension 'ros'
[0.848s] DEBUG:colcon.colcon_core.package_identification:Package '.' with type 'ros.ament_cmake' and name 'brain'
[0.849s] Level 1:colcon.colcon_core.package_discovery:discover_packages(recursive) using defaults
[0.849s] Level 1:colcon.colcon_core.package_discovery:discover_packages(ignore) discover
[0.849s] Level 1:colcon.colcon_core.package_discovery:discover_packages(ignore) using defaults
[0.849s] Level 1:colcon.colcon_core.package_discovery:discover_packages(path) discover
[0.849s] Level 1:colcon.colcon_core.package_discovery:discover_packages(path) using defaults
[0.887s] Level 5:colcon.colcon_core.verb:set package 'brain' build argument 'cmake_args' from command line to 'None'
[0.887s] Level 5:colcon.colcon_core.verb:set package 'brain' build argument 'cmake_target' from command line to 'None'
[0.887s] Level 5:colcon.colcon_core.verb:set package 'brain' build argument 'cmake_target_skip_unavailable' from command line to 'False'
[0.887s] Level 5:colcon.colcon_core.verb:set package 'brain' build argument 'cmake_clean_cache' from command line to 'False'
[0.887s] Level 5:colcon.colcon_core.verb:set package 'brain' build argument 'cmake_clean_first' from command line to 'False'
[0.887s] Level 5:colcon.colcon_core.verb:set package 'brain' build argument 'cmake_force_configure' from command line to 'False'
[0.887s] Level 5:colcon.colcon_core.verb:set package 'brain' build argument 'ament_cmake_args' from command line to 'None'
[0.887s] Level 5:colcon.colcon_core.verb:set package 'brain' build argument 'catkin_cmake_args' from command line to 'None'
[0.887s] Level 5:colcon.colcon_core.verb:set package 'brain' build argument 'catkin_skip_building_tests' from command line to 'False'
[0.887s] DEBUG:colcon.colcon_core.verb:Building package 'brain' with the following arguments: {'ament_cmake_args': None, 'build_base': '/home/aaf/Software/Dev/robot/ros/brain/build/brain', 'catkin_cmake_args': None, 'catkin_skip_building_tests': False, 'cmake_args': None, 'cmake_clean_cache': False, 'cmake_clean_first': False, 'cmake_force_configure': False, 'cmake_target': None, 'cmake_target_skip_unavailable': False, 'install_base': '/home/aaf/Software/Dev/robot/ros/brain/install/brain', 'merge_install': False, 'path': '/home/aaf/Software/Dev/robot/ros/brain', 'symlink_install': False, 'test_result_base': None}
[0.888s] INFO:colcon.colcon_core.executor:Executing jobs using 'parallel' executor
[0.891s] DEBUG:colcon.colcon_parallel_executor.executor.parallel:run_until_complete
[0.892s] INFO:colcon.colcon_ros.task.ament_cmake.build:Building ROS package in '/home/aaf/Software/Dev/robot/ros/brain' with build type 'ament_cmake'
[0.892s] INFO:colcon.colcon_cmake.task.cmake.build:Building CMake package in '/home/aaf/Software/Dev/robot/ros/brain'
[0.902s] INFO:colcon.colcon_core.plugin_system:Skipping extension 'colcon_core.shell.bat': Not used on non-Windows systems
[0.902s] INFO:colcon.colcon_core.shell:Skip shell extension 'powershell' for command environment: Not usable outside of PowerShell
[0.902s] DEBUG:colcon.colcon_core.shell:Skip shell extension 'dsv' for command environment
[0.907s] DEBUG:colcon.colcon_core.shell:Ignoring prefix path '/opt/ros/rolling'
[0.921s] DEBUG:colcon.colcon_core.event_handler.log_command:Invoking command in '/home/aaf/Software/Dev/robot/ros/brain/build/brain': CMAKE_PREFIX_PATH=/opt/ros/rolling /usr/bin/cmake --build /home/aaf/Software/Dev/robot/ros/brain/build/brain -- -j8 -l8
[1.730s] DEBUG:colcon.colcon_core.event_handler.log_command:Invoked command in '/home/aaf/Software/Dev/robot/ros/brain/build/brain' returned '2': CMAKE_PREFIX_PATH=/opt/ros/rolling /usr/bin/cmake --build /home/aaf/Software/Dev/robot/ros/brain/build/brain -- -j8 -l8
[1.771s] Level 1:colcon.colcon_core.environment:create_environment_scripts_only(brain)
[1.782s] Level 1:colcon.colcon_core.environment:checking '/home/aaf/Software/Dev/robot/ros/brain/install/brain' for CMake module files
[1.783s] Level 1:colcon.colcon_core.environment:checking '/home/aaf/Software/Dev/robot/ros/brain/install/brain' for CMake config files
[1.783s] Level 1:colcon.colcon_core.shell:create_environment_hook('brain', 'cmake_prefix_path')
[1.784s] INFO:colcon.colcon_core.shell:Creating environment hook '/home/aaf/Software/Dev/robot/ros/brain/install/brain/share/brain/hook/cmake_prefix_path.ps1'
[1.786s] INFO:colcon.colcon_core.shell:Creating environment descriptor '/home/aaf/Software/Dev/robot/ros/brain/install/brain/share/brain/hook/cmake_prefix_path.dsv'
[1.787s] INFO:colcon.colcon_core.shell:Creating environment hook '/home/aaf/Software/Dev/robot/ros/brain/install/brain/share/brain/hook/cmake_prefix_path.sh'
[1.791s] Level 1:colcon.colcon_core.environment:checking '/home/aaf/Software/Dev/robot/ros/brain/install/brain/lib'
[1.792s] Level 1:colcon.colcon_core.environment:checking '/home/aaf/Software/Dev/robot/ros/brain/install/brain/bin'
[1.792s] Level 1:colcon.colcon_core.environment:checking '/home/aaf/Software/Dev/robot/ros/brain/install/brain/lib/pkgconfig/brain.pc'
[1.792s] Level 1:colcon.colcon_core.environment:checking '/home/aaf/Software/Dev/robot/ros/brain/install/brain/lib/python3.8/site-packages'
[1.794s] INFO:colcon.colcon_core.shell:Creating package script '/home/aaf/Software/Dev/robot/ros/brain/install/brain/share/brain/package.ps1'
[1.796s] INFO:colcon.colcon_core.shell:Creating package descriptor '/home/aaf/Software/Dev/robot/ros/brain/install/brain/share/brain/package.dsv'
[1.797s] INFO:colcon.colcon_core.shell:Creating package script '/home/aaf/Software/Dev/robot/ros/brain/install/brain/share/brain/package.sh'
[1.798s] INFO:colcon.colcon_core.shell:Creating package script '/home/aaf/Software/Dev/robot/ros/brain/install/brain/share/brain/package.bash'
[1.800s] INFO:colcon.colcon_core.shell:Creating package script '/home/aaf/Software/Dev/robot/ros/brain/install/brain/share/brain/package.zsh'
[1.802s] Level 1:colcon.colcon_core.environment:create_file_with_runtime_dependencies(/home/aaf/Software/Dev/robot/ros/brain/install/brain/share/colcon-core/packages/brain)
[1.813s] DEBUG:colcon.colcon_parallel_executor.executor.parallel:closing loop
[1.814s] DEBUG:colcon.colcon_parallel_executor.executor.parallel:loop closed
[1.814s] DEBUG:colcon.colcon_parallel_executor.executor.parallel:run_until_complete finished with '2'
[1.814s] DEBUG:colcon.colcon_core.event_reactor:joining thread
[1.829s] INFO:colcon.colcon_core.plugin_system:Skipping extension 'colcon_notification.desktop_notification.terminal_notifier': Not used on non-Darwin systems
[1.829s] INFO:colcon.colcon_core.plugin_system:Skipping extension 'colcon_notification.desktop_notification.win32': Not used on non-Windows systems
[1.829s] INFO:colcon.colcon_notification.desktop_notification:Sending desktop notification using 'notify2'
[1.863s] DEBUG:colcon.colcon_core.event_reactor:joined thread
[1.864s] INFO:colcon.colcon_core.shell:Creating prefix script '/home/aaf/Software/Dev/robot/ros/brain/install/local_setup.ps1'
[1.866s] INFO:colcon.colcon_core.shell:Creating prefix util module '/home/aaf/Software/Dev/robot/ros/brain/install/_local_setup_util_ps1.py'
[1.868s] INFO:colcon.colcon_core.shell:Creating prefix chain script '/home/aaf/Software/Dev/robot/ros/brain/install/setup.ps1'
[1.873s] INFO:colcon.colcon_core.shell:Creating prefix script '/home/aaf/Software/Dev/robot/ros/brain/install/local_setup.sh'
[1.874s] INFO:colcon.colcon_core.shell:Creating prefix util module '/home/aaf/Software/Dev/robot/ros/brain/install/_local_setup_util_sh.py'
[1.875s] INFO:colcon.colcon_core.shell:Creating prefix chain script '/home/aaf/Software/Dev/robot/ros/brain/install/setup.sh'
[1.879s] INFO:colcon.colcon_core.shell:Creating prefix script '/home/aaf/Software/Dev/robot/ros/brain/install/local_setup.bash'
[1.880s] INFO:colcon.colcon_core.shell:Creating prefix chain script '/home/aaf/Software/Dev/robot/ros/brain/install/setup.bash'
[1.886s] INFO:colcon.colcon_core.shell:Creating prefix script '/home/aaf/Software/Dev/robot/ros/brain/install/local_setup.zsh'
[1.888s] INFO:colcon.colcon_core.shell:Creating prefix chain script '/home/aaf/Software/Dev/robot/ros/brain/install/setup.zsh'
