[0.014s] Invoking command in '/home/aaf/Software/Dev/robot/ros/brain/build/brain': CMAKE_PREFIX_PATH=/opt/ros/rolling /usr/bin/cmake /home/aaf/Software/Dev/robot/ros/brain -DCMAKE_INSTALL_PREFIX=/home/aaf/Software/Dev/robot/ros/brain/install/brain
[0.070s] -- The C compiler identification is GNU 9.3.0
[0.125s] -- The CXX compiler identification is GNU 9.3.0
[0.130s] -- Check for working C compiler: /usr/bin/cc
[0.201s] -- Check for working C compiler: /usr/bin/cc -- works
[0.202s] -- Detecting C compiler ABI info
[0.272s] -- Detecting C compiler ABI info - done
[0.285s] -- Detecting C compile features
[0.285s] -- Detecting C compile features - done
[0.288s] -- Check for working CXX compiler: /usr/bin/c++
[0.369s] -- Check for working CXX compiler: /usr/bin/c++ -- works
[0.370s] -- Detecting CXX compiler ABI info
[0.450s] -- Detecting CXX compiler ABI info - done
[0.462s] -- Detecting CXX compile features
[0.463s] -- Detecting CXX compile features - done
[0.465s] -- Found ament_cmake: 1.1.4 (/opt/ros/rolling/share/ament_cmake/cmake)
[0.489s] -- Found PythonInterp: /usr/bin/python3 (found suitable version "3.8.10", minimum required is "3") 
[0.489s] -- Using PYTHON_EXECUTABLE: /usr/bin/python3
[0.563s] -- Found rclcpp: 12.0.0 (/opt/ros/rolling/share/rclcpp/cmake)
[0.609s] -- Using all available rosidl_typesupport_c: rosidl_typesupport_fastrtps_c;rosidl_typesupport_introspection_c
[0.615s] -- Found rosidl_adapter: 2.5.0 (/opt/ros/rolling/share/rosidl_adapter/cmake)
[0.657s] -- Using all available rosidl_typesupport_cpp: rosidl_typesupport_fastrtps_cpp;rosidl_typesupport_introspection_cpp
[0.717s] -- Found rmw_implementation_cmake: 4.0.0 (/opt/ros/rolling/share/rmw_implementation_cmake/cmake)
[0.719s] -- Found rmw_cyclonedds_cpp: 0.23.1 (/opt/ros/rolling/share/rmw_cyclonedds_cpp/cmake)
[0.740s] -- Using RMW implementation 'rmw_cyclonedds_cpp' as default
[0.741s] -- Looking for pthread.h
[0.813s] -- Looking for pthread.h - found
[0.813s] -- Performing Test CMAKE_HAVE_LIBC_PTHREAD
[0.889s] -- Performing Test CMAKE_HAVE_LIBC_PTHREAD - Failed
[0.889s] -- Looking for pthread_create in pthreads
[0.950s] -- Looking for pthread_create in pthreads - not found
[0.950s] -- Looking for pthread_create in pthread
[1.023s] -- Looking for pthread_create in pthread - found
[1.024s] -- Found Threads: TRUE  
[1.233s] -- Configuring done
[1.240s] -- Generating done
[1.241s] -- Build files have been written to: /home/aaf/Software/Dev/robot/ros/brain/build/brain
[1.247s] Invoked command in '/home/aaf/Software/Dev/robot/ros/brain/build/brain' returned '0': CMAKE_PREFIX_PATH=/opt/ros/rolling /usr/bin/cmake /home/aaf/Software/Dev/robot/ros/brain -DCMAKE_INSTALL_PREFIX=/home/aaf/Software/Dev/robot/ros/brain/install/brain
[1.250s] Invoking command in '/home/aaf/Software/Dev/robot/ros/brain/build/brain': CMAKE_PREFIX_PATH=/opt/ros/rolling /usr/bin/cmake --build /home/aaf/Software/Dev/robot/ros/brain/build/brain -- -j8 -l8
[1.291s] [35m[1mScanning dependencies of target brain_boot[0m
[1.330s] [ 50%] [32mBuilding CXX object CMakeFiles/brain_boot.dir/src/brain_boot.cpp.o[0m
[4.135s] [100%] [32m[1mLinking CXX executable brain_boot[0m
[4.287s] [100%] Built target brain_boot
[4.302s] Invoked command in '/home/aaf/Software/Dev/robot/ros/brain/build/brain' returned '0': CMAKE_PREFIX_PATH=/opt/ros/rolling /usr/bin/cmake --build /home/aaf/Software/Dev/robot/ros/brain/build/brain -- -j8 -l8
[4.349s] Invoking command in '/home/aaf/Software/Dev/robot/ros/brain/build/brain': CMAKE_PREFIX_PATH=/opt/ros/rolling /usr/bin/cmake --install /home/aaf/Software/Dev/robot/ros/brain/build/brain
[4.360s] -- Install configuration: ""
[4.360s] -- Installing: /home/aaf/Software/Dev/robot/ros/brain/install/brain/lib/brain/brain_boot
[4.361s] -- Set runtime path of "/home/aaf/Software/Dev/robot/ros/brain/install/brain/lib/brain/brain_boot" to ""
[4.361s] -- Installing: /home/aaf/Software/Dev/robot/ros/brain/install/brain/lib/brain/py_test.py
[4.362s] -- Installing: /home/aaf/Software/Dev/robot/ros/brain/install/brain/share/ament_index/resource_index/package_run_dependencies/brain
[4.362s] -- Installing: /home/aaf/Software/Dev/robot/ros/brain/install/brain/share/ament_index/resource_index/parent_prefix_path/brain
[4.362s] -- Installing: /home/aaf/Software/Dev/robot/ros/brain/install/brain/share/brain/environment/ament_prefix_path.sh
[4.363s] -- Installing: /home/aaf/Software/Dev/robot/ros/brain/install/brain/share/brain/environment/ament_prefix_path.dsv
[4.363s] -- Installing: /home/aaf/Software/Dev/robot/ros/brain/install/brain/share/brain/environment/path.sh
[4.363s] -- Installing: /home/aaf/Software/Dev/robot/ros/brain/install/brain/share/brain/environment/path.dsv
[4.363s] -- Installing: /home/aaf/Software/Dev/robot/ros/brain/install/brain/share/brain/local_setup.bash
[4.363s] -- Installing: /home/aaf/Software/Dev/robot/ros/brain/install/brain/share/brain/local_setup.sh
[4.364s] -- Installing: /home/aaf/Software/Dev/robot/ros/brain/install/brain/share/brain/local_setup.zsh
[4.364s] -- Installing: /home/aaf/Software/Dev/robot/ros/brain/install/brain/share/brain/local_setup.dsv
[4.364s] -- Installing: /home/aaf/Software/Dev/robot/ros/brain/install/brain/share/brain/package.dsv
[4.365s] -- Installing: /home/aaf/Software/Dev/robot/ros/brain/install/brain/share/ament_index/resource_index/packages/brain
[4.365s] -- Installing: /home/aaf/Software/Dev/robot/ros/brain/install/brain/share/brain/cmake/brainConfig.cmake
[4.365s] -- Installing: /home/aaf/Software/Dev/robot/ros/brain/install/brain/share/brain/cmake/brainConfig-version.cmake
[4.365s] -- Installing: /home/aaf/Software/Dev/robot/ros/brain/install/brain/share/brain/package.xml
[4.368s] Invoked command in '/home/aaf/Software/Dev/robot/ros/brain/build/brain' returned '0': CMAKE_PREFIX_PATH=/opt/ros/rolling /usr/bin/cmake --install /home/aaf/Software/Dev/robot/ros/brain/build/brain
