[0.013s] Invoking command in '/home/aaf/Software/Dev/robot/ros/brain/build/brain': CMAKE_PREFIX_PATH=${CMAKE_PREFIX_PATH}:/opt/ros/rolling /usr/bin/cmake --build /home/aaf/Software/Dev/robot/ros/brain/build/brain -- -j8 -l8
[0.076s] [100%] Built target brain_boot
[0.088s] Invoked command in '/home/aaf/Software/Dev/robot/ros/brain/build/brain' returned '0': CMAKE_PREFIX_PATH=${CMAKE_PREFIX_PATH}:/opt/ros/rolling /usr/bin/cmake --build /home/aaf/Software/Dev/robot/ros/brain/build/brain -- -j8 -l8
[0.126s] Invoking command in '/home/aaf/Software/Dev/robot/ros/brain/build/brain': CMAKE_PREFIX_PATH=${CMAKE_PREFIX_PATH}:/opt/ros/rolling /usr/bin/cmake --install /home/aaf/Software/Dev/robot/ros/brain/build/brain
[0.135s] -- Install configuration: ""
[0.135s] -- Up-to-date: /home/aaf/Software/Dev/robot/ros/brain/install/brain/lib/brain/brain_boot
[0.135s] -- Installing: /home/aaf/Software/Dev/robot/ros/brain/install/brain/lib/brain/py_test.py
[0.135s] -- Up-to-date: /home/aaf/Software/Dev/robot/ros/brain/install/brain/share/ament_index/resource_index/package_run_dependencies/brain
[0.136s] -- Up-to-date: /home/aaf/Software/Dev/robot/ros/brain/install/brain/share/ament_index/resource_index/parent_prefix_path/brain
[0.136s] -- Up-to-date: /home/aaf/Software/Dev/robot/ros/brain/install/brain/share/brain/environment/ament_prefix_path.sh
[0.136s] -- Up-to-date: /home/aaf/Software/Dev/robot/ros/brain/install/brain/share/brain/environment/ament_prefix_path.dsv
[0.136s] -- Up-to-date: /home/aaf/Software/Dev/robot/ros/brain/install/brain/share/brain/environment/path.sh
[0.136s] -- Up-to-date: /home/aaf/Software/Dev/robot/ros/brain/install/brain/share/brain/environment/path.dsv
[0.136s] -- Up-to-date: /home/aaf/Software/Dev/robot/ros/brain/install/brain/share/brain/local_setup.bash
[0.136s] -- Up-to-date: /home/aaf/Software/Dev/robot/ros/brain/install/brain/share/brain/local_setup.sh
[0.136s] -- Up-to-date: /home/aaf/Software/Dev/robot/ros/brain/install/brain/share/brain/local_setup.zsh
[0.136s] -- Up-to-date: /home/aaf/Software/Dev/robot/ros/brain/install/brain/share/brain/local_setup.dsv
[0.136s] -- Installing: /home/aaf/Software/Dev/robot/ros/brain/install/brain/share/brain/package.dsv
[0.136s] -- Up-to-date: /home/aaf/Software/Dev/robot/ros/brain/install/brain/share/ament_index/resource_index/packages/brain
[0.136s] -- Up-to-date: /home/aaf/Software/Dev/robot/ros/brain/install/brain/share/brain/cmake/brainConfig.cmake
[0.137s] -- Up-to-date: /home/aaf/Software/Dev/robot/ros/brain/install/brain/share/brain/cmake/brainConfig-version.cmake
[0.137s] -- Up-to-date: /home/aaf/Software/Dev/robot/ros/brain/install/brain/share/brain/package.xml
[0.139s] Invoked command in '/home/aaf/Software/Dev/robot/ros/brain/build/brain' returned '0': CMAKE_PREFIX_PATH=${CMAKE_PREFIX_PATH}:/opt/ros/rolling /usr/bin/cmake --install /home/aaf/Software/Dev/robot/ros/brain/build/brain
