[0.014s] Invoking command in '/home/aaf/Software/Dev/robot/ros/brain/build/ros2_cpp_py_package': CMAKE_PREFIX_PATH=/opt/ros/rolling:${CMAKE_PREFIX_PATH} /usr/bin/cmake /home/aaf/Software/Dev/robot/ros/brain -DCMAKE_INSTALL_PREFIX=/home/aaf/Software/Dev/robot/ros/brain/install/ros2_cpp_py_package
[0.072s] -- The C compiler identification is GNU 9.3.0
[0.128s] -- The CXX compiler identification is GNU 9.3.0
[0.133s] -- Check for working C compiler: /usr/bin/cc
[0.205s] -- Check for working C compiler: /usr/bin/cc -- works
[0.206s] -- Detecting C compiler ABI info
[0.276s] -- Detecting C compiler ABI info - done
[0.289s] -- Detecting C compile features
[0.289s] -- Detecting C compile features - done
[0.292s] -- Check for working CXX compiler: /usr/bin/c++
[0.372s] -- Check for working CXX compiler: /usr/bin/c++ -- works
[0.373s] -- Detecting CXX compiler ABI info
[0.453s] -- Detecting CXX compiler ABI info - done
[0.465s] -- Detecting CXX compile features
[0.466s] -- Detecting CXX compile features - done
[0.468s] -- Found ament_cmake: 1.1.4 (/opt/ros/rolling/share/ament_cmake/cmake)
[0.492s] -- Found PythonInterp: /usr/bin/python3 (found suitable version "3.8.10", minimum required is "3") 
[0.492s] -- Using PYTHON_EXECUTABLE: /usr/bin/python3
[0.567s] -- Found rclcpp: 12.0.0 (/opt/ros/rolling/share/rclcpp/cmake)
[0.612s] -- Using all available rosidl_typesupport_c: rosidl_typesupport_fastrtps_c;rosidl_typesupport_introspection_c
[0.618s] -- Found rosidl_adapter: 2.5.0 (/opt/ros/rolling/share/rosidl_adapter/cmake)
[0.658s] -- Using all available rosidl_typesupport_cpp: rosidl_typesupport_fastrtps_cpp;rosidl_typesupport_introspection_cpp
[0.716s] -- Found rmw_implementation_cmake: 4.0.0 (/opt/ros/rolling/share/rmw_implementation_cmake/cmake)
[0.719s] -- Found rmw_cyclonedds_cpp: 0.23.1 (/opt/ros/rolling/share/rmw_cyclonedds_cpp/cmake)
[0.739s] -- Using RMW implementation 'rmw_cyclonedds_cpp' as default
[0.739s] -- Looking for pthread.h
[0.813s] -- Looking for pthread.h - found
[0.814s] -- Performing Test CMAKE_HAVE_LIBC_PTHREAD
[0.889s] -- Performing Test CMAKE_HAVE_LIBC_PTHREAD - Failed
[0.889s] -- Looking for pthread_create in pthreads
[0.950s] -- Looking for pthread_create in pthreads - not found
[0.950s] -- Looking for pthread_create in pthread
[1.022s] -- Looking for pthread_create in pthread - found
[1.023s] -- Found Threads: TRUE  
[1.231s] -- Configuring done
[1.238s] -- Generating done
[1.239s] -- Build files have been written to: /home/aaf/Software/Dev/robot/ros/brain/build/ros2_cpp_py_package
[1.245s] Invoked command in '/home/aaf/Software/Dev/robot/ros/brain/build/ros2_cpp_py_package' returned '0': CMAKE_PREFIX_PATH=/opt/ros/rolling:${CMAKE_PREFIX_PATH} /usr/bin/cmake /home/aaf/Software/Dev/robot/ros/brain -DCMAKE_INSTALL_PREFIX=/home/aaf/Software/Dev/robot/ros/brain/install/ros2_cpp_py_package
[1.248s] Invoking command in '/home/aaf/Software/Dev/robot/ros/brain/build/ros2_cpp_py_package': CMAKE_PREFIX_PATH=/opt/ros/rolling:${CMAKE_PREFIX_PATH} /usr/bin/cmake --build /home/aaf/Software/Dev/robot/ros/brain/build/ros2_cpp_py_package -- -j8 -l8
[1.289s] [35m[1mScanning dependencies of target cpp_test[0m
[1.328s] [ 50%] [32mBuilding CXX object CMakeFiles/cpp_test.dir/src/cpp_test.cpp.o[0m
[3.401s] In file included from [01m[K/opt/ros/rolling/include/rclcpp/client.hpp:40[m[K,
[3.401s]                  from [01m[K/opt/ros/rolling/include/rclcpp/callback_group.hpp:23[m[K,
[3.401s]                  from [01m[K/opt/ros/rolling/include/rclcpp/any_executable.hpp:20[m[K,
[3.401s]                  from [01m[K/opt/ros/rolling/include/rclcpp/memory_strategy.hpp:25[m[K,
[3.401s]                  from [01m[K/opt/ros/rolling/include/rclcpp/memory_strategies.hpp:18[m[K,
[3.401s]                  from [01m[K/opt/ros/rolling/include/rclcpp/executor_options.hpp:20[m[K,
[3.401s]                  from [01m[K/opt/ros/rolling/include/rclcpp/executor.hpp:36[m[K,
[3.401s]                  from [01m[K/opt/ros/rolling/include/rclcpp/executors/multi_threaded_executor.hpp:25[m[K,
[3.402s]                  from [01m[K/opt/ros/rolling/include/rclcpp/executors.hpp:21[m[K,
[3.402s]                  from [01m[K/opt/ros/rolling/include/rclcpp/rclcpp.hpp:156[m[K,
[3.402s]                  from [01m[K/home/aaf/Software/Dev/robot/ros/brain/src/cpp_test.cpp:4[m[K:
[3.402s] [01m[K/home/aaf/Software/Dev/robot/ros/brain/src/cpp_test.cpp:[m[K In member function ‘[01m[Kvoid CppTest::timer_callback_()[m[K’:
[3.402s] [01m[K/home/aaf/Software/Dev/robot/ros/brain/src/cpp_test.cpp:16:37:[m[K [01;35m[Kwarning: [m[Kformat ‘[01m[K%d[m[K’ expects argument of type ‘[01m[Kint[m[K’, but argument 5 has type ‘[01m[Ksize_t[m[K’ {aka ‘[01m[Klong unsigned int[m[K’} [[01;35m[K-Wformat=[m[K]
[3.402s]    16 |     RCLCPP_INFO(this->get_logger(), [01;35m[K"Hello! %d"[m[K, [32m[Kcount_[m[K);
[3.402s]       |                                     [01;35m[K^~~~~~~~~~~[m[K  [32m[K~~~~~~[m[K
[3.402s]       |                                                  [32m[K|[m[K
[3.402s]       |                                                  [32m[Ksize_t {aka long unsigned int}[m[K
[3.402s] [01m[K/home/aaf/Software/Dev/robot/ros/brain/src/cpp_test.cpp:16:46:[m[K [01;36m[Knote: [m[Kformat string is defined here
[3.402s]    16 |     RCLCPP_INFO(this->get_logger(), "Hello! [01;36m[K%d[m[K", count_);
[3.402s]       |                                             [01;36m[K~^[m[K
[3.402s]       |                                              [01;36m[K|[m[K
[3.402s]       |                                              [01;36m[Kint[m[K
[3.402s]       |                                             [32m[K%ld[m[K
[4.116s] [100%] [32m[1mLinking CXX executable cpp_test[0m
[4.267s] [100%] Built target cpp_test
[4.282s] Invoked command in '/home/aaf/Software/Dev/robot/ros/brain/build/ros2_cpp_py_package' returned '0': CMAKE_PREFIX_PATH=/opt/ros/rolling:${CMAKE_PREFIX_PATH} /usr/bin/cmake --build /home/aaf/Software/Dev/robot/ros/brain/build/ros2_cpp_py_package -- -j8 -l8
[4.328s] Invoking command in '/home/aaf/Software/Dev/robot/ros/brain/build/ros2_cpp_py_package': CMAKE_PREFIX_PATH=/opt/ros/rolling:${CMAKE_PREFIX_PATH} /usr/bin/cmake --install /home/aaf/Software/Dev/robot/ros/brain/build/ros2_cpp_py_package
[4.338s] -- Install configuration: ""
[4.338s] -- Installing: /home/aaf/Software/Dev/robot/ros/brain/install/ros2_cpp_py_package/lib/ros2_cpp_py_package/cpp_test
[4.339s] -- Set runtime path of "/home/aaf/Software/Dev/robot/ros/brain/install/ros2_cpp_py_package/lib/ros2_cpp_py_package/cpp_test" to ""
[4.339s] -- Installing: /home/aaf/Software/Dev/robot/ros/brain/install/ros2_cpp_py_package/lib/ros2_cpp_py_package/py_test.py
[4.339s] -- Installing: /home/aaf/Software/Dev/robot/ros/brain/install/ros2_cpp_py_package/share/ament_index/resource_index/package_run_dependencies/ros2_cpp_py_package
[4.340s] -- Installing: /home/aaf/Software/Dev/robot/ros/brain/install/ros2_cpp_py_package/share/ament_index/resource_index/parent_prefix_path/ros2_cpp_py_package
[4.340s] -- Installing: /home/aaf/Software/Dev/robot/ros/brain/install/ros2_cpp_py_package/share/ros2_cpp_py_package/environment/ament_prefix_path.sh
[4.340s] -- Installing: /home/aaf/Software/Dev/robot/ros/brain/install/ros2_cpp_py_package/share/ros2_cpp_py_package/environment/ament_prefix_path.dsv
[4.340s] -- Installing: /home/aaf/Software/Dev/robot/ros/brain/install/ros2_cpp_py_package/share/ros2_cpp_py_package/environment/path.sh
[4.340s] -- Installing: /home/aaf/Software/Dev/robot/ros/brain/install/ros2_cpp_py_package/share/ros2_cpp_py_package/environment/path.dsv
[4.341s] -- Installing: /home/aaf/Software/Dev/robot/ros/brain/install/ros2_cpp_py_package/share/ros2_cpp_py_package/local_setup.bash
[4.341s] -- Installing: /home/aaf/Software/Dev/robot/ros/brain/install/ros2_cpp_py_package/share/ros2_cpp_py_package/local_setup.sh
[4.341s] -- Installing: /home/aaf/Software/Dev/robot/ros/brain/install/ros2_cpp_py_package/share/ros2_cpp_py_package/local_setup.zsh
[4.341s] -- Installing: /home/aaf/Software/Dev/robot/ros/brain/install/ros2_cpp_py_package/share/ros2_cpp_py_package/local_setup.dsv
[4.341s] -- Installing: /home/aaf/Software/Dev/robot/ros/brain/install/ros2_cpp_py_package/share/ros2_cpp_py_package/package.dsv
[4.342s] -- Installing: /home/aaf/Software/Dev/robot/ros/brain/install/ros2_cpp_py_package/share/ament_index/resource_index/packages/ros2_cpp_py_package
[4.342s] -- Installing: /home/aaf/Software/Dev/robot/ros/brain/install/ros2_cpp_py_package/share/ros2_cpp_py_package/cmake/ros2_cpp_py_packageConfig.cmake
[4.342s] -- Installing: /home/aaf/Software/Dev/robot/ros/brain/install/ros2_cpp_py_package/share/ros2_cpp_py_package/cmake/ros2_cpp_py_packageConfig-version.cmake
[4.342s] -- Installing: /home/aaf/Software/Dev/robot/ros/brain/install/ros2_cpp_py_package/share/ros2_cpp_py_package/package.xml
[4.345s] Invoked command in '/home/aaf/Software/Dev/robot/ros/brain/build/ros2_cpp_py_package' returned '0': CMAKE_PREFIX_PATH=/opt/ros/rolling:${CMAKE_PREFIX_PATH} /usr/bin/cmake --install /home/aaf/Software/Dev/robot/ros/brain/build/ros2_cpp_py_package
