[0.023s] Invoking command in '/home/aaf/Software/Dev/robot/ros/brain/build/brain': CMAKE_PREFIX_PATH=/opt/ros/rolling /usr/bin/cmake --build /home/aaf/Software/Dev/robot/ros/brain/build/brain -- -j8 -l8
[0.064s] -- Found ament_cmake: 1.1.4 (/opt/ros/rolling/share/ament_cmake/cmake)
[0.088s] -- Found PythonInterp: /usr/bin/python3 (found suitable version "3.8.10", minimum required is "3") 
[0.088s] -- Using PYTHON_EXECUTABLE: /usr/bin/python3
[0.170s] -- Found rclcpp: 12.0.0 (/opt/ros/rolling/share/rclcpp/cmake)
[0.217s] -- Using all available rosidl_typesupport_c: rosidl_typesupport_fastrtps_c;rosidl_typesupport_introspection_c
[0.221s] -- Found rosidl_adapter: 2.5.0 (/opt/ros/rolling/share/rosidl_adapter/cmake)
[0.266s] -- Using all available rosidl_typesupport_cpp: rosidl_typesupport_fastrtps_cpp;rosidl_typesupport_introspection_cpp
[0.329s] -- Found rmw_implementation_cmake: 4.0.0 (/opt/ros/rolling/share/rmw_implementation_cmake/cmake)
[0.332s] -- Found rmw_cyclonedds_cpp: 0.23.1 (/opt/ros/rolling/share/rmw_cyclonedds_cpp/cmake)
[0.355s] -- Using RMW implementation 'rmw_cyclonedds_cpp' as default
[0.526s] -- Found rclpy: 3.0.1 (/opt/ros/rolling/share/rclpy/cmake)
[0.528s] -- Found rosidl_default_generators: 1.1.1 (/opt/ros/rolling/share/rosidl_default_generators/cmake)
[0.565s] -- Found PythonInterp: /usr/bin/python3 (found version "3.8.10") 
[0.785s] -- Found ament_cmake_ros: 0.9.2 (/opt/ros/rolling/share/ament_cmake_ros/cmake)
[0.848s] -- Using all available rosidl_typesupport_c: rosidl_typesupport_fastrtps_c;rosidl_typesupport_introspection_c
[0.875s] -- Using all available rosidl_typesupport_cpp: rosidl_typesupport_fastrtps_cpp;rosidl_typesupport_introspection_cpp
[0.903s] -- Found PythonInterp: /usr/bin/python3 (found suitable version "3.8.10", minimum required is "3.5") 
[0.903s] -- Found python_cmake_module: 0.8.1 (/opt/ros/rolling/share/python_cmake_module/cmake)
[0.932s] -- Using PYTHON_EXECUTABLE: /usr/bin/python3
[0.933s] -- Using PYTHON_INCLUDE_DIRS: /usr/include/python3.8
[0.933s] -- Using PYTHON_LIBRARIES: /usr/lib/x86_64-linux-gnu/libpython3.8.so
[0.976s] -- Configuring done
[1.044s] -- Generating done
[1.049s] -- Build files have been written to: /home/aaf/Software/Dev/robot/ros/brain/build/brain
[1.103s] [  2%] Built target brain__cpp
[1.106s] [ 12%] Built target brain__rosidl_generator_c
[1.117s] [ 17%] Built target brain_boot
[1.122s] [ 17%] Built target ament_cmake_python_symlink_brain
[1.152s] [ 26%] Built target brain__rosidl_typesupport_introspection_cpp
[1.152s] [ 36%] Built target brain__rosidl_typesupport_c
[1.156s] [ 46%] Built target brain__rosidl_typesupport_fastrtps_cpp
[1.157s] [ 56%] Built target brain__rosidl_typesupport_introspection_c
[1.158s] [ 65%] Built target brain__rosidl_typesupport_cpp
[1.190s] [ 75%] Built target brain__rosidl_typesupport_fastrtps_c
[1.218s] [ 75%] Built target brain
[1.250s] [ 78%] Built target brain__py
[1.287s] [ 85%] Built target brain__python
[1.332s] [ 92%] Built target brain__rosidl_typesupport_c__pyext
[1.332s] [ 95%] Built target brain__rosidl_typesupport_introspection_c__pyext
[1.332s] [100%] Built target brain__rosidl_typesupport_fastrtps_c__pyext
[1.465s] running egg_info
[1.466s] writing brain.egg-info/PKG-INFO
[1.467s] writing dependency_links to brain.egg-info/dependency_links.txt
[1.467s] writing top-level names to brain.egg-info/top_level.txt
[1.507s] reading manifest file 'brain.egg-info/SOURCES.txt'
[1.507s] writing manifest file 'brain.egg-info/SOURCES.txt'
[1.538s] [100%] Built target ament_cmake_python_build_brain_egg
[1.552s] Invoked command in '/home/aaf/Software/Dev/robot/ros/brain/build/brain' returned '0': CMAKE_PREFIX_PATH=/opt/ros/rolling /usr/bin/cmake --build /home/aaf/Software/Dev/robot/ros/brain/build/brain -- -j8 -l8
[1.657s] Invoking command in '/home/aaf/Software/Dev/robot/ros/brain/build/brain': CMAKE_PREFIX_PATH=/opt/ros/rolling /usr/bin/cmake --install /home/aaf/Software/Dev/robot/ros/brain/build/brain
[1.672s] -- Install configuration: ""
[1.672s] -- Up-to-date: /home/aaf/Software/Dev/robot/ros/brain/install/brain/lib/brain/brain_boot
[1.673s] -- Installing: /home/aaf/Software/Dev/robot/ros/brain/install/brain/lib/brain/main_brain.py
[1.673s] -- Up-to-date: /home/aaf/Software/Dev/robot/ros/brain/install/brain/lib/brain/fake_rpi.py
[1.673s] -- Installing: /home/aaf/Software/Dev/robot/ros/brain/install/brain/lib/brain/led21on_action_server.py
[1.674s] -- Installing: /home/aaf/Software/Dev/robot/ros/brain/install/brain/lib/brain/led21off_action_server.py
[1.674s] -- Up-to-date: /home/aaf/Software/Dev/robot/ros/brain/install/brain/share/ament_index/resource_index/rosidl_interfaces/brain
[1.674s] -- Up-to-date: /home/aaf/Software/Dev/robot/ros/brain/install/brain/include/brain
[1.674s] -- Up-to-date: /home/aaf/Software/Dev/robot/ros/brain/install/brain/include/brain/action
[1.674s] -- Up-to-date: /home/aaf/Software/Dev/robot/ros/brain/install/brain/include/brain/action/led21_off.h
[1.674s] -- Up-to-date: /home/aaf/Software/Dev/robot/ros/brain/install/brain/include/brain/action/led21_on.h
[1.675s] -- Up-to-date: /home/aaf/Software/Dev/robot/ros/brain/install/brain/include/brain/action/detail
[1.675s] -- Up-to-date: /home/aaf/Software/Dev/robot/ros/brain/install/brain/include/brain/action/detail/led21_off__type_support.h
[1.675s] -- Up-to-date: /home/aaf/Software/Dev/robot/ros/brain/install/brain/include/brain/action/detail/led21_on__type_support.h
[1.675s] -- Up-to-date: /home/aaf/Software/Dev/robot/ros/brain/install/brain/include/brain/action/detail/led21_on__functions.h
[1.675s] -- Up-to-date: /home/aaf/Software/Dev/robot/ros/brain/install/brain/include/brain/action/detail/led21_on__struct.h
[1.675s] -- Up-to-date: /home/aaf/Software/Dev/robot/ros/brain/install/brain/include/brain/action/detail/led21_off__functions.c
[1.676s] -- Up-to-date: /home/aaf/Software/Dev/robot/ros/brain/install/brain/include/brain/action/detail/led21_on__functions.c
[1.676s] -- Up-to-date: /home/aaf/Software/Dev/robot/ros/brain/install/brain/include/brain/action/detail/led21_off__struct.h
[1.676s] -- Up-to-date: /home/aaf/Software/Dev/robot/ros/brain/install/brain/include/brain/action/detail/led21_off__functions.h
[1.676s] -- Up-to-date: /home/aaf/Software/Dev/robot/ros/brain/install/brain/include/brain/msg
[1.676s] -- Up-to-date: /home/aaf/Software/Dev/robot/ros/brain/install/brain/include/brain/msg/rosidl_generator_c__visibility_control.h
[1.676s] -- Up-to-date: /home/aaf/Software/Dev/robot/ros/brain/install/brain/share/brain/environment/library_path.sh
[1.676s] -- Installing: /home/aaf/Software/Dev/robot/ros/brain/install/brain/share/brain/environment/library_path.dsv
[1.677s] -- Up-to-date: /home/aaf/Software/Dev/robot/ros/brain/install/brain/lib/libbrain__rosidl_generator_c.so
[1.677s] -- Up-to-date: /home/aaf/Software/Dev/robot/ros/brain/install/brain/include/brain
[1.677s] -- Up-to-date: /home/aaf/Software/Dev/robot/ros/brain/install/brain/include/brain/action
[1.677s] -- Up-to-date: /home/aaf/Software/Dev/robot/ros/brain/install/brain/include/brain/action/detail
[1.677s] -- Up-to-date: /home/aaf/Software/Dev/robot/ros/brain/install/brain/include/brain/action/detail/led21_on__rosidl_typesupport_fastrtps_c.h
[1.677s] -- Up-to-date: /home/aaf/Software/Dev/robot/ros/brain/install/brain/include/brain/action/detail/led21_off__rosidl_typesupport_fastrtps_c.h
[1.678s] -- Up-to-date: /home/aaf/Software/Dev/robot/ros/brain/install/brain/include/brain/msg
[1.678s] -- Up-to-date: /home/aaf/Software/Dev/robot/ros/brain/install/brain/include/brain/msg/rosidl_typesupport_fastrtps_c__visibility_control.h
[1.678s] -- Up-to-date: /home/aaf/Software/Dev/robot/ros/brain/install/brain/lib/libbrain__rosidl_typesupport_fastrtps_c.so
[1.678s] -- Up-to-date: /home/aaf/Software/Dev/robot/ros/brain/install/brain/include/brain
[1.678s] -- Up-to-date: /home/aaf/Software/Dev/robot/ros/brain/install/brain/include/brain/action
[1.678s] -- Up-to-date: /home/aaf/Software/Dev/robot/ros/brain/install/brain/include/brain/action/detail
[1.678s] -- Up-to-date: /home/aaf/Software/Dev/robot/ros/brain/install/brain/include/brain/action/detail/led21_on__rosidl_typesupport_fastrtps_cpp.hpp
[1.678s] -- Up-to-date: /home/aaf/Software/Dev/robot/ros/brain/install/brain/include/brain/action/detail/dds_fastrtps
[1.679s] -- Up-to-date: /home/aaf/Software/Dev/robot/ros/brain/install/brain/include/brain/action/detail/led21_off__rosidl_typesupport_fastrtps_cpp.hpp
[1.679s] -- Up-to-date: /home/aaf/Software/Dev/robot/ros/brain/install/brain/include/brain/msg
[1.679s] -- Up-to-date: /home/aaf/Software/Dev/robot/ros/brain/install/brain/include/brain/msg/rosidl_typesupport_fastrtps_cpp__visibility_control.h
[1.679s] -- Up-to-date: /home/aaf/Software/Dev/robot/ros/brain/install/brain/lib/libbrain__rosidl_typesupport_fastrtps_cpp.so
[1.679s] -- Up-to-date: /home/aaf/Software/Dev/robot/ros/brain/install/brain/include/brain
[1.679s] -- Up-to-date: /home/aaf/Software/Dev/robot/ros/brain/install/brain/include/brain/action
[1.680s] -- Up-to-date: /home/aaf/Software/Dev/robot/ros/brain/install/brain/include/brain/action/detail
[1.680s] -- Up-to-date: /home/aaf/Software/Dev/robot/ros/brain/install/brain/include/brain/action/detail/led21_on__rosidl_typesupport_introspection_c.h
[1.680s] -- Up-to-date: /home/aaf/Software/Dev/robot/ros/brain/install/brain/include/brain/action/detail/led21_off__rosidl_typesupport_introspection_c.h
[1.680s] -- Up-to-date: /home/aaf/Software/Dev/robot/ros/brain/install/brain/include/brain/action/detail/led21_on__type_support.c
[1.680s] -- Up-to-date: /home/aaf/Software/Dev/robot/ros/brain/install/brain/include/brain/action/detail/led21_off__type_support.c
[1.680s] -- Up-to-date: /home/aaf/Software/Dev/robot/ros/brain/install/brain/include/brain/msg
[1.680s] -- Up-to-date: /home/aaf/Software/Dev/robot/ros/brain/install/brain/include/brain/msg/rosidl_typesupport_introspection_c__visibility_control.h
[1.681s] -- Up-to-date: /home/aaf/Software/Dev/robot/ros/brain/install/brain/lib/libbrain__rosidl_typesupport_introspection_c.so
[1.681s] -- Up-to-date: /home/aaf/Software/Dev/robot/ros/brain/install/brain/lib/libbrain__rosidl_typesupport_c.so
[1.681s] -- Up-to-date: /home/aaf/Software/Dev/robot/ros/brain/install/brain/include/brain
[1.681s] -- Up-to-date: /home/aaf/Software/Dev/robot/ros/brain/install/brain/include/brain/action
[1.681s] -- Up-to-date: /home/aaf/Software/Dev/robot/ros/brain/install/brain/include/brain/action/detail
[1.681s] -- Up-to-date: /home/aaf/Software/Dev/robot/ros/brain/install/brain/include/brain/action/detail/led21_on__struct.hpp
[1.681s] -- Up-to-date: /home/aaf/Software/Dev/robot/ros/brain/install/brain/include/brain/action/detail/led21_off__traits.hpp
[1.681s] -- Up-to-date: /home/aaf/Software/Dev/robot/ros/brain/install/brain/include/brain/action/detail/led21_off__struct.hpp
[1.682s] -- Up-to-date: /home/aaf/Software/Dev/robot/ros/brain/install/brain/include/brain/action/detail/led21_on__builder.hpp
[1.682s] -- Up-to-date: /home/aaf/Software/Dev/robot/ros/brain/install/brain/include/brain/action/detail/led21_off__builder.hpp
[1.682s] -- Up-to-date: /home/aaf/Software/Dev/robot/ros/brain/install/brain/include/brain/action/detail/led21_on__traits.hpp
[1.682s] -- Up-to-date: /home/aaf/Software/Dev/robot/ros/brain/install/brain/include/brain/action/led21_off.hpp
[1.682s] -- Up-to-date: /home/aaf/Software/Dev/robot/ros/brain/install/brain/include/brain/action/led21_on.hpp
[1.682s] -- Up-to-date: /home/aaf/Software/Dev/robot/ros/brain/install/brain/include/brain
[1.683s] -- Up-to-date: /home/aaf/Software/Dev/robot/ros/brain/install/brain/include/brain/action
[1.683s] -- Up-to-date: /home/aaf/Software/Dev/robot/ros/brain/install/brain/include/brain/action/detail
[1.683s] -- Up-to-date: /home/aaf/Software/Dev/robot/ros/brain/install/brain/include/brain/action/detail/led21_on__rosidl_typesupport_introspection_cpp.hpp
[1.683s] -- Up-to-date: /home/aaf/Software/Dev/robot/ros/brain/install/brain/include/brain/action/detail/led21_off__rosidl_typesupport_introspection_cpp.hpp
[1.683s] -- Up-to-date: /home/aaf/Software/Dev/robot/ros/brain/install/brain/include/brain/action/detail/led21_off__type_support.cpp
[1.684s] -- Up-to-date: /home/aaf/Software/Dev/robot/ros/brain/install/brain/include/brain/action/detail/led21_on__type_support.cpp
[1.684s] -- Up-to-date: /home/aaf/Software/Dev/robot/ros/brain/install/brain/lib/libbrain__rosidl_typesupport_introspection_cpp.so
[1.684s] -- Up-to-date: /home/aaf/Software/Dev/robot/ros/brain/install/brain/lib/libbrain__rosidl_typesupport_cpp.so
[1.684s] -- Up-to-date: /home/aaf/Software/Dev/robot/ros/brain/install/brain/share/brain/environment/pythonpath.sh
[1.684s] -- Installing: /home/aaf/Software/Dev/robot/ros/brain/install/brain/share/brain/environment/pythonpath.dsv
[1.684s] -- Up-to-date: /home/aaf/Software/Dev/robot/ros/brain/install/brain/lib/python3.8/site-packages//brain.egg-info
[1.684s] -- Installing: /home/aaf/Software/Dev/robot/ros/brain/install/brain/lib/python3.8/site-packages//brain.egg-info/PKG-INFO
[1.684s] -- Installing: /home/aaf/Software/Dev/robot/ros/brain/install/brain/lib/python3.8/site-packages//brain.egg-info/SOURCES.txt
[1.685s] -- Installing: /home/aaf/Software/Dev/robot/ros/brain/install/brain/lib/python3.8/site-packages//brain.egg-info/top_level.txt
[1.685s] -- Installing: /home/aaf/Software/Dev/robot/ros/brain/install/brain/lib/python3.8/site-packages//brain.egg-info/dependency_links.txt
[1.685s] -- Up-to-date: /home/aaf/Software/Dev/robot/ros/brain/install/brain/lib/python3.8/site-packages/brain
[1.685s] -- Up-to-date: /home/aaf/Software/Dev/robot/ros/brain/install/brain/lib/python3.8/site-packages/brain/action
[1.685s] -- Up-to-date: /home/aaf/Software/Dev/robot/ros/brain/install/brain/lib/python3.8/site-packages/brain/action/_led21_on.py
[1.685s] -- Up-to-date: /home/aaf/Software/Dev/robot/ros/brain/install/brain/lib/python3.8/site-packages/brain/action/_led21_on_s.c
[1.685s] -- Up-to-date: /home/aaf/Software/Dev/robot/ros/brain/install/brain/lib/python3.8/site-packages/brain/action/_led21_off_s.c
[1.685s] -- Up-to-date: /home/aaf/Software/Dev/robot/ros/brain/install/brain/lib/python3.8/site-packages/brain/action/__init__.py
[1.685s] -- Up-to-date: /home/aaf/Software/Dev/robot/ros/brain/install/brain/lib/python3.8/site-packages/brain/action/_led21_off.py
[1.686s] -- Up-to-date: /home/aaf/Software/Dev/robot/ros/brain/install/brain/lib/python3.8/site-packages/brain/_brain_s.ep.rosidl_typesupport_c.c
[1.686s] -- Up-to-date: /home/aaf/Software/Dev/robot/ros/brain/install/brain/lib/python3.8/site-packages/brain/brain_s__rosidl_typesupport_introspection_c.cpython-38-x86_64-linux-gnu.so
[1.686s] -- Up-to-date: /home/aaf/Software/Dev/robot/ros/brain/install/brain/lib/python3.8/site-packages/brain/_brain_s.ep.rosidl_typesupport_fastrtps_c.c
[1.686s] -- Up-to-date: /home/aaf/Software/Dev/robot/ros/brain/install/brain/lib/python3.8/site-packages/brain/brain_s__rosidl_typesupport_c.cpython-38-x86_64-linux-gnu.so
[1.686s] -- Installing: /home/aaf/Software/Dev/robot/ros/brain/install/brain/lib/python3.8/site-packages/brain/__init__.py
[1.686s] -- Up-to-date: /home/aaf/Software/Dev/robot/ros/brain/install/brain/lib/python3.8/site-packages/brain/_brain_s.ep.rosidl_typesupport_introspection_c.c
[1.686s] -- Up-to-date: /home/aaf/Software/Dev/robot/ros/brain/install/brain/lib/python3.8/site-packages/brain/brain_s__rosidl_typesupport_fastrtps_c.cpython-38-x86_64-linux-gnu.so
[1.686s] -- Up-to-date: /home/aaf/Software/Dev/robot/ros/brain/install/brain/lib/python3.8/site-packages/brain/libbrain__python.so
[1.729s] Listing '/home/aaf/Software/Dev/robot/ros/brain/install/brain/lib/python3.8/site-packages/brain'...
[1.729s] Compiling '/home/aaf/Software/Dev/robot/ros/brain/install/brain/lib/python3.8/site-packages/brain/__init__.py'...
[1.730s] Listing '/home/aaf/Software/Dev/robot/ros/brain/install/brain/lib/python3.8/site-packages/brain/action'...
[1.736s] -- Up-to-date: /home/aaf/Software/Dev/robot/ros/brain/install/brain/lib/python3.8/site-packages/brain/brain_s__rosidl_typesupport_fastrtps_c.cpython-38-x86_64-linux-gnu.so
[1.737s] -- Up-to-date: /home/aaf/Software/Dev/robot/ros/brain/install/brain/lib/python3.8/site-packages/brain/brain_s__rosidl_typesupport_introspection_c.cpython-38-x86_64-linux-gnu.so
[1.738s] -- Up-to-date: /home/aaf/Software/Dev/robot/ros/brain/install/brain/lib/python3.8/site-packages/brain/brain_s__rosidl_typesupport_c.cpython-38-x86_64-linux-gnu.so
[1.739s] -- Up-to-date: /home/aaf/Software/Dev/robot/ros/brain/install/brain/lib/libbrain__python.so
[1.739s] -- Up-to-date: /home/aaf/Software/Dev/robot/ros/brain/install/brain/share/brain/action/Led21On.idl
[1.739s] -- Up-to-date: /home/aaf/Software/Dev/robot/ros/brain/install/brain/share/brain/action/Led21Off.idl
[1.739s] -- Up-to-date: /home/aaf/Software/Dev/robot/ros/brain/install/brain/share/brain/action/Led21On.action
[1.740s] -- Up-to-date: /home/aaf/Software/Dev/robot/ros/brain/install/brain/share/brain/action/Led21Off.action
[1.740s] -- Up-to-date: /home/aaf/Software/Dev/robot/ros/brain/install/brain/share/brain//launch
[1.740s] -- Installing: /home/aaf/Software/Dev/robot/ros/brain/install/brain/share/brain//launch/brain.launch.py
[1.740s] -- Up-to-date: /home/aaf/Software/Dev/robot/ros/brain/install/brain/share/ament_index/resource_index/package_run_dependencies/brain
[1.740s] -- Up-to-date: /home/aaf/Software/Dev/robot/ros/brain/install/brain/share/ament_index/resource_index/parent_prefix_path/brain
[1.741s] -- Up-to-date: /home/aaf/Software/Dev/robot/ros/brain/install/brain/share/brain/environment/ament_prefix_path.sh
[1.741s] -- Installing: /home/aaf/Software/Dev/robot/ros/brain/install/brain/share/brain/environment/ament_prefix_path.dsv
[1.741s] -- Up-to-date: /home/aaf/Software/Dev/robot/ros/brain/install/brain/share/brain/environment/path.sh
[1.741s] -- Installing: /home/aaf/Software/Dev/robot/ros/brain/install/brain/share/brain/environment/path.dsv
[1.741s] -- Up-to-date: /home/aaf/Software/Dev/robot/ros/brain/install/brain/share/brain/local_setup.bash
[1.742s] -- Up-to-date: /home/aaf/Software/Dev/robot/ros/brain/install/brain/share/brain/local_setup.sh
[1.742s] -- Up-to-date: /home/aaf/Software/Dev/robot/ros/brain/install/brain/share/brain/local_setup.zsh
[1.742s] -- Installing: /home/aaf/Software/Dev/robot/ros/brain/install/brain/share/brain/local_setup.dsv
[1.742s] -- Installing: /home/aaf/Software/Dev/robot/ros/brain/install/brain/share/brain/package.dsv
[1.742s] -- Up-to-date: /home/aaf/Software/Dev/robot/ros/brain/install/brain/share/ament_index/resource_index/packages/brain
[1.742s] -- Up-to-date: /home/aaf/Software/Dev/robot/ros/brain/install/brain/share/brain/cmake/brain__rosidl_generator_cExport.cmake
[1.742s] -- Installing: /home/aaf/Software/Dev/robot/ros/brain/install/brain/share/brain/cmake/brain__rosidl_generator_cExport-noconfig.cmake
[1.742s] -- Up-to-date: /home/aaf/Software/Dev/robot/ros/brain/install/brain/share/brain/cmake/brain__rosidl_typesupport_introspection_cExport.cmake
[1.743s] -- Installing: /home/aaf/Software/Dev/robot/ros/brain/install/brain/share/brain/cmake/brain__rosidl_typesupport_introspection_cExport-noconfig.cmake
[1.743s] -- Up-to-date: /home/aaf/Software/Dev/robot/ros/brain/install/brain/share/brain/cmake/brain__rosidl_typesupport_cExport.cmake
[1.743s] -- Installing: /home/aaf/Software/Dev/robot/ros/brain/install/brain/share/brain/cmake/brain__rosidl_typesupport_cExport-noconfig.cmake
[1.743s] -- Up-to-date: /home/aaf/Software/Dev/robot/ros/brain/install/brain/share/brain/cmake/brain__rosidl_generator_cppExport.cmake
[1.743s] -- Up-to-date: /home/aaf/Software/Dev/robot/ros/brain/install/brain/share/brain/cmake/brain__rosidl_typesupport_introspection_cppExport.cmake
[1.744s] -- Installing: /home/aaf/Software/Dev/robot/ros/brain/install/brain/share/brain/cmake/brain__rosidl_typesupport_introspection_cppExport-noconfig.cmake
[1.744s] -- Up-to-date: /home/aaf/Software/Dev/robot/ros/brain/install/brain/share/brain/cmake/brain__rosidl_typesupport_cppExport.cmake
[1.744s] -- Installing: /home/aaf/Software/Dev/robot/ros/brain/install/brain/share/brain/cmake/brain__rosidl_typesupport_cppExport-noconfig.cmake
[1.744s] -- Up-to-date: /home/aaf/Software/Dev/robot/ros/brain/install/brain/share/brain/cmake/rosidl_cmake-extras.cmake
[1.744s] -- Up-to-date: /home/aaf/Software/Dev/robot/ros/brain/install/brain/share/brain/cmake/ament_cmake_export_dependencies-extras.cmake
[1.745s] -- Up-to-date: /home/aaf/Software/Dev/robot/ros/brain/install/brain/share/brain/cmake/ament_cmake_export_libraries-extras.cmake
[1.745s] -- Up-to-date: /home/aaf/Software/Dev/robot/ros/brain/install/brain/share/brain/cmake/ament_cmake_export_targets-extras.cmake
[1.745s] -- Up-to-date: /home/aaf/Software/Dev/robot/ros/brain/install/brain/share/brain/cmake/ament_cmake_export_include_directories-extras.cmake
[1.745s] -- Up-to-date: /home/aaf/Software/Dev/robot/ros/brain/install/brain/share/brain/cmake/rosidl_cmake_export_typesupport_libraries-extras.cmake
[1.745s] -- Up-to-date: /home/aaf/Software/Dev/robot/ros/brain/install/brain/share/brain/cmake/rosidl_cmake_export_typesupport_targets-extras.cmake
[1.745s] -- Up-to-date: /home/aaf/Software/Dev/robot/ros/brain/install/brain/share/brain/cmake/brainConfig.cmake
[1.745s] -- Up-to-date: /home/aaf/Software/Dev/robot/ros/brain/install/brain/share/brain/cmake/brainConfig-version.cmake
[1.745s] -- Up-to-date: /home/aaf/Software/Dev/robot/ros/brain/install/brain/share/brain/package.xml
[1.749s] Invoked command in '/home/aaf/Software/Dev/robot/ros/brain/build/brain' returned '0': CMAKE_PREFIX_PATH=/opt/ros/rolling /usr/bin/cmake --install /home/aaf/Software/Dev/robot/ros/brain/build/brain
