[35m[1mScanning dependencies of target cpp_test[0m
[ 50%] [32mBuilding CXX object CMakeFiles/cpp_test.dir/src/cpp_test.cpp.o[0m
[100%] [32m[1mLinking CXX executable cpp_test[0m
[100%] Built target cpp_test
-- Install configuration: ""
-- Installing: /home/aaf/Software/Dev/robot/ros/brain/install/ros2_cpp_py_package/lib/ros2_cpp_py_package/cpp_test
-- Set runtime path of "/home/aaf/Software/Dev/robot/ros/brain/install/ros2_cpp_py_package/lib/ros2_cpp_py_package/cpp_test" to ""
-- Up-to-date: /home/aaf/Software/Dev/robot/ros/brain/install/ros2_cpp_py_package/lib/ros2_cpp_py_package/py_test.py
-- Up-to-date: /home/aaf/Software/Dev/robot/ros/brain/install/ros2_cpp_py_package/share/ament_index/resource_index/package_run_dependencies/ros2_cpp_py_package
-- Up-to-date: /home/aaf/Software/Dev/robot/ros/brain/install/ros2_cpp_py_package/share/ament_index/resource_index/parent_prefix_path/ros2_cpp_py_package
-- Up-to-date: /home/aaf/Software/Dev/robot/ros/brain/install/ros2_cpp_py_package/share/ros2_cpp_py_package/environment/ament_prefix_path.sh
-- Up-to-date: /home/aaf/Software/Dev/robot/ros/brain/install/ros2_cpp_py_package/share/ros2_cpp_py_package/environment/ament_prefix_path.dsv
-- Up-to-date: /home/aaf/Software/Dev/robot/ros/brain/install/ros2_cpp_py_package/share/ros2_cpp_py_package/environment/path.sh
-- Up-to-date: /home/aaf/Software/Dev/robot/ros/brain/install/ros2_cpp_py_package/share/ros2_cpp_py_package/environment/path.dsv
-- Up-to-date: /home/aaf/Software/Dev/robot/ros/brain/install/ros2_cpp_py_package/share/ros2_cpp_py_package/local_setup.bash
-- Up-to-date: /home/aaf/Software/Dev/robot/ros/brain/install/ros2_cpp_py_package/share/ros2_cpp_py_package/local_setup.sh
-- Up-to-date: /home/aaf/Software/Dev/robot/ros/brain/install/ros2_cpp_py_package/share/ros2_cpp_py_package/local_setup.zsh
-- Up-to-date: /home/aaf/Software/Dev/robot/ros/brain/install/ros2_cpp_py_package/share/ros2_cpp_py_package/local_setup.dsv
-- Installing: /home/aaf/Software/Dev/robot/ros/brain/install/ros2_cpp_py_package/share/ros2_cpp_py_package/package.dsv
-- Up-to-date: /home/aaf/Software/Dev/robot/ros/brain/install/ros2_cpp_py_package/share/ament_index/resource_index/packages/ros2_cpp_py_package
-- Up-to-date: /home/aaf/Software/Dev/robot/ros/brain/install/ros2_cpp_py_package/share/ros2_cpp_py_package/cmake/ros2_cpp_py_packageConfig.cmake
-- Up-to-date: /home/aaf/Software/Dev/robot/ros/brain/install/ros2_cpp_py_package/share/ros2_cpp_py_package/cmake/ros2_cpp_py_packageConfig-version.cmake
-- Up-to-date: /home/aaf/Software/Dev/robot/ros/brain/install/ros2_cpp_py_package/share/ros2_cpp_py_package/package.xml
