[0.016s] Invoking command in '/home/aaf/Software/Dev/robot/ros/brain/build/ros2_cpp_py_package': CMAKE_PREFIX_PATH=/opt/ros/rolling:${CMAKE_PREFIX_PATH} /usr/bin/cmake --build /home/aaf/Software/Dev/robot/ros/brain/build/ros2_cpp_py_package -- -j8 -l8
[0.061s] [35m[1mScanning dependencies of target cpp_test[0m
[0.087s] [ 50%] [32mBuilding CXX object CMakeFiles/cpp_test.dir/src/cpp_test.cpp.o[0m
[2.824s] [100%] [32m[1mLinking CXX executable cpp_test[0m
[2.973s] [100%] Built target cpp_test
[2.988s] Invoked command in '/home/aaf/Software/Dev/robot/ros/brain/build/ros2_cpp_py_package' returned '0': CMAKE_PREFIX_PATH=/opt/ros/rolling:${CMAKE_PREFIX_PATH} /usr/bin/cmake --build /home/aaf/Software/Dev/robot/ros/brain/build/ros2_cpp_py_package -- -j8 -l8
[3.033s] Invoking command in '/home/aaf/Software/Dev/robot/ros/brain/build/ros2_cpp_py_package': CMAKE_PREFIX_PATH=/opt/ros/rolling:${CMAKE_PREFIX_PATH} /usr/bin/cmake --install /home/aaf/Software/Dev/robot/ros/brain/build/ros2_cpp_py_package
[3.044s] -- Install configuration: ""
[3.044s] -- Installing: /home/aaf/Software/Dev/robot/ros/brain/install/ros2_cpp_py_package/lib/ros2_cpp_py_package/cpp_test
[3.045s] -- Set runtime path of "/home/aaf/Software/Dev/robot/ros/brain/install/ros2_cpp_py_package/lib/ros2_cpp_py_package/cpp_test" to ""
[3.046s] -- Up-to-date: /home/aaf/Software/Dev/robot/ros/brain/install/ros2_cpp_py_package/lib/ros2_cpp_py_package/py_test.py
[3.046s] -- Up-to-date: /home/aaf/Software/Dev/robot/ros/brain/install/ros2_cpp_py_package/share/ament_index/resource_index/package_run_dependencies/ros2_cpp_py_package
[3.046s] -- Up-to-date: /home/aaf/Software/Dev/robot/ros/brain/install/ros2_cpp_py_package/share/ament_index/resource_index/parent_prefix_path/ros2_cpp_py_package
[3.046s] -- Up-to-date: /home/aaf/Software/Dev/robot/ros/brain/install/ros2_cpp_py_package/share/ros2_cpp_py_package/environment/ament_prefix_path.sh
[3.046s] -- Up-to-date: /home/aaf/Software/Dev/robot/ros/brain/install/ros2_cpp_py_package/share/ros2_cpp_py_package/environment/ament_prefix_path.dsv
[3.046s] -- Up-to-date: /home/aaf/Software/Dev/robot/ros/brain/install/ros2_cpp_py_package/share/ros2_cpp_py_package/environment/path.sh
[3.046s] -- Up-to-date: /home/aaf/Software/Dev/robot/ros/brain/install/ros2_cpp_py_package/share/ros2_cpp_py_package/environment/path.dsv
[3.047s] -- Up-to-date: /home/aaf/Software/Dev/robot/ros/brain/install/ros2_cpp_py_package/share/ros2_cpp_py_package/local_setup.bash
[3.047s] -- Up-to-date: /home/aaf/Software/Dev/robot/ros/brain/install/ros2_cpp_py_package/share/ros2_cpp_py_package/local_setup.sh
[3.047s] -- Up-to-date: /home/aaf/Software/Dev/robot/ros/brain/install/ros2_cpp_py_package/share/ros2_cpp_py_package/local_setup.zsh
[3.047s] -- Up-to-date: /home/aaf/Software/Dev/robot/ros/brain/install/ros2_cpp_py_package/share/ros2_cpp_py_package/local_setup.dsv
[3.047s] -- Installing: /home/aaf/Software/Dev/robot/ros/brain/install/ros2_cpp_py_package/share/ros2_cpp_py_package/package.dsv
[3.047s] -- Up-to-date: /home/aaf/Software/Dev/robot/ros/brain/install/ros2_cpp_py_package/share/ament_index/resource_index/packages/ros2_cpp_py_package
[3.047s] -- Up-to-date: /home/aaf/Software/Dev/robot/ros/brain/install/ros2_cpp_py_package/share/ros2_cpp_py_package/cmake/ros2_cpp_py_packageConfig.cmake
[3.047s] -- Up-to-date: /home/aaf/Software/Dev/robot/ros/brain/install/ros2_cpp_py_package/share/ros2_cpp_py_package/cmake/ros2_cpp_py_packageConfig-version.cmake
[3.047s] -- Up-to-date: /home/aaf/Software/Dev/robot/ros/brain/install/ros2_cpp_py_package/share/ros2_cpp_py_package/package.xml
[3.050s] Invoked command in '/home/aaf/Software/Dev/robot/ros/brain/build/ros2_cpp_py_package' returned '0': CMAKE_PREFIX_PATH=/opt/ros/rolling:${CMAKE_PREFIX_PATH} /usr/bin/cmake --install /home/aaf/Software/Dev/robot/ros/brain/build/ros2_cpp_py_package
