[0.025s] Invoking command in '/home/aaf/Software/Dev/robot/ros/brain/build/brain': CMAKE_PREFIX_PATH=${CMAKE_PREFIX_PATH}:/opt/ros/rolling /usr/bin/cmake --build /home/aaf/Software/Dev/robot/ros/brain/build/brain -- -j8 -l8
[0.076s] -- Found ament_cmake: 1.1.4 (/opt/ros/rolling/share/ament_cmake/cmake)
[0.109s] -- Found PythonInterp: /usr/bin/python3 (found suitable version "3.8.10", minimum required is "3") 
[0.109s] -- Using PYTHON_EXECUTABLE: /usr/bin/python3
[0.202s] -- Found rclcpp: 12.0.0 (/opt/ros/rolling/share/rclcpp/cmake)
[0.256s] -- Using all available rosidl_typesupport_c: rosidl_typesupport_fastrtps_c;rosidl_typesupport_introspection_c
[0.260s] -- Found rosidl_adapter: 2.5.0 (/opt/ros/rolling/share/rosidl_adapter/cmake)
[0.306s] -- Using all available rosidl_typesupport_cpp: rosidl_typesupport_fastrtps_cpp;rosidl_typesupport_introspection_cpp
[0.380s] -- Found rmw_implementation_cmake: 4.0.0 (/opt/ros/rolling/share/rmw_implementation_cmake/cmake)
[0.384s] -- Found rmw_cyclonedds_cpp: 0.23.1 (/opt/ros/rolling/share/rmw_cyclonedds_cpp/cmake)
[0.409s] -- Using RMW implementation 'rmw_cyclonedds_cpp' as default
[0.611s] -- Found rclpy: 3.0.1 (/opt/ros/rolling/share/rclpy/cmake)
[0.613s] -- Found rosidl_default_generators: 1.1.1 (/opt/ros/rolling/share/rosidl_default_generators/cmake)
[0.662s] -- Found PythonInterp: /usr/bin/python3 (found version "3.8.10") 
[0.914s] -- Found ament_cmake_ros: 0.9.2 (/opt/ros/rolling/share/ament_cmake_ros/cmake)
[0.976s] -- Using all available rosidl_typesupport_c: rosidl_typesupport_fastrtps_c;rosidl_typesupport_introspection_c
[1.011s] -- Using all available rosidl_typesupport_cpp: rosidl_typesupport_fastrtps_cpp;rosidl_typesupport_introspection_cpp
[1.045s] -- Found PythonInterp: /usr/bin/python3 (found suitable version "3.8.10", minimum required is "3.5") 
[1.046s] -- Found python_cmake_module: 0.8.1 (/opt/ros/rolling/share/python_cmake_module/cmake)
[1.080s] -- Using PYTHON_EXECUTABLE: /usr/bin/python3
[1.080s] -- Using PYTHON_INCLUDE_DIRS: /usr/include/python3.8
[1.080s] -- Using PYTHON_LIBRARIES: /usr/lib/x86_64-linux-gnu/libpython3.8.so
[1.122s] -- Configuring done
[1.201s] -- Generating done
[1.207s] -- Build files have been written to: /home/aaf/Software/Dev/robot/ros/brain/build/brain
[1.246s] [  2%] [34m[1mGenerating C code for ROS interfaces[0m
[1.265s] [  4%] [34m[1mGenerating C++ code for ROS interfaces[0m
[1.276s] [  9%] Built target brain_boot
[1.279s] [  9%] Built target ament_cmake_python_symlink_brain
[1.746s] running egg_info
[1.747s] writing brain.egg-info/PKG-INFO
[1.748s] writing dependency_links to brain.egg-info/dependency_links.txt
[1.748s] writing top-level names to brain.egg-info/top_level.txt
[1.805s] reading manifest file 'brain.egg-info/SOURCES.txt'
[1.806s] writing manifest file 'brain.egg-info/SOURCES.txt'
[1.848s] [  9%] Built target ament_cmake_python_build_brain_egg
[2.152s] [35m[1mScanning dependencies of target brain__rosidl_generator_c[0m
[2.173s] [ 14%] [32mBuilding C object CMakeFiles/brain__rosidl_generator_c.dir/rosidl_generator_c/brain/action/detail/led21_on__functions.c.o[0m
[2.173s] [ 14%] [32mBuilding C object CMakeFiles/brain__rosidl_generator_c.dir/rosidl_generator_c/brain/action/detail/led21_off__functions.c.o[0m
[2.402s] [ 14%] Built target brain__cpp
[2.422s] [ 17%] [34m[1mGenerating C++ type support dispatch for ROS interfaces[0m
[2.429s] [ 19%] [34m[1mGenerating C++ introspection for ROS interfaces[0m
[2.429s] [ 21%] [34m[1mGenerating C++ type support for eProsima Fast-RTPS[0m
[2.470s] [ 24%] [32m[1mLinking C shared library libbrain__rosidl_generator_c.so[0m
[2.552s] [ 24%] Built target brain__rosidl_generator_c
[2.571s] [ 26%] [34m[1mGenerating C introspection for ROS interfaces[0m
[2.579s] [ 29%] [34m[1mGenerating C type support dispatch for ROS interfaces[0m
[3.073s] [35m[1mScanning dependencies of target brain__rosidl_typesupport_cpp[0m
[3.100s] [ 31%] [32mBuilding CXX object CMakeFiles/brain__rosidl_typesupport_cpp.dir/rosidl_typesupport_cpp/brain/action/led21_on__type_support.cpp.o[0m
[3.105s] [ 34%] [32mBuilding CXX object CMakeFiles/brain__rosidl_typesupport_cpp.dir/rosidl_typesupport_cpp/brain/action/led21_off__type_support.cpp.o[0m
[3.209s] [35m[1mScanning dependencies of target brain__rosidl_typesupport_introspection_cpp[0m
[3.241s] [ 39%] [32mBuilding CXX object CMakeFiles/brain__rosidl_typesupport_introspection_cpp.dir/rosidl_typesupport_introspection_cpp/brain/action/detail/led21_on__type_support.cpp.o[0m
[3.241s] [ 39%] [32mBuilding CXX object CMakeFiles/brain__rosidl_typesupport_introspection_cpp.dir/rosidl_typesupport_introspection_cpp/brain/action/detail/led21_off__type_support.cpp.o[0m
[3.618s] [35m[1mScanning dependencies of target brain__rosidl_typesupport_c[0m
[3.664s] [ 41%] [32mBuilding CXX object CMakeFiles/brain__rosidl_typesupport_c.dir/rosidl_typesupport_c/brain/action/led21_on__type_support.cpp.o[0m
[3.691s] [ 43%] [32mBuilding CXX object CMakeFiles/brain__rosidl_typesupport_c.dir/rosidl_typesupport_c/brain/action/led21_off__type_support.cpp.o[0m
[3.712s] [35m[1mScanning dependencies of target brain__rosidl_typesupport_fastrtps_cpp[0m
[3.778s] [ 46%] [32mBuilding CXX object CMakeFiles/brain__rosidl_typesupport_fastrtps_cpp.dir/rosidl_typesupport_fastrtps_cpp/brain/action/detail/dds_fastrtps/led21_on__type_support.cpp.o[0m
[3.830s] [ 48%] [32mBuilding CXX object CMakeFiles/brain__rosidl_typesupport_fastrtps_cpp.dir/rosidl_typesupport_fastrtps_cpp/brain/action/detail/dds_fastrtps/led21_off__type_support.cpp.o[0m
[3.839s] [ 51%] [32m[1mLinking CXX shared library libbrain__rosidl_typesupport_c.so[0m
[3.970s] [ 51%] Built target brain__rosidl_typesupport_c
[3.987s] [35m[1mScanning dependencies of target brain__rosidl_typesupport_introspection_c[0m
[4.024s] [ 53%] [32mBuilding C object CMakeFiles/brain__rosidl_typesupport_introspection_c.dir/rosidl_typesupport_introspection_c/brain/action/detail/led21_on__type_support.c.o[0m
[4.025s] [ 56%] [32mBuilding C object CMakeFiles/brain__rosidl_typesupport_introspection_c.dir/rosidl_typesupport_introspection_c/brain/action/detail/led21_off__type_support.c.o[0m
[4.159s] [ 58%] [32m[1mLinking C shared library libbrain__rosidl_typesupport_introspection_c.so[0m
[4.250s] [ 58%] Built target brain__rosidl_typesupport_introspection_c
[4.611s] [ 60%] [32m[1mLinking CXX shared library libbrain__rosidl_typesupport_cpp.so[0m
[4.700s] [ 60%] Built target brain__rosidl_typesupport_cpp
[4.709s] [ 63%] [32m[1mLinking CXX shared library libbrain__rosidl_typesupport_introspection_cpp.so[0m
[4.842s] [ 63%] Built target brain__rosidl_typesupport_introspection_cpp
[5.153s] [ 65%] [32m[1mLinking CXX shared library libbrain__rosidl_typesupport_fastrtps_cpp.so[0m
[5.282s] [ 65%] Built target brain__rosidl_typesupport_fastrtps_cpp
[5.301s] [ 68%] [34m[1mGenerating C type support for eProsima Fast-RTPS[0m
[5.999s] [35m[1mScanning dependencies of target brain__rosidl_typesupport_fastrtps_c[0m
[6.027s] [ 73%] [32mBuilding CXX object CMakeFiles/brain__rosidl_typesupport_fastrtps_c.dir/rosidl_typesupport_fastrtps_c/brain/action/detail/led21_on__type_support_c.cpp.o[0m
[6.027s] [ 73%] [32mBuilding CXX object CMakeFiles/brain__rosidl_typesupport_fastrtps_c.dir/rosidl_typesupport_fastrtps_c/brain/action/detail/led21_off__type_support_c.cpp.o[0m
[6.666s] [ 75%] [32m[1mLinking CXX shared library libbrain__rosidl_typesupport_fastrtps_c.so[0m
[6.785s] [ 75%] Built target brain__rosidl_typesupport_fastrtps_c
[6.814s] [ 75%] Built target brain
[6.843s] [ 78%] [34m[1mGenerating Python code for ROS interfaces[0m
[8.541s] [ 78%] Built target brain__py
[8.563s] [35m[1mScanning dependencies of target brain__python[0m
[8.592s] [ 82%] [32mBuilding C object CMakeFiles/brain__python.dir/rosidl_generator_py/brain/action/_led21_off_s.c.o[0m
[8.592s] [ 82%] [32mBuilding C object CMakeFiles/brain__python.dir/rosidl_generator_py/brain/action/_led21_on_s.c.o[0m
[8.819s] [ 85%] [32m[1mLinking C shared library rosidl_generator_py/brain/libbrain__python.so[0m
[8.890s] [ 85%] Built target brain__python
[8.909s] [35m[1mScanning dependencies of target brain__rosidl_typesupport_fastrtps_c__pyext[0m
[8.909s] [35m[1mScanning dependencies of target brain__rosidl_typesupport_introspection_c__pyext[0m
[8.909s] [35m[1mScanning dependencies of target brain__rosidl_typesupport_c__pyext[0m
[8.936s] [ 87%] [32mBuilding C object CMakeFiles/brain__rosidl_typesupport_c__pyext.dir/rosidl_generator_py/brain/_brain_s.ep.rosidl_typesupport_c.c.o[0m
[8.938s] [ 90%] [32mBuilding C object CMakeFiles/brain__rosidl_typesupport_introspection_c__pyext.dir/rosidl_generator_py/brain/_brain_s.ep.rosidl_typesupport_introspection_c.c.o[0m
[8.940s] [ 92%] [32mBuilding C object CMakeFiles/brain__rosidl_typesupport_fastrtps_c__pyext.dir/rosidl_generator_py/brain/_brain_s.ep.rosidl_typesupport_fastrtps_c.c.o[0m
[9.152s] [ 95%] [32m[1mLinking C shared library rosidl_generator_py/brain/brain_s__rosidl_typesupport_c.cpython-38-x86_64-linux-gnu.so[0m
[9.156s] [ 97%] [32m[1mLinking C shared library rosidl_generator_py/brain/brain_s__rosidl_typesupport_fastrtps_c.cpython-38-x86_64-linux-gnu.so[0m
[9.156s] [100%] [32m[1mLinking C shared library rosidl_generator_py/brain/brain_s__rosidl_typesupport_introspection_c.cpython-38-x86_64-linux-gnu.so[0m
[9.222s] [100%] Built target brain__rosidl_typesupport_c__pyext
[9.224s] [100%] Built target brain__rosidl_typesupport_introspection_c__pyext
[9.229s] [100%] Built target brain__rosidl_typesupport_fastrtps_c__pyext
[9.249s] Invoked command in '/home/aaf/Software/Dev/robot/ros/brain/build/brain' returned '0': CMAKE_PREFIX_PATH=${CMAKE_PREFIX_PATH}:/opt/ros/rolling /usr/bin/cmake --build /home/aaf/Software/Dev/robot/ros/brain/build/brain -- -j8 -l8
[9.393s] Invoking command in '/home/aaf/Software/Dev/robot/ros/brain/build/brain': CMAKE_PREFIX_PATH=${CMAKE_PREFIX_PATH}:/opt/ros/rolling /usr/bin/cmake --install /home/aaf/Software/Dev/robot/ros/brain/build/brain
[9.409s] -- Install configuration: ""
[9.409s] -- Up-to-date: /home/aaf/Software/Dev/robot/ros/brain/install/brain/lib/brain/brain_boot
[9.410s] -- Up-to-date: /home/aaf/Software/Dev/robot/ros/brain/install/brain/lib/brain/brain_main.py
[9.410s] -- Up-to-date: /home/aaf/Software/Dev/robot/ros/brain/install/brain/lib/brain/fake_rpi.py
[9.410s] -- Installing: /home/aaf/Software/Dev/robot/ros/brain/install/brain/lib/brain/led_action_server.py
[9.411s] -- Up-to-date: /home/aaf/Software/Dev/robot/ros/brain/install/brain/share/ament_index/resource_index/rosidl_interfaces/brain
[9.411s] -- Up-to-date: /home/aaf/Software/Dev/robot/ros/brain/install/brain/include/brain
[9.411s] -- Up-to-date: /home/aaf/Software/Dev/robot/ros/brain/install/brain/include/brain/action
[9.411s] -- Installing: /home/aaf/Software/Dev/robot/ros/brain/install/brain/include/brain/action/led21_off.h
[9.411s] -- Installing: /home/aaf/Software/Dev/robot/ros/brain/install/brain/include/brain/action/led21_on.h
[9.411s] -- Up-to-date: /home/aaf/Software/Dev/robot/ros/brain/install/brain/include/brain/action/detail
[9.412s] -- Installing: /home/aaf/Software/Dev/robot/ros/brain/install/brain/include/brain/action/detail/led21_off__type_support.h
[9.412s] -- Installing: /home/aaf/Software/Dev/robot/ros/brain/install/brain/include/brain/action/detail/led21_on__type_support.h
[9.412s] -- Installing: /home/aaf/Software/Dev/robot/ros/brain/install/brain/include/brain/action/detail/led21_on__functions.h
[9.412s] -- Installing: /home/aaf/Software/Dev/robot/ros/brain/install/brain/include/brain/action/detail/led21_on__struct.h
[9.412s] -- Installing: /home/aaf/Software/Dev/robot/ros/brain/install/brain/include/brain/action/detail/led21_off__functions.c
[9.412s] -- Installing: /home/aaf/Software/Dev/robot/ros/brain/install/brain/include/brain/action/detail/led21_on__functions.c
[9.413s] -- Installing: /home/aaf/Software/Dev/robot/ros/brain/install/brain/include/brain/action/detail/led21_off__struct.h
[9.413s] -- Installing: /home/aaf/Software/Dev/robot/ros/brain/install/brain/include/brain/action/detail/led21_off__functions.h
[9.413s] -- Up-to-date: /home/aaf/Software/Dev/robot/ros/brain/install/brain/include/brain/msg
[9.413s] -- Up-to-date: /home/aaf/Software/Dev/robot/ros/brain/install/brain/include/brain/msg/rosidl_generator_c__visibility_control.h
[9.413s] -- Up-to-date: /home/aaf/Software/Dev/robot/ros/brain/install/brain/share/brain/environment/library_path.sh
[9.413s] -- Installing: /home/aaf/Software/Dev/robot/ros/brain/install/brain/share/brain/environment/library_path.dsv
[9.413s] -- Installing: /home/aaf/Software/Dev/robot/ros/brain/install/brain/lib/libbrain__rosidl_generator_c.so
[9.414s] -- Set runtime path of "/home/aaf/Software/Dev/robot/ros/brain/install/brain/lib/libbrain__rosidl_generator_c.so" to ""
[9.414s] -- Up-to-date: /home/aaf/Software/Dev/robot/ros/brain/install/brain/include/brain
[9.415s] -- Up-to-date: /home/aaf/Software/Dev/robot/ros/brain/install/brain/include/brain/action
[9.415s] -- Up-to-date: /home/aaf/Software/Dev/robot/ros/brain/install/brain/include/brain/action/detail
[9.415s] -- Installing: /home/aaf/Software/Dev/robot/ros/brain/install/brain/include/brain/action/detail/led21_on__rosidl_typesupport_fastrtps_c.h
[9.415s] -- Installing: /home/aaf/Software/Dev/robot/ros/brain/install/brain/include/brain/action/detail/led21_off__rosidl_typesupport_fastrtps_c.h
[9.415s] -- Up-to-date: /home/aaf/Software/Dev/robot/ros/brain/install/brain/include/brain/msg
[9.415s] -- Up-to-date: /home/aaf/Software/Dev/robot/ros/brain/install/brain/include/brain/msg/rosidl_typesupport_fastrtps_c__visibility_control.h
[9.415s] -- Installing: /home/aaf/Software/Dev/robot/ros/brain/install/brain/lib/libbrain__rosidl_typesupport_fastrtps_c.so
[9.417s] -- Set runtime path of "/home/aaf/Software/Dev/robot/ros/brain/install/brain/lib/libbrain__rosidl_typesupport_fastrtps_c.so" to ""
[9.417s] -- Up-to-date: /home/aaf/Software/Dev/robot/ros/brain/install/brain/include/brain
[9.417s] -- Up-to-date: /home/aaf/Software/Dev/robot/ros/brain/install/brain/include/brain/action
[9.417s] -- Up-to-date: /home/aaf/Software/Dev/robot/ros/brain/install/brain/include/brain/action/detail
[9.418s] -- Installing: /home/aaf/Software/Dev/robot/ros/brain/install/brain/include/brain/action/detail/led21_on__rosidl_typesupport_fastrtps_cpp.hpp
[9.418s] -- Up-to-date: /home/aaf/Software/Dev/robot/ros/brain/install/brain/include/brain/action/detail/dds_fastrtps
[9.418s] -- Installing: /home/aaf/Software/Dev/robot/ros/brain/install/brain/include/brain/action/detail/led21_off__rosidl_typesupport_fastrtps_cpp.hpp
[9.418s] -- Up-to-date: /home/aaf/Software/Dev/robot/ros/brain/install/brain/include/brain/msg
[9.418s] -- Up-to-date: /home/aaf/Software/Dev/robot/ros/brain/install/brain/include/brain/msg/rosidl_typesupport_fastrtps_cpp__visibility_control.h
[9.418s] -- Installing: /home/aaf/Software/Dev/robot/ros/brain/install/brain/lib/libbrain__rosidl_typesupport_fastrtps_cpp.so
[9.419s] -- Set runtime path of "/home/aaf/Software/Dev/robot/ros/brain/install/brain/lib/libbrain__rosidl_typesupport_fastrtps_cpp.so" to ""
[9.419s] -- Up-to-date: /home/aaf/Software/Dev/robot/ros/brain/install/brain/include/brain
[9.419s] -- Up-to-date: /home/aaf/Software/Dev/robot/ros/brain/install/brain/include/brain/action
[9.419s] -- Up-to-date: /home/aaf/Software/Dev/robot/ros/brain/install/brain/include/brain/action/detail
[9.420s] -- Installing: /home/aaf/Software/Dev/robot/ros/brain/install/brain/include/brain/action/detail/led21_on__rosidl_typesupport_introspection_c.h
[9.420s] -- Installing: /home/aaf/Software/Dev/robot/ros/brain/install/brain/include/brain/action/detail/led21_off__rosidl_typesupport_introspection_c.h
[9.420s] -- Installing: /home/aaf/Software/Dev/robot/ros/brain/install/brain/include/brain/action/detail/led21_on__type_support.c
[9.420s] -- Installing: /home/aaf/Software/Dev/robot/ros/brain/install/brain/include/brain/action/detail/led21_off__type_support.c
[9.420s] -- Up-to-date: /home/aaf/Software/Dev/robot/ros/brain/install/brain/include/brain/msg
[9.420s] -- Up-to-date: /home/aaf/Software/Dev/robot/ros/brain/install/brain/include/brain/msg/rosidl_typesupport_introspection_c__visibility_control.h
[9.421s] -- Installing: /home/aaf/Software/Dev/robot/ros/brain/install/brain/lib/libbrain__rosidl_typesupport_introspection_c.so
[9.421s] -- Set runtime path of "/home/aaf/Software/Dev/robot/ros/brain/install/brain/lib/libbrain__rosidl_typesupport_introspection_c.so" to ""
[9.422s] -- Installing: /home/aaf/Software/Dev/robot/ros/brain/install/brain/lib/libbrain__rosidl_typesupport_c.so
[9.423s] -- Set runtime path of "/home/aaf/Software/Dev/robot/ros/brain/install/brain/lib/libbrain__rosidl_typesupport_c.so" to ""
[9.423s] -- Up-to-date: /home/aaf/Software/Dev/robot/ros/brain/install/brain/include/brain
[9.423s] -- Up-to-date: /home/aaf/Software/Dev/robot/ros/brain/install/brain/include/brain/action
[9.423s] -- Up-to-date: /home/aaf/Software/Dev/robot/ros/brain/install/brain/include/brain/action/detail
[9.424s] -- Installing: /home/aaf/Software/Dev/robot/ros/brain/install/brain/include/brain/action/detail/led21_on__struct.hpp
[9.424s] -- Installing: /home/aaf/Software/Dev/robot/ros/brain/install/brain/include/brain/action/detail/led21_off__traits.hpp
[9.424s] -- Installing: /home/aaf/Software/Dev/robot/ros/brain/install/brain/include/brain/action/detail/led21_off__struct.hpp
[9.424s] -- Installing: /home/aaf/Software/Dev/robot/ros/brain/install/brain/include/brain/action/detail/led21_on__builder.hpp
[9.424s] -- Installing: /home/aaf/Software/Dev/robot/ros/brain/install/brain/include/brain/action/detail/led21_off__builder.hpp
[9.424s] -- Installing: /home/aaf/Software/Dev/robot/ros/brain/install/brain/include/brain/action/detail/led21_on__traits.hpp
[9.425s] -- Installing: /home/aaf/Software/Dev/robot/ros/brain/install/brain/include/brain/action/led21_off.hpp
[9.425s] -- Installing: /home/aaf/Software/Dev/robot/ros/brain/install/brain/include/brain/action/led21_on.hpp
[9.425s] -- Up-to-date: /home/aaf/Software/Dev/robot/ros/brain/install/brain/include/brain
[9.425s] -- Up-to-date: /home/aaf/Software/Dev/robot/ros/brain/install/brain/include/brain/action
[9.425s] -- Up-to-date: /home/aaf/Software/Dev/robot/ros/brain/install/brain/include/brain/action/detail
[9.426s] -- Installing: /home/aaf/Software/Dev/robot/ros/brain/install/brain/include/brain/action/detail/led21_on__rosidl_typesupport_introspection_cpp.hpp
[9.426s] -- Installing: /home/aaf/Software/Dev/robot/ros/brain/install/brain/include/brain/action/detail/led21_off__rosidl_typesupport_introspection_cpp.hpp
[9.426s] -- Installing: /home/aaf/Software/Dev/robot/ros/brain/install/brain/include/brain/action/detail/led21_off__type_support.cpp
[9.426s] -- Installing: /home/aaf/Software/Dev/robot/ros/brain/install/brain/include/brain/action/detail/led21_on__type_support.cpp
[9.427s] -- Installing: /home/aaf/Software/Dev/robot/ros/brain/install/brain/lib/libbrain__rosidl_typesupport_introspection_cpp.so
[9.428s] -- Set runtime path of "/home/aaf/Software/Dev/robot/ros/brain/install/brain/lib/libbrain__rosidl_typesupport_introspection_cpp.so" to ""
[9.428s] -- Installing: /home/aaf/Software/Dev/robot/ros/brain/install/brain/lib/libbrain__rosidl_typesupport_cpp.so
[9.429s] -- Set runtime path of "/home/aaf/Software/Dev/robot/ros/brain/install/brain/lib/libbrain__rosidl_typesupport_cpp.so" to ""
[9.429s] -- Up-to-date: /home/aaf/Software/Dev/robot/ros/brain/install/brain/share/brain/environment/pythonpath.sh
[9.429s] -- Installing: /home/aaf/Software/Dev/robot/ros/brain/install/brain/share/brain/environment/pythonpath.dsv
[9.430s] -- Up-to-date: /home/aaf/Software/Dev/robot/ros/brain/install/brain/lib/python3.8/site-packages//brain.egg-info
[9.430s] -- Installing: /home/aaf/Software/Dev/robot/ros/brain/install/brain/lib/python3.8/site-packages//brain.egg-info/PKG-INFO
[9.430s] -- Installing: /home/aaf/Software/Dev/robot/ros/brain/install/brain/lib/python3.8/site-packages//brain.egg-info/SOURCES.txt
[9.430s] -- Installing: /home/aaf/Software/Dev/robot/ros/brain/install/brain/lib/python3.8/site-packages//brain.egg-info/top_level.txt
[9.430s] -- Installing: /home/aaf/Software/Dev/robot/ros/brain/install/brain/lib/python3.8/site-packages//brain.egg-info/dependency_links.txt
[9.431s] -- Up-to-date: /home/aaf/Software/Dev/robot/ros/brain/install/brain/lib/python3.8/site-packages/brain
[9.431s] -- Up-to-date: /home/aaf/Software/Dev/robot/ros/brain/install/brain/lib/python3.8/site-packages/brain/action
[9.431s] -- Installing: /home/aaf/Software/Dev/robot/ros/brain/install/brain/lib/python3.8/site-packages/brain/action/_led21_on.py
[9.431s] -- Installing: /home/aaf/Software/Dev/robot/ros/brain/install/brain/lib/python3.8/site-packages/brain/action/_led21_on_s.c
[9.431s] -- Installing: /home/aaf/Software/Dev/robot/ros/brain/install/brain/lib/python3.8/site-packages/brain/action/_led21_off_s.c
[9.431s] -- Installing: /home/aaf/Software/Dev/robot/ros/brain/install/brain/lib/python3.8/site-packages/brain/action/__init__.py
[9.432s] -- Installing: /home/aaf/Software/Dev/robot/ros/brain/install/brain/lib/python3.8/site-packages/brain/action/_led21_off.py
[9.432s] -- Installing: /home/aaf/Software/Dev/robot/ros/brain/install/brain/lib/python3.8/site-packages/brain/_brain_s.ep.rosidl_typesupport_c.c
[9.432s] -- Installing: /home/aaf/Software/Dev/robot/ros/brain/install/brain/lib/python3.8/site-packages/brain/brain_s__rosidl_typesupport_introspection_c.cpython-38-x86_64-linux-gnu.so
[9.432s] -- Installing: /home/aaf/Software/Dev/robot/ros/brain/install/brain/lib/python3.8/site-packages/brain/_brain_s.ep.rosidl_typesupport_fastrtps_c.c
[9.433s] -- Installing: /home/aaf/Software/Dev/robot/ros/brain/install/brain/lib/python3.8/site-packages/brain/brain_s__rosidl_typesupport_c.cpython-38-x86_64-linux-gnu.so
[9.433s] -- Installing: /home/aaf/Software/Dev/robot/ros/brain/install/brain/lib/python3.8/site-packages/brain/__init__.py
[9.433s] -- Installing: /home/aaf/Software/Dev/robot/ros/brain/install/brain/lib/python3.8/site-packages/brain/_brain_s.ep.rosidl_typesupport_introspection_c.c
[9.434s] -- Installing: /home/aaf/Software/Dev/robot/ros/brain/install/brain/lib/python3.8/site-packages/brain/brain_s__rosidl_typesupport_fastrtps_c.cpython-38-x86_64-linux-gnu.so
[9.434s] -- Installing: /home/aaf/Software/Dev/robot/ros/brain/install/brain/lib/python3.8/site-packages/brain/libbrain__python.so
[9.491s] Listing '/home/aaf/Software/Dev/robot/ros/brain/install/brain/lib/python3.8/site-packages/brain'...
[9.491s] Compiling '/home/aaf/Software/Dev/robot/ros/brain/install/brain/lib/python3.8/site-packages/brain/__init__.py'...
[9.491s] Listing '/home/aaf/Software/Dev/robot/ros/brain/install/brain/lib/python3.8/site-packages/brain/action'...
[9.492s] Compiling '/home/aaf/Software/Dev/robot/ros/brain/install/brain/lib/python3.8/site-packages/brain/action/__init__.py'...
[9.492s] Compiling '/home/aaf/Software/Dev/robot/ros/brain/install/brain/lib/python3.8/site-packages/brain/action/_led21_off.py'...
[9.492s] Compiling '/home/aaf/Software/Dev/robot/ros/brain/install/brain/lib/python3.8/site-packages/brain/action/_led21_on.py'...
[9.498s] -- Installing: /home/aaf/Software/Dev/robot/ros/brain/install/brain/lib/python3.8/site-packages/brain/brain_s__rosidl_typesupport_fastrtps_c.cpython-38-x86_64-linux-gnu.so
[9.499s] -- Set runtime path of "/home/aaf/Software/Dev/robot/ros/brain/install/brain/lib/python3.8/site-packages/brain/brain_s__rosidl_typesupport_fastrtps_c.cpython-38-x86_64-linux-gnu.so" to ""
[9.499s] -- Installing: /home/aaf/Software/Dev/robot/ros/brain/install/brain/lib/python3.8/site-packages/brain/brain_s__rosidl_typesupport_introspection_c.cpython-38-x86_64-linux-gnu.so
[9.500s] -- Set runtime path of "/home/aaf/Software/Dev/robot/ros/brain/install/brain/lib/python3.8/site-packages/brain/brain_s__rosidl_typesupport_introspection_c.cpython-38-x86_64-linux-gnu.so" to ""
[9.501s] -- Installing: /home/aaf/Software/Dev/robot/ros/brain/install/brain/lib/python3.8/site-packages/brain/brain_s__rosidl_typesupport_c.cpython-38-x86_64-linux-gnu.so
[9.501s] -- Set runtime path of "/home/aaf/Software/Dev/robot/ros/brain/install/brain/lib/python3.8/site-packages/brain/brain_s__rosidl_typesupport_c.cpython-38-x86_64-linux-gnu.so" to ""
[9.502s] -- Installing: /home/aaf/Software/Dev/robot/ros/brain/install/brain/lib/libbrain__python.so
[9.503s] -- Set runtime path of "/home/aaf/Software/Dev/robot/ros/brain/install/brain/lib/libbrain__python.so" to ""
[9.503s] -- Installing: /home/aaf/Software/Dev/robot/ros/brain/install/brain/share/brain/action/Led21On.idl
[9.504s] -- Up-to-date: /home/aaf/Software/Dev/robot/ros/brain/install/brain/share/brain/action/Led21Off.idl
[9.504s] -- Installing: /home/aaf/Software/Dev/robot/ros/brain/install/brain/share/brain/action/Led21On.action
[9.504s] -- Up-to-date: /home/aaf/Software/Dev/robot/ros/brain/install/brain/share/brain/action/Led21Off.action
[9.504s] -- Up-to-date: /home/aaf/Software/Dev/robot/ros/brain/install/brain/share/ament_index/resource_index/package_run_dependencies/brain
[9.504s] -- Up-to-date: /home/aaf/Software/Dev/robot/ros/brain/install/brain/share/ament_index/resource_index/parent_prefix_path/brain
[9.504s] -- Up-to-date: /home/aaf/Software/Dev/robot/ros/brain/install/brain/share/brain/environment/ament_prefix_path.sh
[9.505s] -- Installing: /home/aaf/Software/Dev/robot/ros/brain/install/brain/share/brain/environment/ament_prefix_path.dsv
[9.505s] -- Up-to-date: /home/aaf/Software/Dev/robot/ros/brain/install/brain/share/brain/environment/path.sh
[9.505s] -- Installing: /home/aaf/Software/Dev/robot/ros/brain/install/brain/share/brain/environment/path.dsv
[9.505s] -- Up-to-date: /home/aaf/Software/Dev/robot/ros/brain/install/brain/share/brain/local_setup.bash
[9.505s] -- Up-to-date: /home/aaf/Software/Dev/robot/ros/brain/install/brain/share/brain/local_setup.sh
[9.505s] -- Up-to-date: /home/aaf/Software/Dev/robot/ros/brain/install/brain/share/brain/local_setup.zsh
[9.505s] -- Installing: /home/aaf/Software/Dev/robot/ros/brain/install/brain/share/brain/local_setup.dsv
[9.505s] -- Installing: /home/aaf/Software/Dev/robot/ros/brain/install/brain/share/brain/package.dsv
[9.506s] -- Up-to-date: /home/aaf/Software/Dev/robot/ros/brain/install/brain/share/ament_index/resource_index/packages/brain
[9.506s] -- Up-to-date: /home/aaf/Software/Dev/robot/ros/brain/install/brain/share/brain/cmake/brain__rosidl_generator_cExport.cmake
[9.506s] -- Installing: /home/aaf/Software/Dev/robot/ros/brain/install/brain/share/brain/cmake/brain__rosidl_generator_cExport-noconfig.cmake
[9.506s] -- Up-to-date: /home/aaf/Software/Dev/robot/ros/brain/install/brain/share/brain/cmake/brain__rosidl_typesupport_introspection_cExport.cmake
[9.506s] -- Installing: /home/aaf/Software/Dev/robot/ros/brain/install/brain/share/brain/cmake/brain__rosidl_typesupport_introspection_cExport-noconfig.cmake
[9.506s] -- Up-to-date: /home/aaf/Software/Dev/robot/ros/brain/install/brain/share/brain/cmake/brain__rosidl_typesupport_cExport.cmake
[9.506s] -- Installing: /home/aaf/Software/Dev/robot/ros/brain/install/brain/share/brain/cmake/brain__rosidl_typesupport_cExport-noconfig.cmake
[9.507s] -- Up-to-date: /home/aaf/Software/Dev/robot/ros/brain/install/brain/share/brain/cmake/brain__rosidl_generator_cppExport.cmake
[9.507s] -- Up-to-date: /home/aaf/Software/Dev/robot/ros/brain/install/brain/share/brain/cmake/brain__rosidl_typesupport_introspection_cppExport.cmake
[9.507s] -- Installing: /home/aaf/Software/Dev/robot/ros/brain/install/brain/share/brain/cmake/brain__rosidl_typesupport_introspection_cppExport-noconfig.cmake
[9.507s] -- Up-to-date: /home/aaf/Software/Dev/robot/ros/brain/install/brain/share/brain/cmake/brain__rosidl_typesupport_cppExport.cmake
[9.507s] -- Installing: /home/aaf/Software/Dev/robot/ros/brain/install/brain/share/brain/cmake/brain__rosidl_typesupport_cppExport-noconfig.cmake
[9.508s] -- Up-to-date: /home/aaf/Software/Dev/robot/ros/brain/install/brain/share/brain/cmake/rosidl_cmake-extras.cmake
[9.508s] -- Up-to-date: /home/aaf/Software/Dev/robot/ros/brain/install/brain/share/brain/cmake/ament_cmake_export_dependencies-extras.cmake
[9.508s] -- Up-to-date: /home/aaf/Software/Dev/robot/ros/brain/install/brain/share/brain/cmake/ament_cmake_export_libraries-extras.cmake
[9.508s] -- Up-to-date: /home/aaf/Software/Dev/robot/ros/brain/install/brain/share/brain/cmake/ament_cmake_export_targets-extras.cmake
[9.508s] -- Up-to-date: /home/aaf/Software/Dev/robot/ros/brain/install/brain/share/brain/cmake/ament_cmake_export_include_directories-extras.cmake
[9.508s] -- Up-to-date: /home/aaf/Software/Dev/robot/ros/brain/install/brain/share/brain/cmake/rosidl_cmake_export_typesupport_libraries-extras.cmake
[9.508s] -- Up-to-date: /home/aaf/Software/Dev/robot/ros/brain/install/brain/share/brain/cmake/rosidl_cmake_export_typesupport_targets-extras.cmake
[9.509s] -- Up-to-date: /home/aaf/Software/Dev/robot/ros/brain/install/brain/share/brain/cmake/brainConfig.cmake
[9.509s] -- Up-to-date: /home/aaf/Software/Dev/robot/ros/brain/install/brain/share/brain/cmake/brainConfig-version.cmake
[9.509s] -- Up-to-date: /home/aaf/Software/Dev/robot/ros/brain/install/brain/share/brain/package.xml
[9.512s] Invoked command in '/home/aaf/Software/Dev/robot/ros/brain/build/brain' returned '0': CMAKE_PREFIX_PATH=${CMAKE_PREFIX_PATH}:/opt/ros/rolling /usr/bin/cmake --install /home/aaf/Software/Dev/robot/ros/brain/build/brain
