[0.343s] DEBUG:colcon:Command line arguments: ['/usr/bin/colcon', 'build']
[0.343s] DEBUG:colcon:Parsed command line arguments: Namespace(ament_cmake_args=None, base_paths=['.'], build_base='build', catkin_cmake_args=None, catkin_skip_building_tests=False, cmake_args=None, cmake_clean_cache=False, cmake_clean_first=False, cmake_force_configure=False, cmake_target=None, cmake_target_skip_unavailable=False, continue_on_error=False, event_handlers=None, executor='parallel', ignore_user_meta=False, install_base='install', log_base=None, log_level=None, main=<bound method BuildVerb.main of <colcon_core.verb.build.BuildVerb object at 0x7f8637673520>>, merge_install=False, metas=['./colcon.meta'], packages_above=None, packages_above_and_dependencies=None, packages_above_depth=None, packages_end=None, packages_ignore=None, packages_ignore_regex=None, packages_select=None, packages_select_build_failed=False, packages_select_by_dep=None, packages_select_regex=None, packages_select_test_failures=False, packages_skip=None, packages_skip_build_finished=False, packages_skip_by_dep=None, packages_skip_regex=None, packages_skip_test_passed=False, packages_skip_up_to=None, packages_start=None, packages_up_to=None, packages_up_to_regex=None, parallel_workers=8, paths=None, symlink_install=False, test_result_base=None, verb_extension=<colcon_core.verb.build.BuildVerb object at 0x7f8637673520>, verb_name='build', verb_parser=<colcon_defaults.argument_parser.defaults.DefaultArgumentsDecorator object at 0x7f86377a3f10>)
[0.349s] Level 1:colcon.colcon_core.package_discovery:discover_packages(colcon_meta) check parameters
[0.349s] Level 1:colcon.colcon_core.package_discovery:discover_packages(recursive) check parameters
[0.349s] Level 1:colcon.colcon_core.package_discovery:discover_packages(ignore) check parameters
[0.349s] Level 1:colcon.colcon_core.package_discovery:discover_packages(path) check parameters
[0.349s] Level 1:colcon.colcon_core.package_discovery:discover_packages(colcon_meta) discover
[0.349s] Level 1:colcon.colcon_core.package_discovery:discover_packages(recursive) discover
[0.349s] INFO:colcon.colcon_core.package_discovery:Crawling recursively for packages in '/home/aaf/Software/Dev/robot/ros/brain'
[0.349s] Level 1:colcon.colcon_core.package_identification:_identify(.) by extensions ['ignore', 'ignore_ament_install']
[0.350s] Level 1:colcon.colcon_core.package_identification:_identify(.) by extension 'ignore'
[0.350s] Level 1:colcon.colcon_core.package_identification:_identify(.) by extension 'ignore_ament_install'
[0.350s] Level 1:colcon.colcon_core.package_identification:_identify(.) by extensions ['colcon_pkg']
[0.350s] Level 1:colcon.colcon_core.package_identification:_identify(.) by extension 'colcon_pkg'
[0.350s] Level 1:colcon.colcon_core.package_identification:_identify(.) by extensions ['colcon_meta']
[0.350s] Level 1:colcon.colcon_core.package_identification:_identify(.) by extension 'colcon_meta'
[0.350s] Level 1:colcon.colcon_core.package_identification:_identify(.) by extensions ['ros']
[0.350s] Level 1:colcon.colcon_core.package_identification:_identify(.) by extension 'ros'
[0.366s] DEBUG:colcon.colcon_core.package_identification:Package '.' with type 'ros.ament_cmake' and name 'brain'
[0.366s] Level 1:colcon.colcon_core.package_discovery:discover_packages(recursive) using defaults
[0.366s] Level 1:colcon.colcon_core.package_discovery:discover_packages(ignore) discover
[0.366s] Level 1:colcon.colcon_core.package_discovery:discover_packages(ignore) using defaults
[0.366s] Level 1:colcon.colcon_core.package_discovery:discover_packages(path) discover
[0.366s] Level 1:colcon.colcon_core.package_discovery:discover_packages(path) using defaults
[0.387s] Level 5:colcon.colcon_core.verb:set package 'brain' build argument 'cmake_args' from command line to 'None'
[0.387s] Level 5:colcon.colcon_core.verb:set package 'brain' build argument 'cmake_target' from command line to 'None'
[0.387s] Level 5:colcon.colcon_core.verb:set package 'brain' build argument 'cmake_target_skip_unavailable' from command line to 'False'
[0.387s] Level 5:colcon.colcon_core.verb:set package 'brain' build argument 'cmake_clean_cache' from command line to 'False'
[0.387s] Level 5:colcon.colcon_core.verb:set package 'brain' build argument 'cmake_clean_first' from command line to 'False'
[0.387s] Level 5:colcon.colcon_core.verb:set package 'brain' build argument 'cmake_force_configure' from command line to 'False'
[0.387s] Level 5:colcon.colcon_core.verb:set package 'brain' build argument 'ament_cmake_args' from command line to 'None'
[0.387s] Level 5:colcon.colcon_core.verb:set package 'brain' build argument 'catkin_cmake_args' from command line to 'None'
[0.387s] Level 5:colcon.colcon_core.verb:set package 'brain' build argument 'catkin_skip_building_tests' from command line to 'False'
[0.387s] DEBUG:colcon.colcon_core.verb:Building package 'brain' with the following arguments: {'ament_cmake_args': None, 'build_base': '/home/aaf/Software/Dev/robot/ros/brain/build/brain', 'catkin_cmake_args': None, 'catkin_skip_building_tests': False, 'cmake_args': None, 'cmake_clean_cache': False, 'cmake_clean_first': False, 'cmake_force_configure': False, 'cmake_target': None, 'cmake_target_skip_unavailable': False, 'install_base': '/home/aaf/Software/Dev/robot/ros/brain/install/brain', 'merge_install': False, 'path': '/home/aaf/Software/Dev/robot/ros/brain', 'symlink_install': False, 'test_result_base': None}
[0.388s] INFO:colcon.colcon_core.executor:Executing jobs using 'parallel' executor
[0.389s] DEBUG:colcon.colcon_parallel_executor.executor.parallel:run_until_complete
[0.390s] INFO:colcon.colcon_ros.task.ament_cmake.build:Building ROS package in '/home/aaf/Software/Dev/robot/ros/brain' with build type 'ament_cmake'
[0.390s] INFO:colcon.colcon_cmake.task.cmake.build:Building CMake package in '/home/aaf/Software/Dev/robot/ros/brain'
[0.394s] INFO:colcon.colcon_core.plugin_system:Skipping extension 'colcon_core.shell.bat': Not used on non-Windows systems
[0.394s] INFO:colcon.colcon_core.shell:Skip shell extension 'powershell' for command environment: Not usable outside of PowerShell
[0.394s] DEBUG:colcon.colcon_core.shell:Skip shell extension 'dsv' for command environment
[0.397s] DEBUG:colcon.colcon_core.shell:Ignoring prefix path '/opt/ros/rolling'
[0.408s] DEBUG:colcon.colcon_core.event_handler.log_command:Invoking command in '/home/aaf/Software/Dev/robot/ros/brain/build/brain': CMAKE_PREFIX_PATH=${CMAKE_PREFIX_PATH}:/opt/ros/rolling /usr/bin/cmake --build /home/aaf/Software/Dev/robot/ros/brain/build/brain -- -j8 -l8
[0.866s] DEBUG:colcon.colcon_core.event_handler.log_command:Invoked command in '/home/aaf/Software/Dev/robot/ros/brain/build/brain' returned '0': CMAKE_PREFIX_PATH=${CMAKE_PREFIX_PATH}:/opt/ros/rolling /usr/bin/cmake --build /home/aaf/Software/Dev/robot/ros/brain/build/brain -- -j8 -l8
[0.965s] DEBUG:colcon.colcon_core.event_handler.log_command:Invoking command in '/home/aaf/Software/Dev/robot/ros/brain/build/brain': CMAKE_PREFIX_PATH=${CMAKE_PREFIX_PATH}:/opt/ros/rolling /usr/bin/cmake --install /home/aaf/Software/Dev/robot/ros/brain/build/brain
[1.034s] Level 1:colcon.colcon_core.environment:create_environment_scripts_only(brain)
[1.036s] DEBUG:colcon.colcon_core.event_handler.log_command:Invoked command in '/home/aaf/Software/Dev/robot/ros/brain/build/brain' returned '0': CMAKE_PREFIX_PATH=${CMAKE_PREFIX_PATH}:/opt/ros/rolling /usr/bin/cmake --install /home/aaf/Software/Dev/robot/ros/brain/build/brain
[1.039s] Level 1:colcon.colcon_core.environment:checking '/home/aaf/Software/Dev/robot/ros/brain/install/brain' for CMake module files
[1.040s] Level 1:colcon.colcon_core.environment:checking '/home/aaf/Software/Dev/robot/ros/brain/install/brain' for CMake config files
[1.040s] Level 1:colcon.colcon_core.shell:create_environment_hook('brain', 'cmake_prefix_path')
[1.040s] INFO:colcon.colcon_core.shell:Creating environment hook '/home/aaf/Software/Dev/robot/ros/brain/install/brain/share/brain/hook/cmake_prefix_path.ps1'
[1.041s] INFO:colcon.colcon_core.shell:Creating environment descriptor '/home/aaf/Software/Dev/robot/ros/brain/install/brain/share/brain/hook/cmake_prefix_path.dsv'
[1.042s] INFO:colcon.colcon_core.shell:Creating environment hook '/home/aaf/Software/Dev/robot/ros/brain/install/brain/share/brain/hook/cmake_prefix_path.sh'
[1.044s] Level 1:colcon.colcon_core.environment:checking '/home/aaf/Software/Dev/robot/ros/brain/install/brain/lib'
[1.044s] Level 1:colcon.colcon_core.shell:create_environment_hook('brain', 'ld_library_path_lib')
[1.045s] INFO:colcon.colcon_core.shell:Creating environment hook '/home/aaf/Software/Dev/robot/ros/brain/install/brain/share/brain/hook/ld_library_path_lib.ps1'
[1.046s] INFO:colcon.colcon_core.shell:Creating environment descriptor '/home/aaf/Software/Dev/robot/ros/brain/install/brain/share/brain/hook/ld_library_path_lib.dsv'
[1.046s] INFO:colcon.colcon_core.shell:Creating environment hook '/home/aaf/Software/Dev/robot/ros/brain/install/brain/share/brain/hook/ld_library_path_lib.sh'
[1.046s] Level 1:colcon.colcon_core.environment:checking '/home/aaf/Software/Dev/robot/ros/brain/install/brain/bin'
[1.046s] Level 1:colcon.colcon_core.environment:checking '/home/aaf/Software/Dev/robot/ros/brain/install/brain/lib/pkgconfig/brain.pc'
[1.047s] Level 1:colcon.colcon_core.environment:checking '/home/aaf/Software/Dev/robot/ros/brain/install/brain/lib/python3.8/site-packages'
[1.047s] Level 1:colcon.colcon_core.shell:create_environment_hook('brain', 'pythonpath')
[1.047s] INFO:colcon.colcon_core.shell:Creating environment hook '/home/aaf/Software/Dev/robot/ros/brain/install/brain/share/brain/hook/pythonpath.ps1'
[1.048s] INFO:colcon.colcon_core.shell:Creating environment descriptor '/home/aaf/Software/Dev/robot/ros/brain/install/brain/share/brain/hook/pythonpath.dsv'
[1.048s] INFO:colcon.colcon_core.shell:Creating environment hook '/home/aaf/Software/Dev/robot/ros/brain/install/brain/share/brain/hook/pythonpath.sh'
[1.049s] INFO:colcon.colcon_core.shell:Creating package script '/home/aaf/Software/Dev/robot/ros/brain/install/brain/share/brain/package.ps1'
[1.050s] INFO:colcon.colcon_core.shell:Creating package descriptor '/home/aaf/Software/Dev/robot/ros/brain/install/brain/share/brain/package.dsv'
[1.051s] INFO:colcon.colcon_core.shell:Creating package script '/home/aaf/Software/Dev/robot/ros/brain/install/brain/share/brain/package.sh'
[1.052s] INFO:colcon.colcon_core.shell:Creating package script '/home/aaf/Software/Dev/robot/ros/brain/install/brain/share/brain/package.bash'
[1.052s] INFO:colcon.colcon_core.shell:Creating package script '/home/aaf/Software/Dev/robot/ros/brain/install/brain/share/brain/package.zsh'
[1.053s] Level 1:colcon.colcon_core.environment:create_file_with_runtime_dependencies(/home/aaf/Software/Dev/robot/ros/brain/install/brain/share/colcon-core/packages/brain)
[1.126s] Level 1:colcon.colcon_core.environment:create_environment_scripts_only(brain)
[1.127s] Level 1:colcon.colcon_core.environment:checking '/home/aaf/Software/Dev/robot/ros/brain/install/brain' for CMake module files
[1.127s] Level 1:colcon.colcon_core.environment:checking '/home/aaf/Software/Dev/robot/ros/brain/install/brain' for CMake config files
[1.128s] Level 1:colcon.colcon_core.shell:create_environment_hook('brain', 'cmake_prefix_path')
[1.128s] INFO:colcon.colcon_core.shell:Creating environment hook '/home/aaf/Software/Dev/robot/ros/brain/install/brain/share/brain/hook/cmake_prefix_path.ps1'
[1.129s] INFO:colcon.colcon_core.shell:Creating environment descriptor '/home/aaf/Software/Dev/robot/ros/brain/install/brain/share/brain/hook/cmake_prefix_path.dsv'
[1.130s] INFO:colcon.colcon_core.shell:Creating environment hook '/home/aaf/Software/Dev/robot/ros/brain/install/brain/share/brain/hook/cmake_prefix_path.sh'
[1.130s] Level 1:colcon.colcon_core.environment:checking '/home/aaf/Software/Dev/robot/ros/brain/install/brain/lib'
[1.130s] Level 1:colcon.colcon_core.shell:create_environment_hook('brain', 'ld_library_path_lib')
[1.131s] INFO:colcon.colcon_core.shell:Creating environment hook '/home/aaf/Software/Dev/robot/ros/brain/install/brain/share/brain/hook/ld_library_path_lib.ps1'
[1.132s] INFO:colcon.colcon_core.shell:Creating environment descriptor '/home/aaf/Software/Dev/robot/ros/brain/install/brain/share/brain/hook/ld_library_path_lib.dsv'
[1.132s] INFO:colcon.colcon_core.shell:Creating environment hook '/home/aaf/Software/Dev/robot/ros/brain/install/brain/share/brain/hook/ld_library_path_lib.sh'
[1.132s] Level 1:colcon.colcon_core.environment:checking '/home/aaf/Software/Dev/robot/ros/brain/install/brain/bin'
[1.132s] Level 1:colcon.colcon_core.environment:checking '/home/aaf/Software/Dev/robot/ros/brain/install/brain/lib/pkgconfig/brain.pc'
[1.133s] Level 1:colcon.colcon_core.environment:checking '/home/aaf/Software/Dev/robot/ros/brain/install/brain/lib/python3.8/site-packages'
[1.133s] Level 1:colcon.colcon_core.shell:create_environment_hook('brain', 'pythonpath')
[1.133s] INFO:colcon.colcon_core.shell:Creating environment hook '/home/aaf/Software/Dev/robot/ros/brain/install/brain/share/brain/hook/pythonpath.ps1'
[1.134s] INFO:colcon.colcon_core.shell:Creating environment descriptor '/home/aaf/Software/Dev/robot/ros/brain/install/brain/share/brain/hook/pythonpath.dsv'
[1.134s] INFO:colcon.colcon_core.shell:Creating environment hook '/home/aaf/Software/Dev/robot/ros/brain/install/brain/share/brain/hook/pythonpath.sh'
[1.135s] INFO:colcon.colcon_core.shell:Creating package script '/home/aaf/Software/Dev/robot/ros/brain/install/brain/share/brain/package.ps1'
[1.136s] INFO:colcon.colcon_core.shell:Creating package descriptor '/home/aaf/Software/Dev/robot/ros/brain/install/brain/share/brain/package.dsv'
[1.136s] INFO:colcon.colcon_core.shell:Creating package script '/home/aaf/Software/Dev/robot/ros/brain/install/brain/share/brain/package.sh'
[1.137s] INFO:colcon.colcon_core.shell:Creating package script '/home/aaf/Software/Dev/robot/ros/brain/install/brain/share/brain/package.bash'
[1.137s] INFO:colcon.colcon_core.shell:Creating package script '/home/aaf/Software/Dev/robot/ros/brain/install/brain/share/brain/package.zsh'
[1.137s] Level 1:colcon.colcon_core.environment:create_file_with_runtime_dependencies(/home/aaf/Software/Dev/robot/ros/brain/install/brain/share/colcon-core/packages/brain)
[1.138s] DEBUG:colcon.colcon_parallel_executor.executor.parallel:closing loop
[1.138s] DEBUG:colcon.colcon_parallel_executor.executor.parallel:loop closed
[1.139s] DEBUG:colcon.colcon_parallel_executor.executor.parallel:run_until_complete finished with '0'
[1.139s] DEBUG:colcon.colcon_core.event_reactor:joining thread
[1.145s] INFO:colcon.colcon_core.plugin_system:Skipping extension 'colcon_notification.desktop_notification.terminal_notifier': Not used on non-Darwin systems
[1.145s] INFO:colcon.colcon_core.plugin_system:Skipping extension 'colcon_notification.desktop_notification.win32': Not used on non-Windows systems
[1.145s] INFO:colcon.colcon_notification.desktop_notification:Sending desktop notification using 'notify2'
[1.164s] DEBUG:colcon.colcon_core.event_reactor:joined thread
[1.165s] INFO:colcon.colcon_core.shell:Creating prefix script '/home/aaf/Software/Dev/robot/ros/brain/install/local_setup.ps1'
[1.166s] INFO:colcon.colcon_core.shell:Creating prefix util module '/home/aaf/Software/Dev/robot/ros/brain/install/_local_setup_util_ps1.py'
[1.168s] INFO:colcon.colcon_core.shell:Creating prefix chain script '/home/aaf/Software/Dev/robot/ros/brain/install/setup.ps1'
[1.171s] INFO:colcon.colcon_core.shell:Creating prefix script '/home/aaf/Software/Dev/robot/ros/brain/install/local_setup.sh'
[1.172s] INFO:colcon.colcon_core.shell:Creating prefix util module '/home/aaf/Software/Dev/robot/ros/brain/install/_local_setup_util_sh.py'
[1.173s] INFO:colcon.colcon_core.shell:Creating prefix chain script '/home/aaf/Software/Dev/robot/ros/brain/install/setup.sh'
[1.175s] INFO:colcon.colcon_core.shell:Creating prefix script '/home/aaf/Software/Dev/robot/ros/brain/install/local_setup.bash'
[1.176s] INFO:colcon.colcon_core.shell:Creating prefix chain script '/home/aaf/Software/Dev/robot/ros/brain/install/setup.bash'
[1.178s] INFO:colcon.colcon_core.shell:Creating prefix script '/home/aaf/Software/Dev/robot/ros/brain/install/local_setup.zsh'
[1.179s] INFO:colcon.colcon_core.shell:Creating prefix chain script '/home/aaf/Software/Dev/robot/ros/brain/install/setup.zsh'
