[0.013s] Invoking command in '/home/aaf/Software/Dev/robot/ros/tutorial_interfaces/build/tutorial_interfaces': CMAKE_PREFIX_PATH=/home/aaf/Software/Dev/robot/ros/install/py_pubsub:/home/aaf/Software/Dev/robot/ros/install/my_robot_tutorials:/opt/ros/rolling:${CMAKE_PREFIX_PATH} /usr/bin/cmake /home/aaf/Software/Dev/robot/ros/tutorial_interfaces -DCMAKE_INSTALL_PREFIX=/home/aaf/Software/Dev/robot/ros/tutorial_interfaces/install/tutorial_interfaces
[0.266s] -- The C compiler identification is GNU 9.3.0
[0.439s] -- The CXX compiler identification is GNU 9.3.0
[0.447s] -- Check for working C compiler: /usr/bin/cc
[0.520s] -- Check for working C compiler: /usr/bin/cc -- works
[0.521s] -- Detecting C compiler ABI info
[0.594s] -- Detecting C compiler ABI info - done
[0.607s] -- Detecting C compile features
[0.607s] -- Detecting C compile features - done
[0.611s] -- Check for working CXX compiler: /usr/bin/c++
[0.694s] -- Check for working CXX compiler: /usr/bin/c++ -- works
[0.695s] -- Detecting CXX compiler ABI info
[0.778s] -- Detecting CXX compiler ABI info - done
[0.791s] -- Detecting CXX compile features
[0.791s] -- Detecting CXX compile features - done
[0.799s] -- Found ament_cmake: 1.1.4 (/opt/ros/rolling/share/ament_cmake/cmake)
[0.827s] -- Found PythonInterp: /usr/bin/python3 (found suitable version "3.8.10", minimum required is "3") 
[0.827s] -- Using PYTHON_EXECUTABLE: /usr/bin/python3
[0.922s] -- Found ament_lint_auto: 0.11.2 (/opt/ros/rolling/share/ament_lint_auto/cmake)
[1.014s] -- Added test 'copyright' to check source files copyright and LICENSE
[1.020s] -- Added test 'cppcheck' to perform static code analysis on C / C++ code
[1.020s] -- Configured cppcheck include dirs: 
[1.020s] -- Configured cppcheck exclude dirs and/or files: 
[1.024s] -- Added test 'cpplint' to check C / C++ code against the Google style
[1.024s] -- Configured cpplint exclude dirs and/or files: 
[1.027s] -- Added test 'lint_cmake' to check CMake code style
[1.032s] -- Added test 'uncrustify' to check C / C++ code style
[1.032s] -- Configured uncrustify additional arguments: 
[1.033s] -- Added test 'xmllint' to check XML markup files
[1.037s] -- Found rosidl_default_generators: 1.1.1 (/opt/ros/rolling/share/rosidl_default_generators/cmake)
[1.040s] -- Using all available rosidl_typesupport_c: rosidl_typesupport_fastrtps_c;rosidl_typesupport_introspection_c
[1.048s] -- Found rosidl_adapter: 2.4.0 (/opt/ros/rolling/share/rosidl_adapter/cmake)
[1.166s] -- Found OpenSSL: /usr/lib/x86_64-linux-gnu/libcrypto.so (found version "1.1.1f")  
[1.199s] -- Found FastRTPS: /opt/ros/rolling/include  
[1.285s] -- Using all available rosidl_typesupport_cpp: rosidl_typesupport_fastrtps_cpp;rosidl_typesupport_introspection_cpp
[1.311s] CMake Error at /opt/ros/rolling/share/rosidl_cmake/cmake/rosidl_generate_interfaces.cmake:64 (message):
[1.312s]   rosidl_generate_interfaces() must be called before ament_package()
[1.312s] Call Stack (most recent call first):
[1.312s]   CMakeLists.txt:29 (rosidl_generate_interfaces)
[1.312s] 
[1.312s] 
[1.313s] -- Configuring incomplete, errors occurred!
[1.313s] See also "/home/aaf/Software/Dev/robot/ros/tutorial_interfaces/build/tutorial_interfaces/CMakeFiles/CMakeOutput.log".
[1.319s] Invoked command in '/home/aaf/Software/Dev/robot/ros/tutorial_interfaces/build/tutorial_interfaces' returned '1': CMAKE_PREFIX_PATH=/home/aaf/Software/Dev/robot/ros/install/py_pubsub:/home/aaf/Software/Dev/robot/ros/install/my_robot_tutorials:/opt/ros/rolling:${CMAKE_PREFIX_PATH} /usr/bin/cmake /home/aaf/Software/Dev/robot/ros/tutorial_interfaces -DCMAKE_INSTALL_PREFIX=/home/aaf/Software/Dev/robot/ros/tutorial_interfaces/install/tutorial_interfaces
