running egg_info
creating build/basic_loop/basic_loop.egg-info
writing build/basic_loop/basic_loop.egg-info/PKG-INFO
writing dependency_links to build/basic_loop/basic_loop.egg-info/dependency_links.txt
writing entry points to build/basic_loop/basic_loop.egg-info/entry_points.txt
writing requirements to build/basic_loop/basic_loop.egg-info/requires.txt
writing top-level names to build/basic_loop/basic_loop.egg-info/top_level.txt
writing manifest file 'build/basic_loop/basic_loop.egg-info/SOURCES.txt'
reading manifest file 'build/basic_loop/basic_loop.egg-info/SOURCES.txt'
writing manifest file 'build/basic_loop/basic_loop.egg-info/SOURCES.txt'
running build
running build_py
creating /home/aaf/Software/Dev/robot/ros/basic_loop/build/basic_loop/build
creating /home/aaf/Software/Dev/robot/ros/basic_loop/build/basic_loop/build/lib
creating /home/aaf/Software/Dev/robot/ros/basic_loop/build/basic_loop/build/lib/basic_loop
copying basic_loop/my_python_node.py -> /home/aaf/Software/Dev/robot/ros/basic_loop/build/basic_loop/build/lib/basic_loop
copying basic_loop/__init__.py -> /home/aaf/Software/Dev/robot/ros/basic_loop/build/basic_loop/build/lib/basic_loop
running install
running install_lib
creating /home/aaf/Software/Dev/robot/ros/basic_loop/install/basic_loop/lib/python3.8/site-packages/basic_loop
copying /home/aaf/Software/Dev/robot/ros/basic_loop/build/basic_loop/build/lib/basic_loop/my_python_node.py -> /home/aaf/Software/Dev/robot/ros/basic_loop/install/basic_loop/lib/python3.8/site-packages/basic_loop
copying /home/aaf/Software/Dev/robot/ros/basic_loop/build/basic_loop/build/lib/basic_loop/__init__.py -> /home/aaf/Software/Dev/robot/ros/basic_loop/install/basic_loop/lib/python3.8/site-packages/basic_loop
byte-compiling /home/aaf/Software/Dev/robot/ros/basic_loop/install/basic_loop/lib/python3.8/site-packages/basic_loop/my_python_node.py to my_python_node.cpython-38.pyc
byte-compiling /home/aaf/Software/Dev/robot/ros/basic_loop/install/basic_loop/lib/python3.8/site-packages/basic_loop/__init__.py to __init__.cpython-38.pyc
running install_data
creating /home/aaf/Software/Dev/robot/ros/basic_loop/install/basic_loop/share/ament_index
creating /home/aaf/Software/Dev/robot/ros/basic_loop/install/basic_loop/share/ament_index/resource_index
creating /home/aaf/Software/Dev/robot/ros/basic_loop/install/basic_loop/share/ament_index/resource_index/packages
error: can't copy 'resource/basic_loop': doesn't exist or not a regular file
