[0.392s] Invoking command in '/home/aaf/Software/Dev/robot/ros/basic_loop': PYTHONPATH=/home/aaf/Software/Dev/robot/ros/basic_loop/install/basic_loop/lib/python3.8/site-packages:${PYTHONPATH} /usr/bin/python3 setup.py egg_info --egg-base build/basic_loop build --build-base /home/aaf/Software/Dev/robot/ros/basic_loop/build/basic_loop/build install --prefix /home/aaf/Software/Dev/robot/ros/basic_loop/install/basic_loop --record /home/aaf/Software/Dev/robot/ros/basic_loop/build/basic_loop/install.log --single-version-externally-managed
[0.755s] running egg_info
[0.756s] creating build/basic_loop/basic_loop.egg-info
[0.756s] writing build/basic_loop/basic_loop.egg-info/PKG-INFO
[0.757s] writing dependency_links to build/basic_loop/basic_loop.egg-info/dependency_links.txt
[0.757s] writing entry points to build/basic_loop/basic_loop.egg-info/entry_points.txt
[0.757s] writing requirements to build/basic_loop/basic_loop.egg-info/requires.txt
[0.757s] writing top-level names to build/basic_loop/basic_loop.egg-info/top_level.txt
[0.759s] writing manifest file 'build/basic_loop/basic_loop.egg-info/SOURCES.txt'
[0.797s] reading manifest file 'build/basic_loop/basic_loop.egg-info/SOURCES.txt'
[0.799s] writing manifest file 'build/basic_loop/basic_loop.egg-info/SOURCES.txt'
[0.799s] running build
[0.799s] running build_py
[0.800s] creating /home/aaf/Software/Dev/robot/ros/basic_loop/build/basic_loop/build
[0.800s] creating /home/aaf/Software/Dev/robot/ros/basic_loop/build/basic_loop/build/lib
[0.800s] creating /home/aaf/Software/Dev/robot/ros/basic_loop/build/basic_loop/build/lib/basic_loop
[0.800s] copying basic_loop/my_python_node.py -> /home/aaf/Software/Dev/robot/ros/basic_loop/build/basic_loop/build/lib/basic_loop
[0.800s] copying basic_loop/__init__.py -> /home/aaf/Software/Dev/robot/ros/basic_loop/build/basic_loop/build/lib/basic_loop
[0.800s] running install
[0.801s] running install_lib
[0.802s] creating /home/aaf/Software/Dev/robot/ros/basic_loop/install/basic_loop/lib/python3.8/site-packages/basic_loop
[0.803s] copying /home/aaf/Software/Dev/robot/ros/basic_loop/build/basic_loop/build/lib/basic_loop/my_python_node.py -> /home/aaf/Software/Dev/robot/ros/basic_loop/install/basic_loop/lib/python3.8/site-packages/basic_loop
[0.803s] copying /home/aaf/Software/Dev/robot/ros/basic_loop/build/basic_loop/build/lib/basic_loop/__init__.py -> /home/aaf/Software/Dev/robot/ros/basic_loop/install/basic_loop/lib/python3.8/site-packages/basic_loop
[0.803s] byte-compiling /home/aaf/Software/Dev/robot/ros/basic_loop/install/basic_loop/lib/python3.8/site-packages/basic_loop/my_python_node.py to my_python_node.cpython-38.pyc
[0.805s] byte-compiling /home/aaf/Software/Dev/robot/ros/basic_loop/install/basic_loop/lib/python3.8/site-packages/basic_loop/__init__.py to __init__.cpython-38.pyc
[0.805s] running install_data
[0.807s] creating /home/aaf/Software/Dev/robot/ros/basic_loop/install/basic_loop/share/ament_index
[0.807s] creating /home/aaf/Software/Dev/robot/ros/basic_loop/install/basic_loop/share/ament_index/resource_index
[0.807s] creating /home/aaf/Software/Dev/robot/ros/basic_loop/install/basic_loop/share/ament_index/resource_index/packages
[0.807s] error: can't copy 'resource/basic_loop': doesn't exist or not a regular file
[0.833s] Invoked command in '/home/aaf/Software/Dev/robot/ros/basic_loop' returned '1': PYTHONPATH=/home/aaf/Software/Dev/robot/ros/basic_loop/install/basic_loop/lib/python3.8/site-packages:${PYTHONPATH} /usr/bin/python3 setup.py egg_info --egg-base build/basic_loop build --build-base /home/aaf/Software/Dev/robot/ros/basic_loop/build/basic_loop/build install --prefix /home/aaf/Software/Dev/robot/ros/basic_loop/install/basic_loop --record /home/aaf/Software/Dev/robot/ros/basic_loop/build/basic_loop/install.log --single-version-externally-managed
