-- The C compiler identification is GNU 9.3.0
-- The CXX compiler identification is GNU 9.3.0
-- Check for working C compiler: /usr/bin/cc
-- Check for working C compiler: /usr/bin/cc -- works
-- Detecting C compiler ABI info
-- Detecting C compiler ABI info - done
-- Detecting C compile features
-- Detecting C compile features - done
-- Check for working CXX compiler: /usr/bin/c++
-- Check for working CXX compiler: /usr/bin/c++ -- works
-- Detecting CXX compiler ABI info
-- Detecting CXX compiler ABI info - done
-- Detecting CXX compile features
-- Detecting CXX compile features - done
-- Found ament_cmake: 1.1.4 (/opt/ros/rolling/share/ament_cmake/cmake)
-- Found PythonInterp: /usr/bin/python3 (found suitable version "3.8.10", minimum required is "3") 
-- Using PYTHON_EXECUTABLE: /usr/bin/python3
-- Found rclcpp: 12.0.0 (/opt/ros/rolling/share/rclcpp/cmake)
-- Using all available rosidl_typesupport_c: rosidl_typesupport_fastrtps_c;rosidl_typesupport_introspection_c
-- Found rosidl_adapter: 2.5.0 (/opt/ros/rolling/share/rosidl_adapter/cmake)
-- Using all available rosidl_typesupport_cpp: rosidl_typesupport_fastrtps_cpp;rosidl_typesupport_introspection_cpp
-- Found rmw_implementation_cmake: 4.0.0 (/opt/ros/rolling/share/rmw_implementation_cmake/cmake)
-- Found rmw_cyclonedds_cpp: 0.23.1 (/opt/ros/rolling/share/rmw_cyclonedds_cpp/cmake)
-- Using RMW implementation 'rmw_cyclonedds_cpp' as default
-- Looking for pthread.h
-- Looking for pthread.h - found
-- Performing Test CMAKE_HAVE_LIBC_PTHREAD
-- Performing Test CMAKE_HAVE_LIBC_PTHREAD - Failed
-- Looking for pthread_create in pthreads
-- Looking for pthread_create in pthreads - not found
-- Looking for pthread_create in pthread
-- Looking for pthread_create in pthread - found
-- Found Threads: TRUE  
-- Found rclpy: 3.0.1 (/opt/ros/rolling/share/rclpy/cmake)
-- Found rosidl_default_generators: 1.1.1 (/opt/ros/rolling/share/rosidl_default_generators/cmake)
-- Found PythonInterp: /usr/bin/python3 (found version "3.8.10") 
-- Found ament_cmake_ros: 0.9.2 (/opt/ros/rolling/share/ament_cmake_ros/cmake)
-- Using all available rosidl_typesupport_c: rosidl_typesupport_fastrtps_c;rosidl_typesupport_introspection_c
-- Using all available rosidl_typesupport_cpp: rosidl_typesupport_fastrtps_cpp;rosidl_typesupport_introspection_cpp
-- Found PythonInterp: /usr/bin/python3 (found suitable version "3.8.10", minimum required is "3.5") 
-- Found python_cmake_module: 0.8.1 (/opt/ros/rolling/share/python_cmake_module/cmake)
-- Found PythonLibs: /usr/lib/x86_64-linux-gnu/libpython3.8.so (found suitable version "3.8.10", minimum required is "3.5") 
-- Using PYTHON_EXECUTABLE: /usr/bin/python3
-- Using PYTHON_INCLUDE_DIRS: /usr/include/python3.8
-- Using PYTHON_LIBRARIES: /usr/lib/x86_64-linux-gnu/libpython3.8.so
-- Found PythonExtra: .so  
-- Configuring done
-- Generating done
-- Build files have been written to: /home/aaf/Software/Dev/robot/brain/build/brain
[35m[1mScanning dependencies of target ament_cmake_python_symlink_brain[0m
[35m[1mScanning dependencies of target brain_boot[0m
[35m[1mScanning dependencies of target brain__cpp[0m
[  2%] [34m[1mGenerating C code for ROS interfaces[0m
[  4%] [34m[1mGenerating C++ code for ROS interfaces[0m
[  4%] Built target ament_cmake_python_symlink_brain
[35m[1mScanning dependencies of target ament_cmake_python_build_brain_egg[0m
[  7%] [32mBuilding CXX object CMakeFiles/brain_boot.dir/src/brain_boot.cpp.o[0m
running egg_info
creating brain.egg-info
writing brain.egg-info/PKG-INFO
writing dependency_links to brain.egg-info/dependency_links.txt
writing top-level names to brain.egg-info/top_level.txt
writing manifest file 'brain.egg-info/SOURCES.txt'
reading manifest file 'brain.egg-info/SOURCES.txt'
writing manifest file 'brain.egg-info/SOURCES.txt'
[  7%] Built target ament_cmake_python_build_brain_egg
[35m[1mScanning dependencies of target brain__rosidl_generator_c[0m
[ 12%] [32mBuilding C object CMakeFiles/brain__rosidl_generator_c.dir/rosidl_generator_c/brain/action/detail/led21_on__functions.c.o[0m
[ 12%] [32mBuilding C object CMakeFiles/brain__rosidl_generator_c.dir/rosidl_generator_c/brain/action/detail/led21_off__functions.c.o[0m
[ 12%] Built target brain__cpp
[ 14%] [34m[1mGenerating C++ type support dispatch for ROS interfaces[0m
[ 19%] [34m[1mGenerating C++ type support for eProsima Fast-RTPS[0m
[ 19%] [34m[1mGenerating C++ introspection for ROS interfaces[0m
[ 21%] [32m[1mLinking C shared library libbrain__rosidl_generator_c.so[0m
[ 21%] Built target brain__rosidl_generator_c
[ 24%] [34m[1mGenerating C introspection for ROS interfaces[0m
[ 26%] [34m[1mGenerating C type support dispatch for ROS interfaces[0m
[35m[1mScanning dependencies of target brain__rosidl_typesupport_cpp[0m
[ 29%] [32mBuilding CXX object CMakeFiles/brain__rosidl_typesupport_cpp.dir/rosidl_typesupport_cpp/brain/action/led21_on__type_support.cpp.o[0m
[ 31%] [32mBuilding CXX object CMakeFiles/brain__rosidl_typesupport_cpp.dir/rosidl_typesupport_cpp/brain/action/led21_off__type_support.cpp.o[0m
[35m[1mScanning dependencies of target brain__rosidl_typesupport_c[0m
[ 34%] [32mBuilding CXX object CMakeFiles/brain__rosidl_typesupport_c.dir/rosidl_typesupport_c/brain/action/led21_off__type_support.cpp.o[0m
[ 36%] [32mBuilding CXX object CMakeFiles/brain__rosidl_typesupport_c.dir/rosidl_typesupport_c/brain/action/led21_on__type_support.cpp.o[0m
[ 39%] [32m[1mLinking CXX shared library libbrain__rosidl_typesupport_c.so[0m
[35m[1mScanning dependencies of target brain__rosidl_typesupport_introspection_cpp[0m
[35m[1mScanning dependencies of target brain__rosidl_typesupport_introspection_c[0m
[ 41%] [32mBuilding CXX object CMakeFiles/brain__rosidl_typesupport_introspection_cpp.dir/rosidl_typesupport_introspection_cpp/brain/action/detail/led21_on__type_support.cpp.o[0m
[ 43%] [32mBuilding C object CMakeFiles/brain__rosidl_typesupport_introspection_c.dir/rosidl_typesupport_introspection_c/brain/action/detail/led21_on__type_support.c.o[0m
[ 46%] [32mBuilding CXX object CMakeFiles/brain__rosidl_typesupport_introspection_cpp.dir/rosidl_typesupport_introspection_cpp/brain/action/detail/led21_off__type_support.cpp.o[0m
[ 46%] Built target brain__rosidl_typesupport_c
[ 48%] [32mBuilding C object CMakeFiles/brain__rosidl_typesupport_introspection_c.dir/rosidl_typesupport_introspection_c/brain/action/detail/led21_off__type_support.c.o[0m
[ 51%] [32m[1mLinking C shared library libbrain__rosidl_typesupport_introspection_c.so[0m
[35m[1mScanning dependencies of target brain__rosidl_typesupport_fastrtps_cpp[0m
[ 51%] Built target brain__rosidl_typesupport_introspection_c
[ 53%] [32mBuilding CXX object CMakeFiles/brain__rosidl_typesupport_fastrtps_cpp.dir/rosidl_typesupport_fastrtps_cpp/brain/action/detail/dds_fastrtps/led21_on__type_support.cpp.o[0m
[ 56%] [32mBuilding CXX object CMakeFiles/brain__rosidl_typesupport_fastrtps_cpp.dir/rosidl_typesupport_fastrtps_cpp/brain/action/detail/dds_fastrtps/led21_off__type_support.cpp.o[0m
[ 58%] [32m[1mLinking CXX shared library libbrain__rosidl_typesupport_cpp.so[0m
[ 58%] Built target brain__rosidl_typesupport_cpp
[ 60%] [32m[1mLinking CXX shared library libbrain__rosidl_typesupport_introspection_cpp.so[0m
[ 60%] Built target brain__rosidl_typesupport_introspection_cpp
[ 63%] [32m[1mLinking CXX shared library libbrain__rosidl_typesupport_fastrtps_cpp.so[0m
[ 63%] Built target brain__rosidl_typesupport_fastrtps_cpp
[ 65%] [34m[1mGenerating C type support for eProsima Fast-RTPS[0m
[35m[1mScanning dependencies of target brain__rosidl_typesupport_fastrtps_c[0m
[ 68%] [32mBuilding CXX object CMakeFiles/brain__rosidl_typesupport_fastrtps_c.dir/rosidl_typesupport_fastrtps_c/brain/action/detail/led21_on__type_support_c.cpp.o[0m
[ 70%] [32mBuilding CXX object CMakeFiles/brain__rosidl_typesupport_fastrtps_c.dir/rosidl_typesupport_fastrtps_c/brain/action/detail/led21_off__type_support_c.cpp.o[0m
[ 73%] [32m[1mLinking CXX executable brain_boot[0m
[ 75%] [32m[1mLinking CXX shared library libbrain__rosidl_typesupport_fastrtps_c.so[0m
[ 75%] Built target brain_boot
[ 75%] Built target brain__rosidl_typesupport_fastrtps_c
[35m[1mScanning dependencies of target brain[0m
[ 75%] Built target brain
[35m[1mScanning dependencies of target brain__py[0m
[ 78%] [34m[1mGenerating Python code for ROS interfaces[0m
[ 78%] Built target brain__py
[35m[1mScanning dependencies of target brain__python[0m
[ 80%] [32mBuilding C object CMakeFiles/brain__python.dir/rosidl_generator_py/brain/action/_led21_off_s.c.o[0m
[ 82%] [32mBuilding C object CMakeFiles/brain__python.dir/rosidl_generator_py/brain/action/_led21_on_s.c.o[0m
[ 85%] [32m[1mLinking C shared library rosidl_generator_py/brain/libbrain__python.so[0m
[ 85%] Built target brain__python
[35m[1mScanning dependencies of target brain__rosidl_typesupport_c__pyext[0m
[35m[1mScanning dependencies of target brain__rosidl_typesupport_introspection_c__pyext[0m
[35m[1mScanning dependencies of target brain__rosidl_typesupport_fastrtps_c__pyext[0m
[ 90%] [32mBuilding C object CMakeFiles/brain__rosidl_typesupport_introspection_c__pyext.dir/rosidl_generator_py/brain/_brain_s.ep.rosidl_typesupport_introspection_c.c.o[0m
[ 90%] [32mBuilding C object CMakeFiles/brain__rosidl_typesupport_c__pyext.dir/rosidl_generator_py/brain/_brain_s.ep.rosidl_typesupport_c.c.o[0m
[ 92%] [32mBuilding C object CMakeFiles/brain__rosidl_typesupport_fastrtps_c__pyext.dir/rosidl_generator_py/brain/_brain_s.ep.rosidl_typesupport_fastrtps_c.c.o[0m
[ 97%] [32m[1mLinking C shared library rosidl_generator_py/brain/brain_s__rosidl_typesupport_c.cpython-38-x86_64-linux-gnu.so[0m
[ 97%] [32m[1mLinking C shared library rosidl_generator_py/brain/brain_s__rosidl_typesupport_introspection_c.cpython-38-x86_64-linux-gnu.so[0m
[100%] [32m[1mLinking C shared library rosidl_generator_py/brain/brain_s__rosidl_typesupport_fastrtps_c.cpython-38-x86_64-linux-gnu.so[0m
[100%] Built target brain__rosidl_typesupport_introspection_c__pyext
[100%] Built target brain__rosidl_typesupport_c__pyext
[100%] Built target brain__rosidl_typesupport_fastrtps_c__pyext
-- Install configuration: ""
-- Installing: /home/aaf/Software/Dev/robot/brain/install/brain/lib/brain/brain_boot
-- Set runtime path of "/home/aaf/Software/Dev/robot/brain/install/brain/lib/brain/brain_boot" to ""
-- Installing: /home/aaf/Software/Dev/robot/brain/install/brain/lib/brain/main_brain.py
-- Installing: /home/aaf/Software/Dev/robot/brain/install/brain/lib/brain/fake_rpi.py
-- Installing: /home/aaf/Software/Dev/robot/brain/install/brain/lib/brain/led21on_action_server.py
-- Installing: /home/aaf/Software/Dev/robot/brain/install/brain/lib/brain/led21off_action_server.py
-- Installing: /home/aaf/Software/Dev/robot/brain/install/brain/share/ament_index/resource_index/rosidl_interfaces/brain
-- Installing: /home/aaf/Software/Dev/robot/brain/install/brain/include/brain
-- Installing: /home/aaf/Software/Dev/robot/brain/install/brain/include/brain/action
-- Installing: /home/aaf/Software/Dev/robot/brain/install/brain/include/brain/action/led21_off.h
-- Installing: /home/aaf/Software/Dev/robot/brain/install/brain/include/brain/action/led21_on.h
-- Installing: /home/aaf/Software/Dev/robot/brain/install/brain/include/brain/action/detail
-- Installing: /home/aaf/Software/Dev/robot/brain/install/brain/include/brain/action/detail/led21_off__type_support.h
-- Installing: /home/aaf/Software/Dev/robot/brain/install/brain/include/brain/action/detail/led21_on__type_support.h
-- Installing: /home/aaf/Software/Dev/robot/brain/install/brain/include/brain/action/detail/led21_on__functions.h
-- Installing: /home/aaf/Software/Dev/robot/brain/install/brain/include/brain/action/detail/led21_on__struct.h
-- Installing: /home/aaf/Software/Dev/robot/brain/install/brain/include/brain/action/detail/led21_off__functions.c
-- Installing: /home/aaf/Software/Dev/robot/brain/install/brain/include/brain/action/detail/led21_on__functions.c
-- Installing: /home/aaf/Software/Dev/robot/brain/install/brain/include/brain/action/detail/led21_off__struct.h
-- Installing: /home/aaf/Software/Dev/robot/brain/install/brain/include/brain/action/detail/led21_off__functions.h
-- Installing: /home/aaf/Software/Dev/robot/brain/install/brain/include/brain/msg
-- Installing: /home/aaf/Software/Dev/robot/brain/install/brain/include/brain/msg/rosidl_generator_c__visibility_control.h
-- Installing: /home/aaf/Software/Dev/robot/brain/install/brain/share/brain/environment/library_path.sh
-- Installing: /home/aaf/Software/Dev/robot/brain/install/brain/share/brain/environment/library_path.dsv
-- Installing: /home/aaf/Software/Dev/robot/brain/install/brain/lib/libbrain__rosidl_generator_c.so
-- Set runtime path of "/home/aaf/Software/Dev/robot/brain/install/brain/lib/libbrain__rosidl_generator_c.so" to ""
-- Up-to-date: /home/aaf/Software/Dev/robot/brain/install/brain/include/brain
-- Up-to-date: /home/aaf/Software/Dev/robot/brain/install/brain/include/brain/action
-- Up-to-date: /home/aaf/Software/Dev/robot/brain/install/brain/include/brain/action/detail
-- Installing: /home/aaf/Software/Dev/robot/brain/install/brain/include/brain/action/detail/led21_on__rosidl_typesupport_fastrtps_c.h
-- Installing: /home/aaf/Software/Dev/robot/brain/install/brain/include/brain/action/detail/led21_off__rosidl_typesupport_fastrtps_c.h
-- Up-to-date: /home/aaf/Software/Dev/robot/brain/install/brain/include/brain/msg
-- Installing: /home/aaf/Software/Dev/robot/brain/install/brain/include/brain/msg/rosidl_typesupport_fastrtps_c__visibility_control.h
-- Installing: /home/aaf/Software/Dev/robot/brain/install/brain/lib/libbrain__rosidl_typesupport_fastrtps_c.so
-- Set runtime path of "/home/aaf/Software/Dev/robot/brain/install/brain/lib/libbrain__rosidl_typesupport_fastrtps_c.so" to ""
-- Up-to-date: /home/aaf/Software/Dev/robot/brain/install/brain/include/brain
-- Up-to-date: /home/aaf/Software/Dev/robot/brain/install/brain/include/brain/action
-- Up-to-date: /home/aaf/Software/Dev/robot/brain/install/brain/include/brain/action/detail
-- Installing: /home/aaf/Software/Dev/robot/brain/install/brain/include/brain/action/detail/led21_on__rosidl_typesupport_fastrtps_cpp.hpp
-- Installing: /home/aaf/Software/Dev/robot/brain/install/brain/include/brain/action/detail/dds_fastrtps
-- Installing: /home/aaf/Software/Dev/robot/brain/install/brain/include/brain/action/detail/led21_off__rosidl_typesupport_fastrtps_cpp.hpp
-- Up-to-date: /home/aaf/Software/Dev/robot/brain/install/brain/include/brain/msg
-- Installing: /home/aaf/Software/Dev/robot/brain/install/brain/include/brain/msg/rosidl_typesupport_fastrtps_cpp__visibility_control.h
-- Installing: /home/aaf/Software/Dev/robot/brain/install/brain/lib/libbrain__rosidl_typesupport_fastrtps_cpp.so
-- Set runtime path of "/home/aaf/Software/Dev/robot/brain/install/brain/lib/libbrain__rosidl_typesupport_fastrtps_cpp.so" to ""
-- Up-to-date: /home/aaf/Software/Dev/robot/brain/install/brain/include/brain
-- Up-to-date: /home/aaf/Software/Dev/robot/brain/install/brain/include/brain/action
-- Up-to-date: /home/aaf/Software/Dev/robot/brain/install/brain/include/brain/action/detail
-- Installing: /home/aaf/Software/Dev/robot/brain/install/brain/include/brain/action/detail/led21_on__rosidl_typesupport_introspection_c.h
-- Installing: /home/aaf/Software/Dev/robot/brain/install/brain/include/brain/action/detail/led21_off__rosidl_typesupport_introspection_c.h
-- Installing: /home/aaf/Software/Dev/robot/brain/install/brain/include/brain/action/detail/led21_on__type_support.c
-- Installing: /home/aaf/Software/Dev/robot/brain/install/brain/include/brain/action/detail/led21_off__type_support.c
-- Up-to-date: /home/aaf/Software/Dev/robot/brain/install/brain/include/brain/msg
-- Installing: /home/aaf/Software/Dev/robot/brain/install/brain/include/brain/msg/rosidl_typesupport_introspection_c__visibility_control.h
-- Installing: /home/aaf/Software/Dev/robot/brain/install/brain/lib/libbrain__rosidl_typesupport_introspection_c.so
-- Set runtime path of "/home/aaf/Software/Dev/robot/brain/install/brain/lib/libbrain__rosidl_typesupport_introspection_c.so" to ""
-- Installing: /home/aaf/Software/Dev/robot/brain/install/brain/lib/libbrain__rosidl_typesupport_c.so
-- Set runtime path of "/home/aaf/Software/Dev/robot/brain/install/brain/lib/libbrain__rosidl_typesupport_c.so" to ""
-- Up-to-date: /home/aaf/Software/Dev/robot/brain/install/brain/include/brain
-- Up-to-date: /home/aaf/Software/Dev/robot/brain/install/brain/include/brain/action
-- Up-to-date: /home/aaf/Software/Dev/robot/brain/install/brain/include/brain/action/detail
-- Installing: /home/aaf/Software/Dev/robot/brain/install/brain/include/brain/action/detail/led21_on__struct.hpp
-- Installing: /home/aaf/Software/Dev/robot/brain/install/brain/include/brain/action/detail/led21_off__traits.hpp
-- Installing: /home/aaf/Software/Dev/robot/brain/install/brain/include/brain/action/detail/led21_off__struct.hpp
-- Installing: /home/aaf/Software/Dev/robot/brain/install/brain/include/brain/action/detail/led21_on__builder.hpp
-- Installing: /home/aaf/Software/Dev/robot/brain/install/brain/include/brain/action/detail/led21_off__builder.hpp
-- Installing: /home/aaf/Software/Dev/robot/brain/install/brain/include/brain/action/detail/led21_on__traits.hpp
-- Installing: /home/aaf/Software/Dev/robot/brain/install/brain/include/brain/action/led21_off.hpp
-- Installing: /home/aaf/Software/Dev/robot/brain/install/brain/include/brain/action/led21_on.hpp
-- Up-to-date: /home/aaf/Software/Dev/robot/brain/install/brain/include/brain
-- Up-to-date: /home/aaf/Software/Dev/robot/brain/install/brain/include/brain/action
-- Up-to-date: /home/aaf/Software/Dev/robot/brain/install/brain/include/brain/action/detail
-- Installing: /home/aaf/Software/Dev/robot/brain/install/brain/include/brain/action/detail/led21_on__rosidl_typesupport_introspection_cpp.hpp
-- Installing: /home/aaf/Software/Dev/robot/brain/install/brain/include/brain/action/detail/led21_off__rosidl_typesupport_introspection_cpp.hpp
-- Installing: /home/aaf/Software/Dev/robot/brain/install/brain/include/brain/action/detail/led21_off__type_support.cpp
-- Installing: /home/aaf/Software/Dev/robot/brain/install/brain/include/brain/action/detail/led21_on__type_support.cpp
-- Installing: /home/aaf/Software/Dev/robot/brain/install/brain/lib/libbrain__rosidl_typesupport_introspection_cpp.so
-- Set runtime path of "/home/aaf/Software/Dev/robot/brain/install/brain/lib/libbrain__rosidl_typesupport_introspection_cpp.so" to ""
-- Installing: /home/aaf/Software/Dev/robot/brain/install/brain/lib/libbrain__rosidl_typesupport_cpp.so
-- Set runtime path of "/home/aaf/Software/Dev/robot/brain/install/brain/lib/libbrain__rosidl_typesupport_cpp.so" to ""
-- Installing: /home/aaf/Software/Dev/robot/brain/install/brain/share/brain/environment/pythonpath.sh
-- Installing: /home/aaf/Software/Dev/robot/brain/install/brain/share/brain/environment/pythonpath.dsv
-- Installing: /home/aaf/Software/Dev/robot/brain/install/brain/lib/python3.8/site-packages//brain.egg-info
-- Installing: /home/aaf/Software/Dev/robot/brain/install/brain/lib/python3.8/site-packages//brain.egg-info/PKG-INFO
-- Installing: /home/aaf/Software/Dev/robot/brain/install/brain/lib/python3.8/site-packages//brain.egg-info/SOURCES.txt
-- Installing: /home/aaf/Software/Dev/robot/brain/install/brain/lib/python3.8/site-packages//brain.egg-info/top_level.txt
-- Installing: /home/aaf/Software/Dev/robot/brain/install/brain/lib/python3.8/site-packages//brain.egg-info/dependency_links.txt
-- Installing: /home/aaf/Software/Dev/robot/brain/install/brain/lib/python3.8/site-packages/brain
-- Installing: /home/aaf/Software/Dev/robot/brain/install/brain/lib/python3.8/site-packages/brain/action
-- Installing: /home/aaf/Software/Dev/robot/brain/install/brain/lib/python3.8/site-packages/brain/action/_led21_on.py
-- Installing: /home/aaf/Software/Dev/robot/brain/install/brain/lib/python3.8/site-packages/brain/action/_led21_on_s.c
-- Installing: /home/aaf/Software/Dev/robot/brain/install/brain/lib/python3.8/site-packages/brain/action/_led21_off_s.c
-- Installing: /home/aaf/Software/Dev/robot/brain/install/brain/lib/python3.8/site-packages/brain/action/__init__.py
-- Installing: /home/aaf/Software/Dev/robot/brain/install/brain/lib/python3.8/site-packages/brain/action/_led21_off.py
-- Installing: /home/aaf/Software/Dev/robot/brain/install/brain/lib/python3.8/site-packages/brain/_brain_s.ep.rosidl_typesupport_c.c
-- Installing: /home/aaf/Software/Dev/robot/brain/install/brain/lib/python3.8/site-packages/brain/brain_s__rosidl_typesupport_introspection_c.cpython-38-x86_64-linux-gnu.so
-- Installing: /home/aaf/Software/Dev/robot/brain/install/brain/lib/python3.8/site-packages/brain/_brain_s.ep.rosidl_typesupport_fastrtps_c.c
-- Installing: /home/aaf/Software/Dev/robot/brain/install/brain/lib/python3.8/site-packages/brain/brain_s__rosidl_typesupport_c.cpython-38-x86_64-linux-gnu.so
-- Installing: /home/aaf/Software/Dev/robot/brain/install/brain/lib/python3.8/site-packages/brain/__init__.py
-- Installing: /home/aaf/Software/Dev/robot/brain/install/brain/lib/python3.8/site-packages/brain/_brain_s.ep.rosidl_typesupport_introspection_c.c
-- Installing: /home/aaf/Software/Dev/robot/brain/install/brain/lib/python3.8/site-packages/brain/brain_s__rosidl_typesupport_fastrtps_c.cpython-38-x86_64-linux-gnu.so
-- Installing: /home/aaf/Software/Dev/robot/brain/install/brain/lib/python3.8/site-packages/brain/libbrain__python.so
Listing '/home/aaf/Software/Dev/robot/brain/install/brain/lib/python3.8/site-packages/brain'...
Compiling '/home/aaf/Software/Dev/robot/brain/install/brain/lib/python3.8/site-packages/brain/__init__.py'...
Listing '/home/aaf/Software/Dev/robot/brain/install/brain/lib/python3.8/site-packages/brain/action'...
Compiling '/home/aaf/Software/Dev/robot/brain/install/brain/lib/python3.8/site-packages/brain/action/__init__.py'...
Compiling '/home/aaf/Software/Dev/robot/brain/install/brain/lib/python3.8/site-packages/brain/action/_led21_off.py'...
Compiling '/home/aaf/Software/Dev/robot/brain/install/brain/lib/python3.8/site-packages/brain/action/_led21_on.py'...
-- Installing: /home/aaf/Software/Dev/robot/brain/install/brain/lib/python3.8/site-packages/brain/brain_s__rosidl_typesupport_fastrtps_c.cpython-38-x86_64-linux-gnu.so
-- Set runtime path of "/home/aaf/Software/Dev/robot/brain/install/brain/lib/python3.8/site-packages/brain/brain_s__rosidl_typesupport_fastrtps_c.cpython-38-x86_64-linux-gnu.so" to ""
-- Installing: /home/aaf/Software/Dev/robot/brain/install/brain/lib/python3.8/site-packages/brain/brain_s__rosidl_typesupport_introspection_c.cpython-38-x86_64-linux-gnu.so
-- Set runtime path of "/home/aaf/Software/Dev/robot/brain/install/brain/lib/python3.8/site-packages/brain/brain_s__rosidl_typesupport_introspection_c.cpython-38-x86_64-linux-gnu.so" to ""
-- Installing: /home/aaf/Software/Dev/robot/brain/install/brain/lib/python3.8/site-packages/brain/brain_s__rosidl_typesupport_c.cpython-38-x86_64-linux-gnu.so
-- Set runtime path of "/home/aaf/Software/Dev/robot/brain/install/brain/lib/python3.8/site-packages/brain/brain_s__rosidl_typesupport_c.cpython-38-x86_64-linux-gnu.so" to ""
-- Installing: /home/aaf/Software/Dev/robot/brain/install/brain/lib/libbrain__python.so
-- Set runtime path of "/home/aaf/Software/Dev/robot/brain/install/brain/lib/libbrain__python.so" to ""
-- Installing: /home/aaf/Software/Dev/robot/brain/install/brain/share/brain/action/Led21On.idl
-- Installing: /home/aaf/Software/Dev/robot/brain/install/brain/share/brain/action/Led21Off.idl
-- Installing: /home/aaf/Software/Dev/robot/brain/install/brain/share/brain/action/Led21On.action
-- Installing: /home/aaf/Software/Dev/robot/brain/install/brain/share/brain/action/Led21Off.action
-- Installing: /home/aaf/Software/Dev/robot/brain/install/brain/share/brain//launch
-- Installing: /home/aaf/Software/Dev/robot/brain/install/brain/share/brain//launch/brain.launch.py
-- Installing: /home/aaf/Software/Dev/robot/brain/install/brain/share/ament_index/resource_index/package_run_dependencies/brain
-- Installing: /home/aaf/Software/Dev/robot/brain/install/brain/share/ament_index/resource_index/parent_prefix_path/brain
-- Installing: /home/aaf/Software/Dev/robot/brain/install/brain/share/brain/environment/ament_prefix_path.sh
-- Installing: /home/aaf/Software/Dev/robot/brain/install/brain/share/brain/environment/ament_prefix_path.dsv
-- Installing: /home/aaf/Software/Dev/robot/brain/install/brain/share/brain/environment/path.sh
-- Installing: /home/aaf/Software/Dev/robot/brain/install/brain/share/brain/environment/path.dsv
-- Installing: /home/aaf/Software/Dev/robot/brain/install/brain/share/brain/local_setup.bash
-- Installing: /home/aaf/Software/Dev/robot/brain/install/brain/share/brain/local_setup.sh
-- Installing: /home/aaf/Software/Dev/robot/brain/install/brain/share/brain/local_setup.zsh
-- Installing: /home/aaf/Software/Dev/robot/brain/install/brain/share/brain/local_setup.dsv
-- Installing: /home/aaf/Software/Dev/robot/brain/install/brain/share/brain/package.dsv
-- Installing: /home/aaf/Software/Dev/robot/brain/install/brain/share/ament_index/resource_index/packages/brain
-- Installing: /home/aaf/Software/Dev/robot/brain/install/brain/share/brain/cmake/brain__rosidl_generator_cExport.cmake
-- Installing: /home/aaf/Software/Dev/robot/brain/install/brain/share/brain/cmake/brain__rosidl_generator_cExport-noconfig.cmake
-- Installing: /home/aaf/Software/Dev/robot/brain/install/brain/share/brain/cmake/brain__rosidl_typesupport_introspection_cExport.cmake
-- Installing: /home/aaf/Software/Dev/robot/brain/install/brain/share/brain/cmake/brain__rosidl_typesupport_introspection_cExport-noconfig.cmake
-- Installing: /home/aaf/Software/Dev/robot/brain/install/brain/share/brain/cmake/brain__rosidl_typesupport_cExport.cmake
-- Installing: /home/aaf/Software/Dev/robot/brain/install/brain/share/brain/cmake/brain__rosidl_typesupport_cExport-noconfig.cmake
-- Installing: /home/aaf/Software/Dev/robot/brain/install/brain/share/brain/cmake/brain__rosidl_generator_cppExport.cmake
-- Installing: /home/aaf/Software/Dev/robot/brain/install/brain/share/brain/cmake/brain__rosidl_typesupport_introspection_cppExport.cmake
-- Installing: /home/aaf/Software/Dev/robot/brain/install/brain/share/brain/cmake/brain__rosidl_typesupport_introspection_cppExport-noconfig.cmake
-- Installing: /home/aaf/Software/Dev/robot/brain/install/brain/share/brain/cmake/brain__rosidl_typesupport_cppExport.cmake
-- Installing: /home/aaf/Software/Dev/robot/brain/install/brain/share/brain/cmake/brain__rosidl_typesupport_cppExport-noconfig.cmake
-- Installing: /home/aaf/Software/Dev/robot/brain/install/brain/share/brain/cmake/rosidl_cmake-extras.cmake
-- Installing: /home/aaf/Software/Dev/robot/brain/install/brain/share/brain/cmake/ament_cmake_export_dependencies-extras.cmake
-- Installing: /home/aaf/Software/Dev/robot/brain/install/brain/share/brain/cmake/ament_cmake_export_libraries-extras.cmake
-- Installing: /home/aaf/Software/Dev/robot/brain/install/brain/share/brain/cmake/ament_cmake_export_targets-extras.cmake
-- Installing: /home/aaf/Software/Dev/robot/brain/install/brain/share/brain/cmake/ament_cmake_export_include_directories-extras.cmake
-- Installing: /home/aaf/Software/Dev/robot/brain/install/brain/share/brain/cmake/rosidl_cmake_export_typesupport_libraries-extras.cmake
-- Installing: /home/aaf/Software/Dev/robot/brain/install/brain/share/brain/cmake/rosidl_cmake_export_typesupport_targets-extras.cmake
-- Installing: /home/aaf/Software/Dev/robot/brain/install/brain/share/brain/cmake/brainConfig.cmake
-- Installing: /home/aaf/Software/Dev/robot/brain/install/brain/share/brain/cmake/brainConfig-version.cmake
-- Installing: /home/aaf/Software/Dev/robot/brain/install/brain/share/brain/package.xml
