[0.026s] Invoking command in '/home/aaf/Software/Dev/robot/brain/build/brain': CMAKE_PREFIX_PATH=/opt/ros/rolling /usr/bin/cmake /home/aaf/Software/Dev/robot/brain -DCMAKE_INSTALL_PREFIX=/home/aaf/Software/Dev/robot/brain/install/brain
[0.287s] -- The C compiler identification is GNU 9.3.0
[0.471s] -- The CXX compiler identification is GNU 9.3.0
[0.484s] -- Check for working C compiler: /usr/bin/cc
[0.602s] -- Check for working C compiler: /usr/bin/cc -- works
[0.605s] -- Detecting C compiler ABI info
[0.723s] -- Detecting C compiler ABI info - done
[0.746s] -- Detecting C compile features
[0.747s] -- Detecting C compile features - done
[0.752s] -- Check for working CXX compiler: /usr/bin/c++
[0.889s] -- Check for working CXX compiler: /usr/bin/c++ -- works
[0.891s] -- Detecting CXX compiler ABI info
[1.043s] -- Detecting CXX compiler ABI info - done
[1.069s] -- Detecting CXX compile features
[1.070s] -- Detecting CXX compile features - done
[1.077s] -- Found ament_cmake: 1.1.4 (/opt/ros/rolling/share/ament_cmake/cmake)
[1.122s] -- Found PythonInterp: /usr/bin/python3 (found suitable version "3.8.10", minimum required is "3") 
[1.122s] -- Using PYTHON_EXECUTABLE: /usr/bin/python3
[1.280s] -- Found rclcpp: 12.0.0 (/opt/ros/rolling/share/rclcpp/cmake)
[1.390s] -- Using all available rosidl_typesupport_c: rosidl_typesupport_fastrtps_c;rosidl_typesupport_introspection_c
[1.405s] -- Found rosidl_adapter: 2.5.0 (/opt/ros/rolling/share/rosidl_adapter/cmake)
[1.498s] -- Using all available rosidl_typesupport_cpp: rosidl_typesupport_fastrtps_cpp;rosidl_typesupport_introspection_cpp
[1.631s] -- Found rmw_implementation_cmake: 4.0.0 (/opt/ros/rolling/share/rmw_implementation_cmake/cmake)
[1.638s] -- Found rmw_cyclonedds_cpp: 0.23.1 (/opt/ros/rolling/share/rmw_cyclonedds_cpp/cmake)
[1.686s] -- Using RMW implementation 'rmw_cyclonedds_cpp' as default
[1.688s] -- Looking for pthread.h
[1.822s] -- Looking for pthread.h - found
[1.822s] -- Performing Test CMAKE_HAVE_LIBC_PTHREAD
[1.956s] -- Performing Test CMAKE_HAVE_LIBC_PTHREAD - Failed
[1.956s] -- Looking for pthread_create in pthreads
[2.058s] -- Looking for pthread_create in pthreads - not found
[2.059s] -- Looking for pthread_create in pthread
[2.189s] -- Looking for pthread_create in pthread - found
[2.190s] -- Found Threads: TRUE  
[2.465s] -- Found rclpy: 3.0.1 (/opt/ros/rolling/share/rclpy/cmake)
[2.469s] -- Found rosidl_default_generators: 1.1.1 (/opt/ros/rolling/share/rosidl_default_generators/cmake)
[2.531s] -- Found PythonInterp: /usr/bin/python3 (found version "3.8.10") 
[2.882s] -- Found ament_cmake_ros: 0.9.2 (/opt/ros/rolling/share/ament_cmake_ros/cmake)
[2.979s] -- Using all available rosidl_typesupport_c: rosidl_typesupport_fastrtps_c;rosidl_typesupport_introspection_c
[3.025s] -- Using all available rosidl_typesupport_cpp: rosidl_typesupport_fastrtps_cpp;rosidl_typesupport_introspection_cpp
[3.076s] -- Found PythonInterp: /usr/bin/python3 (found suitable version "3.8.10", minimum required is "3.5") 
[3.079s] -- Found python_cmake_module: 0.8.1 (/opt/ros/rolling/share/python_cmake_module/cmake)
[3.133s] -- Found PythonLibs: /usr/lib/x86_64-linux-gnu/libpython3.8.so (found suitable version "3.8.10", minimum required is "3.5") 
[3.133s] -- Using PYTHON_EXECUTABLE: /usr/bin/python3
[3.134s] -- Using PYTHON_INCLUDE_DIRS: /usr/include/python3.8
[3.134s] -- Using PYTHON_LIBRARIES: /usr/lib/x86_64-linux-gnu/libpython3.8.so
[3.170s] -- Found PythonExtra: .so  
[3.294s] -- Configuring done
[3.407s] -- Generating done
[3.414s] -- Build files have been written to: /home/aaf/Software/Dev/robot/brain/build/brain
[3.426s] Invoked command in '/home/aaf/Software/Dev/robot/brain/build/brain' returned '0': CMAKE_PREFIX_PATH=/opt/ros/rolling /usr/bin/cmake /home/aaf/Software/Dev/robot/brain -DCMAKE_INSTALL_PREFIX=/home/aaf/Software/Dev/robot/brain/install/brain
[3.433s] Invoking command in '/home/aaf/Software/Dev/robot/brain/build/brain': CMAKE_PREFIX_PATH=/opt/ros/rolling /usr/bin/cmake --build /home/aaf/Software/Dev/robot/brain/build/brain -- -j8 -l8
[3.506s] [35m[1mScanning dependencies of target ament_cmake_python_symlink_brain[0m
[3.508s] [35m[1mScanning dependencies of target brain_boot[0m
[3.511s] [35m[1mScanning dependencies of target brain__cpp[0m
[3.511s] [  2%] [34m[1mGenerating C code for ROS interfaces[0m
[3.534s] [  4%] [34m[1mGenerating C++ code for ROS interfaces[0m
[3.545s] [  4%] Built target ament_cmake_python_symlink_brain
[3.566s] [35m[1mScanning dependencies of target ament_cmake_python_build_brain_egg[0m
[3.679s] [  7%] [32mBuilding CXX object CMakeFiles/brain_boot.dir/src/brain_boot.cpp.o[0m
[4.083s] running egg_info
[4.084s] creating brain.egg-info
[4.084s] writing brain.egg-info/PKG-INFO
[4.085s] writing dependency_links to brain.egg-info/dependency_links.txt
[4.086s] writing top-level names to brain.egg-info/top_level.txt
[4.093s] writing manifest file 'brain.egg-info/SOURCES.txt'
[4.209s] reading manifest file 'brain.egg-info/SOURCES.txt'
[4.210s] writing manifest file 'brain.egg-info/SOURCES.txt'
[4.265s] [  7%] Built target ament_cmake_python_build_brain_egg
[4.766s] [35m[1mScanning dependencies of target brain__rosidl_generator_c[0m
[4.799s] [ 12%] [32mBuilding C object CMakeFiles/brain__rosidl_generator_c.dir/rosidl_generator_c/brain/action/detail/led21_on__functions.c.o[0m
[4.800s] [ 12%] [32mBuilding C object CMakeFiles/brain__rosidl_generator_c.dir/rosidl_generator_c/brain/action/detail/led21_off__functions.c.o[0m
[4.878s] [ 12%] Built target brain__cpp
[4.904s] [ 14%] [34m[1mGenerating C++ type support dispatch for ROS interfaces[0m
[4.907s] [ 19%] [34m[1mGenerating C++ type support for eProsima Fast-RTPS[0m
[4.907s] [ 19%] [34m[1mGenerating C++ introspection for ROS interfaces[0m
[5.043s] [ 21%] [32m[1mLinking C shared library libbrain__rosidl_generator_c.so[0m
[5.129s] [ 21%] Built target brain__rosidl_generator_c
[5.151s] [ 24%] [34m[1mGenerating C introspection for ROS interfaces[0m
[5.152s] [ 26%] [34m[1mGenerating C type support dispatch for ROS interfaces[0m
[5.928s] [35m[1mScanning dependencies of target brain__rosidl_typesupport_cpp[0m
[5.968s] [ 29%] [32mBuilding CXX object CMakeFiles/brain__rosidl_typesupport_cpp.dir/rosidl_typesupport_cpp/brain/action/led21_on__type_support.cpp.o[0m
[5.990s] [ 31%] [32mBuilding CXX object CMakeFiles/brain__rosidl_typesupport_cpp.dir/rosidl_typesupport_cpp/brain/action/led21_off__type_support.cpp.o[0m
[6.120s] [35m[1mScanning dependencies of target brain__rosidl_typesupport_c[0m
[6.171s] [ 34%] [32mBuilding CXX object CMakeFiles/brain__rosidl_typesupport_c.dir/rosidl_typesupport_c/brain/action/led21_off__type_support.cpp.o[0m
[6.172s] [ 36%] [32mBuilding CXX object CMakeFiles/brain__rosidl_typesupport_c.dir/rosidl_typesupport_c/brain/action/led21_on__type_support.cpp.o[0m
[6.390s] [ 39%] [32m[1mLinking CXX shared library libbrain__rosidl_typesupport_c.so[0m
[6.431s] [35m[1mScanning dependencies of target brain__rosidl_typesupport_introspection_cpp[0m
[6.474s] [35m[1mScanning dependencies of target brain__rosidl_typesupport_introspection_c[0m
[6.507s] [ 41%] [32mBuilding CXX object CMakeFiles/brain__rosidl_typesupport_introspection_cpp.dir/rosidl_typesupport_introspection_cpp/brain/action/detail/led21_on__type_support.cpp.o[0m
[6.522s] [ 43%] [32mBuilding C object CMakeFiles/brain__rosidl_typesupport_introspection_c.dir/rosidl_typesupport_introspection_c/brain/action/detail/led21_on__type_support.c.o[0m
[6.534s] [ 46%] [32mBuilding CXX object CMakeFiles/brain__rosidl_typesupport_introspection_cpp.dir/rosidl_typesupport_introspection_cpp/brain/action/detail/led21_off__type_support.cpp.o[0m
[6.537s] [ 46%] Built target brain__rosidl_typesupport_c
[6.581s] [ 48%] [32mBuilding C object CMakeFiles/brain__rosidl_typesupport_introspection_c.dir/rosidl_typesupport_introspection_c/brain/action/detail/led21_off__type_support.c.o[0m
[6.739s] [ 51%] [32m[1mLinking C shared library libbrain__rosidl_typesupport_introspection_c.so[0m
[6.804s] [35m[1mScanning dependencies of target brain__rosidl_typesupport_fastrtps_cpp[0m
[6.836s] [ 51%] Built target brain__rosidl_typesupport_introspection_c
[6.886s] [ 53%] [32mBuilding CXX object CMakeFiles/brain__rosidl_typesupport_fastrtps_cpp.dir/rosidl_typesupport_fastrtps_cpp/brain/action/detail/dds_fastrtps/led21_on__type_support.cpp.o[0m
[6.898s] [ 56%] [32mBuilding CXX object CMakeFiles/brain__rosidl_typesupport_fastrtps_cpp.dir/rosidl_typesupport_fastrtps_cpp/brain/action/detail/dds_fastrtps/led21_off__type_support.cpp.o[0m
[7.644s] [ 58%] [32m[1mLinking CXX shared library libbrain__rosidl_typesupport_cpp.so[0m
[7.769s] [ 58%] Built target brain__rosidl_typesupport_cpp
[8.171s] [ 60%] [32m[1mLinking CXX shared library libbrain__rosidl_typesupport_introspection_cpp.so[0m
[8.328s] [ 60%] Built target brain__rosidl_typesupport_introspection_cpp
[8.473s] [ 63%] [32m[1mLinking CXX shared library libbrain__rosidl_typesupport_fastrtps_cpp.so[0m
[8.613s] [ 63%] Built target brain__rosidl_typesupport_fastrtps_cpp
[8.630s] [ 65%] [34m[1mGenerating C type support for eProsima Fast-RTPS[0m
[9.642s] [35m[1mScanning dependencies of target brain__rosidl_typesupport_fastrtps_c[0m
[9.682s] [ 68%] [32mBuilding CXX object CMakeFiles/brain__rosidl_typesupport_fastrtps_c.dir/rosidl_typesupport_fastrtps_c/brain/action/detail/led21_on__type_support_c.cpp.o[0m
[9.684s] [ 70%] [32mBuilding CXX object CMakeFiles/brain__rosidl_typesupport_fastrtps_c.dir/rosidl_typesupport_fastrtps_c/brain/action/detail/led21_off__type_support_c.cpp.o[0m
[10.294s] [ 73%] [32m[1mLinking CXX executable brain_boot[0m
[10.499s] [ 75%] [32m[1mLinking CXX shared library libbrain__rosidl_typesupport_fastrtps_c.so[0m
[10.572s] [ 75%] Built target brain_boot
[10.644s] [ 75%] Built target brain__rosidl_typesupport_fastrtps_c
[10.659s] [35m[1mScanning dependencies of target brain[0m
[10.680s] [ 75%] Built target brain
[10.700s] [35m[1mScanning dependencies of target brain__py[0m
[10.721s] [ 78%] [34m[1mGenerating Python code for ROS interfaces[0m
[12.923s] [ 78%] Built target brain__py
[12.942s] [35m[1mScanning dependencies of target brain__python[0m
[13.008s] [ 80%] [32mBuilding C object CMakeFiles/brain__python.dir/rosidl_generator_py/brain/action/_led21_off_s.c.o[0m
[13.010s] [ 82%] [32mBuilding C object CMakeFiles/brain__python.dir/rosidl_generator_py/brain/action/_led21_on_s.c.o[0m
[13.368s] [ 85%] [32m[1mLinking C shared library rosidl_generator_py/brain/libbrain__python.so[0m
[13.447s] [ 85%] Built target brain__python
[13.465s] [35m[1mScanning dependencies of target brain__rosidl_typesupport_c__pyext[0m
[13.465s] [35m[1mScanning dependencies of target brain__rosidl_typesupport_introspection_c__pyext[0m
[13.465s] [35m[1mScanning dependencies of target brain__rosidl_typesupport_fastrtps_c__pyext[0m
[13.501s] [ 90%] [32mBuilding C object CMakeFiles/brain__rosidl_typesupport_introspection_c__pyext.dir/rosidl_generator_py/brain/_brain_s.ep.rosidl_typesupport_introspection_c.c.o[0m
[13.502s] [ 90%] [32mBuilding C object CMakeFiles/brain__rosidl_typesupport_c__pyext.dir/rosidl_generator_py/brain/_brain_s.ep.rosidl_typesupport_c.c.o[0m
[13.504s] [ 92%] [32mBuilding C object CMakeFiles/brain__rosidl_typesupport_fastrtps_c__pyext.dir/rosidl_generator_py/brain/_brain_s.ep.rosidl_typesupport_fastrtps_c.c.o[0m
[13.748s] [ 97%] [32m[1mLinking C shared library rosidl_generator_py/brain/brain_s__rosidl_typesupport_c.cpython-38-x86_64-linux-gnu.so[0m
[13.748s] [ 97%] [32m[1mLinking C shared library rosidl_generator_py/brain/brain_s__rosidl_typesupport_introspection_c.cpython-38-x86_64-linux-gnu.so[0m
[13.751s] [100%] [32m[1mLinking C shared library rosidl_generator_py/brain/brain_s__rosidl_typesupport_fastrtps_c.cpython-38-x86_64-linux-gnu.so[0m
[13.827s] [100%] Built target brain__rosidl_typesupport_introspection_c__pyext
[13.827s] [100%] Built target brain__rosidl_typesupport_c__pyext
[13.837s] [100%] Built target brain__rosidl_typesupport_fastrtps_c__pyext
[13.856s] Invoked command in '/home/aaf/Software/Dev/robot/brain/build/brain' returned '0': CMAKE_PREFIX_PATH=/opt/ros/rolling /usr/bin/cmake --build /home/aaf/Software/Dev/robot/brain/build/brain -- -j8 -l8
[14.003s] Invoking command in '/home/aaf/Software/Dev/robot/brain/build/brain': CMAKE_PREFIX_PATH=/opt/ros/rolling /usr/bin/cmake --install /home/aaf/Software/Dev/robot/brain/build/brain
[14.021s] -- Install configuration: ""
[14.021s] -- Installing: /home/aaf/Software/Dev/robot/brain/install/brain/lib/brain/brain_boot
[14.023s] -- Set runtime path of "/home/aaf/Software/Dev/robot/brain/install/brain/lib/brain/brain_boot" to ""
[14.023s] -- Installing: /home/aaf/Software/Dev/robot/brain/install/brain/lib/brain/main_brain.py
[14.024s] -- Installing: /home/aaf/Software/Dev/robot/brain/install/brain/lib/brain/fake_rpi.py
[14.024s] -- Installing: /home/aaf/Software/Dev/robot/brain/install/brain/lib/brain/led21on_action_server.py
[14.025s] -- Installing: /home/aaf/Software/Dev/robot/brain/install/brain/lib/brain/led21off_action_server.py
[14.025s] -- Installing: /home/aaf/Software/Dev/robot/brain/install/brain/share/ament_index/resource_index/rosidl_interfaces/brain
[14.026s] -- Installing: /home/aaf/Software/Dev/robot/brain/install/brain/include/brain
[14.026s] -- Installing: /home/aaf/Software/Dev/robot/brain/install/brain/include/brain/action
[14.026s] -- Installing: /home/aaf/Software/Dev/robot/brain/install/brain/include/brain/action/led21_off.h
[14.027s] -- Installing: /home/aaf/Software/Dev/robot/brain/install/brain/include/brain/action/led21_on.h
[14.027s] -- Installing: /home/aaf/Software/Dev/robot/brain/install/brain/include/brain/action/detail
[14.027s] -- Installing: /home/aaf/Software/Dev/robot/brain/install/brain/include/brain/action/detail/led21_off__type_support.h
[14.027s] -- Installing: /home/aaf/Software/Dev/robot/brain/install/brain/include/brain/action/detail/led21_on__type_support.h
[14.027s] -- Installing: /home/aaf/Software/Dev/robot/brain/install/brain/include/brain/action/detail/led21_on__functions.h
[14.027s] -- Installing: /home/aaf/Software/Dev/robot/brain/install/brain/include/brain/action/detail/led21_on__struct.h
[14.028s] -- Installing: /home/aaf/Software/Dev/robot/brain/install/brain/include/brain/action/detail/led21_off__functions.c
[14.028s] -- Installing: /home/aaf/Software/Dev/robot/brain/install/brain/include/brain/action/detail/led21_on__functions.c
[14.028s] -- Installing: /home/aaf/Software/Dev/robot/brain/install/brain/include/brain/action/detail/led21_off__struct.h
[14.028s] -- Installing: /home/aaf/Software/Dev/robot/brain/install/brain/include/brain/action/detail/led21_off__functions.h
[14.028s] -- Installing: /home/aaf/Software/Dev/robot/brain/install/brain/include/brain/msg
[14.028s] -- Installing: /home/aaf/Software/Dev/robot/brain/install/brain/include/brain/msg/rosidl_generator_c__visibility_control.h
[14.029s] -- Installing: /home/aaf/Software/Dev/robot/brain/install/brain/share/brain/environment/library_path.sh
[14.029s] -- Installing: /home/aaf/Software/Dev/robot/brain/install/brain/share/brain/environment/library_path.dsv
[14.029s] -- Installing: /home/aaf/Software/Dev/robot/brain/install/brain/lib/libbrain__rosidl_generator_c.so
[14.030s] -- Set runtime path of "/home/aaf/Software/Dev/robot/brain/install/brain/lib/libbrain__rosidl_generator_c.so" to ""
[14.030s] -- Up-to-date: /home/aaf/Software/Dev/robot/brain/install/brain/include/brain
[14.031s] -- Up-to-date: /home/aaf/Software/Dev/robot/brain/install/brain/include/brain/action
[14.031s] -- Up-to-date: /home/aaf/Software/Dev/robot/brain/install/brain/include/brain/action/detail
[14.031s] -- Installing: /home/aaf/Software/Dev/robot/brain/install/brain/include/brain/action/detail/led21_on__rosidl_typesupport_fastrtps_c.h
[14.031s] -- Installing: /home/aaf/Software/Dev/robot/brain/install/brain/include/brain/action/detail/led21_off__rosidl_typesupport_fastrtps_c.h
[14.031s] -- Up-to-date: /home/aaf/Software/Dev/robot/brain/install/brain/include/brain/msg
[14.031s] -- Installing: /home/aaf/Software/Dev/robot/brain/install/brain/include/brain/msg/rosidl_typesupport_fastrtps_c__visibility_control.h
[14.031s] -- Installing: /home/aaf/Software/Dev/robot/brain/install/brain/lib/libbrain__rosidl_typesupport_fastrtps_c.so
[14.032s] -- Set runtime path of "/home/aaf/Software/Dev/robot/brain/install/brain/lib/libbrain__rosidl_typesupport_fastrtps_c.so" to ""
[14.032s] -- Up-to-date: /home/aaf/Software/Dev/robot/brain/install/brain/include/brain
[14.032s] -- Up-to-date: /home/aaf/Software/Dev/robot/brain/install/brain/include/brain/action
[14.033s] -- Up-to-date: /home/aaf/Software/Dev/robot/brain/install/brain/include/brain/action/detail
[14.033s] -- Installing: /home/aaf/Software/Dev/robot/brain/install/brain/include/brain/action/detail/led21_on__rosidl_typesupport_fastrtps_cpp.hpp
[14.033s] -- Installing: /home/aaf/Software/Dev/robot/brain/install/brain/include/brain/action/detail/dds_fastrtps
[14.033s] -- Installing: /home/aaf/Software/Dev/robot/brain/install/brain/include/brain/action/detail/led21_off__rosidl_typesupport_fastrtps_cpp.hpp
[14.033s] -- Up-to-date: /home/aaf/Software/Dev/robot/brain/install/brain/include/brain/msg
[14.033s] -- Installing: /home/aaf/Software/Dev/robot/brain/install/brain/include/brain/msg/rosidl_typesupport_fastrtps_cpp__visibility_control.h
[14.034s] -- Installing: /home/aaf/Software/Dev/robot/brain/install/brain/lib/libbrain__rosidl_typesupport_fastrtps_cpp.so
[14.034s] -- Set runtime path of "/home/aaf/Software/Dev/robot/brain/install/brain/lib/libbrain__rosidl_typesupport_fastrtps_cpp.so" to ""
[14.034s] -- Up-to-date: /home/aaf/Software/Dev/robot/brain/install/brain/include/brain
[14.035s] -- Up-to-date: /home/aaf/Software/Dev/robot/brain/install/brain/include/brain/action
[14.035s] -- Up-to-date: /home/aaf/Software/Dev/robot/brain/install/brain/include/brain/action/detail
[14.035s] -- Installing: /home/aaf/Software/Dev/robot/brain/install/brain/include/brain/action/detail/led21_on__rosidl_typesupport_introspection_c.h
[14.035s] -- Installing: /home/aaf/Software/Dev/robot/brain/install/brain/include/brain/action/detail/led21_off__rosidl_typesupport_introspection_c.h
[14.035s] -- Installing: /home/aaf/Software/Dev/robot/brain/install/brain/include/brain/action/detail/led21_on__type_support.c
[14.036s] -- Installing: /home/aaf/Software/Dev/robot/brain/install/brain/include/brain/action/detail/led21_off__type_support.c
[14.036s] -- Up-to-date: /home/aaf/Software/Dev/robot/brain/install/brain/include/brain/msg
[14.036s] -- Installing: /home/aaf/Software/Dev/robot/brain/install/brain/include/brain/msg/rosidl_typesupport_introspection_c__visibility_control.h
[14.036s] -- Installing: /home/aaf/Software/Dev/robot/brain/install/brain/lib/libbrain__rosidl_typesupport_introspection_c.so
[14.037s] -- Set runtime path of "/home/aaf/Software/Dev/robot/brain/install/brain/lib/libbrain__rosidl_typesupport_introspection_c.so" to ""
[14.037s] -- Installing: /home/aaf/Software/Dev/robot/brain/install/brain/lib/libbrain__rosidl_typesupport_c.so
[14.038s] -- Set runtime path of "/home/aaf/Software/Dev/robot/brain/install/brain/lib/libbrain__rosidl_typesupport_c.so" to ""
[14.038s] -- Up-to-date: /home/aaf/Software/Dev/robot/brain/install/brain/include/brain
[14.039s] -- Up-to-date: /home/aaf/Software/Dev/robot/brain/install/brain/include/brain/action
[14.039s] -- Up-to-date: /home/aaf/Software/Dev/robot/brain/install/brain/include/brain/action/detail
[14.039s] -- Installing: /home/aaf/Software/Dev/robot/brain/install/brain/include/brain/action/detail/led21_on__struct.hpp
[14.039s] -- Installing: /home/aaf/Software/Dev/robot/brain/install/brain/include/brain/action/detail/led21_off__traits.hpp
[14.040s] -- Installing: /home/aaf/Software/Dev/robot/brain/install/brain/include/brain/action/detail/led21_off__struct.hpp
[14.040s] -- Installing: /home/aaf/Software/Dev/robot/brain/install/brain/include/brain/action/detail/led21_on__builder.hpp
[14.040s] -- Installing: /home/aaf/Software/Dev/robot/brain/install/brain/include/brain/action/detail/led21_off__builder.hpp
[14.040s] -- Installing: /home/aaf/Software/Dev/robot/brain/install/brain/include/brain/action/detail/led21_on__traits.hpp
[14.040s] -- Installing: /home/aaf/Software/Dev/robot/brain/install/brain/include/brain/action/led21_off.hpp
[14.041s] -- Installing: /home/aaf/Software/Dev/robot/brain/install/brain/include/brain/action/led21_on.hpp
[14.041s] -- Up-to-date: /home/aaf/Software/Dev/robot/brain/install/brain/include/brain
[14.041s] -- Up-to-date: /home/aaf/Software/Dev/robot/brain/install/brain/include/brain/action
[14.041s] -- Up-to-date: /home/aaf/Software/Dev/robot/brain/install/brain/include/brain/action/detail
[14.041s] -- Installing: /home/aaf/Software/Dev/robot/brain/install/brain/include/brain/action/detail/led21_on__rosidl_typesupport_introspection_cpp.hpp
[14.041s] -- Installing: /home/aaf/Software/Dev/robot/brain/install/brain/include/brain/action/detail/led21_off__rosidl_typesupport_introspection_cpp.hpp
[14.042s] -- Installing: /home/aaf/Software/Dev/robot/brain/install/brain/include/brain/action/detail/led21_off__type_support.cpp
[14.042s] -- Installing: /home/aaf/Software/Dev/robot/brain/install/brain/include/brain/action/detail/led21_on__type_support.cpp
[14.042s] -- Installing: /home/aaf/Software/Dev/robot/brain/install/brain/lib/libbrain__rosidl_typesupport_introspection_cpp.so
[14.042s] -- Set runtime path of "/home/aaf/Software/Dev/robot/brain/install/brain/lib/libbrain__rosidl_typesupport_introspection_cpp.so" to ""
[14.043s] -- Installing: /home/aaf/Software/Dev/robot/brain/install/brain/lib/libbrain__rosidl_typesupport_cpp.so
[14.043s] -- Set runtime path of "/home/aaf/Software/Dev/robot/brain/install/brain/lib/libbrain__rosidl_typesupport_cpp.so" to ""
[14.044s] -- Installing: /home/aaf/Software/Dev/robot/brain/install/brain/share/brain/environment/pythonpath.sh
[14.044s] -- Installing: /home/aaf/Software/Dev/robot/brain/install/brain/share/brain/environment/pythonpath.dsv
[14.044s] -- Installing: /home/aaf/Software/Dev/robot/brain/install/brain/lib/python3.8/site-packages//brain.egg-info
[14.044s] -- Installing: /home/aaf/Software/Dev/robot/brain/install/brain/lib/python3.8/site-packages//brain.egg-info/PKG-INFO
[14.044s] -- Installing: /home/aaf/Software/Dev/robot/brain/install/brain/lib/python3.8/site-packages//brain.egg-info/SOURCES.txt
[14.045s] -- Installing: /home/aaf/Software/Dev/robot/brain/install/brain/lib/python3.8/site-packages//brain.egg-info/top_level.txt
[14.045s] -- Installing: /home/aaf/Software/Dev/robot/brain/install/brain/lib/python3.8/site-packages//brain.egg-info/dependency_links.txt
[14.045s] -- Installing: /home/aaf/Software/Dev/robot/brain/install/brain/lib/python3.8/site-packages/brain
[14.045s] -- Installing: /home/aaf/Software/Dev/robot/brain/install/brain/lib/python3.8/site-packages/brain/action
[14.045s] -- Installing: /home/aaf/Software/Dev/robot/brain/install/brain/lib/python3.8/site-packages/brain/action/_led21_on.py
[14.046s] -- Installing: /home/aaf/Software/Dev/robot/brain/install/brain/lib/python3.8/site-packages/brain/action/_led21_on_s.c
[14.046s] -- Installing: /home/aaf/Software/Dev/robot/brain/install/brain/lib/python3.8/site-packages/brain/action/_led21_off_s.c
[14.046s] -- Installing: /home/aaf/Software/Dev/robot/brain/install/brain/lib/python3.8/site-packages/brain/action/__init__.py
[14.046s] -- Installing: /home/aaf/Software/Dev/robot/brain/install/brain/lib/python3.8/site-packages/brain/action/_led21_off.py
[14.046s] -- Installing: /home/aaf/Software/Dev/robot/brain/install/brain/lib/python3.8/site-packages/brain/_brain_s.ep.rosidl_typesupport_c.c
[14.047s] -- Installing: /home/aaf/Software/Dev/robot/brain/install/brain/lib/python3.8/site-packages/brain/brain_s__rosidl_typesupport_introspection_c.cpython-38-x86_64-linux-gnu.so
[14.047s] -- Installing: /home/aaf/Software/Dev/robot/brain/install/brain/lib/python3.8/site-packages/brain/_brain_s.ep.rosidl_typesupport_fastrtps_c.c
[14.047s] -- Installing: /home/aaf/Software/Dev/robot/brain/install/brain/lib/python3.8/site-packages/brain/brain_s__rosidl_typesupport_c.cpython-38-x86_64-linux-gnu.so
[14.047s] -- Installing: /home/aaf/Software/Dev/robot/brain/install/brain/lib/python3.8/site-packages/brain/__init__.py
[14.048s] -- Installing: /home/aaf/Software/Dev/robot/brain/install/brain/lib/python3.8/site-packages/brain/_brain_s.ep.rosidl_typesupport_introspection_c.c
[14.048s] -- Installing: /home/aaf/Software/Dev/robot/brain/install/brain/lib/python3.8/site-packages/brain/brain_s__rosidl_typesupport_fastrtps_c.cpython-38-x86_64-linux-gnu.so
[14.048s] -- Installing: /home/aaf/Software/Dev/robot/brain/install/brain/lib/python3.8/site-packages/brain/libbrain__python.so
[14.118s] Listing '/home/aaf/Software/Dev/robot/brain/install/brain/lib/python3.8/site-packages/brain'...
[14.118s] Compiling '/home/aaf/Software/Dev/robot/brain/install/brain/lib/python3.8/site-packages/brain/__init__.py'...
[14.118s] Listing '/home/aaf/Software/Dev/robot/brain/install/brain/lib/python3.8/site-packages/brain/action'...
[14.118s] Compiling '/home/aaf/Software/Dev/robot/brain/install/brain/lib/python3.8/site-packages/brain/action/__init__.py'...
[14.119s] Compiling '/home/aaf/Software/Dev/robot/brain/install/brain/lib/python3.8/site-packages/brain/action/_led21_off.py'...
[14.119s] Compiling '/home/aaf/Software/Dev/robot/brain/install/brain/lib/python3.8/site-packages/brain/action/_led21_on.py'...
[14.126s] -- Installing: /home/aaf/Software/Dev/robot/brain/install/brain/lib/python3.8/site-packages/brain/brain_s__rosidl_typesupport_fastrtps_c.cpython-38-x86_64-linux-gnu.so
[14.127s] -- Set runtime path of "/home/aaf/Software/Dev/robot/brain/install/brain/lib/python3.8/site-packages/brain/brain_s__rosidl_typesupport_fastrtps_c.cpython-38-x86_64-linux-gnu.so" to ""
[14.128s] -- Installing: /home/aaf/Software/Dev/robot/brain/install/brain/lib/python3.8/site-packages/brain/brain_s__rosidl_typesupport_introspection_c.cpython-38-x86_64-linux-gnu.so
[14.129s] -- Set runtime path of "/home/aaf/Software/Dev/robot/brain/install/brain/lib/python3.8/site-packages/brain/brain_s__rosidl_typesupport_introspection_c.cpython-38-x86_64-linux-gnu.so" to ""
[14.130s] -- Installing: /home/aaf/Software/Dev/robot/brain/install/brain/lib/python3.8/site-packages/brain/brain_s__rosidl_typesupport_c.cpython-38-x86_64-linux-gnu.so
[14.131s] -- Set runtime path of "/home/aaf/Software/Dev/robot/brain/install/brain/lib/python3.8/site-packages/brain/brain_s__rosidl_typesupport_c.cpython-38-x86_64-linux-gnu.so" to ""
[14.131s] -- Installing: /home/aaf/Software/Dev/robot/brain/install/brain/lib/libbrain__python.so
[14.131s] -- Set runtime path of "/home/aaf/Software/Dev/robot/brain/install/brain/lib/libbrain__python.so" to ""
[14.132s] -- Installing: /home/aaf/Software/Dev/robot/brain/install/brain/share/brain/action/Led21On.idl
[14.132s] -- Installing: /home/aaf/Software/Dev/robot/brain/install/brain/share/brain/action/Led21Off.idl
[14.132s] -- Installing: /home/aaf/Software/Dev/robot/brain/install/brain/share/brain/action/Led21On.action
[14.132s] -- Installing: /home/aaf/Software/Dev/robot/brain/install/brain/share/brain/action/Led21Off.action
[14.132s] -- Installing: /home/aaf/Software/Dev/robot/brain/install/brain/share/brain//launch
[14.132s] -- Installing: /home/aaf/Software/Dev/robot/brain/install/brain/share/brain//launch/brain.launch.py
[14.133s] -- Installing: /home/aaf/Software/Dev/robot/brain/install/brain/share/ament_index/resource_index/package_run_dependencies/brain
[14.133s] -- Installing: /home/aaf/Software/Dev/robot/brain/install/brain/share/ament_index/resource_index/parent_prefix_path/brain
[14.134s] -- Installing: /home/aaf/Software/Dev/robot/brain/install/brain/share/brain/environment/ament_prefix_path.sh
[14.134s] -- Installing: /home/aaf/Software/Dev/robot/brain/install/brain/share/brain/environment/ament_prefix_path.dsv
[14.134s] -- Installing: /home/aaf/Software/Dev/robot/brain/install/brain/share/brain/environment/path.sh
[14.134s] -- Installing: /home/aaf/Software/Dev/robot/brain/install/brain/share/brain/environment/path.dsv
[14.135s] -- Installing: /home/aaf/Software/Dev/robot/brain/install/brain/share/brain/local_setup.bash
[14.135s] -- Installing: /home/aaf/Software/Dev/robot/brain/install/brain/share/brain/local_setup.sh
[14.136s] -- Installing: /home/aaf/Software/Dev/robot/brain/install/brain/share/brain/local_setup.zsh
[14.136s] -- Installing: /home/aaf/Software/Dev/robot/brain/install/brain/share/brain/local_setup.dsv
[14.136s] -- Installing: /home/aaf/Software/Dev/robot/brain/install/brain/share/brain/package.dsv
[14.136s] -- Installing: /home/aaf/Software/Dev/robot/brain/install/brain/share/ament_index/resource_index/packages/brain
[14.136s] -- Installing: /home/aaf/Software/Dev/robot/brain/install/brain/share/brain/cmake/brain__rosidl_generator_cExport.cmake
[14.137s] -- Installing: /home/aaf/Software/Dev/robot/brain/install/brain/share/brain/cmake/brain__rosidl_generator_cExport-noconfig.cmake
[14.137s] -- Installing: /home/aaf/Software/Dev/robot/brain/install/brain/share/brain/cmake/brain__rosidl_typesupport_introspection_cExport.cmake
[14.137s] -- Installing: /home/aaf/Software/Dev/robot/brain/install/brain/share/brain/cmake/brain__rosidl_typesupport_introspection_cExport-noconfig.cmake
[14.138s] -- Installing: /home/aaf/Software/Dev/robot/brain/install/brain/share/brain/cmake/brain__rosidl_typesupport_cExport.cmake
[14.138s] -- Installing: /home/aaf/Software/Dev/robot/brain/install/brain/share/brain/cmake/brain__rosidl_typesupport_cExport-noconfig.cmake
[14.138s] -- Installing: /home/aaf/Software/Dev/robot/brain/install/brain/share/brain/cmake/brain__rosidl_generator_cppExport.cmake
[14.139s] -- Installing: /home/aaf/Software/Dev/robot/brain/install/brain/share/brain/cmake/brain__rosidl_typesupport_introspection_cppExport.cmake
[14.139s] -- Installing: /home/aaf/Software/Dev/robot/brain/install/brain/share/brain/cmake/brain__rosidl_typesupport_introspection_cppExport-noconfig.cmake
[14.140s] -- Installing: /home/aaf/Software/Dev/robot/brain/install/brain/share/brain/cmake/brain__rosidl_typesupport_cppExport.cmake
[14.140s] -- Installing: /home/aaf/Software/Dev/robot/brain/install/brain/share/brain/cmake/brain__rosidl_typesupport_cppExport-noconfig.cmake
[14.140s] -- Installing: /home/aaf/Software/Dev/robot/brain/install/brain/share/brain/cmake/rosidl_cmake-extras.cmake
[14.141s] -- Installing: /home/aaf/Software/Dev/robot/brain/install/brain/share/brain/cmake/ament_cmake_export_dependencies-extras.cmake
[14.141s] -- Installing: /home/aaf/Software/Dev/robot/brain/install/brain/share/brain/cmake/ament_cmake_export_libraries-extras.cmake
[14.142s] -- Installing: /home/aaf/Software/Dev/robot/brain/install/brain/share/brain/cmake/ament_cmake_export_targets-extras.cmake
[14.142s] -- Installing: /home/aaf/Software/Dev/robot/brain/install/brain/share/brain/cmake/ament_cmake_export_include_directories-extras.cmake
[14.143s] -- Installing: /home/aaf/Software/Dev/robot/brain/install/brain/share/brain/cmake/rosidl_cmake_export_typesupport_libraries-extras.cmake
[14.143s] -- Installing: /home/aaf/Software/Dev/robot/brain/install/brain/share/brain/cmake/rosidl_cmake_export_typesupport_targets-extras.cmake
[14.143s] -- Installing: /home/aaf/Software/Dev/robot/brain/install/brain/share/brain/cmake/brainConfig.cmake
[14.143s] -- Installing: /home/aaf/Software/Dev/robot/brain/install/brain/share/brain/cmake/brainConfig-version.cmake
[14.144s] -- Installing: /home/aaf/Software/Dev/robot/brain/install/brain/share/brain/package.xml
[14.149s] Invoked command in '/home/aaf/Software/Dev/robot/brain/build/brain' returned '0': CMAKE_PREFIX_PATH=/opt/ros/rolling /usr/bin/cmake --install /home/aaf/Software/Dev/robot/brain/build/brain
